
#######################################
TR: iteration 0 at stage 0
Added demands: [0, 1, 2, 3, 4]
Fixed demands: []

Gurobi 7.0.2 (win64) logging started 03/13/17 15:13:00

Changed value of parameter logfile to e50d30sq_5.log
   Prev: gurobi.log  Default: 
Changed value of parameter timelimit to 150.0
   Prev: 1e+100  Min: 0.0  Max: 1e+100  Default: 1e+100
Optimize a model with 6889 rows, 1730 columns and 26002 nonzeros
Variable types: 987 continuous, 743 integer (719 binary)
Coefficient statistics:
  Matrix range     [1e+00, 2e+04]
  Objective range  [1e+00, 1e+00]
  Bounds range     [1e+00, 1e+04]
  RHS range        [1e+00, 6e+04]
Found heuristic solution: objective 261
Presolve removed 600 rows and 160 columns
Presolve time: 0.03s
Presolved: 6289 rows, 1570 columns, 25666 nonzeros
Variable types: 986 continuous, 584 integer (584 binary)
Presolve removed 15 rows and 4 columns
Presolved: 6274 rows, 1566 columns, 25624 nonzeros


Root relaxation: objective 8.900000e+01, 388 iterations, 0.03 seconds

    Nodes    |    Current Node    |     Objective Bounds      |     Work
 Expl Unexpl |  Obj  Depth IntInf | Incumbent    BestBd   Gap | It/Node Time

     0     0   89.00000    0   38  261.00000   89.00000  65.9%     -    0s
H    0     0                     182.5000000   89.00000  51.2%     -    0s
     0     0   89.00000    0   61  182.50000   89.00000  51.2%     -    0s
     0     0   89.00000    0   62  182.50000   89.00000  51.2%     -    0s
     0     0   89.00000    0   70  182.50000   89.00000  51.2%     -    0s
     0     0   89.00000    0   60  182.50000   89.00000  51.2%     -    0s
H    0     0                     154.5000000   89.00000  42.4%     -    0s
     0     0   89.00000    0   54  154.50000   89.00000  42.4%     -    0s
H    0     0                     151.5000000   89.00000  41.3%     -    0s
     0     0   89.00000    0   58  151.50000   89.00000  41.3%     -    0s
     0     0   89.00000    0   56  151.50000   89.00000  41.3%     -    0s
     0     0   89.00000    0   59  151.50000   89.00000  41.3%     -    0s
     0     0   89.00000    0   37  151.50000   89.00000  41.3%     -    0s
     0     2   89.00000    0   28  151.50000   89.00000  41.3%     -    0s
H  290   225                     144.5000000   89.00000  38.4%  29.5    1s
H  311   257                     142.5000000   89.00000  37.5%  29.5    1s
H  492   346                     140.5000000   89.00000  36.7%  26.0    1s
H  571   400                     138.5000000   89.00000  35.7%  26.2    1s
H  624   445                     137.5000000   89.00000  35.3%  25.4    1s
  1116   796   92.00000   28   48  137.50000   89.00000  35.3%  26.6    5s
H 1706   887                     137.5000000   89.00000  35.3%  37.0    6s
  2187  1070  121.50000   32   49  137.50000   89.00000  35.3%  36.3   10s
H 2975  1258                     137.5000000   89.00000  35.3%  34.9   14s
  2976  1265  128.50000   88   36  137.50000   89.00000  35.3%  34.9   15s
H 3030  1216                     137.5000000   89.00000  35.3%  35.0   15s
H 3321  1321                     137.4999999   89.00000  35.3%  34.9   16s
  3809  1570  109.50000   32   78  137.50000   89.00000  35.3%  35.5   20s
H 3972  1673                     137.4999999   89.00000  35.3%  35.4   21s
  5321  2409     cutoff   46       137.50000   89.00000  35.3%  36.1   25s
H 5602  2543                     137.4999999   89.00000  35.3%  36.0   26s
  6888  3291   93.00000   47   93  137.50000   89.00000  35.3%  35.9   30s
H 6900  3291                     137.4999999   89.00000  35.3%  35.9   30s
H 8385  4238                     137.4999999   89.00000  35.3%  35.7   32s
H 8854  4494                     137.4999999   89.00000  35.3%  35.5   33s
  9663  4969  120.50000   30   59  137.50000   89.00000  35.3%  35.2   35s
 12648  6604   89.00000   32   98  137.50000   89.00000  35.3%  34.2   40s
H14281  7582                     137.4999999   89.00000  35.3%  34.7   44s
 14370  7618   91.00000   29  105  137.50000   89.00000  35.3%  34.8   45s
 16442  8748   90.60009   38   72  137.50000   89.00000  35.3%  35.3   51s
H17042  8990                     137.4999998   89.00000  35.3%  35.6   52s
H17900  9557                     137.4999998   89.00000  35.3%  35.6   53s
H18200  9801                     137.4999998   89.00000  35.3%  35.6   54s
 18521  9968   91.24966   38   72  137.50000   89.00000  35.3%  35.8   55s
H20715 11110                     137.4999998   89.00000  35.3%  36.0   58s
 21330 11555  121.94642   40   65  137.50000   89.00000  35.3%  36.0   60s
H23055 12396                     137.4999998   89.00000  35.3%  36.3   64s
 23082 12405  128.77825   68   33  137.50000   89.00000  35.3%  36.3   65s
H24200 12907                     137.4999998   89.00000  35.3%  36.7   67s
H24800 13219                     137.4999998   89.00000  35.3%  36.8   68s
H25351 13543                     137.4999998   89.00000  35.3%  36.9   69s
H25978 13883                     137.4999997   89.00000  35.3%  37.0   70s
H26500 14111                     137.4999997   89.00000  35.3%  37.2   71s
H27463 14620                     137.4999997   89.00000  35.3%  37.2   72s
 28455 15288   92.00000   43   66  137.50000   89.00000  35.3%  37.0   75s
H28509 15323                     137.4999997   89.00000  35.3%  37.0   75s
 30218 16247  125.50000   46  106  137.50000   89.00000  35.3%  37.1   80s
H30389 16327                     137.4999997   89.00000  35.3%  37.0   81s
H31382 16931                     137.4999997   89.00000  35.3%  36.9   84s
 32001 17282  124.50000   53   58  137.50000   89.00000  35.3%  36.9   85s
H32140 17350                     137.4999997   89.00000  35.3%  36.9   85s
H32400 17483                     137.4999996   89.00000  35.3%  36.9   86s
 33806 18299   92.05132   45   98  137.50000   89.00000  35.3%  37.2   91s
 35324 19183   90.12871   47   90  137.50000   89.00000  35.3%  37.1   95s
 36490 19916   95.00000   65   55  137.50000   89.00000  35.3%  37.4  100s
 37555 20513  119.07449   32   78  137.50000   89.00000  35.3%  37.4  105s
 39094 21279 infeasible   55       137.50000   89.00000  35.3%  37.5  110s
H39123 21299                     137.4999996   89.00000  35.3%  37.5  110s
