
#######################################
TR: iteration 0 at stage 0
Added demands: [0, 1, 2, 3, 4]
Fixed demands: []

Gurobi 7.0.2 (win64) logging started 03/16/17 17:31:25

Changed value of parameter logfile to qr_0.log
   Prev: gurobi.log  Default: 
Changed value of parameter mipgap to 0.001
   Prev: 0.0001  Min: 0.0  Max: 1e+100  Default: 0.0001
Changed value of parameter presolve to 2
   Prev: -1  Min: -1  Max: 2  Default: -1
Changed value of parameter timelimit to 60.0
   Prev: 1e+100  Min: 0.0  Max: 1e+100  Default: 1e+100
Changed value of parameter threads to 4
   Prev: 0  Min: 0  Max: 1024  Default: 0
Optimize a model with 6889 rows, 1730 columns and 26002 nonzeros
Variable types: 987 continuous, 743 integer (719 binary)
Coefficient statistics:
  Matrix range     [1e+00, 2e+04]
  Objective range  [1e+00, 1e+00]
  Bounds range     [1e+00, 1e+04]
  RHS range        [1e+00, 6e+04]
Found heuristic solution: objective 11
Presolve removed 605 rows and 161 columns
Presolve time: 0.03s
Presolved: 6284 rows, 1569 columns, 25655 nonzeros
Variable types: 985 continuous, 584 integer (584 binary)
Presolve removed 15 rows and 4 columns
Presolved: 6269 rows, 1565 columns, 25613 nonzeros


Root relaxation: objective 0.000000e+00, 387 iterations, 0.02 seconds

    Nodes    |    Current Node    |     Objective Bounds      |     Work
 Expl Unexpl |  Obj  Depth IntInf | Incumbent    BestBd   Gap | It/Node Time

     0     0    0.00000    0   19   11.00000    0.00000   100%     -    0s
H    0     0                       4.0000000    0.00000   100%     -    0s
     0     0    0.00000    0   36    4.00000    0.00000   100%     -    0s
     0     0    0.00000    0   36    4.00000    0.00000   100%     -    0s
     0     0    0.00000    0   40    4.00000    0.00000   100%     -    0s
     0     0    0.00000    0   40    4.00000    0.00000   100%     -    0s
     0     0    0.00000    0   37    4.00000    0.00000   100%     -    0s
     0     0    0.00000    0   37    4.00000    0.00000   100%     -    0s
     0     0    0.00000    0   31    4.00000    0.00000   100%     -    0s
H    0     0                       3.0000000    0.00000   100%     -    0s
     0     0    0.00000    0   36    3.00000    0.00000   100%     -    0s
     0     0    0.00000    0   18    3.00000    0.00000   100%     -    0s
H    0     0                       2.0000000    0.00000   100%     -    0s
     0     2    0.00000    0   15    2.00000    0.00000   100%     -    0s
H  462    49                       1.0000000    0.00000   100%  35.8    1s

Cutting planes:
  MIR: 10
  Flow cover: 36

Explored 716 nodes (27110 simplex iterations) in 2.66 seconds
Thread count was 4 (of 4 available processors)

Solution count 5: 1 2 3 ... 11
Pool objective bound 1

Optimal solution found (tolerance 1.00e-03)
Best objective 1.000000000000e+00, best bound 1.000000000000e+00, gap 0.0000%

#######################################
GN: iteration 0 at stage 0
Added demands: [0, 1, 2, 3, 4]
Fixed demands: []

Gurobi 7.0.2 (win64) logging started 03/16/17 17:31:28

Changed value of parameter logfile to qr_0.log
   Prev: gurobi.log  Default: 
Changed value of parameter mipgap to 0.001
   Prev: 0.0001  Min: 0.0  Max: 1e+100  Default: 0.0001
Changed value of parameter presolve to 2
   Prev: -1  Min: -1  Max: 2  Default: -1
Changed value of parameter timelimit to 60.0
   Prev: 1e+100  Min: 0.0  Max: 1e+100  Default: 1e+100
Changed value of parameter threads to 4
   Prev: 0  Min: 0  Max: 1024  Default: 0
Optimize a model with 20425 rows, 6546 columns and 55878 nonzeros
Variable types: 3653 continuous, 2893 integer (2869 binary)
Coefficient statistics:
  Matrix range     [6e-01, 2e+04]
  Objective range  [1e+00, 1e+00]
  Bounds range     [1e+00, 1e+04]
  RHS range        [1e+00, 6e+04]
Found heuristic solution: objective 20
Presolve removed 9841 rows and 3257 columns
Presolve time: 0.22s
Presolved: 10584 rows, 3289 columns, 37312 nonzeros
Variable types: 1845 continuous, 1444 integer (1444 binary)
Presolve removed 891 rows and 452 columns
Presolved: 9693 rows, 2837 columns, 34982 nonzeros


Root relaxation: objective 0.000000e+00, 247 iterations, 0.05 seconds

    Nodes    |    Current Node    |     Objective Bounds      |     Work
 Expl Unexpl |  Obj  Depth IntInf | Incumbent    BestBd   Gap | It/Node Time

     0     0    0.00000    0   22   20.00000    0.00000   100%     -    0s
H    0     0                       2.0000000    0.00000   100%     -    0s
     0     0    0.00000    0   23    2.00000    0.00000   100%     -    0s
     0     0    0.00000    0   25    2.00000    0.00000   100%     -    0s
     0     0    0.00000    0   30    2.00000    0.00000   100%     -    0s
H    0     0                       1.0000000    0.00000   100%     -    0s
     0     0    0.00000    0   31    1.00000    0.00000   100%     -    0s
     0     0    0.00000    0   31    1.00000    0.00000   100%     -    0s
     0     0    0.00000    0   30    1.00000    0.00000   100%     -    0s
     0     0    0.00000    0   12    1.00000    0.00000   100%     -    1s
     0     2    0.00000    0   12    1.00000    0.00000   100%     -    1s
   248    65    0.00000   30   73    1.00000    0.00000   100%   143    5s
   537    80    0.00000   37   54    1.00000    0.00000   100%   188   10s
   737    57 infeasible   39         1.00000    0.00000   100%   237   16s
   806    25 infeasible   23         1.00000    0.00000   100%   273   20s
   949     8    0.00000   28   44    1.00000    0.00000   100%   294   26s

Cutting planes:
  Implied bound: 1
  MIR: 26
  Flow cover: 60
  Zero half: 1

Explored 989 nodes (324350 simplex iterations) in 29.52 seconds
Thread count was 4 (of 4 available processors)

Solution count 3: 1 2 20 
Pool objective bound 1

Optimal solution found (tolerance 1.00e-03)
Best objective 1.000000000000e+00, best bound 1.000000000000e+00, gap 0.0000%

#######################################
TR: iteration 1 at stage 0
Added demands: [4]
Fixed demands: [3, 2, 0, 1]
Parameter mipfocus unchanged
   Value: 1  Min: 0  Max: 3  Default: 0

Gurobi 7.0.2 (win64) logging started 03/16/17 17:31:58

Parameter logfile unchanged
   Value: qr_0.log  Default: 
Parameter mipgap unchanged
   Value: 0.001  Min: 0.0  Max: 1e+100  Default: 0.0001
Parameter presolve unchanged
   Value: 2  Min: -1  Max: 2  Default: -1
Parameter timelimit unchanged
   Value: 60.0  Min: 0.0  Max: 1e+100  Default: 1e+100
Parameter threads unchanged
   Value: 4  Min: 0  Max: 1024  Default: 0
Optimize a model with 6889 rows, 1730 columns and 26002 nonzeros
Variable types: 987 continuous, 743 integer (719 binary)
Coefficient statistics:
  Matrix range     [1e+00, 2e+04]
  Objective range  [1e+00, 1e+00]
  Bounds range     [1e+00, 1e+04]
  RHS range        [1e+00, 6e+04]
Found heuristic solution: objective 12
Presolve removed 6269 rows and 1393 columns
Presolve time: 0.02s
Presolved: 620 rows, 337 columns, 1772 nonzeros

Loaded MIP start with objective 1

Variable types: 203 continuous, 134 integer (132 binary)
Presolve removed 63 rows and 43 columns

Root relaxation: infeasible, 0 iterations, 0.00 seconds

Explored 0 nodes (0 simplex iterations) in 0.03 seconds
Thread count was 4 (of 4 available processors)

Solution count 1: 1 
Pool objective bound 1

Optimal solution found (tolerance 1.00e-03)
Best objective 1.000000000000e+00, best bound 1.000000000000e+00, gap 0.0000%

#######################################
GN: iteration 1 at stage 0
Added demands: [4]
Fixed demands: [3, 2, 0, 1]
Parameter mipfocus unchanged
   Value: 1  Min: 0  Max: 3  Default: 0

Gurobi 7.0.2 (win64) logging started 03/16/17 17:31:58

Parameter logfile unchanged
   Value: qr_0.log  Default: 
Parameter mipgap unchanged
   Value: 0.001  Min: 0.0  Max: 1e+100  Default: 0.0001
Parameter presolve unchanged
   Value: 2  Min: -1  Max: 2  Default: -1
Parameter timelimit unchanged
   Value: 60.0  Min: 0.0  Max: 1e+100  Default: 1e+100
Parameter threads unchanged
   Value: 4  Min: 0  Max: 1024  Default: 0
Optimize a model with 20425 rows, 6546 columns and 55878 nonzeros
Variable types: 3653 continuous, 2893 integer (2869 binary)
Coefficient statistics:
  Matrix range     [6e-01, 2e+04]
  Objective range  [1e+00, 1e+00]
  Bounds range     [1e+00, 1e+04]
  RHS range        [1e+00, 6e+04]
Presolve removed 19766 rows and 6188 columns
Presolve time: 0.03s
Presolved: 659 rows, 358 columns, 1944 nonzeros

Loaded MIP start with objective 1

Variable types: 219 continuous, 139 integer (139 binary)
Presolve removed 0 rows and 40 columns

Root relaxation: infeasible, 0 iterations, 0.00 seconds

Explored 0 nodes (0 simplex iterations) in 0.06 seconds
Thread count was 4 (of 4 available processors)

Solution count 1: 1 
Pool objective bound 1

Optimal solution found (tolerance 1.00e-03)
Best objective 1.000000000000e+00, best bound 1.000000000000e+00, gap 0.0000%

#######################################
TR: iteration 0 at stage 1
Added demands: [5, 6, 7, 8, 9]
Fixed demands: [0, 1, 2, 3, 4]

Gurobi 7.0.2 (win64) logging started 03/16/17 17:32:07

Changed value of parameter logfile to qr_0.log
   Prev: gurobi.log  Default: 
Changed value of parameter mipgap to 0.001
   Prev: 0.0001  Min: 0.0  Max: 1e+100  Default: 0.0001
Changed value of parameter presolve to 2
   Prev: -1  Min: -1  Max: 2  Default: -1
Changed value of parameter timelimit to 60.0
   Prev: 1e+100  Min: 0.0  Max: 1e+100  Default: 1e+100
Changed value of parameter threads to 4
   Prev: 0  Min: 0  Max: 1024  Default: 0
Optimize a model with 22379 rows, 3460 columns and 95007 nonzeros
Variable types: 1972 continuous, 1488 integer (1464 binary)
Coefficient statistics:
  Matrix range     [1e+00, 2e+04]
  Objective range  [1e+00, 1e+00]
  Bounds range     [1e+00, 1e+04]
  RHS range        [1e+00, 6e+04]
Found heuristic solution: objective 23
Presolve removed 15897 rows and 1846 columns
Presolve time: 0.05s
Presolved: 6482 rows, 1614 columns, 25998 nonzeros
Variable types: 992 continuous, 622 integer (620 binary)
Presolve removed 33 rows and 28 columns
Presolved: 6449 rows, 1586 columns, 25815 nonzeros


Root relaxation: objective 2.857143e-01, 291 iterations, 0.03 seconds

    Nodes    |    Current Node    |     Objective Bounds      |     Work
 Expl Unexpl |  Obj  Depth IntInf | Incumbent    BestBd   Gap | It/Node Time

     0     0    0.28571    0   33   23.00000    0.28571  98.8%     -    0s
H    0     0                      12.0000000    0.28571  97.6%     -    0s
H    0     0                       8.0000000    0.28571  96.4%     -    0s
H    0     0                       6.0000000    0.28571  95.2%     -    0s
     0     0    0.34524    0   69    6.00000    0.34524  94.2%     -    0s
     0     0    0.35300    0   67    6.00000    0.35300  94.1%     -    0s
H    0     0                       5.0000000    0.35300  92.9%     -    0s
     0     0    1.00000    0   71    5.00000    1.00000  80.0%     -    0s
     0     0    1.00000    0   65    5.00000    1.00000  80.0%     -    0s
H    0     0                       4.0000000    1.00000  75.0%     -    0s
     0     0    1.00000    0   58    4.00000    1.00000  75.0%     -    0s
     0     0    1.00000    0   61    4.00000    1.00000  75.0%     -    0s
     0     0    1.00000    0   49    4.00000    1.00000  75.0%     -    0s
     0     0    1.00000    0   58    4.00000    1.00000  75.0%     -    0s
     0     0    1.00000    0   39    4.00000    1.00000  75.0%     -    0s
H    0     0                       3.0000000    1.00000  66.7%     -    1s
     0     2    1.00000    0   32    3.00000    1.00000  66.7%     -    1s
H  553   139                       2.0000000    1.00000  50.0%  25.4    2s
H  565   127                       1.0000000    1.00000  0.00%  25.0    2s

Cutting planes:
  Gomory: 7
  MIR: 13
  Flow cover: 27

Explored 565 nodes (20143 simplex iterations) in 2.53 seconds
Thread count was 4 (of 4 available processors)

Solution count 9: 1 2 3 ... 23
Pool objective bound 1

Optimal solution found (tolerance 1.00e-03)
Best objective 1.000000000000e+00, best bound 1.000000000000e+00, gap 0.0000%

#######################################
GN: iteration 0 at stage 1
Added demands: [5, 6, 7, 8, 9]
Fixed demands: [0, 1, 2, 3, 4]

Gurobi 7.0.2 (win64) logging started 03/16/17 17:32:09

Changed value of parameter logfile to qr_0.log
   Prev: gurobi.log  Default: 
Changed value of parameter mipgap to 0.001
   Prev: 0.0001  Min: 0.0  Max: 1e+100  Default: 0.0001
Changed value of parameter presolve to 2
   Prev: -1  Min: -1  Max: 2  Default: -1
Changed value of parameter timelimit to 60.0
   Prev: 1e+100  Min: 0.0  Max: 1e+100  Default: 1e+100
Changed value of parameter threads to 4
   Prev: 0  Min: 0  Max: 1024  Default: 0
Optimize a model with 62265 rows, 17306 columns and 189073 nonzeros
Variable types: 7218 continuous, 10088 integer (10064 binary)
Coefficient statistics:
  Matrix range     [6e-01, 2e+04]
  Objective range  [1e+00, 1e+00]
  Bounds range     [1e+00, 1e+04]
  RHS range        [1e+00, 6e+04]
Presolve removed 53140 rows and 13942 columns
Presolve time: 0.30s
Presolved: 9125 rows, 3364 columns, 29805 nonzeros
Variable types: 1880 continuous, 1484 integer (1484 binary)
Found heuristic solution: objective 14.0000000
Presolve removed 887 rows and 452 columns
Presolved: 8238 rows, 2912 columns, 27392 nonzeros


Root relaxation: objective 3.349153e-01, 644 iterations, 0.06 seconds

    Nodes    |    Current Node    |     Objective Bounds      |     Work
 Expl Unexpl |  Obj  Depth IntInf | Incumbent    BestBd   Gap | It/Node Time

     0     0    0.33492    0   44   14.00000    0.33492  97.6%     -    0s
H    0     0                       4.0000000    0.33492  91.6%     -    0s
     0     0    1.00000    0  182    4.00000    1.00000  75.0%     -    1s
     0     0    1.00000    0  173    4.00000    1.00000  75.0%     -    1s
H    0     0                       3.0000000    1.00000  66.7%     -    2s
     0     0    1.00000    0  155    3.00000    1.00000  66.7%     -    2s
H    0     0                       2.0000000    1.00000  50.0%     -    2s
     0     0    1.00000    0  150    2.00000    1.00000  50.0%     -    2s
     0     0    1.00000    0  142    2.00000    1.00000  50.0%     -    2s
     0     0    1.00000    0  142    2.00000    1.00000  50.0%     -    2s
     0     0    1.00000    0  168    2.00000    1.00000  50.0%     -    2s
     0     0    1.00000    0  152    2.00000    1.00000  50.0%     -    3s
     0     0    1.00000    0   48    2.00000    1.00000  50.0%     -    4s
     0     2    1.00000    0   46    2.00000    1.00000  50.0%     -    4s
     2     3    1.00000    1   48    2.00000    1.00000  50.0%   367    5s
H    6     5                       1.0000000    1.00000  0.00%   122    5s

Cutting planes:
  Gomory: 2
  MIR: 11
  Flow cover: 34

Explored 6 nodes (19306 simplex iterations) in 5.86 seconds
Thread count was 4 (of 4 available processors)

Solution count 5: 1 2 3 ... 14
Pool objective bound 1

Optimal solution found (tolerance 1.00e-03)
Best objective 1.000000000000e+00, best bound 1.000000000000e+00, gap 0.0000%

#######################################
TR: iteration 1 at stage 1
Added demands: [9, 7, 0, 8, 5]
Fixed demands: [4, 1, 6, 3, 2]
Parameter mipfocus unchanged
   Value: 1  Min: 0  Max: 3  Default: 0

Gurobi 7.0.2 (win64) logging started 03/16/17 17:32:15

Parameter logfile unchanged
   Value: qr_0.log  Default: 
Parameter mipgap unchanged
   Value: 0.001  Min: 0.0  Max: 1e+100  Default: 0.0001
Parameter presolve unchanged
   Value: 2  Min: -1  Max: 2  Default: -1
Parameter timelimit unchanged
   Value: 60.0  Min: 0.0  Max: 1e+100  Default: 1e+100
Parameter threads unchanged
   Value: 4  Min: 0  Max: 1024  Default: 0
Optimize a model with 22379 rows, 3460 columns and 95007 nonzeros
Variable types: 1972 continuous, 1488 integer (1464 binary)
Coefficient statistics:
  Matrix range     [1e+00, 2e+04]
  Objective range  [1e+00, 1e+00]
  Bounds range     [1e+00, 1e+04]
  RHS range        [1e+00, 6e+04]
Found heuristic solution: objective 24
Presolve removed 15878 rows and 1842 columns
Presolve time: 0.06s
Presolved: 6501 rows, 1618 columns, 26065 nonzeros

Loaded MIP start with objective 1

Variable types: 996 continuous, 622 integer (621 binary)
Presolve removed 451 rows and 158 columns

Root relaxation: infeasible, 0 iterations, 0.02 seconds

Explored 0 nodes (0 simplex iterations) in 0.16 seconds
Thread count was 4 (of 4 available processors)

Solution count 1: 1 
Pool objective bound 1

Optimal solution found (tolerance 1.00e-03)
Best objective 1.000000000000e+00, best bound 1.000000000000e+00, gap 0.0000%

#######################################
GN: iteration 1 at stage 1
Added demands: [9, 7, 0, 8, 5]
Fixed demands: [4, 1, 6, 3, 2]
Parameter mipfocus unchanged
   Value: 1  Min: 0  Max: 3  Default: 0

Gurobi 7.0.2 (win64) logging started 03/16/17 17:32:16

Parameter logfile unchanged
   Value: qr_0.log  Default: 
Parameter mipgap unchanged
   Value: 0.001  Min: 0.0  Max: 1e+100  Default: 0.0001
Parameter presolve unchanged
   Value: 2  Min: -1  Max: 2  Default: -1
Parameter timelimit unchanged
   Value: 60.0  Min: 0.0  Max: 1e+100  Default: 1e+100
Parameter threads unchanged
   Value: 4  Min: 0  Max: 1024  Default: 0
Optimize a model with 62265 rows, 17306 columns and 189073 nonzeros
Variable types: 7218 continuous, 10088 integer (10064 binary)
Coefficient statistics:
  Matrix range     [6e-01, 2e+04]
  Objective range  [1e+00, 1e+00]
  Bounds range     [1e+00, 1e+04]
  RHS range        [1e+00, 6e+04]
Presolve removed 53167 rows and 13948 columns
Presolve time: 0.30s
Presolved: 9098 rows, 3358 columns, 29684 nonzeros

Loaded MIP start with objective 1

Variable types: 1876 continuous, 1482 integer (1482 binary)
Presolve removed 433 rows and 150 columns

Root relaxation: infeasible, 0 iterations, 0.00 seconds

Explored 0 nodes (0 simplex iterations) in 0.61 seconds
Thread count was 4 (of 4 available processors)

Solution count 1: 1 
Pool objective bound 1

Optimal solution found (tolerance 1.00e-03)
Best objective 1.000000000000e+00, best bound 1.000000000000e+00, gap 0.0000%

#######################################
TR: iteration 0 at stage 2
Added demands: [8, 9, 10, 11, 12, 13, 14]
Fixed demands: [0, 1, 2, 3, 4, 5, 6, 7]

Gurobi 7.0.2 (win64) logging started 03/16/17 17:32:33

Changed value of parameter logfile to qr_0.log
   Prev: gurobi.log  Default: 
Changed value of parameter mipgap to 0.001
   Prev: 0.0001  Min: 0.0  Max: 1e+100  Default: 0.0001
Changed value of parameter presolve to 2
   Prev: -1  Min: -1  Max: 2  Default: -1
Changed value of parameter timelimit to 60.0
   Prev: 1e+100  Min: 0.0  Max: 1e+100  Default: 1e+100
Changed value of parameter threads to 4
   Prev: 0  Min: 0  Max: 1024  Default: 0
Optimize a model with 46519 rows, 5240 columns and 207112 nonzeros
Variable types: 2957 continuous, 2283 integer (2259 binary)
Coefficient statistics:
  Matrix range     [1e+00, 2e+04]
  Objective range  [1e+00, 1e+00]
  Bounds range     [1e+00, 1e+04]
  RHS range        [1e+00, 6e+04]
Presolve removed 38456 rows and 2957 columns
Presolve time: 0.11s
Presolved: 8063 rows, 2283 columns, 31126 nonzeros
Variable types: 1392 continuous, 891 integer (888 binary)
Found heuristic solution: objective 7.0000000
Presolve removed 28 rows and 21 columns
Presolved: 8035 rows, 2262 columns, 30920 nonzeros


Root relaxation: objective 3.718759e-01, 381 iterations, 0.05 seconds

    Nodes    |    Current Node    |     Objective Bounds      |     Work
 Expl Unexpl |  Obj  Depth IntInf | Incumbent    BestBd   Gap | It/Node Time

     0     0    0.37188    0   39    7.00000    0.37188  94.7%     -    0s
H    0     0                       2.0000000    0.37188  81.4%     -    0s
     0     0    0.56837    0   54    2.00000    0.56837  71.6%     -    0s
     0     0    0.57861    0   57    2.00000    0.57861  71.1%     -    0s
     0     0    1.00000    0   60    2.00000    1.00000  50.0%     -    0s
     0     0    1.00000    0   55    2.00000    1.00000  50.0%     -    0s
     0     0    1.00000    0   59    2.00000    1.00000  50.0%     -    0s
     0     0    1.00000    0   59    2.00000    1.00000  50.0%     -    0s
     0     0    1.00000    0   55    2.00000    1.00000  50.0%     -    0s
     0     0    1.00000    0   68    2.00000    1.00000  50.0%     -    0s
     0     0    1.00000    0   40    2.00000    1.00000  50.0%     -    1s
     0     0    1.00000    0   34    2.00000    1.00000  50.0%     -    1s
     0     0    1.00000    0   43    2.00000    1.00000  50.0%     -    1s
     0     0    1.00000    0   43    2.00000    1.00000  50.0%     -    1s
     0     0    1.00000    0   51    2.00000    1.00000  50.0%     -    1s
     0     0    1.00000    0   51    2.00000    1.00000  50.0%     -    1s
     0     0    1.00000    0   46    2.00000    1.00000  50.0%     -    1s
     0     0    1.00000    0   48    2.00000    1.00000  50.0%     -    1s
     0     0    1.00000    0   59    2.00000    1.00000  50.0%     -    1s
     0     0    1.00000    0   60    2.00000    1.00000  50.0%     -    1s
     0     0    1.00000    0   39    2.00000    1.00000  50.0%     -    2s
     0     2    1.00000    0   38    2.00000    1.00000  50.0%     -    2s
  5243   628    1.00000   22   46    2.00000    1.00000  50.0%   7.9    5s
  6408   708 infeasible   51         2.00000    1.00000  50.0%  11.9   10s
  9952   706 infeasible   32         2.00000    1.00000  50.0%  17.7   15s
*11114    11              38       1.0000000    1.00000  0.00%  18.7   17s

Cutting planes:
  Gomory: 7
  Implied bound: 1
  MIR: 57
  Flow cover: 147
  Inf proof: 8

Explored 11468 nodes (218980 simplex iterations) in 17.03 seconds
Thread count was 4 (of 4 available processors)

Solution count 3: 1 2 7 
Pool objective bound 1

Optimal solution found (tolerance 1.00e-03)
Best objective 1.000000000000e+00, best bound 1.000000000000e+00, gap 0.0000%

#######################################
GN: iteration 0 at stage 2
Added demands: [8, 9, 10, 11, 12, 13, 14]
Fixed demands: [0, 1, 2, 3, 4, 5, 6, 7]

Gurobi 7.0.2 (win64) logging started 03/16/17 17:32:50

Changed value of parameter logfile to qr_0.log
   Prev: gurobi.log  Default: 
Changed value of parameter mipgap to 0.001
   Prev: 0.0001  Min: 0.0  Max: 1e+100  Default: 0.0001
Changed value of parameter presolve to 2
   Prev: -1  Min: -1  Max: 2  Default: -1
Changed value of parameter timelimit to 60.0
   Prev: 1e+100  Min: 0.0  Max: 1e+100  Default: 1e+100
Changed value of parameter threads to 4
   Prev: 0  Min: 0  Max: 1024  Default: 0
Optimize a model with 125655 rows, 32416 columns and 399768 nonzeros
Variable types: 10783 continuous, 21633 integer (21609 binary)
Coefficient statistics:
  Matrix range     [6e-01, 2e+04]
  Objective range  [1e+00, 1e+00]
  Bounds range     [1e+00, 1e+04]
  RHS range        [1e+00, 6e+04]
Found heuristic solution: objective 23
Presolve removed 109599 rows and 27063 columns
Presolve time: 0.75s
Presolved: 16056 rows, 5353 columns, 54389 nonzeros
Variable types: 2647 continuous, 2706 integer (2706 binary)
Presolve removed 1220 rows and 617 columns
Presolved: 14836 rows, 4736 columns, 51039 nonzeros


Root relaxation: objective 3.670515e-01, 1572 iterations, 0.20 seconds

    Nodes    |    Current Node    |     Objective Bounds      |     Work
 Expl Unexpl |  Obj  Depth IntInf | Incumbent    BestBd   Gap | It/Node Time

     0     0    0.36705    0  173   23.00000    0.36705  98.4%     -    1s
H    0     0                       9.0000000    0.36705  95.9%     -    1s
H    0     0                       8.0000000    0.36705  95.4%     -    2s
     0     0          -    0         8.00000    0.36705  95.4%     -   60s

Cutting planes:
  Gomory: 19
  Cover: 4
  Implied bound: 11
  Clique: 1
  MIR: 48
  Flow cover: 53
  Zero half: 20

Explored 0 nodes (58787 simplex iterations) in 60.04 seconds
Thread count was 4 (of 4 available processors)

Solution count 3: 8 9 23 
Pool objective bound 1

Time limit reached
Best objective 8.000000000000e+00, best bound 1.000000000000e+00, gap 87.5000%
Parameter mipfocus unchanged
   Value: 1  Min: 0  Max: 3  Default: 0

Gurobi 7.0.2 (win64) logging started 03/16/17 17:33:51

Parameter logfile unchanged
   Value: qr_0.log  Default: 
Parameter mipgap unchanged
   Value: 0.001  Min: 0.0  Max: 1e+100  Default: 0.0001
Parameter presolve unchanged
   Value: 2  Min: -1  Max: 2  Default: -1
Parameter timelimit unchanged
   Value: 60.0  Min: 0.0  Max: 1e+100  Default: 1e+100
Parameter threads unchanged
   Value: 4  Min: 0  Max: 1024  Default: 0
Optimize a model with 125655 rows, 32416 columns and 399768 nonzeros
Variable types: 10783 continuous, 21633 integer (21609 binary)
Coefficient statistics:
  Matrix range     [6e-01, 2e+04]
  Objective range  [1e+00, 1e+00]
  Bounds range     [1e+00, 1e+04]
  RHS range        [1e+00, 6e+04]
Presolved: 16056 rows, 5353 columns, 54389 nonzeros

Continuing optimization...

H    0     2                       7.0000000    0.36705  94.8%     -   79s
     0     2    0.97183    0  442    7.00000    0.97183  86.1%     -   79s
     1     4    2.15435    1  407    7.00000    0.98142  86.0% 109886  107s

Cutting planes:
  Gomory: 19
  Cover: 4
  Implied bound: 11
  Clique: 1
  MIR: 49
  Flow cover: 54
  Zero half: 20

Explored 3 nodes (220109 simplex iterations) in 60.02 seconds
Thread count was 4 (of 4 available processors)

Solution count 4: 7 8 9 23 
Pool objective bound 1

Time limit reached
Best objective 7.000000000000e+00, best bound 1.000000000000e+00, gap 85.7143%

#######################################
I AM CHEATING!!! at stage 2
Parameter mipfocus unchanged
   Value: 1  Min: 0  Max: 3  Default: 0

Gurobi 7.0.2 (win64) logging started 03/16/17 17:34:51

Parameter logfile unchanged
   Value: qr_0.log  Default: 
Parameter mipgap unchanged
   Value: 0.001  Min: 0.0  Max: 1e+100  Default: 0.0001
Parameter presolve unchanged
   Value: 2  Min: -1  Max: 2  Default: -1
Parameter timelimit unchanged
   Value: 60.0  Min: 0.0  Max: 1e+100  Default: 1e+100
Parameter threads unchanged
   Value: 4  Min: 0  Max: 1024  Default: 0
Optimize a model with 125655 rows, 32416 columns and 399768 nonzeros
Variable types: 10783 continuous, 21633 integer (21609 binary)
Coefficient statistics:
  Matrix range     [6e-01, 2e+04]
  Objective range  [1e+00, 1e+00]
  Bounds range     [1e+00, 1e+04]
  RHS range        [1e+00, 6e+04]
Found heuristic solution: objective 15
Presolve removed 125548 rows and 32330 columns
Presolve time: 0.11s
Presolved: 107 rows, 86 columns, 310 nonzeros

MIP start did not produce a new incumbent solution

Variable types: 35 continuous, 51 integer (48 binary)
Presolve removed 9 rows and 10 columns
Presolved: 98 rows, 76 columns, 265 nonzeros


Root relaxation: objective 7.198279e-01, 42 iterations, 0.00 seconds

    Nodes    |    Current Node    |     Objective Bounds      |     Work
 Expl Unexpl |  Obj  Depth IntInf | Incumbent    BestBd   Gap | It/Node Time

     0     0    0.71983    0   15   15.00000    0.71983  95.2%     -    0s
H    0     0                       5.0000000    0.71983  85.6%     -    0s
H    0     0                       3.0000000    0.71983  76.0%     -    0s
H    0     0                       2.0000000    0.71983  64.0%     -    0s
H    0     0                       1.0000000    0.71983  28.0%     -    0s

Explored 0 nodes (42 simplex iterations) in 0.20 seconds
Thread count was 4 (of 4 available processors)

Solution count 5: 1 2 3 ... 15
Pool objective bound 1

Optimal solution found (tolerance 1.00e-03)
Best objective 1.000000000000e+00, best bound 1.000000000000e+00, gap 0.0000%

#######################################
TR: iteration 1 at stage 2
Added demands: [11, 14, 13, 12, 2, 8, 5, 7]
Fixed demands: [10, 1, 0, 6, 9, 3, 4]
Parameter mipfocus unchanged
   Value: 1  Min: 0  Max: 3  Default: 0

Gurobi 7.0.2 (win64) logging started 03/16/17 17:34:51

Parameter logfile unchanged
   Value: qr_0.log  Default: 
Parameter mipgap unchanged
   Value: 0.001  Min: 0.0  Max: 1e+100  Default: 0.0001
Parameter presolve unchanged
   Value: 2  Min: -1  Max: 2  Default: -1
Parameter timelimit unchanged
   Value: 60.0  Min: 0.0  Max: 1e+100  Default: 1e+100
Parameter threads unchanged
   Value: 4  Min: 0  Max: 1024  Default: 0
Optimize a model with 46519 rows, 5240 columns and 207112 nonzeros
Variable types: 2957 continuous, 2283 integer (2259 binary)
Coefficient statistics:
  Matrix range     [1e+00, 2e+04]
  Objective range  [1e+00, 1e+00]
  Bounds range     [1e+00, 1e+04]
  RHS range        [1e+00, 6e+04]
Presolve removed 36649 rows and 2644 columns
Presolve time: 0.16s
Presolved: 9870 rows, 2596 columns, 38937 nonzeros

Loaded MIP start with objective 1

Variable types: 1589 continuous, 1007 integer (1004 binary)

Explored 0 nodes (0 simplex iterations) in 0.25 seconds
Thread count was 4 (of 4 available processors)

Solution count 1: 1 
Pool objective bound 1

Optimal solution found (tolerance 1.00e-03)
Best objective 1.000000000000e+00, best bound 1.000000000000e+00, gap 0.0000%

#######################################
GN: iteration 1 at stage 2
Added demands: [11, 14, 13, 12, 2, 8, 5, 7]
Fixed demands: [10, 1, 0, 6, 9, 3, 4]
Parameter mipfocus unchanged
   Value: 1  Min: 0  Max: 3  Default: 0

Gurobi 7.0.2 (win64) logging started 03/16/17 17:34:51

Parameter logfile unchanged
   Value: qr_0.log  Default: 
Parameter mipgap unchanged
   Value: 0.001  Min: 0.0  Max: 1e+100  Default: 0.0001
Parameter presolve unchanged
   Value: 2  Min: -1  Max: 2  Default: -1
Parameter timelimit unchanged
   Value: 60.0  Min: 0.0  Max: 1e+100  Default: 1e+100
Parameter threads unchanged
   Value: 4  Min: 0  Max: 1024  Default: 0
Optimize a model with 125655 rows, 32416 columns and 399768 nonzeros
Variable types: 10783 continuous, 21633 integer (21609 binary)
Coefficient statistics:
  Matrix range     [6e-01, 2e+04]
  Objective range  [1e+00, 1e+00]
  Bounds range     [1e+00, 1e+04]
  RHS range        [1e+00, 6e+04]
Presolve removed 105742 rows and 25992 columns
Presolve time: 0.97s
Presolved: 19913 rows, 6424 columns, 68030 nonzeros

Loaded MIP start with objective 1

Variable types: 3005 continuous, 3419 integer (3419 binary)
Presolve removed 663 rows and 223 columns

Root relaxation: infeasible, 0 iterations, 0.02 seconds

Explored 0 nodes (0 simplex iterations) in 1.89 seconds
Thread count was 4 (of 4 available processors)

Solution count 1: 1 
Pool objective bound 1

Optimal solution found (tolerance 1.00e-03)
Best objective 1.000000000000e+00, best bound 1.000000000000e+00, gap 0.0000%

#######################################
TR: iteration 0 at stage 3
Added demands: [10, 11, 12, 13, 14, 15, 16, 17, 18, 19]
Fixed demands: [0, 1, 2, 3, 4, 5, 6, 7, 8, 9]

Gurobi 7.0.2 (win64) logging started 03/16/17 17:35:21

Changed value of parameter logfile to qr_0.log
   Prev: gurobi.log  Default: 
Changed value of parameter mipgap to 0.001
   Prev: 0.0001  Min: 0.0  Max: 1e+100  Default: 0.0001
Changed value of parameter presolve to 2
   Prev: -1  Min: -1  Max: 2  Default: -1
Changed value of parameter timelimit to 80.0
   Prev: 1e+100  Min: 0.0  Max: 1e+100  Default: 1e+100
Changed value of parameter threads to 4
   Prev: 0  Min: 0  Max: 1024  Default: 0
Optimize a model with 79309 rows, 7070 columns and 362317 nonzeros
Variable types: 3942 continuous, 3128 integer (3104 binary)
Coefficient statistics:
  Matrix range     [1e+00, 2e+04]
  Objective range  [1e+00, 1e+00]
  Bounds range     [1e+00, 1e+04]
  RHS range        [1e+00, 6e+04]
Presolve removed 64948 rows and 3778 columns
Presolve time: 0.27s
Presolved: 14361 rows, 3292 columns, 58429 nonzeros
Variable types: 1991 continuous, 1301 integer (1297 binary)
Found heuristic solution: objective 7.0000000
Presolve removed 22 rows and 12 columns
Presolved: 14339 rows, 3280 columns, 58267 nonzeros


Root relaxation: objective 5.711831e-01, 612 iterations, 0.08 seconds

    Nodes    |    Current Node    |     Objective Bounds      |     Work
 Expl Unexpl |  Obj  Depth IntInf | Incumbent    BestBd   Gap | It/Node Time

     0     0    0.57118    0   64    7.00000    0.57118  91.8%     -    0s
H    0     0                       5.0000000    0.57118  88.6%     -    0s
     0     0    0.72549    0  121    5.00000    0.72549  85.5%     -    1s
     0     0    0.73506    0  114    5.00000    0.73506  85.3%     -    1s
     0     0    0.77802    0   88    5.00000    0.77802  84.4%     -    1s
     0     0    0.81748    0   94    5.00000    0.81748  83.7%     -    1s
     0     0    1.00000    0   82    5.00000    1.00000  80.0%     -    1s
     0     0    1.00000    0   84    5.00000    1.00000  80.0%     -    1s
     0     0    1.00000    0   92    5.00000    1.00000  80.0%     -    1s
     0     0    1.00000    0   85    5.00000    1.00000  80.0%     -    1s
     0     0    1.00000    0   54    5.00000    1.00000  80.0%     -    2s
H    0     0                       4.0000000    1.00000  75.0%     -    2s
     0     2    1.00000    0   39    4.00000    1.00000  75.0%     -    3s
H  519   207                       3.0000000    1.00000  66.7%  20.5    4s
   673   265    1.09732   37   70    3.00000    1.00000  66.7%  20.5    6s
H  850   166                       2.0000000    1.00000  50.0%  20.9    9s
   895   161    1.00000   17  106    2.00000    1.00000  50.0%  20.3   11s
   906   172    1.00000   11   53    2.00000    1.00000  50.0%  14.7   15s
  3126   712 infeasible   40         2.00000    1.00000  50.0%  18.2   20s
  5764  1114    1.00000   39   51    2.00000    1.00000  50.0%  19.5   25s
  7968  1350 infeasible   42         2.00000    1.00000  50.0%  21.5   30s
  9891  1453 infeasible   41         2.00000    1.00000  50.0%  23.0   35s
 11729  1488    1.00000   46   93    2.00000    1.00000  50.0%  24.0   40s
 14297  2048    1.00000   43   71    2.00000    1.00000  50.0%  23.6   45s
 16337  2285    1.00000   49   57    2.00000    1.00000  50.0%  23.9   50s
 18459  2344    1.00000   35   57    2.00000    1.00000  50.0%  24.6   55s
 20349  2421    1.00000   46   92    2.00000    1.00000  50.0%  24.9   60s
 22346  2507 infeasible   37         2.00000    1.00000  50.0%  25.1   65s
 23784  2555    1.00000   36   73    2.00000    1.00000  50.0%  25.3   70s
 26339  2985    1.00000   35   61    2.00000    1.00000  50.0%  25.1   75s
 28210  3225    1.00000   39   67    2.00000    1.00000  50.0%  25.1   80s

Cutting planes:
  Gomory: 18
  Cover: 3
  Implied bound: 3
  MIR: 81
  Flow cover: 219
  Inf proof: 3

Explored 28641 nodes (744260 simplex iterations) in 80.05 seconds
Thread count was 4 (of 4 available processors)

Solution count 5: 2 3 4 ... 7
Pool objective bound 1

Time limit reached
Best objective 2.000000000000e+00, best bound 1.000000000000e+00, gap 50.0000%
Parameter mipfocus unchanged
   Value: 1  Min: 0  Max: 3  Default: 0

Gurobi 7.0.2 (win64) logging started 03/16/17 17:36:41

Parameter logfile unchanged
   Value: qr_0.log  Default: 
Parameter mipgap unchanged
   Value: 0.001  Min: 0.0  Max: 1e+100  Default: 0.0001
Parameter presolve unchanged
   Value: 2  Min: -1  Max: 2  Default: -1
Parameter timelimit unchanged
   Value: 80.0  Min: 0.0  Max: 1e+100  Default: 1e+100
Parameter threads unchanged
   Value: 4  Min: 0  Max: 1024  Default: 0
Optimize a model with 79309 rows, 7070 columns and 362317 nonzeros
Variable types: 3942 continuous, 3128 integer (3104 binary)
Coefficient statistics:
  Matrix range     [1e+00, 2e+04]
  Objective range  [1e+00, 1e+00]
  Bounds range     [1e+00, 1e+04]
  RHS range        [1e+00, 6e+04]
Presolved: 14361 rows, 3292 columns, 58429 nonzeros

Continuing optimization...

 28641  3250    1.00000   49  106    2.00000    1.00000  50.0%  25.1   81s
 30197  3155 infeasible   28         2.00000    1.00000  50.0%  25.3   85s
 32112  3423    1.00000   39   69    2.00000    1.00000  50.0%  25.4   90s
 33870  3582    1.00000   40   67    2.00000    1.00000  50.0%  25.6   95s
 35948  3743    1.00000   37   68    2.00000    1.00000  50.0%  25.8  101s
 37670  3844    1.00000   40   60    2.00000    1.00000  50.0%  25.9  105s
 39534  3828 infeasible   34         2.00000    1.00000  50.0%  26.2  110s
 41471  3815 infeasible   39         2.00000    1.00000  50.0%  26.2  115s
 43113  3713    1.00000   42   78    2.00000    1.00000  50.0%  26.4  120s
 44575  3806    1.00000   27   62    2.00000    1.00000  50.0%  26.4  125s
 46450  4087 infeasible   34         2.00000    1.00000  50.0%  26.4  130s
 48534  4190 infeasible   32         2.00000    1.00000  50.0%  26.6  135s
 50001  4220 infeasible   36         2.00000    1.00000  50.0%  26.6  140s
 52046  4264 infeasible   40         2.00000    1.00000  50.0%  26.6  145s
 53740  4224    1.00000   40   64    2.00000    1.00000  50.0%  26.8  150s
 55379  4209    1.00000   26   90    2.00000    1.00000  50.0%  26.9  156s
 57170  4456 infeasible   47         2.00000    1.00000  50.0%  27.0  160s

Cutting planes:
  Gomory: 18
  Cover: 3
  Implied bound: 3
  MIR: 88
  Flow cover: 238
  Inf proof: 6

Explored 57351 nodes (1576006 simplex iterations) in 80.11 seconds
Thread count was 4 (of 4 available processors)

Solution count 5: 2 3 4 ... 7
Pool objective bound 1

Time limit reached
Best objective 2.000000000000e+00, best bound 1.000000000000e+00, gap 50.0000%

#######################################
GN: iteration 0 at stage 3
Added demands: [10, 11, 12, 13, 14, 15, 16, 17, 18, 19]
Fixed demands: [0, 1, 2, 3, 4, 5, 6, 7, 8, 9]

Gurobi 7.0.2 (win64) logging started 03/16/17 17:38:01

Changed value of parameter logfile to qr_0.log
   Prev: gurobi.log  Default: 
Changed value of parameter mipgap to 0.001
   Prev: 0.0001  Min: 0.0  Max: 1e+100  Default: 0.0001
Changed value of parameter presolve to 2
   Prev: -1  Min: -1  Max: 2  Default: -1
Changed value of parameter timelimit to 80.0
   Prev: 1e+100  Min: 0.0  Max: 1e+100  Default: 1e+100
Changed value of parameter threads to 4
   Prev: 0  Min: 0  Max: 1024  Default: 0
Optimize a model with 210595 rows, 51876 columns and 687963 nonzeros
Variable types: 14348 continuous, 37528 integer (37504 binary)
Coefficient statistics:
  Matrix range     [6e-01, 2e+04]
  Objective range  [1e+00, 1e+00]
  Bounds range     [1e+00, 1e+04]
  RHS range        [1e+00, 6e+04]
Presolve removed 180968 rows and 42903 columns
Presolve time: 1.68s
Presolved: 29627 rows, 8973 columns, 103185 nonzeros
Variable types: 3771 continuous, 5202 integer (5202 binary)
Presolve removed 1728 rows and 864 columns
Presolved: 27899 rows, 8109 columns, 98507 nonzeros


Root relaxation: objective 5.293757e-01, 2384 iterations, 0.62 seconds

    Nodes    |    Current Node    |     Objective Bounds      |     Work
 Expl Unexpl |  Obj  Depth IntInf | Incumbent    BestBd   Gap | It/Node Time

     0     0    0.52938    0  271          -    0.52938      -     -    3s
H    0     0                      10.0000000    0.52938  94.7%     -    4s
H    0     0                       9.0000000    0.52938  94.1%     -    5s
     0     0          -    0         9.00000    0.52938  94.1%     -   80s

Cutting planes:
  Gomory: 4
  Cover: 4
  Implied bound: 12
  MIR: 71
  Flow cover: 41
  Zero half: 21

Explored 0 nodes (54622 simplex iterations) in 80.04 seconds
Thread count was 4 (of 4 available processors)

Solution count 2: 9 10 
Pool objective bound 1

Time limit reached
Best objective 9.000000000000e+00, best bound 1.000000000000e+00, gap 88.8889%
Parameter mipfocus unchanged
   Value: 1  Min: 0  Max: 3  Default: 0

Gurobi 7.0.2 (win64) logging started 03/16/17 17:39:21

Parameter logfile unchanged
   Value: qr_0.log  Default: 
Parameter mipgap unchanged
   Value: 0.001  Min: 0.0  Max: 1e+100  Default: 0.0001
Parameter presolve unchanged
   Value: 2  Min: -1  Max: 2  Default: -1
Parameter timelimit unchanged
   Value: 80.0  Min: 0.0  Max: 1e+100  Default: 1e+100
Parameter threads unchanged
   Value: 4  Min: 0  Max: 1024  Default: 0
Optimize a model with 210595 rows, 51876 columns and 687963 nonzeros
Variable types: 14348 continuous, 37528 integer (37504 binary)
Coefficient statistics:
  Matrix range     [6e-01, 2e+04]
  Objective range  [1e+00, 1e+00]
  Bounds range     [1e+00, 1e+04]
  RHS range        [1e+00, 6e+04]
Presolved: 29627 rows, 8973 columns, 103185 nonzeros

Continuing optimization...


Cutting planes:
  Gomory: 4
  Cover: 4
  Implied bound: 12
  MIR: 71
  Flow cover: 41
  Zero half: 21

Explored 0 nodes (54622 simplex iterations) in 80.07 seconds
Thread count was 4 (of 4 available processors)

Solution count 2: 9 10 
Pool objective bound 1

Time limit reached
Best objective 9.000000000000e+00, best bound 1.000000000000e+00, gap 88.8889%

#######################################
I AM CHEATING!!! at stage 3
Parameter mipfocus unchanged
   Value: 1  Min: 0  Max: 3  Default: 0

Gurobi 7.0.2 (win64) logging started 03/16/17 17:40:42

Parameter logfile unchanged
   Value: qr_0.log  Default: 
Parameter mipgap unchanged
   Value: 0.001  Min: 0.0  Max: 1e+100  Default: 0.0001
Parameter presolve unchanged
   Value: 2  Min: -1  Max: 2  Default: -1
Parameter timelimit unchanged
   Value: 80.0  Min: 0.0  Max: 1e+100  Default: 1e+100
Parameter threads unchanged
   Value: 4  Min: 0  Max: 1024  Default: 0
Optimize a model with 210595 rows, 51876 columns and 687963 nonzeros
Variable types: 14348 continuous, 37528 integer (37504 binary)
Coefficient statistics:
  Matrix range     [6e-01, 2e+04]
  Objective range  [1e+00, 1e+00]
  Bounds range     [1e+00, 1e+04]
  RHS range        [1e+00, 6e+04]
Found heuristic solution: objective 17
Presolve removed 210431 rows and 51742 columns
Presolve time: 0.19s
Presolved: 164 rows, 134 columns, 477 nonzeros

MIP start did not produce a new incumbent solution

Variable types: 54 continuous, 80 integer (74 binary)
Presolve removed 17 rows and 18 columns
Presolved: 147 rows, 116 columns, 408 nonzeros


Root relaxation: objective 7.743587e-01, 63 iterations, 0.00 seconds

    Nodes    |    Current Node    |     Objective Bounds      |     Work
 Expl Unexpl |  Obj  Depth IntInf | Incumbent    BestBd   Gap | It/Node Time

     0     0    0.77436    0   21   17.00000    0.77436  95.4%     -    0s
H    0     0                       7.0000000    0.77436  88.9%     -    0s
H    0     0                       6.0000000    0.77436  87.1%     -    0s
H    0     0                       3.0000000    0.77436  74.2%     -    0s
     0     0    1.18102    0    6    3.00000    1.18102  60.6%     -    0s
H    0     0                       2.0000000    1.18102  40.9%     -    0s

Cutting planes:
  Gomory: 6
  Cover: 8
  Implied bound: 6
  Clique: 1
  MIR: 1
  Flow cover: 10

Explored 0 nodes (85 simplex iterations) in 0.39 seconds
Thread count was 4 (of 4 available processors)

Solution count 5: 2 3 6 ... 17
Pool objective bound 2

Optimal solution found (tolerance 1.00e-03)
Best objective 2.000000000000e+00, best bound 2.000000000000e+00, gap 0.0000%

#######################################
TR: iteration 1 at stage 3
Added demands: [6, 15, 9, 16, 17, 0, 1, 5, 7, 14, 18]
Fixed demands: [19, 8, 13, 11, 12, 3, 10, 2, 4]
Parameter mipfocus unchanged
   Value: 1  Min: 0  Max: 3  Default: 0

Gurobi 7.0.2 (win64) logging started 03/16/17 17:40:42

Parameter logfile unchanged
   Value: qr_0.log  Default: 
Parameter mipgap unchanged
   Value: 0.001  Min: 0.0  Max: 1e+100  Default: 0.0001
Parameter presolve unchanged
   Value: 2  Min: -1  Max: 2  Default: -1
Parameter timelimit unchanged
   Value: 80.0  Min: 0.0  Max: 1e+100  Default: 1e+100
Parameter threads unchanged
   Value: 4  Min: 0  Max: 1024  Default: 0
Optimize a model with 79309 rows, 7070 columns and 362317 nonzeros
Variable types: 3942 continuous, 3128 integer (3104 binary)
Coefficient statistics:
  Matrix range     [1e+00, 2e+04]
  Objective range  [1e+00, 1e+00]
  Bounds range     [1e+00, 1e+04]
  RHS range        [1e+00, 6e+04]
Presolve removed 62813 rows and 3469 columns
Presolve time: 0.31s
Presolved: 16496 rows, 3601 columns, 68977 nonzeros

Loaded MIP start with objective 2

Variable types: 2190 continuous, 1411 integer (1409 binary)
Presolve removed 917 rows and 303 columns

Root relaxation: infeasible, 0 iterations, 0.00 seconds

Explored 0 nodes (0 simplex iterations) in 0.80 seconds
Thread count was 4 (of 4 available processors)

Solution count 1: 2 
Pool objective bound 2

Optimal solution found (tolerance 1.00e-03)
Best objective 2.000000000000e+00, best bound 2.000000000000e+00, gap 0.0000%

#######################################
GN: iteration 1 at stage 3
Added demands: [6, 15, 9, 16, 17, 0, 1, 5, 7, 14, 18]
Fixed demands: [19, 8, 13, 11, 12, 3, 10, 2, 4]
Parameter mipfocus unchanged
   Value: 1  Min: 0  Max: 3  Default: 0

Gurobi 7.0.2 (win64) logging started 03/16/17 17:40:43

Parameter logfile unchanged
   Value: qr_0.log  Default: 
Parameter mipgap unchanged
   Value: 0.001  Min: 0.0  Max: 1e+100  Default: 0.0001
Parameter presolve unchanged
   Value: 2  Min: -1  Max: 2  Default: -1
Parameter timelimit unchanged
   Value: 80.0  Min: 0.0  Max: 1e+100  Default: 1e+100
Parameter threads unchanged
   Value: 4  Min: 0  Max: 1024  Default: 0
Optimize a model with 210595 rows, 51876 columns and 687963 nonzeros
Variable types: 14348 continuous, 37528 integer (37504 binary)
Coefficient statistics:
  Matrix range     [6e-01, 2e+04]
  Objective range  [1e+00, 1e+00]
  Bounds range     [1e+00, 1e+04]
  RHS range        [1e+00, 6e+04]
Presolve removed 175977 rows and 41585 columns
Presolve time: 2.14s
Presolved: 34618 rows, 10291 columns, 121074 nonzeros

Loaded MIP start with objective 2

Variable types: 4118 continuous, 6173 integer (6173 binary)
Presolve removed 1905 rows and 946 columns
Presolved: 32713 rows, 9345 columns, 116049 nonzeros


Root relaxation: objective 1.325340e-01, 2001 iterations, 0.39 seconds
Total elapsed time = 5.41s

    Nodes    |    Current Node    |     Objective Bounds      |     Work
 Expl Unexpl |  Obj  Depth IntInf | Incumbent    BestBd   Gap | It/Node Time

     0     0    0.13253    0  167    2.00000    0.13253  93.4%     -    6s
     0     0          -    0         2.00000    0.13253  93.4%     -   80s

Cutting planes:
  Gomory: 4
  Cover: 4
  Implied bound: 15
  Clique: 3
  MIR: 21
  Flow cover: 33

Explored 0 nodes (51878 simplex iterations) in 80.05 seconds
Thread count was 4 (of 4 available processors)

Solution count 1: 2 
Pool objective bound 1

Time limit reached
Best objective 2.000000000000e+00, best bound 1.000000000000e+00, gap 50.0000%

#######################################
TR: iteration 0 at stage 4
Added demands: [13, 14, 15, 16, 17, 18, 19, 20, 21, 22, 23, 24]
Fixed demands: [0, 1, 2, 3, 4, 5, 6, 7, 8, 9, 10, 11, 12]

Gurobi 7.0.2 (win64) logging started 03/16/17 17:42:44

Changed value of parameter logfile to qr_0.log
   Prev: gurobi.log  Default: 
Changed value of parameter mipgap to 0.001
   Prev: 0.0001  Min: 0.0  Max: 1e+100  Default: 0.0001
Changed value of parameter presolve to 2
   Prev: -1  Min: -1  Max: 2  Default: -1
Changed value of parameter timelimit to 126.99208415745595
   Prev: 1e+100  Min: 0.0  Max: 1e+100  Default: 1e+100
Changed value of parameter threads to 4
   Prev: 0  Min: 0  Max: 1024  Default: 0
Optimize a model with 120749 rows, 8950 columns and 560622 nonzeros
Variable types: 4927 continuous, 4023 integer (3999 binary)
Coefficient statistics:
  Matrix range     [1e+00, 2e+04]
  Objective range  [1e+00, 1e+00]
  Bounds range     [1e+00, 1e+04]
  RHS range        [1e+00, 6e+04]
Presolve removed 101098 rows and 4949 columns
Presolve time: 0.48s
Presolved: 19651 rows, 4001 columns, 81825 nonzeros
Variable types: 2394 continuous, 1607 integer (1602 binary)
Found heuristic solution: objective 7.0000000
Presolve removed 12 rows and 0 columns
Presolved: 19639 rows, 4001 columns, 81777 nonzeros


Root relaxation: objective 1.000000e+00, 705 iterations, 0.11 seconds

    Nodes    |    Current Node    |     Objective Bounds      |     Work
 Expl Unexpl |  Obj  Depth IntInf | Incumbent    BestBd   Gap | It/Node Time

     0     0    1.00000    0   57    7.00000    1.00000  85.7%     -    1s
H    0     0                       6.0000000    1.00000  83.3%     -    1s
     0     0    1.00000    0   85    6.00000    1.00000  83.3%     -    1s
     0     0    1.00000    0   85    6.00000    1.00000  83.3%     -    1s
H    0     0                       5.0000000    1.00000  80.0%     -    2s
     0     0    1.00000    0   73    5.00000    1.00000  80.0%     -    2s
     0     0    1.00000    0   74    5.00000    1.00000  80.0%     -    2s
     0     0    1.00000    0   83    5.00000    1.00000  80.0%     -    2s
H    0     0                       4.0000000    1.00000  75.0%     -    2s
     0     0    1.00000    0   83    4.00000    1.00000  75.0%     -    2s
     0     0    1.00000    0   87    4.00000    1.00000  75.0%     -    3s
     0     0    1.00000    0   38    4.00000    1.00000  75.0%     -    3s
H    0     0                       2.0000000    1.00000  50.0%     -    3s
     0     2    1.00000    0   36    2.00000    1.00000  50.0%     -    4s
     4     4    1.00000    1   94    2.00000    1.00000  50.0%   325    7s
    10     8    1.00000    1  103    2.00000    1.00000  50.0%   130   10s
   831   110    1.00000   20   70    2.00000    1.00000  50.0%  47.9   15s
  2781   299    1.00000   30   53    2.00000    1.00000  50.0%  27.5   20s
  5106   411 infeasible   38         2.00000    1.00000  50.0%  23.4   25s
  7361   463 infeasible   27         2.00000    1.00000  50.0%  22.3   30s
  9225   482 infeasible   28         2.00000    1.00000  50.0%  21.6   35s
 11513   586 infeasible   26         2.00000    1.00000  50.0%  21.5   40s
 13148   580 infeasible   33         2.00000    1.00000  50.0%  21.9   45s
 15235   576 infeasible   40         2.00000    1.00000  50.0%  21.9   50s
 17114   577 infeasible   40         2.00000    1.00000  50.0%  21.5   55s
 19195   582    1.00000   30   56    2.00000    1.00000  50.0%  21.5   60s
 20541   492 infeasible   33         2.00000    1.00000  50.0%  21.7   65s
 22281   596    1.00000   28   42    2.00000    1.00000  50.0%  21.7   70s
 23953   620    1.00000   28   42    2.00000    1.00000  50.0%  21.9   75s
 25720   636 infeasible   33         2.00000    1.00000  50.0%  22.0   80s
 27387   629 infeasible   30         2.00000    1.00000  50.0%  22.3   85s
 29199   582 infeasible   28         2.00000    1.00000  50.0%  22.3   90s
 31157   646    1.00000   33   69    2.00000    1.00000  50.0%  22.3   95s
 33183   681 infeasible   41         2.00000    1.00000  50.0%  22.3  101s
 34651   681 infeasible   20         2.00000    1.00000  50.0%  22.3  105s
 36113   717 infeasible   29         2.00000    1.00000  50.0%  22.3  110s
 37873   690    1.00000   32   63    2.00000    1.00000  50.0%  22.4  116s
 39183   648 infeasible   34         2.00000    1.00000  50.0%  22.4  120s
 40641   646 infeasible   32         2.00000    1.00000  50.0%  22.4  125s

Cutting planes:
  Gomory: 8
  Implied bound: 4
  MIR: 28
  Flow cover: 124
  Inf proof: 4

Explored 41565 nodes (942562 simplex iterations) in 127.13 seconds
Thread count was 4 (of 4 available processors)

Solution count 5: 2 4 5 ... 7
Pool objective bound 1

Time limit reached
Best objective 2.000000000000e+00, best bound 1.000000000000e+00, gap 50.0000%

#######################################
GN: iteration 0 at stage 4
Added demands: [13, 14, 15, 16, 17, 18, 19, 20, 21, 22, 23, 24]
Fixed demands: [0, 1, 2, 3, 4, 5, 6, 7, 8, 9, 10, 11, 12]

Gurobi 7.0.2 (win64) logging started 03/16/17 17:44:51

Changed value of parameter logfile to qr_0.log
   Prev: gurobi.log  Default: 
Changed value of parameter mipgap to 0.001
   Prev: 0.0001  Min: 0.0  Max: 1e+100  Default: 0.0001
Changed value of parameter presolve to 2
   Prev: -1  Min: -1  Max: 2  Default: -1
Changed value of parameter timelimit to 126.99208415745595
   Prev: 1e+100  Min: 0.0  Max: 1e+100  Default: 1e+100
Changed value of parameter threads to 4
   Prev: 0  Min: 0  Max: 1024  Default: 0
Optimize a model with 317085 rows, 75686 columns and 1053658 nonzeros
Variable types: 17913 continuous, 57773 integer (57749 binary)
Coefficient statistics:
  Matrix range     [6e-01, 2e+04]
  Objective range  [1e+00, 1e+00]
  Bounds range     [1e+00, 1e+04]
  RHS range        [1e+00, 6e+04]
Presolve removed 276010 rows and 63831 columns
Presolve time: 2.81s
Presolved: 41075 rows, 11855 columns, 145060 nonzeros
Variable types: 4533 continuous, 7322 integer (7322 binary)
Presolve removed 2068 rows and 1028 columns
Presolved: 39007 rows, 10827 columns, 139512 nonzeros


Root simplex log...

Iteration    Objective       Primal Inf.    Dual Inf.      Time
    3355    5.0875178e-01   0.000000e+00   3.223214e-02      5s
    5488    5.0844844e-01   0.000000e+00   0.000000e+00      7s
    5488    5.0844844e-01   0.000000e+00   0.000000e+00      7s

Root relaxation: objective 5.084484e-01, 5488 iterations, 2.96 seconds

    Nodes    |    Current Node    |     Objective Bounds      |     Work
 Expl Unexpl |  Obj  Depth IntInf | Incumbent    BestBd   Gap | It/Node Time

     0     0    0.50845    0  409          -    0.50845      -     -    7s

Cutting planes:
  Cover: 6
  Implied bound: 8
  Clique: 1
  MIR: 49
  Flow cover: 84
  Zero half: 48

Explored 0 nodes (9203 simplex iterations) in 127.03 seconds
Thread count was 4 (of 4 available processors)

Solution count 0
Pool objective bound 1

Time limit reached
Best objective -, best bound 1.000000000000e+00, gap -
Parameter mipfocus unchanged
   Value: 1  Min: 0  Max: 3  Default: 0

Gurobi 7.0.2 (win64) logging started 03/16/17 17:46:58

Parameter logfile unchanged
   Value: qr_0.log  Default: 
Parameter mipgap unchanged
   Value: 0.001  Min: 0.0  Max: 1e+100  Default: 0.0001
Parameter presolve unchanged
   Value: 2  Min: -1  Max: 2  Default: -1
Parameter timelimit unchanged
   Value: 126.99208415745595  Min: 0.0  Max: 1e+100  Default: 1e+100
Parameter threads unchanged
   Value: 4  Min: 0  Max: 1024  Default: 0
Optimize a model with 317085 rows, 75686 columns and 1053658 nonzeros
Variable types: 17913 continuous, 57773 integer (57749 binary)
Coefficient statistics:
  Matrix range     [6e-01, 2e+04]
  Objective range  [1e+00, 1e+00]
  Bounds range     [1e+00, 1e+04]
  RHS range        [1e+00, 6e+04]
Presolved: 41075 rows, 11855 columns, 145060 nonzeros

Continuing optimization...


Cutting planes:
  Cover: 6
  Implied bound: 8
  Clique: 1
  MIR: 49
  Flow cover: 84
  Zero half: 48

Explored 0 nodes (9203 simplex iterations) in 127.00 seconds
Thread count was 4 (of 4 available processors)

Solution count 0
Pool objective bound 1

Time limit reached
Best objective -, best bound 1.000000000000e+00, gap -

#######################################
I AM CHEATING!!! at stage 4
Parameter mipfocus unchanged
   Value: 1  Min: 0  Max: 3  Default: 0

Gurobi 7.0.2 (win64) logging started 03/16/17 17:49:05

Parameter logfile unchanged
   Value: qr_0.log  Default: 
Parameter mipgap unchanged
   Value: 0.001  Min: 0.0  Max: 1e+100  Default: 0.0001
Parameter presolve unchanged
   Value: 2  Min: -1  Max: 2  Default: -1
Parameter timelimit unchanged
   Value: 126.99208415745595  Min: 0.0  Max: 1e+100  Default: 1e+100
Parameter threads unchanged
   Value: 4  Min: 0  Max: 1024  Default: 0
Optimize a model with 317085 rows, 75686 columns and 1053658 nonzeros
Variable types: 17913 continuous, 57773 integer (57749 binary)
Coefficient statistics:
  Matrix range     [6e-01, 2e+04]
  Objective range  [1e+00, 1e+00]
  Bounds range     [1e+00, 1e+04]
  RHS range        [1e+00, 6e+04]
Found heuristic solution: objective 19
Presolve removed 316899 rows and 75531 columns
Presolve time: 0.30s
Presolved: 186 rows, 155 columns, 538 nonzeros
Variable types: 63 continuous, 92 integer (82 binary)
Presolve removed 23 rows and 23 columns
Presolved: 163 rows, 132 columns, 452 nonzeros


Root relaxation: objective 8.262141e-01, 69 iterations, 0.00 seconds

    Nodes    |    Current Node    |     Objective Bounds      |     Work
 Expl Unexpl |  Obj  Depth IntInf | Incumbent    BestBd   Gap | It/Node Time

     0     0    0.82621    0   22   19.00000    0.82621  95.7%     -    0s
H    0     0                       6.0000000    0.82621  86.2%     -    0s
H    0     0                       3.0000000    0.82621  72.5%     -    0s
     0     0    1.19429    0    6    3.00000    1.19429  60.2%     -    0s
H    0     0                       2.0000000    1.19429  40.3%     -    0s

Cutting planes:
  Gomory: 6
  Cover: 8
  Implied bound: 7
  Clique: 1
  Flow cover: 10

Explored 0 nodes (99 simplex iterations) in 0.53 seconds
Thread count was 4 (of 4 available processors)

Solution count 4: 2 3 6 19 
Pool objective bound 2

Optimal solution found (tolerance 1.00e-03)
Best objective 2.000000000000e+00, best bound 2.000000000000e+00, gap 0.0000%

#######################################
TR: iteration 1 at stage 4
Added demands: [24, 18, 22, 19, 2, 23, 7, 9, 8, 15, 1, 16, 11]
Fixed demands: [10, 6, 13, 17, 5, 14, 4, 12, 21, 3, 0, 20]
Parameter mipfocus unchanged
   Value: 1  Min: 0  Max: 3  Default: 0

Gurobi 7.0.2 (win64) logging started 03/16/17 17:49:06

Parameter logfile unchanged
   Value: qr_0.log  Default: 
Parameter mipgap unchanged
   Value: 0.001  Min: 0.0  Max: 1e+100  Default: 0.0001
Parameter presolve unchanged
   Value: 2  Min: -1  Max: 2  Default: -1
Parameter timelimit unchanged
   Value: 126.99208415745595  Min: 0.0  Max: 1e+100  Default: 1e+100
Parameter threads unchanged
   Value: 4  Min: 0  Max: 1024  Default: 0
Optimize a model with 120749 rows, 8950 columns and 560622 nonzeros
Variable types: 4927 continuous, 4023 integer (3999 binary)
Coefficient statistics:
  Matrix range     [1e+00, 2e+04]
  Objective range  [1e+00, 1e+00]
  Bounds range     [1e+00, 1e+04]
  RHS range        [1e+00, 6e+04]
Presolve removed 98789 rows and 4649 columns
Presolve time: 0.48s
Presolved: 21960 rows, 4301 columns, 92579 nonzeros

Loaded MIP start with objective 2

Variable types: 2586 continuous, 1715 integer (1712 binary)
Presolve removed 191 rows and 219 columns

Root relaxation: infeasible, 0 iterations, 0.02 seconds

Explored 0 nodes (0 simplex iterations) in 1.17 seconds
Thread count was 4 (of 4 available processors)

Solution count 1: 2 
Pool objective bound 2

Optimal solution found (tolerance 1.00e-03)
Best objective 2.000000000000e+00, best bound 2.000000000000e+00, gap 0.0000%

#######################################
GN: iteration 1 at stage 4
Added demands: [24, 18, 22, 19, 2, 23, 7, 9, 8, 15, 1, 16, 11]
Fixed demands: [10, 6, 13, 17, 5, 14, 4, 12, 21, 3, 0, 20]
Parameter mipfocus unchanged
   Value: 1  Min: 0  Max: 3  Default: 0

Gurobi 7.0.2 (win64) logging started 03/16/17 17:49:07

Parameter logfile unchanged
   Value: qr_0.log  Default: 
Parameter mipgap unchanged
   Value: 0.001  Min: 0.0  Max: 1e+100  Default: 0.0001
Parameter presolve unchanged
   Value: 2  Min: -1  Max: 2  Default: -1
Parameter timelimit unchanged
   Value: 126.99208415745595  Min: 0.0  Max: 1e+100  Default: 1e+100
Parameter threads unchanged
   Value: 4  Min: 0  Max: 1024  Default: 0
Optimize a model with 317085 rows, 75686 columns and 1053658 nonzeros
Variable types: 17913 continuous, 57773 integer (57749 binary)
Coefficient statistics:
  Matrix range     [6e-01, 2e+04]
  Objective range  [1e+00, 1e+00]
  Bounds range     [1e+00, 1e+04]
  RHS range        [1e+00, 6e+04]
Presolve removed 270334 rows and 62351 columns
Presolve time: 3.39s
Presolved: 46751 rows, 13335 columns, 165478 nonzeros

Loaded MIP start with objective 2

Variable types: 4871 continuous, 8464 integer (8464 binary)
Presolve removed 2242 rows and 1114 columns
Presolved: 44509 rows, 12221 columns, 159506 nonzeros


Root simplex log...

Iteration    Objective       Primal Inf.    Dual Inf.      Time
     828    1.4173245e-01   5.365439e+03   0.000000e+00      5s
   10619    2.4672581e-01   0.000000e+00   0.000000e+00     10s
   10619    2.4672581e-01   0.000000e+00   0.000000e+00     10s

Root relaxation: objective 2.467258e-01, 10619 iterations, 5.01 seconds
Total elapsed time = 11.08s

    Nodes    |    Current Node    |     Objective Bounds      |     Work
 Expl Unexpl |  Obj  Depth IntInf | Incumbent    BestBd   Gap | It/Node Time

     0     0    0.24673    0  576    2.00000    0.24673  87.7%     -   12s
     0     0          -    0         2.00000    0.24673  87.7%     -  126s

Cutting planes:
  Cover: 4
  Implied bound: 19
  Clique: 3
  MIR: 125
  StrongCG: 1
  Flow cover: 108
  Zero half: 32

Explored 0 nodes (50678 simplex iterations) in 127.06 seconds
Thread count was 4 (of 4 available processors)

Solution count 1: 2 
Pool objective bound 1

Time limit reached
Best objective 2.000000000000e+00, best bound 1.000000000000e+00, gap 50.0000%

#######################################
TR: iteration 0 at stage 5
Added demands: [15, 16, 17, 18, 19, 20, 21, 22, 23, 24, 25, 26, 27, 28, 29]
Fixed demands: [0, 1, 2, 3, 4, 5, 6, 7, 8, 9, 10, 11, 12, 13, 14]

Gurobi 7.0.2 (win64) logging started 03/16/17 17:52:11

Changed value of parameter logfile to qr_0.log
   Prev: gurobi.log  Default: 
Changed value of parameter mipgap to 0.001
   Prev: 0.0001  Min: 0.0  Max: 1e+100  Default: 0.0001
Changed value of parameter presolve to 2
   Prev: -1  Min: -1  Max: 2  Default: -1
Changed value of parameter timelimit to 201.58736798317972
   Prev: 1e+100  Min: 0.0  Max: 1e+100  Default: 1e+100
Changed value of parameter threads to 4
   Prev: 0  Min: 0  Max: 1024  Default: 0
Optimize a model with 170839 rows, 10880 columns and 802027 nonzeros
Variable types: 5912 continuous, 4968 integer (4944 binary)
Coefficient statistics:
  Matrix range     [1e+00, 2e+04]
  Objective range  [1e+00, 1e+00]
  Bounds range     [1e+00, 1e+04]
  RHS range        [1e+00, 6e+04]
Presolve removed 142272 rows and 5842 columns
Presolve time: 0.72s
Presolved: 28567 rows, 5038 columns, 122189 nonzeros
Variable types: 2989 continuous, 2049 integer (2044 binary)
Found heuristic solution: objective 11.0000000
Presolve removed 0 rows and 15 columns
Presolved: 5038 rows, 33590 columns, 127167 nonzeros


Root simplex log...

Iteration    Objective       Primal Inf.    Dual Inf.      Time
   20086    6.5678166e+00   1.690110e+02   0.000000e+00      5s
   21326    1.0000000e+00   0.000000e+00   0.000000e+00      6s
   21326    1.0000000e+00   0.000000e+00   0.000000e+00      6s
   21326    1.0000000e+00   0.000000e+00   0.000000e+00      6s

Root relaxation: objective 1.000000e+00, 21326 iterations, 4.70 seconds

    Nodes    |    Current Node    |     Objective Bounds      |     Work
 Expl Unexpl |  Obj  Depth IntInf | Incumbent    BestBd   Gap | It/Node Time

     0     0    1.00000    0  121   11.00000    1.00000  90.9%     -    9s
H    0     0                       8.0000000    1.00000  87.5%     -    9s
     0     0    1.00000    0  219    8.00000    1.00000  87.5%     -   10s
     0     0    1.00000    0  213    8.00000    1.00000  87.5%     -   10s
     0     0    1.00000    0  194    8.00000    1.00000  87.5%     -   11s
H    0     0                       7.0000000    1.00000  85.7%     -   11s
     0     0    1.00000    0  188    7.00000    1.00000  85.7%     -   11s
     0     0    1.00000    0  157    7.00000    1.00000  85.7%     -   11s
     0     0    1.00000    0  162    7.00000    1.00000  85.7%     -   12s
     0     0    1.00000    0  141    7.00000    1.00000  85.7%     -   12s
     0     0    1.00000    0  147    7.00000    1.00000  85.7%     -   12s
H    0     0                       6.0000000    1.00000  83.3%     -   12s
     0     0    1.00000    0   70    6.00000    1.00000  83.3%     -   13s
     0     2    1.00000    0   70    6.00000    1.00000  83.3%     -   15s
H   89    87                       4.0000000    1.00000  75.0%  42.0   18s
   136   130    1.00000   36  126    4.00000    1.00000  75.0%  33.2   20s
H  261   169                       3.0000000    1.00000  66.7%  24.4   20s
H  832   219                       2.0000000    1.00000  50.0%  19.6   24s
   917   210    1.00000   22   70    2.00000    1.00000  50.0%  19.3   25s
   921   213    1.00000    5  175    2.00000    1.00000  50.0%  19.2   30s
   925   215    1.00000   10  137    2.00000    1.00000  50.0%  19.1   35s
  1262   239    1.00000   25   86    2.00000    1.00000  50.0%  28.4   40s
  2551   575    1.00000   40   79    2.00000    1.00000  50.0%  28.6   45s
  3370   730    1.00000   37  111    2.00000    1.00000  50.0%  32.5   50s
  4158   829 infeasible   40         2.00000    1.00000  50.0%  35.5   55s
  5459   967    1.00000   35   96    2.00000    1.00000  50.0%  34.3   60s
  6546  1025    1.00000   80   51    2.00000    1.00000  50.0%  33.3   65s
  7693  1068    1.00000   36   99    2.00000    1.00000  50.0%  34.3   71s
  8416  1216 infeasible   44         2.00000    1.00000  50.0%  37.6   75s
  9280  1326 infeasible   73         2.00000    1.00000  50.0%  38.7   81s
  9783  1342    1.00000   41   87    2.00000    1.00000  50.0%  40.6   85s
 10783  1458 infeasible   35         2.00000    1.00000  50.0%  41.5   91s
 11574  1519 infeasible   48         2.00000    1.00000  50.0%  41.1   95s
 12471  1559 infeasible   43         2.00000    1.00000  50.0%  42.9  102s
 13205  1631 infeasible   77         2.00000    1.00000  50.0%  42.6  105s
 13836  1599 infeasible   47         2.00000    1.00000  50.0%  43.1  110s
 14739  1605 infeasible   47         2.00000    1.00000  50.0%  43.9  116s
 15411  1608 infeasible   51         2.00000    1.00000  50.0%  43.9  120s
 16359  1595 infeasible   43         2.00000    1.00000  50.0%  44.0  126s
 17054  1620    1.00000   37   61    2.00000    1.00000  50.0%  44.1  130s
 18038  1626 infeasible   53         2.00000    1.00000  50.0%  44.0  136s
 18551  1567 infeasible   33         2.00000    1.00000  50.0%  44.0  140s
 19512  1663 infeasible   44         2.00000    1.00000  50.0%  44.8  146s
 20155  1669 infeasible   49         2.00000    1.00000  50.0%  44.5  150s
 21181  1663 infeasible   49         2.00000    1.00000  50.0%  44.0  156s
 21863  1756 infeasible   64         2.00000    1.00000  50.0%  44.5  161s
 22599  1812 infeasible   33         2.00000    1.00000  50.0%  44.9  165s
 23402  1729    1.00000   25   62    2.00000    1.00000  50.0%  45.0  170s
 24218  1697    1.00000   43   55    2.00000    1.00000  50.0%  45.6  177s
 24813  1678    1.00000   45   60    2.00000    1.00000  50.0%  46.2  181s
 25335  1667 infeasible   35         2.00000    1.00000  50.0%  46.8  185s
 25783  1636 infeasible   46         2.00000    1.00000  50.0%  47.6  190s
 27002  1852 infeasible   58         2.00000    1.00000  50.0%  47.1  196s
 27641  1836 infeasible   51         2.00000    1.00000  50.0%  47.3  200s

Cutting planes:
  Gomory: 22
  Cover: 1
  Implied bound: 7
  MIR: 160
  Flow cover: 323
  Inf proof: 10

Explored 28154 nodes (1395746 simplex iterations) in 201.66 seconds
Thread count was 4 (of 4 available processors)

Solution count 7: 2 3 4 ... 11
Pool objective bound 1

Time limit reached
Best objective 2.000000000000e+00, best bound 1.000000000000e+00, gap 50.0000%

#######################################
GN: iteration 0 at stage 5
Added demands: [15, 16, 17, 18, 19, 20, 21, 22, 23, 24, 25, 26, 27, 28, 29]
Fixed demands: [0, 1, 2, 3, 4, 5, 6, 7, 8, 9, 10, 11, 12, 13, 14]

Gurobi 7.0.2 (win64) logging started 03/16/17 17:55:32

Changed value of parameter logfile to qr_0.log
   Prev: gurobi.log  Default: 
Changed value of parameter mipgap to 0.001
   Prev: 0.0001  Min: 0.0  Max: 1e+100  Default: 0.0001
Changed value of parameter presolve to 2
   Prev: -1  Min: -1  Max: 2  Default: -1
Changed value of parameter timelimit to 201.58736798317972
   Prev: 1e+100  Min: 0.0  Max: 1e+100  Default: 1e+100
Changed value of parameter threads to 4
   Prev: 0  Min: 0  Max: 1024  Default: 0
Optimize a model with 445125 rows, 103846 columns and 1496853 nonzeros
Variable types: 21478 continuous, 82368 integer (82344 binary)
Coefficient statistics:
  Matrix range     [5e-01, 2e+04]
  Objective range  [1e+00, 1e+00]
  Bounds range     [1e+00, 1e+04]
  RHS range        [1e+00, 6e+04]
Presolve removed 383995 rows and 87072 columns
Presolve time: 4.80s
Presolved: 61130 rows, 16774 columns, 218657 nonzeros
Variable types: 5648 continuous, 11126 integer (11126 binary)
Found heuristic solution: objective 13.0000000
Presolve removed 2583 rows and 1284 columns
Presolved: 58547 rows, 15490 columns, 211728 nonzeros


Root simplex log...

Iteration    Objective       Primal Inf.    Dual Inf.      Time
       0    0.0000000e+00   4.977363e+02   0.000000e+00      7s
    5043    4.3017409e-01   7.713247e+03   0.000000e+00     10s
    9383    4.3633368e-01   1.058956e+04   0.000000e+00     15s
   13163    4.4160832e-01   2.716138e+04   0.000000e+00     20s
   16663    4.4799163e-01   4.176735e+04   0.000000e+00     25s
   19743    4.5399322e-01   4.452490e+04   0.000000e+00     30s
   22823    4.6108806e-01   7.739182e+05   0.000000e+00     35s
   25623    4.6653589e-01   1.438186e+05   0.000000e+00     40s
   28423    4.7307809e-01   5.113523e+04   0.000000e+00     45s
   31223    4.7977003e-01   3.849498e+04   0.000000e+00     50s
   33883    4.8579759e-01   1.333233e+05   0.000000e+00     55s
   36543    4.9092804e-01   1.595041e+05   0.000000e+00     60s
   39203    4.9545502e-01   2.745753e+05   0.000000e+00     65s
   41583    4.9949276e-01   1.151376e+05   0.000000e+00     70s
   44243    5.0354821e-01   3.173574e+05   0.000000e+00     75s
   46763    5.0822294e-01   2.779202e+05   0.000000e+00     80s
   49283    5.1322146e-01   3.884772e+05   0.000000e+00     85s
   51803    5.1808883e-01   1.117542e+05   0.000000e+00     90s
   54183    5.2238521e-01   8.836132e+05   0.000000e+00     95s
   56703    5.2674926e-01   1.241123e+07   0.000000e+00    100s
   59223    5.3059496e-01   6.997898e+04   0.000000e+00    105s
   61743    5.3695231e-01   4.603268e+05   0.000000e+00    110s
   64123    5.4138152e-01   1.546692e+04   0.000000e+00    115s
   66643    5.4507788e-01   1.990426e+06   0.000000e+00    120s
   69023    5.4831725e-01   1.463928e+05   0.000000e+00    125s
   71403    5.5189845e-01   4.300070e+03   0.000000e+00    130s
   73783    5.5644021e-01   6.052762e+05   0.000000e+00    135s
   76163    5.6078447e-01   3.247917e+04   0.000000e+00    140s
   78543    5.6541518e-01   3.312582e+04   0.000000e+00    145s
   80923    5.6890177e-01   2.202549e+04   0.000000e+00    150s
   83443    5.7241355e-01   8.832763e+04   0.000000e+00    155s
   85823    5.7537412e-01   4.208956e+03   0.000000e+00    160s
   88203    5.7909749e-01   4.017270e+04   0.000000e+00    165s
   90723    5.8193416e-01   3.877634e+04   0.000000e+00    170s
   93243    5.9679789e-01   8.884170e+04   0.000000e+00    175s
   95623    6.0199797e-01   5.893596e+05   0.000000e+00    180s
   98003    6.0527937e-01   9.361546e+03   0.000000e+00    185s
  100383    6.1117100e-01   1.936000e+05   0.000000e+00    190s
  102763    6.1414944e-01   1.742267e+04   0.000000e+00    195s
  105143    6.1947526e-01   3.790289e+05   0.000000e+00    200s

Root relaxation: time limit, 105721 iterations, 194.59 seconds

    Nodes    |    Current Node    |     Objective Bounds      |     Work
 Expl Unexpl |  Obj  Depth IntInf | Incumbent    BestBd   Gap | It/Node Time

     0     0          -    0        13.00000          -      -     -  201s

Explored 0 nodes (105721 simplex iterations) in 206.75 seconds
Thread count was 4 (of 4 available processors)

Solution count 1: 13 

Time limit reached
Best objective 1.300000000000e+01, best bound -, gap -
Parameter mipfocus unchanged
   Value: 1  Min: 0  Max: 3  Default: 0

Gurobi 7.0.2 (win64) logging started 03/16/17 17:58:59

Parameter logfile unchanged
   Value: qr_0.log  Default: 
Parameter mipgap unchanged
   Value: 0.001  Min: 0.0  Max: 1e+100  Default: 0.0001
Parameter presolve unchanged
   Value: 2  Min: -1  Max: 2  Default: -1
Parameter timelimit unchanged
   Value: 201.58736798317972  Min: 0.0  Max: 1e+100  Default: 1e+100
Parameter threads unchanged
   Value: 4  Min: 0  Max: 1024  Default: 0
Optimize a model with 445125 rows, 103846 columns and 1496853 nonzeros
Variable types: 21478 continuous, 82368 integer (82344 binary)
Coefficient statistics:
  Matrix range     [5e-01, 2e+04]
  Objective range  [1e+00, 1e+00]
  Bounds range     [1e+00, 1e+04]
  RHS range        [1e+00, 6e+04]
Presolved: 61130 rows, 16774 columns, 218657 nonzeros

Continuing optimization...


Explored 0 nodes (105721 simplex iterations) in 201.63 seconds
Thread count was 4 (of 4 available processors)

Solution count 1: 13 

Time limit reached
Best objective 1.300000000000e+01, best bound -, gap -

#######################################
I AM CHEATING!!! at stage 5
Parameter mipfocus unchanged
   Value: 1  Min: 0  Max: 3  Default: 0

Gurobi 7.0.2 (win64) logging started 03/16/17 18:02:21

Parameter logfile unchanged
   Value: qr_0.log  Default: 
Parameter mipgap unchanged
   Value: 0.001  Min: 0.0  Max: 1e+100  Default: 0.0001
Parameter presolve unchanged
   Value: 2  Min: -1  Max: 2  Default: -1
Parameter timelimit unchanged
   Value: 201.58736798317972  Min: 0.0  Max: 1e+100  Default: 1e+100
Parameter threads unchanged
   Value: 4  Min: 0  Max: 1024  Default: 0
Optimize a model with 445125 rows, 103846 columns and 1496853 nonzeros
Variable types: 21478 continuous, 82368 integer (82344 binary)
Coefficient statistics:
  Matrix range     [5e-01, 2e+04]
  Objective range  [1e+00, 1e+00]
  Bounds range     [1e+00, 1e+04]
  RHS range        [1e+00, 6e+04]
Found heuristic solution: objective 21
Presolve removed 444929 rows and 103685 columns
Presolve time: 0.41s
Presolved: 196 rows, 161 columns, 570 nonzeros

MIP start did not produce a new incumbent solution

Variable types: 66 continuous, 95 integer (86 binary)
Presolve removed 22 rows and 22 columns
Presolved: 174 rows, 139 columns, 481 nonzeros


Root relaxation: objective 8.885002e-01, 78 iterations, 0.00 seconds

    Nodes    |    Current Node    |     Objective Bounds      |     Work
 Expl Unexpl |  Obj  Depth IntInf | Incumbent    BestBd   Gap | It/Node Time

     0     0    0.88850    0   27   21.00000    0.88850  95.8%     -    0s
H    0     0                       5.0000000    0.88850  82.2%     -    0s
H    0     0                       4.0000000    0.88850  77.8%     -    0s
H    0     0                       3.0000000    0.88850  70.4%     -    0s
H    0     0                       2.0000000    1.64299  17.9%     -    0s
     0     0    1.34385    0   15    2.00000    1.34385  32.8%     -    0s

Cutting planes:
  Gomory: 13
  Cover: 13
  Implied bound: 9
  Clique: 4
  Flow cover: 13

Explored 0 nodes (110 simplex iterations) in 0.84 seconds
Thread count was 4 (of 4 available processors)

Solution count 5: 2 3 4 ... 21
Pool objective bound 2

Optimal solution found (tolerance 1.00e-03)
Best objective 2.000000000000e+00, best bound 2.000000000000e+00, gap 0.0000%

#######################################
TR: iteration 1 at stage 5
Added demands: [8, 12, 16, 4, 5, 26, 0, 20, 7, 11, 23, 2, 24, 22, 6, 1, 27]
Fixed demands: [19, 15, 29, 10, 9, 14, 28, 13, 25, 3, 21, 17, 18]
Parameter mipfocus unchanged
   Value: 1  Min: 0  Max: 3  Default: 0

Gurobi 7.0.2 (win64) logging started 03/16/17 18:02:22

Parameter logfile unchanged
   Value: qr_0.log  Default: 
Parameter mipgap unchanged
   Value: 0.001  Min: 0.0  Max: 1e+100  Default: 0.0001
Parameter presolve unchanged
   Value: 2  Min: -1  Max: 2  Default: -1
Parameter timelimit unchanged
   Value: 201.58736798317972  Min: 0.0  Max: 1e+100  Default: 1e+100
Parameter threads unchanged
   Value: 4  Min: 0  Max: 1024  Default: 0
Optimize a model with 170839 rows, 10880 columns and 802027 nonzeros
Variable types: 5912 continuous, 4968 integer (4944 binary)
Coefficient statistics:
  Matrix range     [1e+00, 2e+04]
  Objective range  [1e+00, 1e+00]
  Bounds range     [1e+00, 1e+04]
  RHS range        [1e+00, 6e+04]
Presolve removed 136098 rows and 5218 columns
Presolve time: 0.83s
Presolved: 34741 rows, 5662 columns, 151071 nonzeros

Loaded MIP start with objective 2

Variable types: 3378 continuous, 2284 integer (2280 binary)
Presolve removed 226 rows and 251 columns

Root relaxation: infeasible, 0 iterations, 0.02 seconds

Explored 0 nodes (0 simplex iterations) in 2.38 seconds
Thread count was 4 (of 4 available processors)

Solution count 1: 2 
Pool objective bound 2

Optimal solution found (tolerance 1.00e-03)
Best objective 2.000000000000e+00, best bound 2.000000000000e+00, gap 0.0000%

#######################################
GN: iteration 1 at stage 5
Added demands: [8, 12, 16, 4, 5, 26, 0, 20, 7, 11, 23, 2, 24, 22, 6, 1, 27]
Fixed demands: [19, 15, 29, 10, 9, 14, 28, 13, 25, 3, 21, 17, 18]
Parameter mipfocus unchanged
   Value: 1  Min: 0  Max: 3  Default: 0

Gurobi 7.0.2 (win64) logging started 03/16/17 18:02:24

Parameter logfile unchanged
   Value: qr_0.log  Default: 
Parameter mipgap unchanged
   Value: 0.001  Min: 0.0  Max: 1e+100  Default: 0.0001
Parameter presolve unchanged
   Value: 2  Min: -1  Max: 2  Default: -1
Parameter timelimit unchanged
   Value: 201.58736798317972  Min: 0.0  Max: 1e+100  Default: 1e+100
Parameter threads unchanged
   Value: 4  Min: 0  Max: 1024  Default: 0
Optimize a model with 445125 rows, 103846 columns and 1496853 nonzeros
Variable types: 21478 continuous, 82368 integer (82344 binary)
Coefficient statistics:
  Matrix range     [5e-01, 2e+04]
  Objective range  [1e+00, 1e+00]
  Bounds range     [1e+00, 1e+04]
  RHS range        [1e+00, 6e+04]
Presolve removed 367741 rows and 83454 columns (presolve time = 5s) ...
Presolve removed 369203 rows and 83454 columns
Presolve time: 6.57s
Presolved: 75922 rows, 20392 columns, 272893 nonzeros

Loaded MIP start with objective 2

Variable types: 6359 continuous, 14033 integer (14033 binary)
Presolve removed 2931 rows and 1456 columns
Presolved: 72991 rows, 18936 columns, 264999 nonzeros


Root simplex log...

Iteration    Objective       Primal Inf.    Dual Inf.      Time
       0    0.0000000e+00   6.797158e+02   0.000000e+00     10s
    8265    3.3314696e-01   9.578902e+02   0.000000e+00     15s
   13070    3.4149774e-01   1.168440e+04   0.000000e+00     20s
   16635    3.4797830e-01   1.470017e+03   0.000000e+00     25s
   20987    3.1219159e-01   0.000000e+00   7.016083e-01     30s
   24397    3.0548821e-01   0.000000e+00   1.113714e-01     35s
   27322    3.0504223e-01   0.000000e+00   0.000000e+00     39s
   27342    3.0504223e-01   0.000000e+00   0.000000e+00     39s
Extra 20 simplex iterations after uncrush

Root relaxation: objective 3.050422e-01, 27342 iterations, 29.75 seconds
Total elapsed time = 41.82s

    Nodes    |    Current Node    |     Objective Bounds      |     Work
 Expl Unexpl |  Obj  Depth IntInf | Incumbent    BestBd   Gap | It/Node Time

     0     0    0.30504    0  931    2.00000    0.30504  84.7%     -   43s
     0     0          -    0         2.00000    0.30504  84.7%     -  201s

Cutting planes:
  Gomory: 3
  Cover: 3
  Implied bound: 23
  Clique: 2
  MIR: 74
  Flow cover: 120
  Zero half: 97

Explored 0 nodes (82718 simplex iterations) in 201.63 seconds
Thread count was 4 (of 4 available processors)

Solution count 1: 2 
Pool objective bound 1

Time limit reached
Best objective 2.000000000000e+00, best bound 1.000000000000e+00, gap 50.0000%

#######################################
TR: iteration 0 at stage 6
Added demands: [18, 19, 20, 21, 22, 23, 24, 25, 26, 27, 28, 29, 30, 31, 32, 33, 34]
Fixed demands: [0, 1, 2, 3, 4, 5, 6, 7, 8, 9, 10, 11, 12, 13, 14, 15, 16, 17]

Gurobi 7.0.2 (win64) logging started 03/16/17 18:07:00

Changed value of parameter logfile to qr_0.log
   Prev: gurobi.log  Default: 
Changed value of parameter mipgap to 0.001
   Prev: 0.0001  Min: 0.0  Max: 1e+100  Default: 0.0001
Changed value of parameter presolve to 2
   Prev: -1  Min: -1  Max: 2  Default: -1
Changed value of parameter timelimit to 320.0
   Prev: 1e+100  Min: 0.0  Max: 1e+100  Default: 1e+100
Changed value of parameter threads to 4
   Prev: 0  Min: 0  Max: 1024  Default: 0
Optimize a model with 229579 rows, 12860 columns and 1086532 nonzeros
Variable types: 6897 continuous, 5963 integer (5939 binary)
Coefficient statistics:
  Matrix range     [1e+00, 2e+04]
  Objective range  [1e+00, 1e+00]
  Bounds range     [1e+00, 1e+04]
  RHS range        [1e+00, 6e+04]
Presolve removed 193717 rows and 7070 columns
Presolve time: 0.99s
Presolved: 35862 rows, 5790 columns, 155336 nonzeros
Variable types: 3396 continuous, 2394 integer (2389 binary)
Found heuristic solution: objective 11.0000000
Presolve removed 0 rows and 17 columns
Presolved: 5790 rows, 41635 columns, 161058 nonzeros


Root simplex log...

Iteration    Objective       Primal Inf.    Dual Inf.      Time
   19007    5.0980935e+02   0.000000e+00   4.849908e+07      5s
   30607    6.0600364e+02   0.000000e+00   1.748484e+05     10s
   36708    1.1382491e+00   0.000000e+00   0.000000e+00     14s
   36708    1.1382491e+00   0.000000e+00   0.000000e+00     14s
   36708    1.1382491e+00   0.000000e+00   0.000000e+00     14s

Root relaxation: objective 1.138249e+00, 36708 iterations, 12.39 seconds
Total elapsed time = 17.60s

    Nodes    |    Current Node    |     Objective Bounds      |     Work
 Expl Unexpl |  Obj  Depth IntInf | Incumbent    BestBd   Gap | It/Node Time

     0     0    1.13825    0   96   11.00000    1.13825  89.7%     -   18s
H    0     0                       8.0000000    1.13825  85.8%     -   18s
H    0     0                       7.0000000    1.13825  83.7%     -   19s
     0     0    1.28080    0  145    7.00000    1.28080  81.7%     -   19s
     0     0    1.28080    0  148    7.00000    1.28080  81.7%     -   20s
     0     0    1.30000    0  125    7.00000    1.30000  81.4%     -   20s
H    0     0                       6.0000000    1.30000  78.3%     -   20s
     0     0    1.32234    0  124    6.00000    1.32234  78.0%     -   21s
     0     0    1.38086    0  140    6.00000    1.38086  77.0%     -   21s
H    0     0                       3.0000000    1.38086  54.0%     -   21s
     0     0    1.54419    0  133    3.00000    1.54419  48.5%     -   22s
     0     0    2.00000    0  102    3.00000    2.00000  33.3%     -   22s
H    0     0                       2.0000000    2.00000  0.00%     -   22s

Cutting planes:
  Gomory: 12
  Cover: 10
  Implied bound: 25
  Clique: 1
  MIR: 30
  Flow cover: 83

Explored 0 nodes (57609 simplex iterations) in 22.84 seconds
Thread count was 4 (of 4 available processors)

Solution count 6: 2 3 6 ... 11
Pool objective bound 2

Optimal solution found (tolerance 1.00e-03)
Best objective 2.000000000000e+00, best bound 2.000000000000e+00, gap 0.0000%

#######################################
GN: iteration 0 at stage 6
Added demands: [18, 19, 20, 21, 22, 23, 24, 25, 26, 27, 28, 29, 30, 31, 32, 33, 34]
Fixed demands: [0, 1, 2, 3, 4, 5, 6, 7, 8, 9, 10, 11, 12, 13, 14, 15, 16, 17]

Gurobi 7.0.2 (win64) logging started 03/16/17 18:07:23

Changed value of parameter logfile to qr_0.log
   Prev: gurobi.log  Default: 
Changed value of parameter mipgap to 0.001
   Prev: 0.0001  Min: 0.0  Max: 1e+100  Default: 0.0001
Changed value of parameter presolve to 2
   Prev: -1  Min: -1  Max: 2  Default: -1
Changed value of parameter timelimit to 320.0
   Prev: 1e+100  Min: 0.0  Max: 1e+100  Default: 1e+100
Changed value of parameter threads to 4
   Prev: 0  Min: 0  Max: 1024  Default: 0
Optimize a model with 594715 rows, 136356 columns and 2017548 nonzeros
Variable types: 25043 continuous, 111313 integer (111289 binary)
Coefficient statistics:
  Matrix range     [5e-01, 2e+04]
  Objective range  [1e+00, 1e+00]
  Bounds range     [1e+00, 1e+04]
  RHS range        [1e+00, 6e+04]
Presolve removed 516088 rows and 115797 columns (presolve time = 5s) ...
Presolve removed 517550 rows and 115797 columns
Presolve time: 6.48s
Presolved: 77165 rows, 20559 columns, 278268 nonzeros
Variable types: 6415 continuous, 14144 integer (14144 binary)
Presolve removed 2925 rows and 1454 columns
Presolved: 74240 rows, 19105 columns, 270283 nonzeros


Root simplex log...

Iteration    Objective       Primal Inf.    Dual Inf.      Time
       0    0.0000000e+00   6.556821e+02   0.000000e+00     10s
     997    2.3688594e-01   8.286477e+04   0.000000e+00     10s
    5976    4.3473385e-01   2.270729e+05   0.000000e+00     15s
    9720    4.3987491e-01   3.614079e+04   0.000000e+00     20s
   12684    4.4356212e-01   2.904290e+04   0.000000e+00     25s
   15336    4.4758780e-01   1.304060e+05   0.000000e+00     30s
   17676    4.5071834e-01   1.861949e+05   0.000000e+00     35s
   19860    4.5435593e-01   6.544895e+06   0.000000e+00     40s
   21888    4.5763583e-01   1.827472e+06   0.000000e+00     45s
   24072    4.6106022e-01   4.424315e+06   0.000000e+00     50s
   26100    4.6507620e-01   5.053563e+05   0.000000e+00     55s
Warning: Markowitz tolerance tightened to 0.03125
   28128    4.6935936e-01   1.634178e+07   0.000000e+00     60s
   30000    4.7263883e-01   2.512314e+05   0.000000e+00     65s
   32028    4.7699757e-01   9.838902e+04   0.000000e+00     70s
   33900    4.8127933e-01   1.737681e+06   0.000000e+00     75s
   35772    4.8459155e-01   3.301054e+06   0.000000e+00     80s
   37800    4.8794855e-01   1.049577e+06   0.000000e+00     85s
   39516    4.9065369e-01   6.315060e+05   0.000000e+00     90s
   41388    4.9402679e-01   5.808205e+05   0.000000e+00     95s
   43260    4.9865066e-01   9.904672e+04   0.000000e+00    100s
   45132    5.0157314e-01   1.493754e+05   0.000000e+00    105s
   46848    5.0411647e-01   3.836023e+04   0.000000e+00    110s
   48720    5.0671756e-01   4.043221e+05   0.000000e+00    115s
   50436    5.0955297e-01   1.028098e+06   0.000000e+00    120s
   52152    5.1210473e-01   4.784008e+05   0.000000e+00    125s
   53868    5.1468778e-01   2.668973e+05   0.000000e+00    130s
   55740    5.1742713e-01   4.786214e+04   0.000000e+00    135s
   57456    5.1975858e-01   2.522656e+05   0.000000e+00    140s
   59172    5.2132019e-01   4.021284e+05   0.000000e+00    145s
   60888    5.2347805e-01   2.920154e+05   0.000000e+00    150s
   62760    5.2578442e-01   1.121775e+05   0.000000e+00    155s
   64476    5.2764962e-01   1.171467e+05   0.000000e+00    160s
   66192    5.2940030e-01   3.111360e+04   0.000000e+00    165s
   67908    5.3238440e-01   2.013273e+05   0.000000e+00    170s
   69624    5.3496709e-01   7.921784e+05   0.000000e+00    175s
   71340    5.3630350e-01   1.924269e+04   0.000000e+00    180s
   73056    5.3857782e-01   2.110287e+05   0.000000e+00    185s
   74772    5.4089450e-01   9.150438e+05   0.000000e+00    190s
   76488    5.4274549e-01   5.828809e+04   0.000000e+00    195s
   78204    5.4513467e-01   3.381776e+04   0.000000e+00    200s
   79920    5.4778160e-01   2.243747e+05   0.000000e+00    205s
   81480    5.4967185e-01   9.603312e+04   0.000000e+00    210s
   83196    5.5231437e-01   7.855574e+05   0.000000e+00    215s
   84912    5.5439158e-01   1.633331e+05   0.000000e+00    220s
   86472    5.5679849e-01   5.739933e+05   0.000000e+00    225s
   88188    5.5948177e-01   2.355444e+05   0.000000e+00    230s
   89904    5.6286936e-01   1.292593e+06   0.000000e+00    235s
   91620    5.6643541e-01   1.701467e+06   0.000000e+00    240s
   93180    5.6895295e-01   7.851915e+05   0.000000e+00    245s
   94896    5.7161694e-01   3.956292e+05   0.000000e+00    250s
   96612    5.7477175e-01   1.690434e+05   0.000000e+00    255s
   98172    5.7816814e-01   5.663521e+05   0.000000e+00    260s
   99732    5.8181785e-01   1.140988e+06   0.000000e+00    265s
  101292    5.8564250e-01   5.285244e+06   0.000000e+00    270s
  102852    5.8907998e-01   1.488508e+06   0.000000e+00    275s
  104412    5.9313576e-01   1.354538e+05   0.000000e+00    280s
  105972    5.9669253e-01   5.804406e+04   0.000000e+00    285s
  107532    5.9948661e-01   7.254238e+05   0.000000e+00    290s
  109092    6.0233474e-01   2.283913e+05   0.000000e+00    295s
  110496    6.0564596e-01   1.727145e+05   0.000000e+00    300s
  112212    6.0919804e-01   2.008030e+05   0.000000e+00    305s
  113616    6.1283729e-01   1.000408e+05   0.000000e+00    310s
  115176    6.1632367e-01   1.604037e+05   0.000000e+00    315s

Root relaxation: time limit, 0 iterations, 310.81 seconds

Explored 0 nodes (0 simplex iterations) in 320.02 seconds
Thread count was 4 (of 4 available processors)

Solution count 0

Time limit reached
Best objective -, best bound -, gap -
Parameter mipfocus unchanged
   Value: 1  Min: 0  Max: 3  Default: 0

Gurobi 7.0.2 (win64) logging started 03/16/17 18:12:43

Parameter logfile unchanged
   Value: qr_0.log  Default: 
Parameter mipgap unchanged
   Value: 0.001  Min: 0.0  Max: 1e+100  Default: 0.0001
Parameter presolve unchanged
   Value: 2  Min: -1  Max: 2  Default: -1
Parameter timelimit unchanged
   Value: 320.0  Min: 0.0  Max: 1e+100  Default: 1e+100
Parameter threads unchanged
   Value: 4  Min: 0  Max: 1024  Default: 0
Optimize a model with 594715 rows, 136356 columns and 2017548 nonzeros
Variable types: 25043 continuous, 111313 integer (111289 binary)
Coefficient statistics:
  Matrix range     [5e-01, 2e+04]
  Objective range  [1e+00, 1e+00]
  Bounds range     [1e+00, 1e+04]
  RHS range        [1e+00, 6e+04]
Presolved: 77165 rows, 20559 columns, 278268 nonzeros

Continuing optimization...

