
#######################################
TR: iteration 0 at stage 0
Added demands: [0, 1, 2, 3, 4]
Fixed demands: []

Gurobi 7.0.2 (win64) logging started 03/12/17 20:29:49

Changed value of parameter logfile to e50d30sb2_5.log
   Prev: gurobi.log  Default: 
Optimize a model with 6889 rows, 1730 columns and 26002 nonzeros
Variable types: 987 continuous, 743 integer (719 binary)
Coefficient statistics:
  Matrix range     [1e+00, 2e+04]
  Objective range  [1e+00, 1e+00]
  Bounds range     [1e+00, 1e+04]
  RHS range        [1e+00, 6e+04]
Found heuristic solution: objective 261
Presolve removed 600 rows and 160 columns
Presolve time: 0.03s
Presolved: 6289 rows, 1570 columns, 25666 nonzeros
Variable types: 986 continuous, 584 integer (584 binary)
Presolve removed 15 rows and 4 columns
Presolved: 6274 rows, 1566 columns, 25624 nonzeros


Root relaxation: objective 8.900000e+01, 374 iterations, 0.03 seconds

    Nodes    |    Current Node    |     Objective Bounds      |     Work
 Expl Unexpl |  Obj  Depth IntInf | Incumbent    BestBd   Gap | It/Node Time

     0     0   89.00000    0    4  261.00000   89.00000  65.9%     -    0s
H    0     0                     180.0000000   89.00000  50.6%     -    0s
H    0     0                     178.5000000   89.00000  50.1%     -    0s
     0     0   89.00000    0   48  178.50000   89.00000  50.1%     -    0s
     0     0   89.00000    0   39  178.50000   89.00000  50.1%     -    0s
H    0     0                     151.5000000   89.00000  41.3%     -    0s
     0     0   89.00000    0   37  151.50000   89.00000  41.3%     -    0s
     0     0   89.00000    0   37  151.50000   89.00000  41.3%     -    0s
H    0     0                     138.5000000   89.00000  35.7%     -    0s
     0     0   89.00000    0   41  138.50000   89.00000  35.7%     -    0s
     0     0   89.00000    0   38  138.50000   89.00000  35.7%     -    0s
     0     0   89.00000    0   22  138.50000   89.00000  35.7%     -    0s
     0     2   89.00000    0   16  138.50000   89.00000  35.7%     -    0s
H  400   351                     137.5000000   89.00000  35.3%  31.5    1s
H  431   369                     136.5000000   89.00000  34.8%  30.1    1s
H  759   646                     136.4999525   89.00000  34.8%  34.6    1s
  2164  1169   89.00000   17   82  136.49995   89.00000  34.8%  42.5    5s
  3265  1500   90.00000   29   91  136.49995   89.00000  34.8%  44.0   10s
  3865  1644 infeasible   55       136.49995   89.00000  34.8%  49.9   15s
  4846  2234 infeasible   57       136.49995   89.00000  34.8%  49.1   20s
  5707  2631  118.50000   40   49  136.49995   89.00000  34.8%  49.0   25s
  7149  3426  122.50000   84   30  136.49995   89.00000  34.8%  51.4   30s
  8637  4256  108.50000   35   73  136.49995   89.00000  34.8%  55.3   35s
  9812  4863  123.30031   58   86  136.49995   89.00000  34.8%  55.7   40s
 11653  5725   89.00000   41   88  136.49995   89.00000  34.8%  58.0   45s
 13963  6960  119.66732   53   96  136.49995   89.00000  34.8%  57.6   51s
 14319  7136   89.06634   41   97  136.49995   89.00000  34.8%  58.0   55s
 16072  7955 infeasible   40       136.49995   89.00000  34.8%  58.4   60s
 17400  8694   92.00000   59   96  136.49995   89.00000  34.8%  57.9   65s
 20047 10036   89.00000   41   73  136.49995   89.00000  34.8%  56.9   70s
 22047 11058  109.53725   52  115  136.49995   89.00000  34.8%  57.1   75s
 24189 12201   89.00000   40   77  136.49995   89.00000  34.8%  57.2   80s
 25595 12847 infeasible   42       136.49995   89.00000  34.8%  56.4   85s
 27741 13778 infeasible   62       136.49995   89.00000  34.8%  55.7   90s
 29144 14376 infeasible   26       136.49995   89.00000  34.8%  55.5   95s
H30687 14988                     136.4997052   89.00000  34.8%  55.6   99s
 31438 15317 infeasible   45       136.49971   89.00000  34.8%  55.5  100s
 33776 16426  127.50000   88   51  136.49971   89.00000  34.8%  55.3  105s
 34823 16883   89.00000   48   91  136.49971   89.00000  34.8%  55.1  110s
 35743 17287   89.00000   32   62  136.49971   89.00000  34.8%  55.5  115s
 36789 17710 infeasible   40       136.49971   89.00000  34.8%  56.7  120s
 38715 18656   89.00000   59   97  136.49971   89.00000  34.8%  57.0  125s
 39100 18830  108.50873   61   96  136.49971   89.00000  34.8%  57.2  130s
 41253 19844   89.44431   56  102  136.49971   89.00000  34.8%  57.5  136s
 42947 20651   89.00000   53   84  136.49971   89.00000  34.8%  57.5  141s
 44348 21371  124.52957   91   57  136.49971   89.00000  34.8%  57.3  145s
 46085 22183  126.67441   84   79  136.49971   89.00000  34.8%  57.4  150s

Cutting planes:
  Gomory: 5
  Implied bound: 7
  MIR: 58
  Flow cover: 127
  Inf proof: 5

Explored 46471 nodes (2662756 simplex iterations) in 150.04 seconds
Thread count was 4 (of 4 available processors)

Solution count 9: 136.5 136.5 136.5 ... 261
Pool objective bound 89

Time limit reached
Best objective 1.364997051885e+02, best bound 8.900000000000e+01, gap 34.7984%

#######################################
GN: iteration 0 at stage 0
Added demands: [0, 1, 2, 3, 4]
Fixed demands: []

Gurobi 7.0.2 (win64) logging started 03/12/17 20:32:19

Changed value of parameter logfile to e50d30sb2_5.log
   Prev: gurobi.log  Default: 
Optimize a model with 20425 rows, 6546 columns and 55878 nonzeros
Variable types: 3653 continuous, 2893 integer (2869 binary)
Coefficient statistics:
  Matrix range     [6e-01, 2e+04]
  Objective range  [1e+00, 1e+00]
  Bounds range     [1e+00, 1e+04]
  RHS range        [1e+00, 6e+04]
Presolve removed 9836 rows and 3256 columns
Presolve time: 0.25s
Presolved: 10589 rows, 3290 columns, 37321 nonzeros
Variable types: 1846 continuous, 1444 integer (1444 binary)
Found heuristic solution: objective 286.5000000
Presolve removed 891 rows and 452 columns
Presolved: 9698 rows, 2838 columns, 34991 nonzeros


Root relaxation: objective 8.900000e+01, 296 iterations, 0.05 seconds

    Nodes    |    Current Node    |     Objective Bounds      |     Work
 Expl Unexpl |  Obj  Depth IntInf | Incumbent    BestBd   Gap | It/Node Time

     0     0   89.00000    0    6  286.50000   89.00000  68.9%     -    0s
H    0     0                     269.5000000   89.00000  67.0%     -    0s
H    0     0                     264.0000000   89.00000  66.3%     -    1s
H    0     0                     180.0000000   89.00000  50.6%     -    1s
     0     0   89.00000    0   33  180.00000   89.00000  50.6%     -    1s
     0     0   89.00000    0   42  180.00000   89.00000  50.6%     -    1s
     0     0   89.00000    0   69  180.00000   89.00000  50.6%     -    1s
H    0     0                     180.0000000   89.00000  50.6%     -    1s
     0     0   89.00000    0   69  180.00000   89.00000  50.6%     -    1s
H    0     0                     161.5000000   89.00000  44.9%     -    1s
     0     0   89.00000    0   64  161.50000   89.00000  44.9%     -    1s
H    0     0                     150.5000000   89.00000  40.9%     -    1s
     0     0   89.00000    0   66  150.50000   89.00000  40.9%     -    1s
     0     0   89.00000    0   60  150.50000   89.00000  40.9%     -    1s
     0     0   89.00000    0   73  150.50000   89.00000  40.9%     -    1s
     0     0   89.00000    0   18  150.50000   89.00000  40.9%     -    2s
H    0     0                     148.5000000   89.00000  40.1%     -    2s
     0     2   89.00000    0   14  148.50000   89.00000  40.1%     -    2s
    23    20   89.00000    6   82  148.50000   89.00000  40.1%   642    5s
H  146   141                     138.5000000   89.00000  35.7%   400    8s
H  209   199                     136.5000000   89.00000  34.8%   314    9s
   285   262   90.00000   30   71  136.50000   89.00000  34.8%   270   10s
H  376   334                     136.5000000   89.00000  34.8%   322   13s
   434   388   92.00000   70   67  136.50000   89.00000  34.8%   321   15s
   800   633   89.00000   14   51  136.50000   89.00000  34.8%   253   20s
   837   670   90.00000   25  132  136.50000   89.00000  34.8%   287   25s
  1086   865   92.00000   78    2  136.50000   89.00000  34.8%   289   30s
H 1161   849                     136.4999525  108.50000  20.5%   288   32s
  1279   889  108.50000   15   60  136.49995  108.50000  20.5%   276   35s
  2008  1161  122.50000   55   85  136.49995  108.50000  20.5%   222   40s
  2208  1211  123.70169   68   64  136.49995  108.50000  20.5%   217   45s
  3679  1814  110.50000   38   91  136.49995  108.50000  20.5%   169   50s
  4123  2114  123.50000   53  165  136.49995  108.50000  20.5%   169   55s
  5011  2668  127.50000   76  106  136.49995  108.50000  20.5%   159   60s
  6212  3429     cutoff   56       136.49995  108.50000  20.5%   147   65s
  7780  4429  126.50000   99   10  136.49995  108.50000  20.5%   138   70s
  9019  5248  123.50000   64  125  136.49995  108.50000  20.5%   130   75s
  9821  5826  127.50000  100    1  136.49995  108.50000  20.5%   132   80s
 11374  6724  113.50000   67   59  136.49995  108.50000  20.5%   127   86s
 12408  7343  110.50000   47   58  136.49995  108.50000  20.5%   124   90s
 13703  8182  113.50000  118   16  136.49995  108.50000  20.5%   125   95s
 15650  9355  122.50000   41   55  136.49995  108.50000  20.5%   119  101s
 17013 10280  121.50000   34  134  136.49995  108.50000  20.5%   119  106s
 18376 11232  121.50000   48   72  136.49995  108.50000  20.5%   118  111s
 19487 11937  111.50000   46  107  136.49995  108.50000  20.5%   117  115s
 21106 12934  112.78249   44   98  136.49995  108.50000  20.5%   114  121s
 22067 13469  126.66871   69   62  136.49995  108.50000  20.5%   113  125s
 23859 14494  127.75620   69   65  136.49995  108.50000  20.5%   111  130s
 25297 15274  125.50000   53  106  136.49995  108.50000  20.5%   110  136s
 26633 16055  112.50000   55   60  136.49995  108.50000  20.5%   110  141s
 27215 16419  111.50000   84   30  136.49995  108.50000  20.5%   112  145s
 28969 17544     cutoff   76       136.49995  108.50000  20.5%   110  150s

Cutting planes:
  Gomory: 5
  Implied bound: 19
  MIR: 52
  Flow cover: 86
  Zero half: 5

Explored 29316 nodes (3216523 simplex iterations) in 150.03 seconds
Thread count was 4 (of 4 available processors)

Solution count 10: 136.5 136.5 136.5 ... 180
Pool objective bound 108.5

Time limit reached
Best objective 1.364999525137e+02, best bound 1.085000000000e+02, gap 20.5128%

#######################################
TR: iteration 1 at stage 0
Added demands: [4, 2, 0, 1]
Fixed demands: [3]
Parameter mipgap unchanged
   Value: 0.001  Min: 0.0  Max: 1e+100  Default: 0.0001
Parameter mipfocus unchanged
   Value: 1  Min: 0  Max: 3  Default: 0
Parameter timelimit unchanged
   Value: 150.0  Min: 0.0  Max: 1e+100  Default: 1e+100
Parameter threads unchanged
   Value: 4  Min: 0  Max: 1024  Default: 0
Parameter presolve unchanged
   Value: 2  Min: -1  Max: 2  Default: -1

Gurobi 7.0.2 (win64) logging started 03/12/17 20:34:49

Parameter logfile unchanged
   Value: e50d30sb2_5.log  Default: 
Optimize a model with 6889 rows, 1730 columns and 26002 nonzeros
Variable types: 987 continuous, 743 integer (719 binary)
Coefficient statistics:
  Matrix range     [1e+00, 2e+04]
  Objective range  [1e+00, 1e+00]
  Bounds range     [1e+00, 1e+04]
  RHS range        [1e+00, 6e+04]
Found heuristic solution: objective 197.5
Presolve removed 2480 rows and 457 columns
Presolve time: 0.03s
Presolved: 4409 rows, 1273 columns, 17331 nonzeros

Loaded MIP start with objective 136.5

Variable types: 794 continuous, 479 integer (479 binary)
Presolve removed 14 rows and 4 columns
Presolved: 4395 rows, 1269 columns, 17293 nonzeros


Root relaxation: objective 8.900000e+01, 315 iterations, 0.02 seconds

    Nodes    |    Current Node    |     Objective Bounds      |     Work
 Expl Unexpl |  Obj  Depth IntInf | Incumbent    BestBd   Gap | It/Node Time

     0     0   89.00000    0   12  136.50000   89.00000  34.8%     -    0s
     0     0   89.00000    0   26  136.50000   89.00000  34.8%     -    0s
     0     0   89.00000    0   26  136.50000   89.00000  34.8%     -    0s
     0     0   89.00000    0   32  136.50000   89.00000  34.8%     -    0s
     0     0   89.00000    0   32  136.50000   89.00000  34.8%     -    0s
     0     0   89.00000    0   33  136.50000   89.00000  34.8%     -    0s
     0     0   89.00000    0   33  136.50000   89.00000  34.8%     -    0s
     0     0   89.00000    0   40  136.50000   89.00000  34.8%     -    0s
     0     0   89.00000    0   42  136.50000   89.00000  34.8%     -    0s
     0     0   89.00000    0    4  136.50000   89.00000  34.8%     -    0s
     0     2   89.00000    0    4  136.50000   89.00000  34.8%     -    0s
H  710   399                     136.5000000   89.00000  34.8%  24.9    1s
  1609   637  121.50000   22   62  136.50000  120.50000  11.7%  32.1    5s
  6042  2030  124.05614   44   40  136.50000  120.63259  11.6%  25.8   10s
 11392  4784  125.50000   63   70  136.50000  120.68562  11.6%  21.8   15s
 20483  9858  122.52729   45   57  136.50000  120.68562  11.6%  18.6   20s
 26798 13310 infeasible   56       136.50000  120.68562  11.6%  17.9   25s
 33104 16754     cutoff   57       136.50000  120.73222  11.6%  17.2   30s
 41153 21168 infeasible   67       136.50000  120.80855  11.5%  16.6   35s
 47325 24567  121.25956   43   84  136.50000  120.86372  11.5%  16.3   40s
 55231 28937 infeasible   71       136.50000  120.95079  11.4%  15.9   45s
 62708 33246     cutoff   61       136.50000  120.99740  11.4%  15.6   50s
 68510 36241 infeasible   98       136.50000  121.04602  11.3%  15.5   55s
 75366 40046  125.50000   61   49  136.50000  121.08820  11.3%  15.4   60s
 82652 44175 infeasible   63       136.50000  121.12320  11.3%  15.2   65s
 89571 47767 infeasible   30       136.50000  121.16293  11.2%  15.1   70s
 96151 51377  127.57394   62   52  136.50000  121.18624  11.2%  15.0   75s
 103058 54950 infeasible   90       136.50000  121.21346  11.2%  15.0   80s
 110254 58535  122.16664   44   87  136.50000  121.23967  11.2%  14.9   85s
 118484 62798  122.50000   38   50  136.50000  121.25459  11.2%  14.8   90s
 124043 65821  129.50000   70   27  136.50000  121.28144  11.1%  14.8   95s
 131573 69720 infeasible   90       136.50000  121.30413  11.1%  14.8  100s
 138411 73187     cutoff   55       136.50000  121.32951  11.1%  14.7  105s
 146818 77651 infeasible   79       136.50000  121.35502  11.1%  14.7  110s
 154695 81698  124.58302   52   48  136.50000  121.37506  11.1%  14.7  115s
 161447 85262 infeasible   67       136.50000  121.40148  11.1%  14.6  120s
 169381 89380  127.50000   60   41  136.50000  121.42728  11.0%  14.5  125s
 177427 93513  125.50000   70   14  136.50000  121.44901  11.0%  14.5  130s
 184324 96884 infeasible   57       136.50000  121.46956  11.0%  14.4  135s
 191477 100942 infeasible   67       136.50000  121.48301  11.0%  14.4  140s
 199576 105014 infeasible   55       136.50000  121.50000  11.0%  14.3  145s
 206152 107537  123.61309   49   19  136.50000  121.50000  11.0%  14.5  150s

Cutting planes:
  Gomory: 4
  Implied bound: 12
  MIR: 22
  Flow cover: 103

Explored 206182 nodes (2994553 simplex iterations) in 150.02 seconds
Thread count was 4 (of 4 available processors)

Solution count 3: 136.5 136.5 136.5 
Pool objective bound 121.5

Time limit reached
Best objective 1.364999999862e+02, best bound 1.215000000000e+02, gap 10.9890%
Parameter mipgap unchanged
   Value: 0.001  Min: 0.0  Max: 1e+100  Default: 0.0001
Parameter mipfocus unchanged
   Value: 1  Min: 0  Max: 3  Default: 0
Parameter timelimit unchanged
   Value: 150.0  Min: 0.0  Max: 1e+100  Default: 1e+100
Parameter threads unchanged
   Value: 4  Min: 0  Max: 1024  Default: 0
Parameter presolve unchanged
   Value: 2  Min: -1  Max: 2  Default: -1

Gurobi 7.0.2 (win64) logging started 03/12/17 20:37:19

Parameter logfile unchanged
   Value: e50d30sb2_5.log  Default: 
Optimize a model with 6889 rows, 1730 columns and 26002 nonzeros
Variable types: 987 continuous, 743 integer (719 binary)
Coefficient statistics:
  Matrix range     [1e+00, 2e+04]
  Objective range  [1e+00, 1e+00]
  Bounds range     [1e+00, 1e+04]
  RHS range        [1e+00, 6e+04]
Presolved: 4409 rows, 1273 columns, 17331 nonzeros

Continuing optimization...

 206182 107526  124.50000   52   13  136.50000  121.50000  11.0%  14.5  150s
 211448 109612  124.50000   48   24  136.50000  121.50000  11.0%  14.6  155s
 219360 112819  122.50000   38   43  136.50000  121.50000  11.0%  14.7  160s
 224609 115108  124.49567   46   35  136.50000  121.50000  11.0%  14.8  165s
 231819 118202     cutoff   44       136.50000  121.50000  11.0%  14.9  170s
 237404 120556  123.46563   44   40  136.50000  121.50000  11.0%  15.0  175s
 242711 122958  124.21805   45   47  136.50000  121.50000  11.0%  15.0  180s
 248227 125369  127.50000   91    1  136.50000  121.50000  11.0%  15.1  185s
 253881 127997  127.68562   55   49  136.50000  121.50897  11.0%  15.2  190s
 260302 131113  121.74405   43   83  136.50000  121.52068  11.0%  15.1  195s
 267333 134562  123.73347   47   49  136.50000  121.53215  11.0%  15.1  200s
 274236 138224 infeasible   93       136.50000  121.54657  11.0%  15.0  205s
 278628 140299  125.50000   46   29  136.50000  121.55804  10.9%  15.0  210s
 286272 144167 infeasible   74       136.50000  121.57182  10.9%  15.0  215s
 292360 147071  126.50000   64   22  136.50000  121.58134  10.9%  15.0  220s
 299681 150476  123.55931   43   42  136.50000  121.59286  10.9%  15.0  225s
 305890 153514  126.50000   56   43  136.50000  121.60368  10.9%  15.0  230s
 314253 157706  124.61821   50   37  136.50000  121.61687  10.9%  14.9  235s
 319602 160352  125.89980   55   51  136.50000  121.62418  10.9%  14.9  240s
 327180 164413  122.36665   44   73  136.50000  121.62787  10.9%  14.9  245s
 334554 168153  126.50000   61    2  136.50000  121.63512  10.9%  14.8  250s
 340917 171244 infeasible   57       136.50000  121.64679  10.9%  14.8  255s
 348724 175175  126.50000   58   30  136.50000  121.65899  10.9%  14.8  260s
 354604 177950  123.78608   40   50  136.50000  121.66675  10.9%  14.8  265s
 362208 181896 infeasible   58       136.50000  121.66737  10.9%  14.7  270s
 369118 185264 infeasible   67       136.50000  121.67615  10.9%  14.7  275s
 375783 188781 infeasible   98       136.50000  121.68001  10.9%  14.6  280s
 382445 191971  122.68562   40   61  136.50000  121.68562  10.9%  14.6  285s
 388974 195435  126.50000   51   35  136.50000  121.68562  10.9%  14.6  290s
 395696 199293  121.97562   40   82  136.50000  121.68562  10.9%  14.6  295s
 402928 203491 infeasible   52       136.50000  121.68562  10.9%  14.6  300s

Cutting planes:
  Gomory: 4
  Implied bound: 15
  MIR: 24
  Flow cover: 127

Explored 403069 nodes (5878699 simplex iterations) in 150.02 seconds
Thread count was 4 (of 4 available processors)

Solution count 3: 136.5 136.5 136.5 
Pool objective bound 121.686

Time limit reached
Best objective 1.364999999862e+02, best bound 1.216856197712e+02, gap 10.8530%

#######################################
GN: iteration 1 at stage 0
Added demands: [4, 2, 0, 1]
Fixed demands: [3]
Parameter mipgap unchanged
   Value: 0.001  Min: 0.0  Max: 1e+100  Default: 0.0001
Parameter mipfocus unchanged
   Value: 1  Min: 0  Max: 3  Default: 0
Parameter timelimit unchanged
   Value: 150.0  Min: 0.0  Max: 1e+100  Default: 1e+100
Parameter threads unchanged
   Value: 4  Min: 0  Max: 1024  Default: 0
Parameter presolve unchanged
   Value: 2  Min: -1  Max: 2  Default: -1

Gurobi 7.0.2 (win64) logging started 03/12/17 20:39:49

Parameter logfile unchanged
   Value: e50d30sb2_5.log  Default: 
Optimize a model with 20425 rows, 6546 columns and 55878 nonzeros
Variable types: 3653 continuous, 2893 integer (2869 binary)
Coefficient statistics:
  Matrix range     [6e-01, 2e+04]
  Objective range  [1e+00, 1e+00]
  Bounds range     [1e+00, 1e+04]
  RHS range        [1e+00, 6e+04]
Presolve removed 13388 rows and 4376 columns
Presolve time: 0.23s
Presolved: 7037 rows, 2170 columns, 25209 nonzeros

Loaded MIP start with objective 136.5

Variable types: 1174 continuous, 996 integer (996 binary)
Presolve removed 406 rows and 54 columns
Presolved: 6631 rows, 2116 columns, 23305 nonzeros


Root relaxation: objective 8.900000e+01, 208 iterations, 0.04 seconds

    Nodes    |    Current Node    |     Objective Bounds      |     Work
 Expl Unexpl |  Obj  Depth IntInf | Incumbent    BestBd   Gap | It/Node Time

     0     0   89.00000    0    7  136.50000   89.00000  34.8%     -    0s
     0     0   89.00000    0   20  136.50000   89.00000  34.8%     -    0s
     0     0   89.00000    0   40  136.50000   89.00000  34.8%     -    0s
     0     0   89.00000    0   43  136.50000   89.00000  34.8%     -    0s
     0     0   89.00000    0   56  136.50000   89.00000  34.8%     -    0s
     0     0   89.00000    0   39  136.50000   89.00000  34.8%     -    0s
     0     0   89.00000    0   60  136.50000   89.00000  34.8%     -    0s
     0     0   89.00000    0   32  136.50000   89.00000  34.8%     -    1s
     0     2   89.00000    0   32  136.50000   89.00000  34.8%     -    1s
   849   574   89.00000   50   33  136.50000   89.00000  34.8%  71.1    5s

Cutting planes:
  Cover: 1
  Implied bound: 1
  MIR: 9
  Flow cover: 6
  Zero half: 2

Explored 1609 nodes (107620 simplex iterations) in 9.10 seconds
Thread count was 4 (of 4 available processors)

Solution count 2: 136.5 136.5 
Pool objective bound 136.5

Optimal solution found (tolerance 1.00e-03)
Best objective 1.365000000000e+02, best bound 1.365000000000e+02, gap 0.0000%

#######################################
TR: iteration 2 at stage 0
Added demands: [3, 4, 0, 2]
Fixed demands: [1]
Parameter mipgap unchanged
   Value: 0.001  Min: 0.0  Max: 1e+100  Default: 0.0001
Parameter mipfocus unchanged
   Value: 1  Min: 0  Max: 3  Default: 0
Parameter timelimit unchanged
   Value: 150.0  Min: 0.0  Max: 1e+100  Default: 1e+100
Parameter threads unchanged
   Value: 4  Min: 0  Max: 1024  Default: 0
Parameter presolve unchanged
   Value: 2  Min: -1  Max: 2  Default: -1

Gurobi 7.0.2 (win64) logging started 03/12/17 20:39:58

Parameter logfile unchanged
   Value: e50d30sb2_5.log  Default: 
Optimize a model with 6889 rows, 1730 columns and 26002 nonzeros
Variable types: 987 continuous, 743 integer (719 binary)
Coefficient statistics:
  Matrix range     [1e+00, 2e+04]
  Objective range  [1e+00, 1e+00]
  Bounds range     [1e+00, 1e+04]
  RHS range        [1e+00, 6e+04]
Found heuristic solution: objective 217
Presolve removed 2491 rows and 459 columns
Presolve time: 0.03s
Presolved: 4398 rows, 1271 columns, 17286 nonzeros

Loaded MIP start with objective 136.5

Variable types: 793 continuous, 478 integer (478 binary)
Presolve removed 9 rows and 2 columns
Presolved: 4389 rows, 1269 columns, 17259 nonzeros


Root relaxation: objective 8.900000e+01, 317 iterations, 0.02 seconds

    Nodes    |    Current Node    |     Objective Bounds      |     Work
 Expl Unexpl |  Obj  Depth IntInf | Incumbent    BestBd   Gap | It/Node Time

     0     0   89.00000    0   12  136.50000   89.00000  34.8%     -    0s
     0     0   89.00000    0   20  136.50000   89.00000  34.8%     -    0s
     0     0   89.00000    0   23  136.50000   89.00000  34.8%     -    0s
     0     0   89.00000    0   27  136.50000   89.00000  34.8%     -    0s
     0     0   89.00000    0   27  136.50000   89.00000  34.8%     -    0s
     0     0   89.00000    0   38  136.50000   89.00000  34.8%     -    0s
     0     0   89.00000    0   41  136.50000   89.00000  34.8%     -    0s
     0     0   89.00000    0   11  136.50000   89.00000  34.8%     -    0s
     0     2   89.00000    0   11  136.50000   89.00000  34.8%     -    0s
