
#######################################
TR: iteration 0 at stage 0
Added demands: [0, 1, 2, 3, 4]
Fixed demands: []

Gurobi 7.0.2 (win64) logging started 03/17/17 03:28:03

Changed value of parameter LogFile to log-opt-18.log
   Prev: gurobi.log  Default: 
Changed value of parameter presolve to 2
   Prev: -1  Min: -1  Max: 2  Default: -1
Changed value of parameter mipgap to 0.001
   Prev: 0.0001  Min: 0.0  Max: 1e+100  Default: 0.0001
Parameter method unchanged
   Value: -1  Min: -1  Max: 4  Default: -1
Changed value of parameter timelimit to 300.0
   Prev: 1e+100  Min: 0.0  Max: 1e+100  Default: 1e+100
Changed value of parameter mipfocus to 1
   Prev: 0  Min: 0  Max: 3  Default: 0
Optimize a model with 1483 rows, 404 columns and 5504 nonzeros
Variable types: 217 continuous, 187 integer (181 binary)
Coefficient statistics:
  Matrix range     [1e+00, 2e+04]
  Objective range  [1e+00, 1e+00]
  Bounds range     [1e+00, 1e+04]
  RHS range        [1e+00, 6e+04]
Found heuristic solution: objective 157.5
Presolve removed 931 rows and 220 columns
Presolve time: 0.02s
Presolved: 552 rows, 184 columns, 2234 nonzeros
Variable types: 102 continuous, 82 integer (82 binary)
Presolve removed 13 rows and 0 columns
Presolved: 539 rows, 192 columns, 2176 nonzeros


Root relaxation: objective 8.100000e+01, 38 iterations, 0.02 seconds

    Nodes    |    Current Node    |     Objective Bounds      |     Work
 Expl Unexpl |  Obj  Depth IntInf | Incumbent    BestBd   Gap | It/Node Time

     0     0   81.00000    0    2  157.50000   81.00000  48.6%     -    0s
     0     0   81.00000    0    7  157.50000   81.00000  48.6%     -    0s
H    0     0                     137.5000000   81.00000  41.1%     -    0s
     0     0   81.00000    0    9  137.50000   81.00000  41.1%     -    0s
H    0     0                     136.5000000   81.00000  40.7%     -    0s
     0     0   81.00000    0   10  136.50000   81.00000  40.7%     -    0s
     0     0   81.00000    0   11  136.50000   81.00000  40.7%     -    0s
     0     0   81.00000    0   15  136.50000   81.00000  40.7%     -    0s
     0     0   81.00000    0   10  136.50000   81.00000  40.7%     -    0s
     0     0   81.00000    0   10  136.50000   81.00000  40.7%     -    0s
     0     0   81.00000    0    1  136.50000   81.00000  40.7%     -    0s
     0     2   81.00000    0    1  136.50000   81.00000  40.7%     -    0s

Cutting planes:
  Gomory: 2
  Implied bound: 3
  MIR: 9
  Flow cover: 5

Explored 33 nodes (445 simplex iterations) in 0.13 seconds
Thread count was 4 (of 4 available processors)

Solution count 3: 136.5 137.5 157.5 
Pool objective bound 136.5

Optimal solution found (tolerance 1.00e-03)
Best objective 1.365000000000e+02, best bound 1.365000000000e+02, gap 0.0000%

#######################################
GN: iteration 0 at stage 0
Added demands: [0, 1, 2, 3, 4]
Fixed demands: []

Gurobi 7.0.2 (win64) logging started 03/17/17 03:28:04

Changed value of parameter LogFile to log-opt-18.log
   Prev: gurobi.log  Default: 
Changed value of parameter presolve to 2
   Prev: -1  Min: -1  Max: 2  Default: -1
Changed value of parameter mipgap to 0.001
   Prev: 0.0001  Min: 0.0  Max: 1e+100  Default: 0.0001
Parameter method unchanged
   Value: -1  Min: -1  Max: 4  Default: -1
Changed value of parameter timelimit to 300.0
   Prev: 1e+100  Min: 0.0  Max: 1e+100  Default: 1e+100
Changed value of parameter mipfocus to 1
   Prev: 0  Min: 0  Max: 3  Default: 0
Optimize a model with 4321 rows, 1412 columns and 11762 nonzeros
Variable types: 775 continuous, 637 integer (631 binary)
Coefficient statistics:
  Matrix range     [7e-01, 2e+04]
  Objective range  [1e+00, 1e+00]
  Bounds range     [1e+00, 1e+04]
  RHS range        [1e+00, 6e+04]
Presolve removed 3055 rows and 947 columns
Presolve time: 0.05s
Presolved: 1266 rows, 465 columns, 4357 nonzeros
Variable types: 243 continuous, 222 integer (222 binary)
Found heuristic solution: objective 222.0000000
Found heuristic solution: objective 136.5000000
Presolve removed 141 rows and 64 columns
Presolved: 1125 rows, 401 columns, 3973 nonzeros


Root relaxation: objective 8.100000e+01, 86 iterations, 0.02 seconds

    Nodes    |    Current Node    |     Objective Bounds      |     Work
 Expl Unexpl |  Obj  Depth IntInf | Incumbent    BestBd   Gap | It/Node Time

     0     0   81.00000    0   11  136.50000   81.00000  40.7%     -    0s
     0     0   81.00000    0   27  136.50000   81.00000  40.7%     -    0s
     0     0   81.00000    0   30  136.50000   81.00000  40.7%     -    0s
     0     0   81.00000    0   27  136.50000   81.00000  40.7%     -    0s
     0     0   81.00000    0   33  136.50000   81.00000  40.7%     -    0s
     0     0   81.00000    0   32  136.50000   81.00000  40.7%     -    0s
     0     0   81.00000    0   19  136.50000   81.00000  40.7%     -    0s
     0     0   81.00000    0   24  136.50000   81.00000  40.7%     -    0s
     0     0   81.00000    0    8  136.50000   81.00000  40.7%     -    0s
     0     2   81.00000    0    8  136.50000   81.00000  40.7%     -    0s
H   75    15                     136.5000000   81.00000  40.7%  17.0    0s

Cutting planes:
  Gomory: 4
  Implied bound: 14
  MIR: 13
  Flow cover: 29

Explored 151 nodes (2561 simplex iterations) in 0.36 seconds
Thread count was 4 (of 4 available processors)

Solution count 3: 136.5 136.5 222 
Pool objective bound 136.5

Optimal solution found (tolerance 1.00e-03)
Best objective 1.364999999862e+02, best bound 1.364999999862e+02, gap 0.0000%

#######################################
TR: iteration 0 at stage 1
Added demands: [0, 1, 2, 3, 4, 5, 6, 7, 8, 9]
Fixed demands: []

Gurobi 7.0.2 (win64) logging started 03/17/17 03:28:06

Changed value of parameter LogFile to log-opt-18.log
   Prev: gurobi.log  Default: 
Changed value of parameter presolve to 2
   Prev: -1  Min: -1  Max: 2  Default: -1
Changed value of parameter mipgap to 0.001
   Prev: 0.0001  Min: 0.0  Max: 1e+100  Default: 0.0001
Parameter method unchanged
   Value: -1  Min: -1  Max: 4  Default: -1
Changed value of parameter timelimit to 300.0
   Prev: 1e+100  Min: 0.0  Max: 1e+100  Default: 1e+100
Changed value of parameter mipfocus to 1
   Prev: 0  Min: 0  Max: 3  Default: 0
Optimize a model with 4803 rows, 844 columns and 20089 nonzeros
Variable types: 432 continuous, 412 integer (406 binary)
Coefficient statistics:
  Matrix range     [1e+00, 2e+04]
  Objective range  [1e+00, 1e+00]
  Bounds range     [1e+00, 1e+04]
  RHS range        [1e+00, 6e+04]
Found heuristic solution: objective 153.5
Presolve removed 2826 rows and 418 columns
Presolve time: 0.02s
Presolved: 1977 rows, 426 columns, 8759 nonzeros
Variable types: 222 continuous, 204 integer (204 binary)
Presolve removed 18 rows and 0 columns
Presolved: 1959 rows, 434 columns, 8678 nonzeros


Root relaxation: objective 9.100000e+01, 74 iterations, 0.01 seconds

    Nodes    |    Current Node    |     Objective Bounds      |     Work
 Expl Unexpl |  Obj  Depth IntInf | Incumbent    BestBd   Gap | It/Node Time

     0     0   91.00000    0    4  153.50000   91.00000  40.7%     -    0s
H    0     0                     136.5000000   91.00000  33.3%     -    0s
     0     0   91.00000    0   17  136.50000   91.00000  33.3%     -    0s
     0     0   91.00000    0   17  136.50000   91.00000  33.3%     -    0s
     0     0   91.00000    0   16  136.50000   91.00000  33.3%     -    0s
     0     0   91.00000    0   21  136.50000   91.00000  33.3%     -    0s
     0     0   91.00000    0   32  136.50000   91.00000  33.3%     -    0s
     0     0   91.00000    0   25  136.50000   91.00000  33.3%     -    0s
     0     0   91.00000    0   34  136.50000   91.00000  33.3%     -    0s
     0     0   91.00000    0    4  136.50000   91.00000  33.3%     -    0s
     0     2   91.00000    0    4  136.50000   91.00000  33.3%     -    0s
H 3283   386                     136.4999997   91.00000  33.3%   5.1    2s
H 3680   429                     136.4999994   91.00000  33.3%   5.3    3s
  4505   430   91.00000   23   20  136.50000   91.00000  33.3%   5.5    5s
H 5329   496                     136.4999993   91.00000  33.3%   5.3    6s
H 5379   488                     136.4999545  106.92500  21.7%   5.3    6s

Cutting planes:
  Learned: 4
  Cover: 1
  MIR: 2
  Flow cover: 16

Explored 5383 nodes (30443 simplex iterations) in 6.35 seconds
Thread count was 4 (of 4 available processors)

Solution count 6: 136.5 136.5 136.5 ... 153.5
Pool objective bound 136.5

Optimal solution found (tolerance 1.00e-03)
Best objective 1.364999545137e+02, best bound 1.364999545137e+02, gap 0.0000%

#######################################
GN: iteration 0 at stage 1
Added demands: [0, 1, 2, 3, 4, 5, 6, 7, 8, 9]
Fixed demands: []

Gurobi 7.0.2 (win64) logging started 03/17/17 03:28:12

Changed value of parameter LogFile to log-opt-18.log
   Prev: gurobi.log  Default: 
Changed value of parameter presolve to 2
   Prev: -1  Min: -1  Max: 2  Default: -1
Changed value of parameter mipgap to 0.001
   Prev: 0.0001  Min: 0.0  Max: 1e+100  Default: 0.0001
Parameter method unchanged
   Value: -1  Min: -1  Max: 4  Default: -1
Changed value of parameter timelimit to 300.0
   Prev: 1e+100  Min: 0.0  Max: 1e+100  Default: 1e+100
Changed value of parameter mipfocus to 1
   Prev: 0  Min: 0  Max: 3  Default: 0
Optimize a model with 13161 rows, 3742 columns and 39787 nonzeros
Variable types: 1530 continuous, 2212 integer (2206 binary)
Coefficient statistics:
  Matrix range     [5e-01, 2e+04]
  Objective range  [1e+00, 1e+00]
  Bounds range     [1e+00, 1e+04]
  RHS range        [1e+00, 6e+04]
Found heuristic solution: objective 238
Presolve removed 8444 rows and 2289 columns
Presolve time: 0.19s
Presolved: 4717 rows, 1453 columns, 16840 nonzeros
Variable types: 557 continuous, 896 integer (896 binary)
Presolve removed 318 rows and 152 columns
Presolved: 4399 rows, 1301 columns, 16015 nonzeros


Root relaxation: objective 9.100000e+01, 176 iterations, 0.03 seconds

    Nodes    |    Current Node    |     Objective Bounds      |     Work
 Expl Unexpl |  Obj  Depth IntInf | Incumbent    BestBd   Gap | It/Node Time

     0     0   91.00000    0    3  238.00000   91.00000  61.8%     -    0s
H    0     0                     157.5000000   91.00000  42.2%     -    0s
H    0     0                     153.5000000   91.00000  40.7%     -    0s
     0     0   91.00000    0   29  153.50000   91.00000  40.7%     -    0s
     0     0   91.00000    0   42  153.50000   91.00000  40.7%     -    0s
     0     0   91.00000    0   32  153.50000   91.00000  40.7%     -    0s
H    0     0                     151.5000000   91.00000  39.9%     -    0s
     0     0   91.00000    0   43  151.50000   91.00000  39.9%     -    0s
H    0     0                     136.5000000   91.00000  33.3%     -    0s
     0     0   91.00000    0   46  136.50000   91.00000  33.3%     -    0s
     0     0   91.00000    0   36  136.50000   91.00000  33.3%     -    0s
     0     0   91.00000    0   46  136.50000   91.00000  33.3%     -    0s
     0     0   91.00000    0    6  136.50000   91.00000  33.3%     -    0s
     0     2   91.00000    0    6  136.50000   91.00000  33.3%     -    0s
H  789   123                     136.5000000   91.00000  33.3%  40.1    2s
  2930    45   91.00000   13   17  136.50000   91.00000  33.3%  27.3    5s

Cutting planes:
  Gomory: 5
  Implied bound: 42
  Clique: 1
  MIR: 35
  Flow cover: 36
  GUB cover: 1
  Inf proof: 1
  Zero half: 5

Explored 3619 nodes (86114 simplex iterations) in 5.28 seconds
Thread count was 4 (of 4 available processors)

Solution count 6: 136.5 136.5 151.5 ... 238
Pool objective bound 136.5

Optimal solution found (tolerance 1.00e-03)
Best objective 1.364999999862e+02, best bound 1.364999999862e+02, gap 0.0000%

#######################################
TR: iteration 0 at stage 2
Added demands: [0, 1, 2, 3, 4, 5, 6, 7, 8, 9, 10, 11, 12, 13, 14]
Fixed demands: []

Gurobi 7.0.2 (win64) logging started 03/17/17 03:28:21

Changed value of parameter LogFile to log-opt-18.log
   Prev: gurobi.log  Default: 
Changed value of parameter presolve to 2
   Prev: -1  Min: -1  Max: 2  Default: -1
Changed value of parameter mipgap to 0.001
   Prev: 0.0001  Min: 0.0  Max: 1e+100  Default: 0.0001
Parameter method unchanged
   Value: -1  Min: -1  Max: 4  Default: -1
Changed value of parameter timelimit to 300.0
   Prev: 1e+100  Min: 0.0  Max: 1e+100  Default: 1e+100
Changed value of parameter mipfocus to 1
   Prev: 0  Min: 0  Max: 3  Default: 0
Optimize a model with 9973 rows, 1334 columns and 43774 nonzeros
Variable types: 647 continuous, 687 integer (681 binary)
Coefficient statistics:
  Matrix range     [1e+00, 2e+04]
  Objective range  [1e+00, 1e+00]
  Bounds range     [1e+00, 1e+04]
  RHS range        [1e+00, 6e+04]
Found heuristic solution: objective 256
Presolve removed 5827 rows and 657 columns
Presolve time: 0.06s
Presolved: 4146 rows, 677 columns, 19061 nonzeros
Variable types: 332 continuous, 345 integer (345 binary)
Presolve removed 0 rows and 15 columns
Presolved: 677 rows, 4808 columns, 19660 nonzeros

Presolve removed 677 rows and 4808 columns

Root relaxation: objective 9.600000e+01, 1528 iterations, 0.06 seconds

    Nodes    |    Current Node    |     Objective Bounds      |     Work
 Expl Unexpl |  Obj  Depth IntInf | Incumbent    BestBd   Gap | It/Node Time

     0     0   96.00000    0   12  256.00000   96.00000  62.5%     -    0s
H    0     0                     235.0000000   96.00000  59.1%     -    0s
H    0     0                     214.0000000   96.00000  55.1%     -    0s
     0     0   96.00000    0   55  214.00000   96.00000  55.1%     -    0s
     0     0   96.00000    0   54  214.00000   96.00000  55.1%     -    0s
     0     0   96.00000    0   45  214.00000   96.00000  55.1%     -    0s
     0     0   96.00000    0   47  214.00000   96.00000  55.1%     -    0s
     0     0   96.00000    0   48  214.00000   96.00000  55.1%     -    0s
     0     0   96.00000    0   46  214.00000   96.00000  55.1%     -    0s
     0     0   96.00000    0   45  214.00000   96.00000  55.1%     -    0s
     0     0   96.00000    0   50  214.00000   96.00000  55.1%     -    0s
     0     0   96.00000    0   11  214.00000   96.00000  55.1%     -    0s
H    0     0                     206.0000000   96.00000  53.4%     -    0s
     0     2   96.00000    0   11  206.00000   96.00000  53.4%     -    0s
H  201   146                     206.0000000   96.00000  53.4%   6.6    0s
H 1201   602                     199.5000000   96.00000  51.9%  10.9    2s
H 1203   573                     196.5000000   96.00000  51.1%  10.9    2s
* 1227   545              41     191.5000000   96.00000  49.9%  10.9    2s
  1903   598  167.50000   40    8  191.50000   96.00000  49.9%  10.3    5s
  7131  1968  175.50000   24   24  191.50000  136.50000  28.7%   9.9   10s
H 7934  2254                     191.5000000  137.50000  28.2%   9.9   10s
 14744  4069 infeasible   33       191.50000  137.50000  28.2%   9.8   15s
H14934  4127                     191.4999996  137.50000  28.2%   9.8   15s
 21733  5676  153.50000   24   20  191.50000  140.50000  26.6%   9.9   20s
 29523  6661  175.50000   26    3  191.50000  157.50000  17.8%   9.7   25s
 37249  8495 infeasible   35       191.50000  157.50000  17.8%   9.6   30s
 43408  8916  184.50000   34    2  191.50000  167.50000  12.5%   9.8   35s
 49618  9625 infeasible   31       191.50000  167.50000  12.5%   9.9   40s
 57518 10228  167.50000   29    4  191.50000  167.50000  12.5%  10.0   45s
 62112 10537 infeasible   35       191.50000  167.50000  12.5%  10.1   50s
 69121 10992 infeasible   44       191.50000  167.50000  12.5%  10.2   55s
 75438 11225  167.50000   32    5  191.50000  167.50000  12.5%  10.3   60s
 82979 11546 infeasible   33       191.50000  167.50000  12.5%  10.4   65s
 89604 12257 infeasible   33       191.50000  167.50000  12.5%  10.4   70s
 96153 12994  174.50000   29    8  191.50000  167.50000  12.5%  10.6   75s
 102174 13477  167.50000   26   24  191.50000  167.50000  12.5%  10.6   80s
 108834 13900  175.50000   37   18  191.50000  167.50000  12.5%  10.6   85s
 115950 14032  167.50000   40   14  191.50000  167.50000  12.5%  10.6   90s
 122673 14274 infeasible   38       191.50000  167.50000  12.5%  10.5   95s
H126600 14444                     191.4999712  167.50000  12.5%  10.5   98s
 128830 14486  167.50000   32   19  191.49997  167.50000  12.5%  10.5  100s
 134954 14453 infeasible   30       191.49997  167.50000  12.5%  10.5  105s
 142453 14813  167.50000   38   15  191.49997  167.50000  12.5%  10.4  110s
 149446 15398 infeasible   38       191.49997  167.50000  12.5%  10.4  115s
 156191 15467 infeasible   41       191.49997  170.50000  11.0%  10.4  120s
 162429 15664  172.50000   31   14  191.49997  172.50000  9.92%  10.4  125s
 169558 15770 infeasible   41       191.49997  174.50000  8.88%  10.4  130s
 176885 16121 infeasible   45       191.49997  174.50000  8.88%  10.4  135s
 183307 16197 infeasible   46       191.49997  174.50000  8.88%  10.4  140s
 190922 16464 infeasible   36       191.49997  174.50000  8.88%  10.4  145s
 199408 16850  191.00000   39    4  191.49997  174.50000  8.88%  10.4  150s
 207287 16950 infeasible   40       191.49997  174.50000  8.88%  10.4  155s
 215078 17077 infeasible   29       191.49997  174.50000  8.88%  10.3  160s
 222670 17045 infeasible   41       191.49997  174.50000  8.88%  10.3  165s
 230857 17129 infeasible   39       191.49997  174.50000  8.88%  10.3  170s
 237575 17187 infeasible   42       191.49997  174.50000  8.88%  10.3  175s
 245354 17101  174.50000   40    6  191.49997  174.50000  8.88%  10.3  180s
 253460 17240  190.00000   39    3  191.49997  174.50000  8.88%  10.3  185s
 259917 17455  174.50000   34    2  191.49997  174.50000  8.88%  10.3  190s
 268390 17650  174.50000   33    9  191.49997  174.50000  8.88%  10.2  195s
 274913 17847 infeasible   44       191.49997  174.50000  8.88%  10.3  200s
 282472 18088  181.50000   37    6  191.49997  174.50000  8.88%  10.3  205s
 290708 18101 infeasible   43       191.49997  174.50000  8.88%  10.3  210s
 298342 18257  174.50000   31    3  191.49997  174.50000  8.88%  10.3  215s
 305033 18309 infeasible   34       191.49997  174.50000  8.88%  10.3  220s
 312408 18703 infeasible   40       191.49997  174.50000  8.88%  10.3  225s
 319585 18760  174.50000   45    6  191.49997  174.50000  8.88%  10.3  230s
 326746 18937 infeasible   45       191.49997  174.50000  8.88%  10.3  235s
 335409 19197  174.50000   44    9  191.49997  174.50000  8.88%  10.3  240s
 342386 19146  174.50000   35    7  191.49997  174.50000  8.88%  10.3  245s
 351252 19330 infeasible   35       191.49997  174.50000  8.88%  10.3  250s
 358833 19399  174.50000   39    9  191.49997  174.50000  8.88%  10.3  255s
 366210 19562  174.50000   33    3  191.49997  174.50000  8.88%  10.3  260s
 373363 19512 infeasible   36       191.49997  174.50000  8.88%  10.3  265s
 380854 19776 infeasible   44       191.49997  174.50000  8.88%  10.4  270s
 388013 19831 infeasible   39       191.49997  174.50000  8.88%  10.4  275s
 394267 19976  191.00000   37    4  191.49997  174.50000  8.88%  10.4  280s
 402529 20226 infeasible   34       191.49997  174.50000  8.88%  10.4  285s
 410005 20405  174.50000   45    7  191.49997  174.50000  8.88%  10.4  290s
 417842 20311 infeasible   35       191.49997  174.50000  8.88%  10.4  295s
 424667 20253  174.50000   23    5  191.49997  174.50000  8.88%  10.4  300s

Cutting planes:
  Gomory: 7
  Cover: 2
  Implied bound: 3
  MIR: 113
  Flow cover: 166
  Inf proof: 1

Explored 425035 nodes (4444431 simplex iterations) in 300.02 seconds
Thread count was 4 (of 4 available processors)

Solution count 10: 191.5 191.5 191.5 ... 235
Pool objective bound 174.5

Time limit reached
Best objective 1.914999711755e+02, best bound 1.745000000000e+02, gap 8.8773%

Gurobi 7.0.2 (win64) logging started 03/17/17 03:33:21

Parameter LogFile unchanged
   Value: log-opt-18.log  Default: 
Parameter presolve unchanged
   Value: 2  Min: -1  Max: 2  Default: -1
Parameter mipgap unchanged
   Value: 0.001  Min: 0.0  Max: 1e+100  Default: 0.0001
Parameter method unchanged
   Value: -1  Min: -1  Max: 4  Default: -1
Parameter timelimit unchanged
   Value: 300.0  Min: 0.0  Max: 1e+100  Default: 1e+100
Parameter mipfocus unchanged
   Value: 1  Min: 0  Max: 3  Default: 0
Optimize a model with 9973 rows, 1334 columns and 43774 nonzeros
Variable types: 647 continuous, 687 integer (681 binary)
Coefficient statistics:
  Matrix range     [1e+00, 2e+04]
  Objective range  [1e+00, 1e+00]
  Bounds range     [1e+00, 1e+04]
  RHS range        [1e+00, 6e+04]
Presolved: 4146 rows, 677 columns, 19061 nonzeros

Continuing optimization...

 425035 20265 infeasible   38       191.49997  174.50000  8.88%  10.4  300s
 431861 20527 infeasible   34       191.49997  174.50000  8.88%  10.5  305s
 438698 20555  174.50000   39    9  191.49997  174.50000  8.88%  10.5  310s
 445980 20596  181.50000   35    4  191.49997  174.50000  8.88%  10.5  315s
 453648 20641  191.00000   36    7  191.49997  174.50000  8.88%  10.5  320s
 460344 20808 infeasible   37       191.49997  174.50000  8.88%  10.5  325s
 467795 20700 infeasible   43       191.49997  174.50000  8.88%  10.5  330s
 475597 20891  174.50000   34    6  191.49997  174.50000  8.88%  10.5  335s
 483094 21086  174.50000   35   13  191.49997  174.50000  8.88%  10.5  340s
 489137 21296  191.00000   38    1  191.49997  174.50000  8.88%  10.5  345s
 497399 21606  191.00000   34    7  191.49997  174.50000  8.88%  10.5  350s
 504692 21795  174.50000   39    8  191.49997  174.50000  8.88%  10.5  355s
 512976 21990  189.00000   34    7  191.49997  174.50000  8.88%  10.4  360s
 519297 22135 infeasible   31       191.49997  174.50000  8.88%  10.4  365s
 526373 22208  174.50000   38    9  191.49997  174.50000  8.88%  10.4  370s
 533769 22304  174.50000   33    5  191.49997  174.50000  8.88%  10.4  375s
 540632 22538 infeasible   42       191.49997  174.50000  8.88%  10.4  380s
 547671 22594 infeasible   38       191.49997  174.50000  8.88%  10.4  385s
 555202 22723 infeasible   34       191.49997  174.50000  8.88%  10.4  390s
 563297 22919  174.50000   24   21  191.49997  174.50000  8.88%  10.4  395s
 569858 23224  174.50000   29   11  191.49997  174.50000  8.88%  10.4  400s
 577251 23474  180.50000   38    7  191.49997  174.50000  8.88%  10.4  405s
 583843 23637  190.00000   37    8  191.49997  174.50000  8.88%  10.3  410s
 591305 23720  175.00000   43    3  191.49997  174.50000  8.88%  10.4  415s
 598580 23932 infeasible   37       191.49997  174.50000  8.88%  10.4  420s
 605485 24273 infeasible   46       191.49997  174.50000  8.88%  10.3  425s
 612199 24553 infeasible   33       191.49997  174.50000  8.88%  10.3  430s
 618323 24777 infeasible   35       191.49997  174.50000  8.88%  10.3  435s
 626010 24870  191.00000   36    3  191.49997  174.50000  8.88%  10.3  440s
 633132 25245  175.50000   28   16  191.49997  174.50000  8.88%  10.3  445s
 640447 25655 infeasible   33       191.49997  174.50000  8.88%  10.3  450s
 647307 25854  190.00000   36   12  191.49997  174.50000  8.88%  10.3  455s
 653637 26158 infeasible   36       191.49997  174.50000  8.88%  10.3  460s
 661470 26378  174.50000   39    9  191.49997  174.50000  8.88%  10.3  465s
 668528 26503  174.50000   32   12  191.49997  174.50000  8.88%  10.3  470s
 676276 26681  191.00000   35    1  191.49997  174.50000  8.88%  10.4  475s
 683486 26770  174.50000   39    2  191.49997  174.50000  8.88%  10.4  480s
 691935 27068  174.50000   41    6  191.49997  174.50000  8.88%  10.4  485s
 699594 27217 infeasible   29       191.49997  174.50000  8.88%  10.4  490s
 706228 27340  176.50000   32   11  191.49997  174.50000  8.88%  10.4  495s
 713761 27512  176.50000   30    4  191.49997  174.50000  8.88%  10.4  500s
 720562 27846 infeasible   41       191.49997  174.50000  8.88%  10.4  505s
 727435 27922 infeasible   40       191.49997  174.50000  8.88%  10.4  510s
 734738 28116  174.50000   46    3  191.49997  174.50000  8.88%  10.4  515s
 741387 28208  174.50000   38    9  191.49997  174.50000  8.88%  10.4  520s
 748550 28614  184.50000   39    5  191.49997  174.50000  8.88%  10.4  525s
 754747 28719 infeasible   29       191.49997  174.50000  8.88%  10.4  530s
 763647 29118 infeasible   36       191.49997  174.50000  8.88%  10.4  535s
 770420 29342 infeasible   36       191.49997  174.50000  8.88%  10.4  540s
 776957 29553  174.50000   43    2  191.49997  174.50000  8.88%  10.4  545s
 783687 29678  174.50000   36    6  191.49997  174.50000  8.88%  10.4  550s
 790244 29921 infeasible   35       191.49997  174.50000  8.88%  10.4  555s
 797054 29423 infeasible   42       191.49997  175.50000  8.36%  10.4  560s
 804336 29759  181.50000   39    2  191.49997  175.50000  8.36%  10.5  565s
 810922 30266     cutoff   40       191.49997  175.50000  8.36%  10.5  570s
 818066 30427  175.50000   33   28  191.49997  175.50000  8.36%  10.5  575s
 824855 30520  175.50000   29    6  191.49997  175.50000  8.36%  10.5  580s
 831381 30560 infeasible   35       191.49997  175.50000  8.36%  10.5  585s
 839002 30699  175.50000   33    4  191.49997  175.50000  8.36%  10.5  590s
 845266 30821 infeasible   39       191.49997  175.50000  8.36%  10.5  595s
 851252 30780  175.50000   38    4  191.49997  175.50000  8.36%  10.6  600s

Cutting planes:
  Gomory: 8
  Cover: 5
  Implied bound: 4
  MIR: 116
  Flow cover: 177
  Inf proof: 1

Explored 851458 nodes (8989108 simplex iterations) in 300.03 seconds
Thread count was 4 (of 4 available processors)

Solution count 10: 191.5 191.5 191.5 ... 235
Pool objective bound 175.5

Time limit reached
Best objective 1.914999711755e+02, best bound 1.755000000000e+02, gap 8.3551%

#######################################
GN: iteration 0 at stage 2
Added demands: [0, 1, 2, 3, 4, 5, 6, 7, 8, 9, 10, 11, 12, 13, 14]
Fixed demands: []

Gurobi 7.0.2 (win64) logging started 03/17/17 03:38:21

Changed value of parameter LogFile to log-opt-18.log
   Prev: gurobi.log  Default: 
Changed value of parameter presolve to 2
   Prev: -1  Min: -1  Max: 2  Default: -1
Changed value of parameter mipgap to 0.001
   Prev: 0.0001  Min: 0.0  Max: 1e+100  Default: 0.0001
Parameter method unchanged
   Value: -1  Min: -1  Max: 4  Default: -1
Changed value of parameter timelimit to 300.0
   Prev: 1e+100  Min: 0.0  Max: 1e+100  Default: 1e+100
Changed value of parameter mipfocus to 1
   Prev: 0  Min: 0  Max: 3  Default: 0
Optimize a model with 26551 rows, 7022 columns and 84112 nonzeros
Variable types: 2285 continuous, 4737 integer (4731 binary)
Coefficient statistics:
  Matrix range     [5e-01, 2e+04]
  Objective range  [1e+00, 1e+00]
  Bounds range     [1e+00, 1e+04]
  RHS range        [1e+00, 6e+04]
Presolve removed 16515 rows and 4212 columns
Presolve time: 0.53s
Presolved: 10036 rows, 2810 columns, 36544 nonzeros
Variable types: 835 continuous, 1975 integer (1975 binary)
Found heuristic solution: objective 830.5000000
Found heuristic solution: objective 799.5000000
Found heuristic solution: objective 492.5000000
Presolve removed 485 rows and 230 columns
Presolved: 9551 rows, 2580 columns, 35276 nonzeros


Root relaxation: objective 9.600000e+01, 269 iterations, 0.06 seconds

    Nodes    |    Current Node    |     Objective Bounds      |     Work
 Expl Unexpl |  Obj  Depth IntInf | Incumbent    BestBd   Gap | It/Node Time

     0     0   96.00000    0   10  492.50000   96.00000  80.5%     -    0s
H    0     0                     246.0000000   96.00000  61.0%     -    0s
     0     0   96.00000    0   74  246.00000   96.00000  61.0%     -    1s
     0     0   96.00000    0   67  246.00000   96.00000  61.0%     -    1s
     0     0   96.00000    0   63  246.00000   96.00000  61.0%     -    1s
     0     0   96.00000    0   49  246.00000   96.00000  61.0%     -    1s
H    0     0                     238.0000000   96.00000  59.7%     -    1s
H    0     0                     238.0000000   96.00000  59.7%     -    1s
     0     0   96.00000    0   46  238.00000   96.00000  59.7%     -    1s
     0     0   96.00000    0   74  238.00000   96.00000  59.7%     -    1s
H    0     0                     236.0000000   96.00000  59.3%     -    1s
H    0     0                     230.0000000   96.00000  58.3%     -    1s
     0     0   96.00000    0   75  230.00000   96.00000  58.3%     -    1s
     0     0   96.00000    0   44  230.00000   96.00000  58.3%     -    1s
H    0     0                     219.0000000   96.00000  56.2%     -    2s
     0     2   96.00000    0   38  219.00000   96.00000  56.2%     -    2s
H   31    21                     208.0000000   96.00000  53.8%  56.4    2s
H  136    71                     196.5000000   96.00000  51.1%  29.5    2s
H  784   245                     191.5000000   96.00000  49.9%  13.9    3s
  1178   291 infeasible   40       191.50000   96.00000  49.9%  13.4    5s
  1856   405   96.00000   21   20  191.50000   96.00000  49.9%  12.1   10s
H 1889   412                     191.5000000   96.00000  49.9%  12.0   10s
  2186   418 infeasible   24       191.50000   96.00000  49.9%  11.8   15s
  2593   421   96.00000   33   22  191.50000   96.00000  49.9%  11.1   21s
  3223   471  174.50000   29    7  191.50000   96.00000  49.9%  11.6   25s
  4313   567   96.00000   27   19  191.50000   96.00000  49.9%  10.7   30s
  5349   661  175.50000   23   67  191.50000  167.50000  12.5%  11.6   35s
  6058   686  181.50000   40   11  191.50000  167.50000  12.5%  14.9   40s
  7517   801  175.50000   47    9  191.50000  167.50000  12.5%  17.6   45s
  9568  1236  174.50000   33   12  191.50000  174.50000  8.88%  20.4   50s
 11293  1364 infeasible   34       191.50000  174.50000  8.88%  22.7   55s
 12766  1567 infeasible   50       191.50000  174.50000  8.88%  24.6   60s
 13575  1622  174.50000   41   35  191.50000  174.50000  8.88%  26.0   65s
 16077  1753  174.50000   38   16  191.50000  174.50000  8.88%  26.9   70s
 18187  1964  174.50000   31    9  191.50000  174.50000  8.88%  27.5   75s
 20104  2282  174.50000   40    3  191.50000  174.50000  8.88%  28.2   80s
 21449  2356  174.50000   38   45  191.50000  174.50000  8.88%  28.5   85s
 23872  2468  174.50000   38    5  191.50000  174.50000  8.88%  29.1   91s
 25588  2606  181.50000   39    6  191.50000  174.50000  8.88%  29.5   95s
 27272  2802  174.50000   43   17  191.50000  174.50000  8.88%  29.8  100s
 29659  2947 infeasible   44       191.50000  174.50000  8.88%  29.9  105s
 31534  3054  175.50000   31   44  191.50000  174.50000  8.88%  30.3  112s
 31728  3122  175.50000   57    3  191.50000  174.50000  8.88%  30.4  115s
 33453  3102  175.50000   51   33  191.50000  174.50000  8.88%  30.6  120s
 34928  2978  175.50000   52    5  191.50000  174.50000  8.88%  31.0  125s
 37353  2605 infeasible   49       191.50000  174.50000  8.88%  31.1  130s
 39652  2374 infeasible   58       191.50000  174.50000  8.88%  30.9  135s
 42335  2577 infeasible   42       191.50000  174.50000  8.88%  30.5  140s
 45152  3216 infeasible   52       191.50000  174.50000  8.88%  30.4  145s
 47236  3695 infeasible   42       191.50000  174.50000  8.88%  30.5  150s
 48954  4057  174.50000   49    5  191.50000  174.50000  8.88%  30.5  156s
 50584  4435 infeasible   44       191.50000  174.50000  8.88%  30.5  160s
 53774  5121  189.50000   45    7  191.50000  174.50000  8.88%  30.5  165s
 56243  5486  174.50000   50   19  191.50000  174.50000  8.88%  30.4  170s
 57722  5674  175.50000   51    4  191.50000  174.50000  8.88%  30.4  175s
 60686  6243 infeasible   51       191.50000  174.50000  8.88%  30.4  180s
 63187  6659 infeasible   56       191.50000  174.50000  8.88%  30.5  185s
 65735  7180  191.00000   54    3  191.50000  174.50000  8.88%  30.5  190s
 68076  7723  191.00000   46   22  191.50000  174.50000  8.88%  30.3  195s
 70541  8310  181.50000   57    2  191.50000  174.50000  8.88%  30.3  200s
 72586  8797  181.50000   57    3  191.50000  174.50000  8.88%  30.4  205s
 74793  9208  181.50000   54   27  191.50000  174.50000  8.88%  30.3  210s
 77282  9762  174.50000   39   15  191.50000  174.50000  8.88%  30.3  215s
 79610 10331 infeasible   55       191.50000  174.50000  8.88%  30.3  220s
 81592 10761 infeasible   53       191.50000  174.50000  8.88%  30.2  225s
 83977 11271  183.00000   49    7  191.50000  174.50000  8.88%  30.3  230s
 86363 11655  174.50000   47    1  191.50000  174.50000  8.88%  30.4  235s
 86838 11729  174.50000   48   16  191.50000  174.50000  8.88%  30.4  240s
 88700 12119  174.50000   51   38  191.50000  174.50000  8.88%  30.5  245s
 90779 12394 infeasible   49       191.50000  174.50000  8.88%  30.7  250s
 92591 12627  191.00000   51    2  191.50000  174.50000  8.88%  30.7  255s
 94613 12799  174.50000   45   22  191.50000  174.50000  8.88%  30.8  261s
 96403 13026 infeasible   53       191.50000  174.50000  8.88%  30.9  265s
 98643 13313  174.50000   46    9  191.50000  174.50000  8.88%  31.1  271s
 100112 13468 infeasible   57       191.50000  174.50000  8.88%  31.2  275s
 102332 13715 infeasible   46       191.50000  174.50000  8.88%  31.5  281s
 103810 13742 infeasible   54       191.50000  174.50000  8.88%  31.6  285s
 105686 13982  174.50000   54    2  191.50000  174.50000  8.88%  31.7  290s
 107765 14210  180.50000   48   18  191.50000  174.50000  8.88%  31.9  295s
 109407 14511  174.50000   51   15  191.50000  174.50000  8.88%  32.1  300s

Cutting planes:
  Gomory: 10
  Cover: 9
  Implied bound: 19
  MIR: 80
  Flow cover: 159
  GUB cover: 1
  Zero half: 12

Explored 109411 nodes (3513222 simplex iterations) in 300.05 seconds
Thread count was 4 (of 4 available processors)

Solution count 10: 191.5 191.5 191.5 ... 238
Pool objective bound 174.5

Time limit reached
Best objective 1.914999999807e+02, best bound 1.745000000000e+02, gap 8.8773%

Gurobi 7.0.2 (win64) logging started 03/17/17 03:43:21

Parameter LogFile unchanged
   Value: log-opt-18.log  Default: 
Parameter presolve unchanged
   Value: 2  Min: -1  Max: 2  Default: -1
Parameter mipgap unchanged
   Value: 0.001  Min: 0.0  Max: 1e+100  Default: 0.0001
Parameter method unchanged
   Value: -1  Min: -1  Max: 4  Default: -1
Parameter timelimit unchanged
   Value: 300.0  Min: 0.0  Max: 1e+100  Default: 1e+100
Parameter mipfocus unchanged
   Value: 1  Min: 0  Max: 3  Default: 0
Optimize a model with 26551 rows, 7022 columns and 84112 nonzeros
Variable types: 2285 continuous, 4737 integer (4731 binary)
Coefficient statistics:
  Matrix range     [5e-01, 2e+04]
  Objective range  [1e+00, 1e+00]
  Bounds range     [1e+00, 1e+04]
  RHS range        [1e+00, 6e+04]
Presolved: 10036 rows, 2810 columns, 36544 nonzeros

Continuing optimization...

 109411 14463 infeasible   54       191.50000  174.50000  8.88%  32.1  301s
 110750 14603 infeasible   51       191.50000  174.50000  8.88%  32.2  307s
 111614 14648  174.50000   48   12  191.50000  174.50000  8.88%  32.2  310s
 113476 14857  174.50000   46   42  191.50000  174.50000  8.88%  32.3  316s
 115066 15079  174.50000   47   27  191.50000  174.50000  8.88%  32.3  320s
 116805 15380  174.50000   52   19  191.50000  174.50000  8.88%  32.4  325s
 118439 15562  191.00000   55   28  191.50000  174.50000  8.88%  32.7  331s
 119751 15707  174.50000   52   34  191.50000  174.50000  8.88%  32.7  335s
 122035 15888     cutoff   57       191.50000  174.50000  8.88%  32.7  340s
 123290 15959  191.00000   56   16  191.50000  174.50000  8.88%  32.7  345s
 124951 16007  174.50000   57    9  191.50000  174.50000  8.88%  32.9  350s
 126476 16125  174.50000   49   34  191.50000  174.50000  8.88%  33.0  355s
 128563 16481  181.50000   49    2  191.50000  174.50000  8.88%  33.0  360s
 130542 16724 infeasible   51       191.50000  174.50000  8.88%  33.0  366s
 132363 16957 infeasible   48       191.50000  174.50000  8.88%  33.0  370s
 134184 17258  174.50000   54   11  191.50000  174.50000  8.88%  33.0  375s
 136192 17458  174.50000   49   10  191.50000  174.50000  8.88%  33.0  380s
 137931 17602 infeasible   61       191.50000  174.50000  8.88%  33.0  385s
 139297 17695  174.50000   49    1  191.50000  174.50000  8.88%  33.0  390s
 141336 17984 infeasible   47       191.50000  174.50000  8.88%  33.0  395s
 143148 18167     cutoff   48       191.50000  174.50000  8.88%  33.0  400s
 145020 18450 infeasible   58       191.50000  174.50000  8.88%  33.1  406s
 146627 18695  174.50000   55   22  191.50000  174.50000  8.88%  33.1  410s
 148236 18862  191.00000   59    1  191.50000  174.50000  8.88%  33.2  415s
 150186 18963  174.50000   49    1  191.50000  174.50000  8.88%  33.3  420s
 151877 19046  174.50000   55    9  191.50000  174.50000  8.88%  33.3  425s
 154253 19337  174.50000   60   12  191.50000  174.50000  8.88%  33.3  431s
 154970 19375 infeasible   64       191.50000  174.50000  8.88%  33.3  435s
 156945 19427 infeasible   58       191.50000  174.50000  8.88%  33.3  440s
 157449 19464 infeasible   50       191.50000  174.50000  8.88%  33.3  445s
 159707 19679  174.50000   52    7  191.50000  174.50000  8.88%  33.4  450s
 161771 19809  174.50000   61   23  191.50000  174.50000  8.88%  33.4  455s
 163681 19924  174.50000   47   20  191.50000  174.50000  8.88%  33.5  460s
 165782 20037  174.50000   49    8  191.50000  174.50000  8.88%  33.5  465s
 167648 20108 infeasible   59       191.50000  174.50000  8.88%  33.5  471s
 168563 20218 infeasible   56       191.50000  174.50000  8.88%  33.6  476s
 169626 20271 infeasible   52       191.50000  174.50000  8.88%  33.6  480s
 171649 20401 infeasible   60       191.50000  174.50000  8.88%  33.7  485s
 173764 20728 infeasible   57       191.50000  174.50000  8.88%  33.7  490s
 175630 20899  181.50000   52   20  191.50000  174.50000  8.88%  33.8  495s
 177502 21033 infeasible   47       191.50000  174.50000  8.88%  33.9  500s
 179606 21219  174.50000   48    2  191.50000  174.50000  8.88%  33.9  506s
 180648 21346  174.50000   52    1  191.50000  174.50000  8.88%  34.0  510s
 182403 21448  184.50000   51    1  191.50000  174.50000  8.88%  34.1  515s
 184318 21544  174.50000   51    4  191.50000  174.50000  8.88%  34.2  520s
 185826 21736  174.50000   54    9  191.50000  174.50000  8.88%  34.2  525s
 187373 21749 infeasible   56       191.50000  174.50000  8.88%  34.2  530s
 189445 21906  174.50000   56   41  191.50000  174.50000  8.88%  34.2  535s
 191045 22005  174.50000   43   44  191.50000  174.50000  8.88%  34.3  540s
 192729 22096  174.50000   57   25  191.50000  174.50000  8.88%  34.4  545s
 194670 22179  174.50000   51   33  191.50000  174.50000  8.88%  34.4  550s
 196475 22307 infeasible   60       191.50000  174.50000  8.88%  34.5  555s
 198325 22434  174.50000   45   29  191.50000  174.50000  8.88%  34.6  560s
 199515 22520 infeasible   54       191.50000  174.50000  8.88%  34.6  565s
 201778 22693  184.50000   55    3  191.50000  174.50000  8.88%  34.6  571s
 203227 22803 infeasible   55       191.50000  174.50000  8.88%  34.6  575s
 204884 22834  191.00000   59    2  191.50000  174.50000  8.88%  34.6  580s
 207083 22915 infeasible   54       191.50000  174.50000  8.88%  34.6  585s
 209281 23054 infeasible   58       191.50000  174.50000  8.88%  34.6  590s
 210897 23196 infeasible   52       191.50000  174.50000  8.88%  34.6  597s
 210941 23170 infeasible   54       191.50000  174.50000  8.88%  34.6  600s

Cutting planes:
  Gomory: 11
  Cover: 9
  Implied bound: 19
  MIR: 101
  Flow cover: 178
  GUB cover: 2
  Zero half: 13

Explored 211286 nodes (7327001 simplex iterations) in 300.05 seconds
Thread count was 4 (of 4 available processors)

Solution count 10: 191.5 191.5 191.5 ... 238
Pool objective bound 174.5

Time limit reached
Best objective 1.914999999807e+02, best bound 1.745000000000e+02, gap 8.8773%

#######################################
TR: iteration 0 at stage 3
Added demands: [0, 1, 2, 3, 4, 5, 6, 7, 8, 9, 10, 11, 12, 13, 14, 15, 16, 17, 18, 19]
Fixed demands: []

Gurobi 7.0.2 (win64) logging started 03/17/17 03:48:26

Changed value of parameter LogFile to log-opt-18.log
   Prev: gurobi.log  Default: 
Changed value of parameter presolve to 2
   Prev: -1  Min: -1  Max: 2  Default: -1
Changed value of parameter mipgap to 0.001
   Prev: 0.0001  Min: 0.0  Max: 1e+100  Default: 0.0001
Parameter method unchanged
   Value: -1  Min: -1  Max: 4  Default: -1
Changed value of parameter timelimit to 300.0
   Prev: 1e+100  Min: 0.0  Max: 1e+100  Default: 1e+100
Changed value of parameter mipfocus to 1
   Prev: 0  Min: 0  Max: 3  Default: 0
Optimize a model with 16993 rows, 1874 columns and 76559 nonzeros
Variable types: 862 continuous, 1012 integer (1006 binary)
Coefficient statistics:
  Matrix range     [1e+00, 2e+04]
  Objective range  [1e+00, 1e+00]
  Bounds range     [1e+00, 1e+04]
  RHS range        [1e+00, 6e+04]
Found heuristic solution: objective 352.5
Presolve removed 9865 rows and 915 columns
Presolve time: 0.11s
Presolved: 7128 rows, 959 columns, 33361 nonzeros
Variable types: 448 continuous, 511 integer (511 binary)
Presolve removed 0 rows and 20 columns
Presolved: 959 rows, 8067 columns, 34213 nonzeros

Presolve removed 959 rows and 8067 columns

Root relaxation: objective 9.600000e+01, 4603 iterations, 0.29 seconds

    Nodes    |    Current Node    |     Objective Bounds      |     Work
 Expl Unexpl |  Obj  Depth IntInf | Incumbent    BestBd   Gap | It/Node Time

     0     0   96.00000    0   29  352.50000   96.00000  72.8%     -    0s
H    0     0                     230.0000000   96.00000  58.3%     -    0s
     0     0   96.00000    0   64  230.00000   96.00000  58.3%     -    0s
     0     0   96.00000    0   68  230.00000   96.00000  58.3%     -    0s
     0     0   96.00000    0   69  230.00000   96.00000  58.3%     -    0s
     0     0   96.00000    0   60  230.00000   96.00000  58.3%     -    0s
     0     0   96.00000    0   61  230.00000   96.00000  58.3%     -    0s
     0     0   96.00000    0   65  230.00000   96.00000  58.3%     -    0s
H    0     0                     214.0000000   96.00000  55.1%     -    1s
     0     0   96.00000    0   59  214.00000   96.00000  55.1%     -    1s
     0     0   96.00000    0   64  214.00000   96.00000  55.1%     -    1s
     0     0   96.00000    0   33  214.00000   96.00000  55.1%     -    1s
     0     2   96.00000    0   18  214.00000   96.00000  55.1%     -    1s
H  392   300                     208.0000000   96.00000  53.8%   7.2    1s
H  642   425                     208.0000000   96.00000  53.8%   6.6    2s
H 1078   589                     206.0000000   96.00000  53.4%   6.0    4s
  1085   597   96.00000   13   30  206.00000   96.00000  53.4%  13.6    5s
H 1533   696                     206.0000000   96.00000  53.4%  13.5    7s
  1973   817  174.50000   39   21  206.00000   96.00000  53.4%  12.9   10s
  3745  1551  175.50000   41   24  206.00000   96.00000  53.4%  12.0   15s
H 5726  2538                     206.0000000  104.50000  49.3%  11.1   17s
  7501  3331 infeasible   40       206.00000  120.50000  41.5%  10.7   20s
 11745  4984  175.50000   34   24  206.00000  126.50000  38.6%  10.3   25s
 15755  6816  175.50000   32   15  206.00000  127.50000  38.1%  10.1   30s
 20073  8420 infeasible   45       206.00000  130.50000  36.7%  10.1   35s
 24520  9726  200.00000   52    6  206.00000  130.50000  36.7%  10.2   40s
 28874 11002 infeasible   47       206.00000  135.50000  34.2%  10.2   45s
 32841 12336  140.50000   35   35  206.00000  136.50000  33.7%  10.2   50s
 37138 13887  174.50000   50   15  206.00000  137.50000  33.3%  10.2   55s
 41022 15208  167.50000   44   38  206.00000  137.50000  33.3%  10.2   60s
 45172 16372  196.50000   44    8  206.00000  138.50000  32.8%  10.3   65s
 49171 17088  196.50000   39   23  206.00000  141.50000  31.3%  10.3   70s
 53062 17742 infeasible   43       206.00000  141.50000  31.3%  10.3   75s
 57847 18946 infeasible   47       206.00000  141.50000  31.3%  10.2   80s
 62280 19738  141.50000   40   30  206.00000  141.50000  31.3%  10.1   85s
 66736 20655 infeasible   42       206.00000  141.50000  31.3%  10.1   90s
 70409 21620 infeasible   55       206.00000  141.50000  31.3%  10.1   95s
 74413 22711  155.50000   46   25  206.00000  145.50000  29.4%  10.2  100s
 78027 23282  145.50000   54   29  206.00000  145.50000  29.4%  10.3  105s
 81628 23648 infeasible   52       206.00000  145.50000  29.4%  10.4  110s
 85811 24171 infeasible   47       206.00000  145.50000  29.4%  10.4  115s
 88957 24483  153.50000   34   28  206.00000  145.50000  29.4%  10.5  120s
 92747 24950 infeasible   47       206.00000  145.50000  29.4%  10.6  125s
 96446 25247  196.50000   47   13  206.00000  145.50000  29.4%  10.6  130s
 99811 25408 infeasible   48       206.00000  145.50000  29.4%  10.6  135s
 103462 25714 infeasible   46       206.00000  145.50000  29.4%  10.7  140s
 107063 25998 infeasible   54       206.00000  145.50000  29.4%  10.7  145s
 110241 26720 infeasible   49       206.00000  145.50000  29.4%  10.8  150s
 114179 27782 infeasible   49       206.00000  145.50000  29.4%  10.8  155s
 117363 28638  145.50000   50   27  206.00000  145.50000  29.4%  10.9  160s
 120720 29615 infeasible   51       206.00000  145.50000  29.4%  10.9  165s
 124573 30580  145.50000   47   27  206.00000  145.50000  29.4%  11.0  170s
 127843 31226  145.50000   46   25  206.00000  145.50000  29.4%  11.0  175s
 131624 32098  145.50000   50   27  206.00000  145.50000  29.4%  11.0  180s
 134668 32631  174.50000   46   30  206.00000  145.50000  29.4%  11.1  185s
 138072 33133  196.50000   54   11  206.00000  145.50000  29.4%  11.1  190s
 141562 33621  196.50000   50   22  206.00000  145.50000  29.4%  11.1  195s
 145368 34139     cutoff   61       206.00000  145.50000  29.4%  11.1  200s
 149323 34620  196.50000   56   23  206.00000  145.50000  29.4%  11.1  205s
 153243 35110 infeasible   51       206.00000  145.50000  29.4%  11.1  210s
 156832 35413 infeasible   51       206.00000  145.50000  29.4%  11.1  215s
 160840 35905 infeasible   61       206.00000  145.50000  29.4%  11.2  220s
 164189 36290 infeasible   55       206.00000  145.50000  29.4%  11.2  225s
 167394 36526 infeasible   57       206.00000  145.50000  29.4%  11.2  230s
 171537 36893  196.50000   51    9  206.00000  148.50000  27.9%  11.2  235s
 174997 37150  153.50000   53   18  206.00000  148.50000  27.9%  11.2  240s
 178680 37314 infeasible   56       206.00000  148.50000  27.9%  11.2  245s
 182502 37614  196.50000   51   13  206.00000  148.50000  27.9%  11.2  250s
 186060 38156  174.50000   39   19  206.00000  149.50000  27.4%  11.3  255s
 189758 39045  196.50000   47   11  206.00000  149.50000  27.4%  11.3  260s
 192966 39216  199.00000   49   13  206.00000  150.50000  26.9%  11.3  265s
 197405 39689  181.50000   47   20  206.00000  150.50000  26.9%  11.2  270s
 201540 39817 infeasible   37       206.00000  150.50000  26.9%  11.2  275s
 206287 40214  150.50000   49   25  206.00000  150.50000  26.9%  11.1  280s
 210529 40469  150.50000   43   33  206.00000  150.50000  26.9%  11.0  285s
 215210 40664  150.50000   47   25  206.00000  150.50000  26.9%  11.0  290s
 219374 40780 infeasible   44       206.00000  151.50000  26.5%  11.0  295s
 223250 41161 infeasible   42       206.00000  151.50000  26.5%  10.9  300s

Cutting planes:
  Gomory: 21
  Cover: 3
  Implied bound: 1
  MIR: 135
  Flow cover: 224

Explored 223273 nodes (2450436 simplex iterations) in 300.04 seconds
Thread count was 4 (of 4 available processors)

Solution count 8: 206 206 206 ... 352.5
Pool objective bound 151.5

Time limit reached
Best objective 2.059999999586e+02, best bound 1.515000000000e+02, gap 26.4563%

Gurobi 7.0.2 (win64) logging started 03/17/17 03:53:27

Parameter LogFile unchanged
   Value: log-opt-18.log  Default: 
Parameter presolve unchanged
   Value: 2  Min: -1  Max: 2  Default: -1
Parameter mipgap unchanged
   Value: 0.001  Min: 0.0  Max: 1e+100  Default: 0.0001
Parameter method unchanged
   Value: -1  Min: -1  Max: 4  Default: -1
Parameter timelimit unchanged
   Value: 300.0  Min: 0.0  Max: 1e+100  Default: 1e+100
Parameter mipfocus unchanged
   Value: 1  Min: 0  Max: 3  Default: 0
Optimize a model with 16993 rows, 1874 columns and 76559 nonzeros
Variable types: 862 continuous, 1012 integer (1006 binary)
Coefficient statistics:
  Matrix range     [1e+00, 2e+04]
  Objective range  [1e+00, 1e+00]
  Bounds range     [1e+00, 1e+04]
  RHS range        [1e+00, 6e+04]
Presolved: 7128 rows, 959 columns, 33361 nonzeros

Continuing optimization...

 223273 41095  151.50000   40   37  206.00000  151.50000  26.5%  10.9  300s
 226570 41612 infeasible   28       206.00000  152.50000  26.0%  10.9  305s
 230122 42218     cutoff   45       206.00000  152.50000  26.0%  11.0  310s
 233017 42615  196.50000   42   11  206.00000  152.50000  26.0%  11.0  315s
 236553 42932  152.50000   44   19  206.00000  152.50000  26.0%  11.0  320s
 239984 43615     cutoff   44       206.00000  152.50000  26.0%  11.1  325s
 244231 44626  152.50000   39   30  206.00000  152.50000  26.0%  11.1  330s
 248059 45468 infeasible   46       206.00000  152.50000  26.0%  11.1  335s
 251517 46028  175.50000   39   31  206.00000  152.50000  26.0%  11.1  340s
 255754 47032  196.50000   55   14  206.00000  152.50000  26.0%  11.1  345s
 259469 47779  181.00000   45   17  206.00000  152.50000  26.0%  11.1  350s
 263573 48577  205.00000   39   23  206.00000  152.50000  26.0%  11.1  355s
 267803 48877 infeasible   41       206.00000  152.50000  26.0%  11.0  360s
 271807 49151  196.50000   47   14  206.00000  152.50000  26.0%  11.0  365s
 275980 49666  159.50000   46   15  206.00000  152.50000  26.0%  11.0  370s
 278823 49999 infeasible   53       206.00000  153.50000  25.5%  11.0  375s
 282331 50400 infeasible   53       206.00000  153.50000  25.5%  11.0  380s
 285601 50746  196.50000   57   11  206.00000  153.50000  25.5%  11.1  385s
 289072 50948 infeasible   56       206.00000  153.50000  25.5%  11.1  390s
 292050 51050 infeasible   55       206.00000  153.50000  25.5%  11.1  395s
H293667 51108                     205.9999999  153.50000  25.5%  11.1  397s
 294885 51092  199.00000   58   16  206.00000  153.50000  25.5%  11.1  400s
 297944 51307  199.00000   61   13  206.00000  153.50000  25.5%  11.1  405s
 301679 51775 infeasible   48       206.00000  153.50000  25.5%  11.2  410s
 305124 52166 infeasible   46       206.00000  153.50000  25.5%  11.2  415s
 309381 52975  153.50000   55   25  206.00000  153.50000  25.5%  11.2  420s
 312691 53199  176.50000   52   20  206.00000  153.50000  25.5%  11.2  425s
 316277 53308  153.50000   58   22  206.00000  153.50000  25.5%  11.2  430s
H316933 53318                     205.9998778  153.50000  25.5%  11.2  430s
 320148 53613  202.00000   54   14  205.99988  153.50000  25.5%  11.2  435s
 322510 53561  153.50000   48   28  205.99988  153.50000  25.5%  11.3  440s
 325617 53642  196.50000   45   10  205.99988  153.50000  25.5%  11.3  445s
 329522 54200  196.50000   52   15  205.99988  153.50000  25.5%  11.3  450s
H332480 54731                     205.9997678  153.50000  25.5%  11.3  453s
 332723 54712 infeasible   43       205.99977  153.50000  25.5%  11.3  455s
 335793 55052  153.50000   45   17  205.99977  153.50000  25.5%  11.3  460s
 339577 55199 infeasible   58       205.99977  153.50000  25.5%  11.3  465s
 343175 55438  153.50000   33   25  205.99977  153.50000  25.5%  11.4  470s
 347677 55943 infeasible   47       205.99977  153.50000  25.5%  11.4  475s
 350240 56059  198.00000   50   21  205.99977  153.50000  25.5%  11.4  480s
 354025 56582 infeasible   48       205.99977  153.50000  25.5%  11.4  485s
 357541 56993 infeasible   47       205.99977  153.50000  25.5%  11.4  490s
 361094 57318 infeasible   60       205.99977  153.50000  25.5%  11.4  495s
 365152 57194  156.50000   55   23  205.99977  156.50000  24.0%  11.4  500s
 369497 57855 infeasible   52       205.99977  157.50000  23.5%  11.4  505s
 373325 58699  158.50000   42   12  205.99977  158.50000  23.1%  11.4  510s
 376383 59306  199.00000   56   10  205.99977  158.50000  23.1%  11.5  515s
 378933 59705 infeasible   56       205.99977  158.50000  23.1%  11.5  520s
 381707 60092  199.00000   54   18  205.99977  158.50000  23.1%  11.5  525s
 385353 60692  158.50000   58   17  205.99977  158.50000  23.1%  11.5  530s
 387537 61088  199.00000   48   22  205.99977  158.50000  23.1%  11.5  535s
 391570 61636 infeasible   47       205.99977  158.50000  23.1%  11.5  540s
 394694 62134 infeasible   53       205.99977  158.50000  23.1%  11.5  545s
 398576 62564  196.50000   56   12  205.99977  158.50000  23.1%  11.6  550s
 401987 63135 infeasible   52       205.99977  158.50000  23.1%  11.6  555s
 405163 63752 infeasible   51       205.99977  158.50000  23.1%  11.6  560s
 408472 64293  167.50000   38   31  205.99977  158.50000  23.1%  11.6  565s
 411910 64645 infeasible   51       205.99977  158.50000  23.1%  11.6  570s
 413960 64914  199.00000   46   13  205.99977  158.50000  23.1%  11.6  575s
 417693 65282 infeasible   52       205.99977  158.50000  23.1%  11.6  580s
 421245 65637  188.00000   44   21  205.99977  158.50000  23.1%  11.6  585s
 424006 66049 infeasible   46       205.99977  158.50000  23.1%  11.7  590s
 427182 66308  195.00000   43   14  205.99977  158.50000  23.1%  11.7  595s
 430855 66609 infeasible   47       205.99977  158.50000  23.1%  11.7  600s

Cutting planes:
  Gomory: 23
  Cover: 3
  Implied bound: 1
  MIR: 142
  Flow cover: 235

Explored 430969 nodes (5053241 simplex iterations) in 300.04 seconds
Thread count was 4 (of 4 available processors)

Solution count 10: 206 206 206 ... 230
Pool objective bound 158.5

Time limit reached
Best objective 2.059997678003e+02, best bound 1.585000000000e+02, gap 23.0582%

#######################################
GN: iteration 0 at stage 3
Added demands: [0, 1, 2, 3, 4, 5, 6, 7, 8, 9, 10, 11, 12, 13, 14, 15, 16, 17, 18, 19]
Fixed demands: []

Gurobi 7.0.2 (win64) logging started 03/17/17 03:58:27

Changed value of parameter LogFile to log-opt-18.log
   Prev: gurobi.log  Default: 
Changed value of parameter presolve to 2
   Prev: -1  Min: -1  Max: 2  Default: -1
Changed value of parameter mipgap to 0.001
   Prev: 0.0001  Min: 0.0  Max: 1e+100  Default: 0.0001
Parameter method unchanged
   Value: -1  Min: -1  Max: 4  Default: -1
Changed value of parameter timelimit to 300.0
   Prev: 1e+100  Min: 0.0  Max: 1e+100  Default: 1e+100
Changed value of parameter mipfocus to 1
   Prev: 0  Min: 0  Max: 3  Default: 0
Optimize a model with 44491 rows, 11252 columns and 144737 nonzeros
Variable types: 3040 continuous, 8212 integer (8206 binary)
Coefficient statistics:
  Matrix range     [5e-01, 2e+04]
  Objective range  [1e+00, 1e+00]
  Bounds range     [1e+00, 1e+04]
  RHS range        [1e+00, 6e+04]
Presolve removed 27135 rows and 6655 columns
Presolve time: 1.23s
Presolved: 17356 rows, 4597 columns, 63831 nonzeros
Variable types: 1122 continuous, 3475 integer (3475 binary)
Found heuristic solution: objective 799.5000000
Found heuristic solution: objective 532.5000000
Presolve removed 655 rows and 308 columns
Presolved: 16701 rows, 4289 columns, 62108 nonzeros


Root relaxation: objective 9.600000e+01, 506 iterations, 0.16 seconds

    Nodes    |    Current Node    |     Objective Bounds      |     Work
 Expl Unexpl |  Obj  Depth IntInf | Incumbent    BestBd   Gap | It/Node Time

     0     0   96.00000    0   22  532.50000   96.00000  82.0%     -    1s
H    0     0                     335.5000000   96.00000  71.4%     -    2s
H    0     0                     301.5000000   96.00000  68.2%     -    2s
H    0     0                     278.5000000   96.00000  65.5%     -    2s
     0     0   96.00000    0  126  278.50000   96.00000  65.5%     -    2s
H    0     0                     275.5000000   96.00000  65.2%     -    3s
H    0     0                     272.5000000   96.00000  64.8%     -    3s
     0     0   96.00000    0  103  272.50000   96.00000  64.8%     -    3s
     0     0   96.00000    0  125  272.50000   96.00000  64.8%     -    3s
H    0     0                     271.5000000   96.00000  64.6%     -    3s
     0     0   96.00000    0  114  271.50000   96.00000  64.6%     -    3s
     0     0   96.00000    0  156  271.50000   96.00000  64.6%     -    3s
H    0     0                     265.5000000   96.00000  63.8%     -    4s
H    0     0                     246.5000000   96.00000  61.1%     -    4s
     0     0   96.00000    0  152  246.50000   96.00000  61.1%     -    4s
     0     0   96.00000    0  133  246.50000   96.00000  61.1%     -    4s
     0     0   96.00000    0  139  246.50000   96.00000  61.1%     -    4s
     0     0   96.00000    0   34  246.50000   96.00000  61.1%     -    5s
     0     2   96.00000    0   33  246.50000   96.00000  61.1%     -    6s
    15    16   96.00000    5  204  246.50000   96.00000  61.1%  4257   54s
H   23    24                     246.0000000   96.00000  61.0%  2789   54s
    27    25   96.00000    8  148  246.00000   96.00000  61.0%  2380   56s
H   36    33                     246.0000000   96.00000  61.0%  1791   58s
H   38    34                     243.5000000   96.00000  60.6%  1699   58s
    45    38   96.00000   10   76  243.50000   96.00000  60.6%  2103   71s
H   47    39                     243.0000000   96.00000  60.5%  2017   71s
    78    67   96.00000   11   92  243.00000   96.00000  60.5%  1236  120s
H   79    67                     242.5000000   96.00000  60.4%  1220  120s
   197   137   96.00000   13  109  242.50000   96.00000  60.4%   810  163s
H  204   141                     241.5000000   96.00000  60.2%  1055  163s
H  501   233                     230.0000000   96.00000  58.3%   443  208s
   752   323   96.00000   18  113  230.00000   96.00000  58.3%   538  284s
H  881   384                     229.0000000   96.00000  58.1%   465  284s
   883   382   96.00000   19  100  229.00000   96.00000  58.1%   592  300s
H  895   363                     215.0000000   96.00000  55.3%   584  300s
H  899   359                     214.0000000   96.00000  55.1%   582  300s

Cutting planes:
  Gomory: 12
  Implied bound: 23
  MIR: 83
  Flow cover: 29

Explored 902 nodes (532117 simplex iterations) in 300.03 seconds
Thread count was 4 (of 4 available processors)

Solution count 10: 214 215 229 ... 246
Pool objective bound 96

Time limit reached
Best objective 2.140000000000e+02, best bound 9.600000000000e+01, gap 55.1402%

Gurobi 7.0.2 (win64) logging started 03/17/17 04:03:27

Parameter LogFile unchanged
   Value: log-opt-18.log  Default: 
Parameter presolve unchanged
   Value: 2  Min: -1  Max: 2  Default: -1
Parameter mipgap unchanged
   Value: 0.001  Min: 0.0  Max: 1e+100  Default: 0.0001
Parameter method unchanged
   Value: -1  Min: -1  Max: 4  Default: -1
Parameter timelimit unchanged
   Value: 300.0  Min: 0.0  Max: 1e+100  Default: 1e+100
Parameter mipfocus unchanged
   Value: 1  Min: 0  Max: 3  Default: 0
Optimize a model with 44491 rows, 11252 columns and 144737 nonzeros
Variable types: 3040 continuous, 8212 integer (8206 binary)
Coefficient statistics:
  Matrix range     [5e-01, 2e+04]
  Objective range  [1e+00, 1e+00]
  Bounds range     [1e+00, 1e+04]
  RHS range        [1e+00, 6e+04]
Presolved: 17356 rows, 4597 columns, 63831 nonzeros

Continuing optimization...

   902   352   96.00000   20   92  214.00000   96.00000  55.1%   602  337s
H  909   352                     214.0000000   96.00000  55.1%   598  337s
  1249   499  106.32992   33   30  214.00000   96.00000  55.1%   597  385s
  1614   683   96.00000   22   86  214.00000   96.00000  55.1%   573  452s
  1628   694  153.50000   29  648  214.00000   96.00000  55.1%   670  518s
  1642   697 infeasible   32       214.00000   96.00000  55.1%   805  583s
  1675   696 infeasible   33       214.00000   96.00000  55.1%   938  600s

Cutting planes:
  Gomory: 13
  Implied bound: 23
  MIR: 112
  Flow cover: 40

Explored 2002 nodes (1641995 simplex iterations) in 300.05 seconds
Thread count was 4 (of 4 available processors)

Solution count 10: 214 214 215 ... 246
Pool objective bound 96

Time limit reached
Best objective 2.139999999785e+02, best bound 9.600000000000e+01, gap 55.1402%

#######################################
I AM CHEATING!!! at stage 3

Gurobi 7.0.2 (win64) logging started 03/17/17 04:08:27

Parameter LogFile unchanged
   Value: log-opt-18.log  Default: 
Parameter presolve unchanged
   Value: 2  Min: -1  Max: 2  Default: -1
Parameter mipgap unchanged
   Value: 0.001  Min: 0.0  Max: 1e+100  Default: 0.0001
Parameter method unchanged
   Value: -1  Min: -1  Max: 4  Default: -1
Parameter timelimit unchanged
   Value: 300.0  Min: 0.0  Max: 1e+100  Default: 1e+100
Parameter mipfocus unchanged
   Value: 1  Min: 0  Max: 3  Default: 0
Optimize a model with 44491 rows, 11252 columns and 144737 nonzeros
Variable types: 3040 continuous, 8212 integer (8206 binary)
Coefficient statistics:
  Matrix range     [5e-01, 2e+04]
  Objective range  [1e+00, 1e+00]
  Bounds range     [1e+00, 1e+04]
  RHS range        [1e+00, 6e+04]
Found heuristic solution: objective 206
Presolve removed 44491 rows and 11252 columns
Presolve time: 0.03s
Presolve: All rows and columns removed

Explored 0 nodes (0 simplex iterations) in 0.06 seconds
Thread count was 1 (of 4 available processors)

Solution count 1: 206 
Pool objective bound 206

Optimal solution found (tolerance 1.00e-03)
Best objective 2.059999999999e+02, best bound 2.059999999999e+02, gap 0.0000%

Gurobi 7.0.2 (win64) logging started 03/17/17 04:08:27

Parameter LogFile unchanged
   Value: log-opt-18.log  Default: 
Parameter presolve unchanged
   Value: 2  Min: -1  Max: 2  Default: -1
Parameter mipgap unchanged
   Value: 0.001  Min: 0.0  Max: 1e+100  Default: 0.0001
Parameter method unchanged
   Value: -1  Min: -1  Max: 4  Default: -1
Parameter timelimit unchanged
   Value: 300.0  Min: 0.0  Max: 1e+100  Default: 1e+100
Parameter mipfocus unchanged
   Value: 1  Min: 0  Max: 3  Default: 0
Optimize a model with 44491 rows, 11252 columns and 144737 nonzeros
Variable types: 3040 continuous, 8212 integer (8206 binary)
Coefficient statistics:
  Matrix range     [5e-01, 2e+04]
  Objective range  [1e+00, 1e+00]
  Bounds range     [1e+00, 1e+04]
  RHS range        [1e+00, 6e+04]
Presolve removed 44491 rows and 11252 columns
Presolve time: 0.02s
Presolve: All rows and columns removed

Explored 0 nodes (0 simplex iterations) in 0.03 seconds
Thread count was 1 (of 4 available processors)

Solution count 1: 206 
Pool objective bound 206

Optimal solution found (tolerance 1.00e-03)
Best objective 2.059999999999e+02, best bound 2.059999999999e+02, gap 0.0000%
