
#######################################
TR: iteration 0 at stage 0
Added demands: [0, 1, 2, 3, 4]
Fixed demands: []

Gurobi 7.0.2 (win64) logging started 03/17/17 01:34:22

Changed value of parameter LogFile to log-opt-14.log
   Prev: gurobi.log  Default: 
Changed value of parameter presolve to 2
   Prev: -1  Min: -1  Max: 2  Default: -1
Changed value of parameter mipgap to 0.001
   Prev: 0.0001  Min: 0.0  Max: 1e+100  Default: 0.0001
Parameter method unchanged
   Value: -1  Min: -1  Max: 4  Default: -1
Changed value of parameter timelimit to 300.0
   Prev: 1e+100  Min: 0.0  Max: 1e+100  Default: 1e+100
Changed value of parameter mipfocus to 1
   Prev: 0  Min: 0  Max: 3  Default: 0
Optimize a model with 1483 rows, 404 columns and 5504 nonzeros
Variable types: 217 continuous, 187 integer (181 binary)
Coefficient statistics:
  Matrix range     [1e+00, 2e+04]
  Objective range  [1e+00, 1e+00]
  Bounds range     [1e+00, 1e+04]
  RHS range        [1e+00, 6e+04]
Found heuristic solution: objective 137.5
Presolve removed 867 rows and 200 columns
Presolve time: 0.00s
Presolved: 616 rows, 204 columns, 2516 nonzeros
Variable types: 113 continuous, 91 integer (91 binary)
Presolve removed 7 rows and 0 columns
Presolved: 609 rows, 206 columns, 2485 nonzeros


Root relaxation: objective 8.300000e+01, 37 iterations, 0.00 seconds

    Nodes    |    Current Node    |     Objective Bounds      |     Work
 Expl Unexpl |  Obj  Depth IntInf | Incumbent    BestBd   Gap | It/Node Time

     0     0   83.00000    0    1  137.50000   83.00000  39.6%     -    0s
H    0     0                     107.5000000   83.00000  22.8%     -    0s
     0     0   83.00000    0    4  107.50000   83.00000  22.8%     -    0s
     0     0   83.00000    0    4  107.50000   83.00000  22.8%     -    0s
     0     0   83.00000    0    5  107.50000   83.00000  22.8%     -    0s
     0     0   83.00000    0    4  107.50000   83.00000  22.8%     -    0s
     0     0   83.00000    0    5  107.50000   83.00000  22.8%     -    0s
     0     0   83.00000    0    6  107.50000   83.00000  22.8%     -    0s
     0     0   83.00000    0    6  107.50000   83.00000  22.8%     -    0s
     0     0   83.00000    0    1  107.50000   83.00000  22.8%     -    0s
     0     2   83.00000    0    1  107.50000   83.00000  22.8%     -    0s

Cutting planes:
  Gomory: 2
  MIR: 6
  StrongCG: 2
  Flow cover: 8

Explored 953 nodes (3755 simplex iterations) in 0.20 seconds
Thread count was 4 (of 4 available processors)

Solution count 2: 107.5 137.5 
Pool objective bound 107.5

Optimal solution found (tolerance 1.00e-03)
Best objective 1.075000000000e+02, best bound 1.075000000000e+02, gap 0.0000%

#######################################
GN: iteration 0 at stage 0
Added demands: [0, 1, 2, 3, 4]
Fixed demands: []

Gurobi 7.0.2 (win64) logging started 03/17/17 01:34:22

Changed value of parameter LogFile to log-opt-14.log
   Prev: gurobi.log  Default: 
Changed value of parameter presolve to 2
   Prev: -1  Min: -1  Max: 2  Default: -1
Changed value of parameter mipgap to 0.001
   Prev: 0.0001  Min: 0.0  Max: 1e+100  Default: 0.0001
Parameter method unchanged
   Value: -1  Min: -1  Max: 4  Default: -1
Changed value of parameter timelimit to 300.0
   Prev: 1e+100  Min: 0.0  Max: 1e+100  Default: 1e+100
Changed value of parameter mipfocus to 1
   Prev: 0  Min: 0  Max: 3  Default: 0
Optimize a model with 4321 rows, 1412 columns and 11762 nonzeros
Variable types: 775 continuous, 637 integer (631 binary)
Coefficient statistics:
  Matrix range     [6e-01, 2e+04]
  Objective range  [1e+00, 1e+00]
  Bounds range     [1e+00, 1e+04]
  RHS range        [1e+00, 6e+04]
Found heuristic solution: objective 203
Presolve removed 2909 rows and 895 columns
Presolve time: 0.03s
Presolved: 1412 rows, 517 columns, 4863 nonzeros
Variable types: 268 continuous, 249 integer (249 binary)
Presolve removed 154 rows and 70 columns
Presolved: 1258 rows, 447 columns, 4440 nonzeros


Root relaxation: objective 8.300000e+01, 77 iterations, 0.00 seconds

    Nodes    |    Current Node    |     Objective Bounds      |     Work
 Expl Unexpl |  Obj  Depth IntInf | Incumbent    BestBd   Gap | It/Node Time

     0     0   83.00000    0    1  203.00000   83.00000  59.1%     -    0s
H    0     0                     128.5000000   83.00000  35.4%     -    0s
     0     0   83.00000    0    9  128.50000   83.00000  35.4%     -    0s
H    0     0                     107.5000000   83.00000  22.8%     -    0s
     0     0   83.00000    0   11  107.50000   83.00000  22.8%     -    0s
     0     0   83.00000    0   10  107.50000   83.00000  22.8%     -    0s
     0     0   83.00000    0   15  107.50000   83.00000  22.8%     -    0s
     0     0   83.00000    0   15  107.50000   83.00000  22.8%     -    0s
     0     0   83.00000    0    1  107.50000   83.00000  22.8%     -    0s
     0     2   83.00000    0    1  107.50000   83.00000  22.8%     -    0s
*   39     8               7     107.4999998   83.00000  22.8%  22.4    0s

Cutting planes:
  Implied bound: 11
  Clique: 1
  MIR: 2
  Flow cover: 3
  Zero half: 1

Explored 105 nodes (2456 simplex iterations) in 0.33 seconds
Thread count was 4 (of 4 available processors)

Solution count 4: 107.5 107.5 128.5 203 
Pool objective bound 107.5

Optimal solution found (tolerance 1.00e-03)
Best objective 1.074999997749e+02, best bound 1.074999997749e+02, gap 0.0000%

#######################################
TR: iteration 0 at stage 1
Added demands: [0, 1, 2, 3, 4, 5, 6, 7, 8, 9]
Fixed demands: []

Gurobi 7.0.2 (win64) logging started 03/17/17 01:34:24

Changed value of parameter LogFile to log-opt-14.log
   Prev: gurobi.log  Default: 
Changed value of parameter presolve to 2
   Prev: -1  Min: -1  Max: 2  Default: -1
Changed value of parameter mipgap to 0.001
   Prev: 0.0001  Min: 0.0  Max: 1e+100  Default: 0.0001
Parameter method unchanged
   Value: -1  Min: -1  Max: 4  Default: -1
Changed value of parameter timelimit to 300.0
   Prev: 1e+100  Min: 0.0  Max: 1e+100  Default: 1e+100
Changed value of parameter mipfocus to 1
   Prev: 0  Min: 0  Max: 3  Default: 0
Optimize a model with 4803 rows, 844 columns and 20089 nonzeros
Variable types: 432 continuous, 412 integer (406 binary)
Coefficient statistics:
  Matrix range     [1e+00, 2e+04]
  Objective range  [1e+00, 1e+00]
  Bounds range     [1e+00, 1e+04]
  RHS range        [1e+00, 6e+04]
Found heuristic solution: objective 174.5
Presolve removed 2773 rows and 408 columns
Presolve time: 0.03s
Presolved: 2030 rows, 436 columns, 8976 nonzeros
Variable types: 229 continuous, 207 integer (207 binary)
Presolve removed 16 rows and 0 columns
Presolved: 2014 rows, 442 columns, 8906 nonzeros


Root relaxation: objective 9.800000e+01, 76 iterations, 0.02 seconds

    Nodes    |    Current Node    |     Objective Bounds      |     Work
 Expl Unexpl |  Obj  Depth IntInf | Incumbent    BestBd   Gap | It/Node Time

     0     0   98.00000    0    3  174.50000   98.00000  43.8%     -    0s
H    0     0                     147.5000000   98.00000  33.6%     -    0s
     0     0   98.00000    0   12  147.50000   98.00000  33.6%     -    0s
     0     0   98.00000    0   13  147.50000   98.00000  33.6%     -    0s
H    0     0                     142.5000000   98.00000  31.2%     -    0s
     0     0   98.00000    0   16  142.50000   98.00000  31.2%     -    0s
     0     0   98.00000    0   28  142.50000   98.00000  31.2%     -    0s
     0     0   98.00000    0   28  142.50000   98.00000  31.2%     -    0s
     0     0   98.00000    0   26  142.50000   98.00000  31.2%     -    0s
H    0     0                     141.5000000   98.00000  30.7%     -    0s
     0     0   98.00000    0   29  141.50000   98.00000  30.7%     -    0s
     0     0   98.00000    0    4  141.50000   98.00000  30.7%     -    0s
     0     2   98.00000    0    4  141.50000   98.00000  30.7%     -    0s
H 1802   240                     141.4999997   98.00000  30.7%   9.0    0s
H 2108   245                     141.4999994   98.00000  30.7%   8.9    1s
  4122   482 infeasible   21       141.50000   98.00000  30.7%   8.5    5s
H 8378   441                     141.4999565   98.00000  30.7%   7.7    9s
  8619   418 infeasible   22       141.49996   98.00000  30.7%   7.7   10s
H 9154   444                     141.4999565   98.00000  30.7%   7.7   11s
H 9893   501                     141.4996280   98.00000  30.7%   7.5   13s
 13259   343 infeasible   33       141.49963   98.00000  30.7%   0.9   15s

Cutting planes:
  Learned: 10
  Gomory: 2
  Cover: 1
  Clique: 1
  MIR: 6
  Flow cover: 25

Explored 13439 nodes (104661 simplex iterations) in 15.07 seconds
Thread count was 4 (of 4 available processors)

Solution count 9: 141.5 141.5 141.5 ... 174.5
Pool objective bound 141.5

Optimal solution found (tolerance 1.00e-03)
Best objective 1.414996279539e+02, best bound 1.414996279539e+02, gap 0.0000%

Gurobi 7.0.2 (win64) logging started 03/17/17 01:34:40

Parameter LogFile unchanged
   Value: log-opt-14.log  Default: 
Parameter presolve unchanged
   Value: 2  Min: -1  Max: 2  Default: -1
Parameter mipgap unchanged
   Value: 0.001  Min: 0.0  Max: 1e+100  Default: 0.0001
Parameter method unchanged
   Value: -1  Min: -1  Max: 4  Default: -1
Parameter timelimit unchanged
   Value: 300.0  Min: 0.0  Max: 1e+100  Default: 1e+100
Parameter mipfocus unchanged
   Value: 1  Min: 0  Max: 3  Default: 0
Optimize a model with 4803 rows, 844 columns and 20089 nonzeros
Variable types: 432 continuous, 412 integer (406 binary)
Coefficient statistics:
  Matrix range     [1e+00, 2e+04]
  Objective range  [1e+00, 1e+00]
  Bounds range     [1e+00, 1e+04]
  RHS range        [1e+00, 6e+04]
Presolved: 2030 rows, 436 columns, 8976 nonzeros

Continuing optimization...


Cutting planes:
  Learned: 10
  Gomory: 2
  Cover: 1
  Clique: 1
  MIR: 6
  Flow cover: 25

Explored 13439 nodes (104661 simplex iterations) in 0.02 seconds
Thread count was 4 (of 4 available processors)

Solution count 9: 141.5 141.5 141.5 ... 174.5
Pool objective bound 141.5

Optimal solution found (tolerance 1.00e-03)
Best objective 1.414996279539e+02, best bound 1.414996279539e+02, gap 0.0000%

#######################################
GN: iteration 0 at stage 1
Added demands: [0, 1, 2, 3, 4, 5, 6, 7, 8, 9]
Fixed demands: []

Gurobi 7.0.2 (win64) logging started 03/17/17 01:34:40

Changed value of parameter LogFile to log-opt-14.log
   Prev: gurobi.log  Default: 
Changed value of parameter presolve to 2
   Prev: -1  Min: -1  Max: 2  Default: -1
Changed value of parameter mipgap to 0.001
   Prev: 0.0001  Min: 0.0  Max: 1e+100  Default: 0.0001
Parameter method unchanged
   Value: -1  Min: -1  Max: 4  Default: -1
Changed value of parameter timelimit to 300.0
   Prev: 1e+100  Min: 0.0  Max: 1e+100  Default: 1e+100
Changed value of parameter mipfocus to 1
   Prev: 0  Min: 0  Max: 3  Default: 0
Optimize a model with 13161 rows, 3742 columns and 39787 nonzeros
Variable types: 1530 continuous, 2212 integer (2206 binary)
Coefficient statistics:
  Matrix range     [5e-01, 2e+04]
  Objective range  [1e+00, 1e+00]
  Bounds range     [1e+00, 1e+04]
  RHS range        [1e+00, 6e+04]
Found heuristic solution: objective 253
Presolve removed 8335 rows and 2258 columns
Presolve time: 0.20s
Presolved: 4826 rows, 1484 columns, 17218 nonzeros
Variable types: 569 continuous, 915 integer (915 binary)
Presolve removed 325 rows and 156 columns
Presolved: 4501 rows, 1328 columns, 16380 nonzeros


Root relaxation: objective 9.800000e+01, 173 iterations, 0.03 seconds

    Nodes    |    Current Node    |     Objective Bounds      |     Work
 Expl Unexpl |  Obj  Depth IntInf | Incumbent    BestBd   Gap | It/Node Time

     0     0   98.00000    0    4  253.00000   98.00000  61.3%     -    0s
H    0     0                     199.5000000   98.00000  50.9%     -    0s
     0     0   98.00000    0   40  199.50000   98.00000  50.9%     -    0s
H    0     0                     199.0000000   98.00000  50.8%     -    0s
H    0     0                     183.5000000   98.00000  46.6%     -    0s
H    0     0                     180.5000000   98.00000  45.7%     -    0s
H    0     0                     147.5000000   98.00000  33.6%     -    0s
     0     0   98.00000    0   36  147.50000   98.00000  33.6%     -    0s
     0     0   98.00000    0   33  147.50000   98.00000  33.6%     -    0s
     0     0   98.00000    0   59  147.50000   98.00000  33.6%     -    0s
H    0     0                     142.5000000   98.00000  31.2%     -    0s
     0     0   98.00000    0   37  142.50000   98.00000  31.2%     -    0s
     0     0   98.00000    0   66  142.50000   98.00000  31.2%     -    0s
     0     0   98.00000    0   46  142.50000   98.00000  31.2%     -    0s
     0     0   98.00000    0    5  142.50000   98.00000  31.2%     -    0s
     0     2   98.00000    0    5  142.50000   98.00000  31.2%     -    0s
H  128    36                     142.4999555   98.00000  31.2%  61.7    1s
H  238    48                     141.5000000   98.00000  30.7%  65.0    1s
H  528    77                     141.4999565   98.00000  30.7%  49.1    2s
  1262    42   98.00000   10   46  141.49996   98.00000  30.7%  48.2    5s

Cutting planes:
  Gomory: 5
  Implied bound: 37
  MIR: 30
  Flow cover: 31
  Zero half: 3

Explored 2341 nodes (90460 simplex iterations) in 7.74 seconds
Thread count was 4 (of 4 available processors)

Solution count 10: 141.5 141.5 142.5 ... 253
Pool objective bound 141.5

Optimal solution found (tolerance 1.00e-03)
Best objective 1.414999565142e+02, best bound 1.414999565142e+02, gap 0.0000%

Gurobi 7.0.2 (win64) logging started 03/17/17 01:34:47

Parameter LogFile unchanged
   Value: log-opt-14.log  Default: 
Parameter presolve unchanged
   Value: 2  Min: -1  Max: 2  Default: -1
Parameter mipgap unchanged
   Value: 0.001  Min: 0.0  Max: 1e+100  Default: 0.0001
Parameter method unchanged
   Value: -1  Min: -1  Max: 4  Default: -1
Parameter timelimit unchanged
   Value: 300.0  Min: 0.0  Max: 1e+100  Default: 1e+100
Parameter mipfocus unchanged
   Value: 1  Min: 0  Max: 3  Default: 0
Optimize a model with 13161 rows, 3742 columns and 39787 nonzeros
Variable types: 1530 continuous, 2212 integer (2206 binary)
Coefficient statistics:
  Matrix range     [5e-01, 2e+04]
  Objective range  [1e+00, 1e+00]
  Bounds range     [1e+00, 1e+04]
  RHS range        [1e+00, 6e+04]
Presolved: 4826 rows, 1484 columns, 17218 nonzeros

Continuing optimization...


Cutting planes:
  Gomory: 5
  Implied bound: 37
  MIR: 30
  Flow cover: 31
  Zero half: 3

Explored 2341 nodes (90460 simplex iterations) in 0.02 seconds
Thread count was 4 (of 4 available processors)

Solution count 10: 141.5 141.5 142.5 ... 253
Pool objective bound 141.5

Optimal solution found (tolerance 1.00e-03)
Best objective 1.414999565142e+02, best bound 1.414999565142e+02, gap 0.0000%

#######################################
TR: iteration 0 at stage 2
Added demands: [0, 1, 2, 3, 4, 5, 6, 7, 8, 9, 10, 11, 12, 13, 14]
Fixed demands: []

Gurobi 7.0.2 (win64) logging started 03/17/17 01:34:51

Changed value of parameter LogFile to log-opt-14.log
   Prev: gurobi.log  Default: 
Changed value of parameter presolve to 2
   Prev: -1  Min: -1  Max: 2  Default: -1
Changed value of parameter mipgap to 0.001
   Prev: 0.0001  Min: 0.0  Max: 1e+100  Default: 0.0001
Parameter method unchanged
   Value: -1  Min: -1  Max: 4  Default: -1
Changed value of parameter timelimit to 300.0
   Prev: 1e+100  Min: 0.0  Max: 1e+100  Default: 1e+100
Changed value of parameter mipfocus to 1
   Prev: 0  Min: 0  Max: 3  Default: 0
Optimize a model with 9973 rows, 1334 columns and 43774 nonzeros
Variable types: 647 continuous, 687 integer (681 binary)
Coefficient statistics:
  Matrix range     [1e+00, 2e+04]
  Objective range  [1e+00, 1e+00]
  Bounds range     [1e+00, 1e+04]
  RHS range        [1e+00, 6e+04]
Found heuristic solution: objective 288
Presolve removed 5984 rows and 675 columns
Presolve time: 0.05s
Presolved: 3989 rows, 659 columns, 18298 nonzeros
Variable types: 323 continuous, 336 integer (336 binary)
Presolve removed 0 rows and 15 columns
Presolved: 659 rows, 4633 columns, 18880 nonzeros

Presolve removed 659 rows and 4633 columns

Root relaxation: objective 9.800000e+01, 1547 iterations, 0.06 seconds

    Nodes    |    Current Node    |     Objective Bounds      |     Work
 Expl Unexpl |  Obj  Depth IntInf | Incumbent    BestBd   Gap | It/Node Time

     0     0   98.00000    0   21  288.00000   98.00000  66.0%     -    0s
H    0     0                     263.0000000   98.00000  62.7%     -    0s
H    0     0                     253.0000000   98.00000  61.3%     -    0s
     0     0   98.00000    0   41  253.00000   98.00000  61.3%     -    0s
H    0     0                     252.9998450   98.00000  61.3%     -    0s
     0     0   98.00000    0   41  252.99985   98.00000  61.3%     -    0s
     0     0   98.00000    0   44  252.99985   98.00000  61.3%     -    0s
     0     0   98.00000    0   38  252.99985   98.00000  61.3%     -    0s
     0     0   98.00000    0   60  252.99985   98.00000  61.3%     -    0s
     0     0   98.00000    0   52  252.99985   98.00000  61.3%     -    0s
H    0     0                     244.0000000   98.00000  59.8%     -    0s
     0     0   98.00000    0   73  244.00000   98.00000  59.8%     -    0s
     0     0   98.00000    0   66  244.00000   98.00000  59.8%     -    0s
     0     0   98.00000    0   20  244.00000   98.00000  59.8%     -    0s
H    0     0                     232.0000000   98.00000  57.8%     -    0s
H    0     2                     228.0000000   98.00000  57.0%     -    0s
     0     2   98.00000    0   17  228.00000   98.00000  57.0%     -    0s
H  118    92                     228.0000000   98.00000  57.0%  10.2    0s
H 1858   642                     227.9998700   98.00000  57.0%   5.6    3s
  3010   921   98.00000   23   24  227.99987   98.00000  57.0%   5.1    5s
  7654  1154  152.50000   33   35  227.99987  152.50000  33.1%   8.1   10s
 14910  2440  167.50000   41   20  227.99987  155.50000  31.8%   8.5   15s
 23103  3135  199.50000   42   10  227.99987  155.50000  31.8%   8.5   20s
 31121  3369 infeasible   35       227.99987  164.50000  27.9%   8.5   25s
 38041  4005 infeasible   41       227.99987  166.50000  27.0%   8.4   30s
 45639  4605 infeasible   38       227.99987  174.50000  23.5%   8.4   35s
 53137  5273  177.50000   42   16  227.99987  174.50000  23.5%   8.5   40s
 59389  5944  225.00000   39   10  227.99987  174.50000  23.5%   8.6   45s
 65971  6511  174.50000   35   19  227.99987  174.50000  23.5%   8.7   50s
 72715  6960  174.50000   39   14  227.99987  174.50000  23.5%   8.8   55s
 81144  7663 infeasible   29       227.99987  174.50000  23.5%   8.8   60s
 88171  7656  176.50000   43   26  227.99987  176.50000  22.6%   8.8   65s
 95708  7944  199.50000   45   18  227.99987  176.50000  22.6%   8.6   70s
 102686  7831  180.50000   41   14  227.99987  177.50000  22.1%   8.6   75s
 109318  7901 infeasible   38       227.99987  180.50000  20.8%   8.7   80s
 115995  7618  185.50000   27   27  227.99987  185.50000  18.6%   8.8   85s
 123365  7563  185.50000   30   30  227.99987  185.50000  18.6%   8.7   90s
 130962  7769 infeasible   34       227.99987  186.50000  18.2%   8.8   95s
 139118  8169  186.50000   27   18  227.99987  186.50000  18.2%   8.8  100s
 146267  8487  186.50000   43    9  227.99987  186.50000  18.2%   8.9  105s
 152053  8668 infeasible   55       227.99987  186.50000  18.2%   9.0  110s
 158097  8700 infeasible   52       227.99987  186.50000  18.2%   9.2  115s
 164048  8560  186.50000   63   11  227.99987  186.50000  18.2%   9.3  120s
 169893  8518  186.50000   52   18  227.99987  186.50000  18.2%   9.4  125s
 176551  8747 infeasible   39       227.99987  186.50000  18.2%   9.5  130s
 183616  8996  223.00000   35    6  227.99987  186.50000  18.2%   9.5  135s
 191188  9254 infeasible   50       227.99987  186.50000  18.2%   9.6  140s
 198247  9128  211.00000   39    6  227.99987  189.50000  16.9%   9.7  145s
 205208  8786 infeasible   48       227.99987  189.50000  16.9%   9.7  150s
 212104  8722 infeasible   37       227.99987  189.50000  16.9%   9.6  155s
 219604  8491 infeasible   35       227.99987  189.50000  16.9%   9.6  160s
 226584  8294  199.50000   53   15  227.99987  199.50000  12.5%   9.6  165s
 233745  8387 infeasible   46       227.99987  199.50000  12.5%   9.6  170s
 241214  8636 infeasible   51       227.99987  199.50000  12.5%   9.6  175s
 248638  8780  206.00000   47    8  227.99987  199.50000  12.5%   9.6  180s
 256213  8936  199.50000   41   12  227.99987  199.50000  12.5%   9.7  185s
 263598  8938  199.50000   40    7  227.99987  199.50000  12.5%   9.7  190s
 270275  9016 infeasible   47       227.99987  199.50000  12.5%   9.7  195s
 277415  8895 infeasible   37       227.99987  199.50000  12.5%   9.7  200s
 284749  8845 infeasible   43       227.99987  199.50000  12.5%   9.7  205s
 292515  9736  225.00000   51    2  227.99987  199.50000  12.5%   9.8  210s
 299151 10094  225.00000   48    5  227.99987  199.50000  12.5%   9.9  215s
 307115 10823 infeasible   50       227.99987  199.50000  12.5%   9.9  220s
 314255 11178  199.50000   44    7  227.99987  199.50000  12.5%  10.0  225s
 322464 11717  199.50000   48    7  227.99987  199.50000  12.5%  10.0  230s
 330171 12192  225.00000   37    3  227.99987  199.50000  12.5%  10.0  235s
 337943 12345  199.50000   45    6  227.99987  199.50000  12.5%  10.0  240s
 344600 12362 infeasible   39       227.99987  199.50000  12.5%  10.1  245s
 351586 12318 infeasible   50       227.99987  199.50000  12.5%  10.2  250s
 358835 12400 infeasible   43       227.99987  199.50000  12.5%  10.2  255s
 366337 12692 infeasible   50       227.99987  199.50000  12.5%  10.3  260s
 373709 12825  199.50000   40    5  227.99987  199.50000  12.5%  10.3  265s
 380231 12908  199.50000   47    7  227.99987  199.50000  12.5%  10.4  270s
 387200 13042 infeasible   40       227.99987  199.50000  12.5%  10.4  275s
 393577 13276 infeasible   48       227.99987  199.50000  12.5%  10.5  280s
 400858 13267  199.50000   40    4  227.99987  199.50000  12.5%  10.6  285s
 407380 13656 infeasible   42       227.99987  199.50000  12.5%  10.6  290s
 414829 13905 infeasible   51       227.99987  199.50000  12.5%  10.6  295s
 422556 14009 infeasible   50       227.99987  199.50000  12.5%  10.6  300s

Cutting planes:
  Gomory: 11
  Cover: 1
  Implied bound: 2
  MIR: 144
  Flow cover: 159
  Inf proof: 1

Explored 423059 nodes (4503274 simplex iterations) in 300.03 seconds
Thread count was 4 (of 4 available processors)

Solution count 9: 228 228 228 ... 288
Pool objective bound 199.5

Time limit reached
Best objective 2.279998700227e+02, best bound 1.995000000000e+02, gap 12.5000%

Gurobi 7.0.2 (win64) logging started 03/17/17 01:39:51

Parameter LogFile unchanged
   Value: log-opt-14.log  Default: 
Parameter presolve unchanged
   Value: 2  Min: -1  Max: 2  Default: -1
Parameter mipgap unchanged
   Value: 0.001  Min: 0.0  Max: 1e+100  Default: 0.0001
Parameter method unchanged
   Value: -1  Min: -1  Max: 4  Default: -1
Parameter timelimit unchanged
   Value: 300.0  Min: 0.0  Max: 1e+100  Default: 1e+100
Parameter mipfocus unchanged
   Value: 1  Min: 0  Max: 3  Default: 0
Optimize a model with 9973 rows, 1334 columns and 43774 nonzeros
Variable types: 647 continuous, 687 integer (681 binary)
Coefficient statistics:
  Matrix range     [1e+00, 2e+04]
  Objective range  [1e+00, 1e+00]
  Bounds range     [1e+00, 1e+04]
  RHS range        [1e+00, 6e+04]
Presolved: 3989 rows, 659 columns, 18298 nonzeros

Continuing optimization...

 423059 13999  224.00000   48    3  227.99987  199.50000  12.5%  10.6  300s
 430251 14077 infeasible   49       227.99987  199.50000  12.5%  10.6  305s
 437454 14093  225.00000   45    1  227.99987  199.50000  12.5%  10.7  310s
 444245 14107  199.50000   42    8  227.99987  199.50000  12.5%  10.7  315s
 451348 14263 infeasible   45       227.99987  199.50000  12.5%  10.7  320s
 458340 14496 infeasible   46       227.99987  199.50000  12.5%  10.8  325s
 465309 14794  225.00000   44    3  227.99987  199.50000  12.5%  10.8  330s
 472335 15044 infeasible   37       227.99987  199.50000  12.5%  10.8  335s
 479749 15021  199.50000   45   13  227.99987  199.50000  12.5%  10.8  340s
 486674 15955  225.00000   48    3  227.99987  199.50000  12.5%  10.8  345s
 493979 16609 infeasible   46       227.99987  199.50000  12.5%  10.8  350s
 501083 16810 infeasible   46       227.99987  199.50000  12.5%  10.9  355s
 508461 16673  199.50000   41    5  227.99987  199.50000  12.5%  10.9  360s
 514926 16598  199.50000   47    6  227.99987  199.50000  12.5%  10.9  365s
 521541 16547  208.50000   50    5  227.99987  199.50000  12.5%  10.9  370s
 529066 16459 infeasible   57       227.99987  199.50000  12.5%  10.9  375s
 535993 16399 infeasible   47       227.99987  199.50000  12.5%  10.9  380s
 543113 16299 infeasible   42       227.99987  199.50000  12.5%  10.9  385s
 549583 16462 infeasible   37       227.99987  199.50000  12.5%  10.9  390s
 556658 16478  199.50000   46   11  227.99987  199.50000  12.5%  10.9  395s
 563229 16409  199.50000   45   10  227.99987  199.50000  12.5%  10.9  400s
 570333 16406 infeasible   47       227.99987  199.50000  12.5%  10.9  405s
 577241 16276  199.50000   49   17  227.99987  199.50000  12.5%  10.9  410s
 584240 16529 infeasible   47       227.99987  199.50000  12.5%  10.9  415s
 591368 16849  203.00000   50    5  227.99987  199.50000  12.5%  10.9  420s
 598244 16972 infeasible   42       227.99987  199.50000  12.5%  10.9  425s
 605245 16909 infeasible   48       227.99987  199.50000  12.5%  10.9  430s
 611770 16932 infeasible   52       227.99987  199.50000  12.5%  10.9  435s
 618039 16880  199.50000   44    7  227.99987  199.50000  12.5%  11.0  440s
 623932 16859  199.50000   41    6  227.99987  199.50000  12.5%  11.0  445s
 630987 16925 infeasible   32       227.99987  199.50000  12.5%  11.0  450s
 637721 16859 infeasible   43       227.99987  199.50000  12.5%  11.0  455s
 644629 16768  227.00000   54    4  227.99987  199.50000  12.5%  11.0  460s
 652075 16769 infeasible   42       227.99987  199.50000  12.5%  10.9  465s
 659226 16727 infeasible   41       227.99987  199.50000  12.5%  10.9  470s
 665834 16895  199.50000   47   24  227.99987  199.50000  12.5%  10.9  475s
 673337 16849 infeasible   41       227.99987  199.50000  12.5%  10.9  480s
 680113 16877 infeasible   46       227.99987  199.50000  12.5%  10.9  485s
 686798 16930  199.50000   42    6  227.99987  199.50000  12.5%  10.9  490s
 693040 17125  219.00000   46    4  227.99987  199.50000  12.5%  10.9  495s
 700245 17132  199.50000   37    8  227.99987  199.50000  12.5%  10.9  500s
 706778 17046 infeasible   51       227.99987  199.50000  12.5%  10.8  505s
 714005 16734  199.50000   38   11  227.99987  199.50000  12.5%  10.8  510s
 720660 16610 infeasible   56       227.99987  199.50000  12.5%  10.8  515s
 728097 17154 infeasible   40       227.99987  199.50000  12.5%  10.9  520s
 734865 17369  199.50000   51   10  227.99987  199.50000  12.5%  10.9  525s
 741404 17678  199.50000   44    8  227.99987  199.50000  12.5%  10.9  530s
 748425 17782  225.00000   40    3  227.99987  199.50000  12.5%  10.9  535s
 754911 17932  199.50000   48   11  227.99987  199.50000  12.5%  11.0  540s
 761370 18022 infeasible   39       227.99987  199.50000  12.5%  11.0  545s
 767087 18138  225.00000   45    2  227.99987  199.50000  12.5%  11.0  550s
 773789 18116 infeasible   40       227.99987  199.50000  12.5%  11.1  555s
 780281 18184  199.50000   47   10  227.99987  199.50000  12.5%  11.1  560s
 787148 18115 infeasible   38       227.99987  199.50000  12.5%  11.1  565s
 793947 17844  199.50000   46   10  227.99987  199.50000  12.5%  11.1  570s
 800098 17416  208.50000   34   10  227.99987  208.50000  8.55%  11.1  575s
 808282 18210 infeasible   44       227.99987  208.50000  8.55%  11.1  580s
 814179 18339  208.50000   43    9  227.99987  208.50000  8.55%  11.1  585s
 822518 18642 infeasible   48       227.99987  208.50000  8.55%  11.1  590s
 830191 18834 infeasible   49       227.99987  208.50000  8.55%  11.1  595s
 836157 18868  208.50000   52    2  227.99987  208.50000  8.55%  11.1  600s

Cutting planes:
  Gomory: 11
  Cover: 2
  Implied bound: 2
  MIR: 152
  Flow cover: 164
  Inf proof: 1

Explored 836319 nodes (9253552 simplex iterations) in 300.03 seconds
Thread count was 4 (of 4 available processors)

Solution count 9: 228 228 228 ... 288
Pool objective bound 208.5

Time limit reached
Best objective 2.279998700227e+02, best bound 2.085000000000e+02, gap 8.5526%

#######################################
GN: iteration 0 at stage 2
Added demands: [0, 1, 2, 3, 4, 5, 6, 7, 8, 9, 10, 11, 12, 13, 14]
Fixed demands: []

Gurobi 7.0.2 (win64) logging started 03/17/17 01:44:51

Changed value of parameter LogFile to log-opt-14.log
   Prev: gurobi.log  Default: 
Changed value of parameter presolve to 2
   Prev: -1  Min: -1  Max: 2  Default: -1
Changed value of parameter mipgap to 0.001
   Prev: 0.0001  Min: 0.0  Max: 1e+100  Default: 0.0001
Parameter method unchanged
   Value: -1  Min: -1  Max: 4  Default: -1
Changed value of parameter timelimit to 300.0
   Prev: 1e+100  Min: 0.0  Max: 1e+100  Default: 1e+100
Changed value of parameter mipfocus to 1
   Prev: 0  Min: 0  Max: 3  Default: 0
Optimize a model with 26551 rows, 7022 columns and 84112 nonzeros
Variable types: 2285 continuous, 4737 integer (4731 binary)
Coefficient statistics:
  Matrix range     [5e-01, 2e+04]
  Objective range  [1e+00, 1e+00]
  Bounds range     [1e+00, 1e+04]
  RHS range        [1e+00, 6e+04]
Presolve removed 16900 rows and 4307 columns
Presolve time: 0.54s
Presolved: 9651 rows, 2715 columns, 35154 nonzeros
Variable types: 817 continuous, 1898 integer (1898 binary)
Found heuristic solution: objective 677.5000000
Presolve removed 469 rows and 218 columns
Presolved: 9182 rows, 2497 columns, 33915 nonzeros


Root relaxation: objective 9.800000e+01, 287 iterations, 0.06 seconds

    Nodes    |    Current Node    |     Objective Bounds      |     Work
 Expl Unexpl |  Obj  Depth IntInf | Incumbent    BestBd   Gap | It/Node Time

     0     0   98.00000    0   15  677.50000   98.00000  85.5%     -    0s
H    0     0                     373.5000000   98.00000  73.8%     -    0s
H    0     0                     297.0000000   98.00000  67.0%     -    0s
     0     0   98.00000    0   94  297.00000   98.00000  67.0%     -    1s
H    0     0                     285.0000000   98.00000  65.6%     -    1s
     0     0   98.00000    0   99  285.00000   98.00000  65.6%     -    1s
     0     0   98.00000    0  103  285.00000   98.00000  65.6%     -    1s
H    0     0                     276.0000000   98.00000  64.5%     -    1s
H    0     0                     263.0000000   98.00000  62.7%     -    1s
     0     0   98.00000    0   84  263.00000   98.00000  62.7%     -    1s
     0     0   98.00000    0  123  263.00000   98.00000  62.7%     -    1s
     0     0   98.00000    0  108  263.00000   98.00000  62.7%     -    1s
     0     0   98.00000    0   95  263.00000   98.00000  62.7%     -    1s
     0     0   98.00000    0   88  263.00000   98.00000  62.7%     -    1s
     0     0   98.00000    0   30  263.00000   98.00000  62.7%     -    2s
H    0     0                     247.0000000   98.00000  60.3%     -    2s
     0     2   98.00000    0   26  247.00000   98.00000  60.3%     -    2s
H   11    16                     232.0000000   98.00000  57.8%   112    2s
H  140    90                     232.0000000   98.00000  57.8%  34.6    3s
   237   133   98.00000    5   71  232.00000   98.00000  57.8%  36.9    6s
  1017   477 infeasible   34       232.00000   98.00000  57.8%  54.1   13s
  1352   573   98.00000   21  141  232.00000   98.00000  57.8%  62.1   15s
  1763   673   98.58449   39   45  232.00000   98.00000  57.8%  58.3   20s
  3131  1003   98.00000   27  151  232.00000   98.00000  57.8%  46.8   25s
  3514  1046   98.00000   17  126  232.00000   98.00000  57.8%  50.0   30s
H 3635  1014                     228.0000000   98.00000  57.0%  50.5   31s
H 3703   970                     228.0000000   98.00000  57.0%  50.9   31s
  4160  1010   99.17089   18  124  228.00000   98.00000  57.0%  51.3   35s
  4715  1112  174.50000   22   31  228.00000   98.00000  57.0%  50.0   40s
  5594  1160  185.50000   18   72  228.00000  133.50000  41.4%  48.9   45s
  6960  1546  186.50000   33   53  228.00000  151.50000  33.6%  47.5   50s
  8617  2046  171.50000   26   30  228.00000  151.50000  33.6%  46.0   56s
  9803  2377  208.50000   37    5  228.00000  151.50000  33.6%  45.9   60s
 11196  2775  208.50000   37    5  228.00000  152.50000  33.1%  45.3   66s
 12638  3159  208.50000   35    5  228.00000  152.50000  33.1%  44.7   71s
 14247  3529  180.50000   39   28  228.00000  152.50000  33.1%  44.5   76s
 16110  4038 infeasible   39       228.00000  152.50000  33.1%  43.9   81s
 17910  4517 infeasible   36       228.00000  152.50000  33.1%  43.5   86s
 19655  4879 infeasible   40       228.00000  152.50000  33.1%  43.1   91s
 21260  5227  199.50000   35   11  228.00000  152.50000  33.1%  42.4   96s
 22991  5648  199.50000   35   13  228.00000  152.50000  33.1%  42.1  100s
 24058  5886  208.50000   39   10  228.00000  152.50000  33.1%  42.2  105s
 25408  6174 infeasible   39       228.00000  152.50000  33.1%  42.0  110s
 27376  6659  152.50000   31   43  228.00000  152.50000  33.1%  41.8  115s
H27892  6803                     227.9998700  152.50000  33.1%  41.8  117s
 28478  6957  208.50000   36   30  227.99987  152.50000  33.1%  41.8  120s
 29435  7166  152.50000   29   65  227.99987  152.50000  33.1%  41.6  125s
 31686  7528  208.50000   35   11  227.99987  152.50000  33.1%  41.2  130s
 33321  7797  155.50000   30   66  227.99987  155.50000  31.8%  40.9  135s
 34362  7897 infeasible   44       227.99987  155.50000  31.8%  41.0  140s
 36272  8190  189.50000   41   39  227.99987  155.50000  31.8%  41.0  145s
 37362  8287  177.50000   26   56  227.99987  155.50000  31.8%  40.9  150s
 39351  8544  165.50000   27   39  227.99987  155.50000  31.8%  40.7  155s
 41314  8827  174.50000   34   39  227.99987  161.50000  29.2%  40.3  160s
 43385  9181  209.00000   33   10  227.99987  161.50000  29.2%  40.2  165s
 45211  9468 infeasible   34       227.99987  161.50000  29.2%  40.3  172s
 45327  9475 infeasible   29       227.99987  161.50000  29.2%  40.3  175s
 46834  9674 infeasible   33       227.99987  161.50000  29.2%  40.6  180s
 48002  9884  186.50000   35   47  227.99987  161.50000  29.2%  40.7  185s
 49364 10103  189.50000   37   14  227.99987  161.50000  29.2%  40.8  191s
 50300 10292  163.50000   25   67  227.99987  163.50000  28.3%  40.9  195s
 52177 10757  189.50000   32   32  227.99987  163.50000  28.3%  41.1  201s
 53671 11096  186.50000   32   44  227.99987  163.50000  28.3%  41.1  205s
 55472 11484 infeasible   41       227.99987  163.50000  28.3%  41.2  211s
 56978 11850  186.50000   26   40  227.99987  163.50000  28.3%  41.1  215s
 57971 12097 infeasible   44       227.99987  163.50000  28.3%  41.1  221s
 59414 12373 infeasible   37       227.99987  163.50000  28.3%  41.1  225s
 61723 12760 infeasible   31       227.99987  163.50000  28.3%  40.8  230s
 63220 12928  208.50000   38    9  227.99987  164.50000  27.9%  40.7  235s
 64833 12998 infeasible   37       227.99987  164.50000  27.9%  40.7  240s
 66385 13059 infeasible   33       227.99987  165.50000  27.4%  40.7  245s
 67352 13131 infeasible   33       227.99987  165.50000  27.4%  40.7  251s
 69134 13285 infeasible   43       227.99987  165.50000  27.4%  40.7  255s
 71397 13481 infeasible   42       227.99987  165.50000  27.4%  40.5  262s
 71942 13442 infeasible   37       227.99987  165.50000  27.4%  40.5  265s
 74061 13539  199.50000   34   19  227.99987  167.50000  26.5%  40.4  270s
 76070 13865  189.50000   38   28  227.99987  168.50000  26.1%  40.4  275s
 77921 14068 infeasible   38       227.99987  168.50000  26.1%  40.4  281s
 79094 14279 infeasible   37       227.99987  168.50000  26.1%  40.5  285s
 80804 14564  189.50000   34   23  227.99987  168.50000  26.1%  40.5  291s
 82408 14826  180.50000   39    9  227.99987  168.50000  26.1%  40.5  295s
 84174 15174 infeasible   33       227.99987  168.50000  26.1%  40.4  300s

Cutting planes:
  Gomory: 11
  Cover: 8
  Implied bound: 38
  MIR: 215
  Flow cover: 214
  Zero half: 63

Explored 84360 nodes (3413703 simplex iterations) in 300.06 seconds
Thread count was 4 (of 4 available processors)

Solution count 10: 228 228 228 ... 297
Pool objective bound 168.5

Time limit reached
Best objective 2.279998700233e+02, best bound 1.685000000000e+02, gap 26.0964%

Gurobi 7.0.2 (win64) logging started 03/17/17 01:49:51

Parameter LogFile unchanged
   Value: log-opt-14.log  Default: 
Parameter presolve unchanged
   Value: 2  Min: -1  Max: 2  Default: -1
Parameter mipgap unchanged
   Value: 0.001  Min: 0.0  Max: 1e+100  Default: 0.0001
Parameter method unchanged
   Value: -1  Min: -1  Max: 4  Default: -1
Parameter timelimit unchanged
   Value: 300.0  Min: 0.0  Max: 1e+100  Default: 1e+100
Parameter mipfocus unchanged
   Value: 1  Min: 0  Max: 3  Default: 0
Optimize a model with 26551 rows, 7022 columns and 84112 nonzeros
Variable types: 2285 continuous, 4737 integer (4731 binary)
Coefficient statistics:
  Matrix range     [5e-01, 2e+04]
  Objective range  [1e+00, 1e+00]
  Bounds range     [1e+00, 1e+04]
  RHS range        [1e+00, 6e+04]
Presolved: 9651 rows, 2715 columns, 35154 nonzeros

Continuing optimization...

 84360 15202 infeasible   44       227.99987  168.50000  26.1%  40.4  301s
 86196 15542 infeasible   45       227.99987  168.50000  26.1%  40.3  305s
 88109 15920  168.50000   30   42  227.99987  168.50000  26.1%  40.3  311s
 88831 16025  168.50000   28   30  227.99987  168.50000  26.1%  40.2  315s
 90832 16263 infeasible   40       227.99987  168.50000  26.1%  40.2  320s
 92833 16511 infeasible   45       227.99987  168.50000  26.1%  40.1  325s
 94596 16776  168.50000   34   69  227.99987  168.50000  26.1%  40.1  330s
 96170 16991 infeasible   39       227.99987  168.50000  26.1%  40.1  335s
 98067 17349  174.50000   35   41  227.99987  168.50000  26.1%  40.1  340s
 99643 17612  199.50000   38   12  227.99987  168.50000  26.1%  40.2  345s
 101559 17878  186.50000   40   23  227.99987  168.50000  26.1%  40.2  350s
 103267 18086  168.50000   33   37  227.99987  168.50000  26.1%  40.2  355s
 104475 18266  199.50000   43   25  227.99987  168.50000  26.1%  40.2  360s
 105591 18497  184.50000   45   32  227.99987  168.50000  26.1%  40.2  365s
 107836 18901 infeasible   38       227.99987  168.50000  26.1%  40.1  370s
 110129 19062  208.50000   31   29  227.99987  170.50000  25.2%  40.0  375s
 110979 19126  199.50000   29   26  227.99987  170.50000  25.2%  40.1  380s
 113032 19383  171.50000   34   55  227.99987  171.50000  24.8%  40.0  385s
 115274 19669 infeasible   34       227.99987  171.50000  24.8%  39.9  391s
 117425 19999 infeasible   37       227.99987  171.50000  24.8%  39.8  395s
 119005 20181 infeasible   28       227.99987  171.50000  24.8%  39.7  401s
 120694 20439  208.50000   35    8  227.99987  171.50000  24.8%  39.8  405s
 122596 20661  186.50000   29   40  227.99987  171.50000  24.8%  39.8  411s
 123099 20777 infeasible   40       227.99987  171.50000  24.8%  39.8  416s
 124129 20846 infeasible   38       227.99987  171.50000  24.8%  39.8  420s
 125975 21015 infeasible   32       227.99987  171.50000  24.8%  39.8  427s
 126954 21034 infeasible   39       227.99987  171.50000  24.8%  39.8  430s
 128936 21095  208.50000   39    4  227.99987  171.50000  24.8%  39.7  435s
 130958 21349  208.50000   36    6  227.99987  174.50000  23.5%  39.6  440s
 133144 21680 infeasible   37       227.99987  174.50000  23.5%  39.6  445s
 135749 21983  174.50000   33   63  227.99987  174.50000  23.5%  39.5  451s
 137749 22170 infeasible   46       227.99987  174.50000  23.5%  39.4  455s
 139749 22390 infeasible   45       227.99987  174.50000  23.5%  39.4  460s
 141491 22609  199.50000   33   18  227.99987  174.50000  23.5%  39.4  466s
 143432 22900  189.50000   43   10  227.99987  174.50000  23.5%  39.3  470s
 145422 23210 infeasible   39       227.99987  174.50000  23.5%  39.3  475s
 146936 23339 infeasible   40       227.99987  174.50000  23.5%  39.3  480s
 149230 23530  208.50000   43    9  227.99987  174.50000  23.5%  39.1  485s
 150820 23684 infeasible   42       227.99987  174.50000  23.5%  39.1  490s
 152667 23924  186.50000   42   11  227.99987  174.50000  23.5%  39.1  495s
 154635 24102  174.50000   33   60  227.99987  174.50000  23.5%  39.2  500s
 156226 24247 infeasible   34       227.99987  174.50000  23.5%  39.2  505s
 157519 24395  174.50000   25   51  227.99987  174.50000  23.5%  39.2  513s
 157916 24398  174.50000   30   35  227.99987  174.50000  23.5%  39.3  515s
 159910 24569 infeasible   46       227.99987  174.50000  23.5%  39.2  520s
 161448 24760 infeasible   35       227.99987  174.50000  23.5%  39.2  525s
 163124 24921  174.50000   32   65  227.99987  174.50000  23.5%  39.2  530s
 165467 25190  199.50000   34   29  227.99987  174.50000  23.5%  39.2  536s
 167310 25378 infeasible   41       227.99987  174.50000  23.5%  39.3  541s
 169021 25521  199.50000   37   17  227.99987  174.50000  23.5%  39.3  545s
 171019 25771  174.50000   32   44  227.99987  174.50000  23.5%  39.3  550s
 172303 25924 infeasible   36       227.99987  174.50000  23.5%  39.3  555s
 174382 26078  176.50000   41   39  227.99987  174.50000  23.5%  39.3  560s
 175515 26211  174.50000   27   43  227.99987  174.50000  23.5%  39.3  566s
 177179 26499  174.50000   38   47  227.99987  174.50000  23.5%  39.2  570s
 179267 26763  199.50000   39    8  227.99987  174.50000  23.5%  39.2  575s
 182062 27017 infeasible   38       227.99987  174.50000  23.5%  39.1  581s
 183210 27121  174.50000   32   42  227.99987  174.50000  23.5%  39.0  585s
 185048 27373  199.50000   37   22  227.99987  174.50000  23.5%  39.0  590s
 187098 27677  177.50000   40   32  227.99987  174.50000  23.5%  38.9  595s
 188136 27811  174.50000   30   54  227.99987  174.50000  23.5%  38.9  600s

Cutting planes:
  Gomory: 12
  Cover: 10
  Implied bound: 39
  MIR: 226
  Flow cover: 230
  Zero half: 66

Explored 188301 nodes (7333257 simplex iterations) in 300.05 seconds
Thread count was 4 (of 4 available processors)

Solution count 10: 228 228 228 ... 297
Pool objective bound 174.5

Time limit reached
Best objective 2.279998700233e+02, best bound 1.745000000000e+02, gap 23.4649%

#######################################
TR: iteration 0 at stage 3
Added demands: [0, 1, 2, 3, 4, 5, 6, 7, 8, 9, 10, 11, 12, 13, 14, 15, 16, 17, 18, 19]
Fixed demands: []

Gurobi 7.0.2 (win64) logging started 03/17/17 01:54:57

Changed value of parameter LogFile to log-opt-14.log
   Prev: gurobi.log  Default: 
Changed value of parameter presolve to 2
   Prev: -1  Min: -1  Max: 2  Default: -1
Changed value of parameter mipgap to 0.001
   Prev: 0.0001  Min: 0.0  Max: 1e+100  Default: 0.0001
Parameter method unchanged
   Value: -1  Min: -1  Max: 4  Default: -1
Changed value of parameter timelimit to 300.0
   Prev: 1e+100  Min: 0.0  Max: 1e+100  Default: 1e+100
Changed value of parameter mipfocus to 1
   Prev: 0  Min: 0  Max: 3  Default: 0
Optimize a model with 16993 rows, 1874 columns and 76559 nonzeros
Variable types: 862 continuous, 1012 integer (1006 binary)
Coefficient statistics:
  Matrix range     [1e+00, 2e+04]
  Objective range  [1e+00, 1e+00]
  Bounds range     [1e+00, 1e+04]
  RHS range        [1e+00, 6e+04]
Presolve removed 10081 rows and 935 columns
Presolve time: 0.12s
Presolved: 6912 rows, 939 columns, 32324 nonzeros
Variable types: 437 continuous, 502 integer (502 binary)
Found heuristic solution: objective 1078.0000000
Found heuristic solution: objective 959.5000000
Found heuristic solution: objective 874.0000000
Found heuristic solution: objective 700.0000000
Presolve removed 0 rows and 20 columns
Presolved: 939 rows, 7831 columns, 33156 nonzeros

Presolve removed 939 rows and 7831 columns

Root relaxation: objective 9.800000e+01, 3253 iterations, 0.17 seconds

    Nodes    |    Current Node    |     Objective Bounds      |     Work
 Expl Unexpl |  Obj  Depth IntInf | Incumbent    BestBd   Gap | It/Node Time

     0     0   98.00000    0   33  700.00000   98.00000  86.0%     -    0s
H    0     0                     337.5000000   98.00000  71.0%     -    0s
H    0     0                     307.5000000   98.00000  68.1%     -    0s
H    0     0                     290.5000000   98.00000  66.3%     -    0s
H    0     0                     247.0000000   98.00000  60.3%     -    0s
     0     0   98.00000    0   53  247.00000   98.00000  60.3%     -    0s
     0     0   98.00000    0   52  247.00000   98.00000  60.3%     -    0s
     0     0   98.00000    0   63  247.00000   98.00000  60.3%     -    0s
     0     0   98.00000    0   64  247.00000   98.00000  60.3%     -    0s
H    0     0                     240.0000000   98.00000  59.2%     -    0s
     0     0   98.00000    0   58  240.00000   98.00000  59.2%     -    0s
     0     0   98.00000    0   60  240.00000   98.00000  59.2%     -    0s
     0     0   98.00000    0   64  240.00000   98.00000  59.2%     -    1s
     0     0   98.00000    0   70  240.00000   98.00000  59.2%     -    1s
     0     0   98.00000    0   40  240.00000   98.00000  59.2%     -    1s
     0     2   98.00000    0   40  240.00000   98.00000  59.2%     -    1s
H  232   149                     240.0000000   98.00000  59.2%   9.2    1s
  1150   570 infeasible   50       240.00000   98.00000  59.2%   6.9    5s
  2078   973   98.00000   31   41  240.00000   98.00000  59.2%   6.7   10s
  4665  1288  169.50000   28   28  240.00000  134.50000  44.0%  11.0   15s
  8809  2585  163.50000   32   31  240.00000  151.50000  36.9%  11.1   20s
 12614  3153 infeasible   43       240.00000  151.50000  36.9%  10.9   25s
 17160  3800 infeasible   37       240.00000  152.50000  36.5%  10.7   30s
 20485  4354 infeasible   39       240.00000  152.50000  36.5%  10.8   35s
 24755  5975  189.50000   41   18  240.00000  152.50000  36.5%  11.1   40s
 28900  7292  182.50000   45   18  240.00000  152.50000  36.5%  11.4   45s
 32723  8510  189.50000   53   28  240.00000  152.50000  36.5%  11.5   50s
 36757 10001  192.50000   41   27  240.00000  152.50000  36.5%  11.5   55s
 41365 11532 infeasible   53       240.00000  152.50000  36.5%  11.4   60s
 46245 12298 infeasible   51       240.00000  152.50000  36.5%  11.1   65s
 50995 12580  189.50000   52   30  240.00000  152.50000  36.5%  10.7   70s
 55744 13428  184.50000   47   27  240.00000  152.50000  36.5%  10.6   75s
 61470 14429 infeasible   54       240.00000  152.50000  36.5%  10.3   80s
 65852 15080  189.50000   42   30  240.00000  152.50000  36.5%  10.2   85s
 71061 16017  190.50000   32   35  240.00000  152.50000  36.5%  10.1   90s
 75996 16929 infeasible   57       240.00000  152.50000  36.5%  10.0   95s
 79281 17658  165.50000   38   16  240.00000  153.50000  36.0%  10.2  100s
 82642 18530  174.50000   33   21  240.00000  153.50000  36.0%  10.3  105s
 86629 19517 infeasible   51       240.00000  154.50000  35.6%  10.4  110s
 90556 20277  238.00000   52   16  240.00000  155.50000  35.2%  10.5  115s
 94186 20959  189.50000   52   26  240.00000  155.50000  35.2%  10.6  120s
 97414 21554 infeasible   47       240.00000  155.50000  35.2%  10.7  125s
 100916 22176  199.50000   45   19  240.00000  155.50000  35.2%  10.9  130s
 104971 23019  190.50000   42   18  240.00000  155.50000  35.2%  11.0  135s
 108474 23759  155.50000   38   31  240.00000  155.50000  35.2%  11.0  140s
 112149 24747  163.50000   49   39  240.00000  155.50000  35.2%  11.0  145s
 116192 25834  169.50000   42   31  240.00000  155.50000  35.2%  10.9  150s
 121184 26930 infeasible   40       240.00000  155.50000  35.2%  10.8  155s
 125694 27556 infeasible   44       240.00000  155.50000  35.2%  10.7  160s
 131384 28790 infeasible   56       240.00000  155.50000  35.2%  10.6  165s
 135097 28886  174.50000   42   31  240.00000  155.50000  35.2%  10.5  170s
 140132 29918 infeasible   51       240.00000  155.50000  35.2%  10.4  175s
 145344 30351 infeasible   42       240.00000  155.50000  35.2%  10.3  180s
 149814 31281  163.50000   43   40  240.00000  155.50000  35.2%  10.2  185s
 155295 32176  199.50000   48   23  240.00000  155.50000  35.2%  10.1  190s
 160973 32841 infeasible   52       240.00000  155.50000  35.2%  10.0  195s
 165311 33679  174.50000   54   36  240.00000  155.50000  35.2%   9.9  200s
 170030 34350  184.50000   44   29  240.00000  155.50000  35.2%   9.9  205s
 174902 35110 infeasible   50       240.00000  155.50000  35.2%   9.8  210s
 179156 35609 infeasible   48       240.00000  155.50000  35.2%   9.8  215s
 183620 36773 infeasible   62       240.00000  155.50000  35.2%   9.7  220s
 187682 37269 infeasible   30       240.00000  155.50000  35.2%   9.7  225s
 191897 37804  199.50000   52   18  240.00000  155.50000  35.2%   9.7  230s
 195723 38683 infeasible   45       240.00000  155.50000  35.2%   9.7  235s
 199680 39281 infeasible   48       240.00000  155.50000  35.2%   9.7  240s
 204958 39813  155.50000   37   36  240.00000  155.50000  35.2%   9.6  245s
 209606 40865  208.50000   45   16  240.00000  155.50000  35.2%   9.6  250s
 213512 41473 infeasible   44       240.00000  155.50000  35.2%   9.6  255s
 217653 42411 infeasible   52       240.00000  155.50000  35.2%   9.6  260s
 221813 43315  174.50000   37   45  240.00000  155.50000  35.2%   9.6  265s
 226620 44222  163.50000   48   33  240.00000  155.50000  35.2%   9.6  270s
 231049 44834 infeasible   43       240.00000  155.50000  35.2%   9.5  275s
 235759 45669  183.50000   40   22  240.00000  155.50000  35.2%   9.5  280s
 240601 46462  208.50000   41   24  240.00000  155.50000  35.2%   9.5  285s
 245067 47137 infeasible   51       240.00000  155.50000  35.2%   9.4  290s
 248915 47780  182.50000   43   34  240.00000  155.50000  35.2%   9.4  295s
 254124 48766 infeasible   51       240.00000  155.50000  35.2%   9.4  300s

Cutting planes:
  Gomory: 27
  Cover: 3
  Implied bound: 2
  MIR: 197
  Flow cover: 223

Explored 254342 nodes (2400334 simplex iterations) in 300.04 seconds
Thread count was 4 (of 4 available processors)

Solution count 10: 240 240 247 ... 1078
Pool objective bound 155.5

Time limit reached
Best objective 2.399999999759e+02, best bound 1.555000000000e+02, gap 35.2083%

Gurobi 7.0.2 (win64) logging started 03/17/17 01:59:57

Parameter LogFile unchanged
   Value: log-opt-14.log  Default: 
Parameter presolve unchanged
   Value: 2  Min: -1  Max: 2  Default: -1
Parameter mipgap unchanged
   Value: 0.001  Min: 0.0  Max: 1e+100  Default: 0.0001
Parameter method unchanged
   Value: -1  Min: -1  Max: 4  Default: -1
Parameter timelimit unchanged
   Value: 300.0  Min: 0.0  Max: 1e+100  Default: 1e+100
Parameter mipfocus unchanged
   Value: 1  Min: 0  Max: 3  Default: 0
Optimize a model with 16993 rows, 1874 columns and 76559 nonzeros
Variable types: 862 continuous, 1012 integer (1006 binary)
Coefficient statistics:
  Matrix range     [1e+00, 2e+04]
  Objective range  [1e+00, 1e+00]
  Bounds range     [1e+00, 1e+04]
  RHS range        [1e+00, 6e+04]
Presolved: 6912 rows, 939 columns, 32324 nonzeros

Continuing optimization...

 254342 48762  166.50000   38   27  240.00000  155.50000  35.2%   9.4  300s
 259457 49413 infeasible   47       240.00000  155.50000  35.2%   9.4  305s
 264259 50334  155.50000   40   32  240.00000  155.50000  35.2%   9.4  310s
 268719 50901 infeasible   53       240.00000  155.50000  35.2%   9.3  315s
 272661 51426 infeasible   54       240.00000  155.50000  35.2%   9.3  320s
 277830 52189 infeasible   39       240.00000  155.50000  35.2%   9.3  325s
 282930 52843  174.50000   40   30  240.00000  155.50000  35.2%   9.3  330s
 288450 53817 infeasible   44       240.00000  155.50000  35.2%   9.2  335s
 292486 54465 infeasible   41       240.00000  155.50000  35.2%   9.2  340s
 297018 55183  165.50000   45   34  240.00000  155.50000  35.2%   9.2  345s
 301943 55917  166.50000   38   22  240.00000  156.50000  34.8%   9.2  350s
 306125 56770 infeasible   45       240.00000  156.50000  34.8%   9.2  355s
 311215 57161  156.50000   38   22  240.00000  156.50000  34.8%   9.2  360s
 316072 58009 infeasible   40       240.00000  156.50000  34.8%   9.1  365s
 321161 58409 infeasible   55       240.00000  156.50000  34.8%   9.1  370s
 324680 58897  156.50000   49   31  240.00000  156.50000  34.8%   9.1  375s
 329805 59349  184.50000   45   31  240.00000  156.50000  34.8%   9.0  380s
 335727 59947  189.50000   47   32  240.00000  156.50000  34.8%   9.0  385s
 341090 60703 infeasible   38       240.00000  156.50000  34.8%   8.9  390s
 346291 60879 infeasible   41       240.00000  156.50000  34.8%   8.9  395s
 350537 61601  156.50000   42   36  240.00000  156.50000  34.8%   8.9  400s
 356124 62095 infeasible   45       240.00000  156.50000  34.8%   8.9  405s
 361106 63070 infeasible   51       240.00000  156.50000  34.8%   8.8  410s
 365637 63271  165.50000   52   29  240.00000  156.50000  34.8%   8.8  415s
 370576 64152  238.00000   60   12  240.00000  156.50000  34.8%   8.8  420s
 375112 65301 infeasible   60       240.00000  156.50000  34.8%   8.8  425s
 378772 66070 infeasible   55       240.00000  156.50000  34.8%   8.8  430s
 382419 66709  156.50000   46   34  240.00000  156.50000  34.8%   8.9  435s
 386137 67240  230.00000   39   13  240.00000  159.50000  33.5%   8.9  440s
 389295 67695  181.50000   54   18  240.00000  159.50000  33.5%   9.0  445s
 392795 68020 infeasible   55       240.00000  159.50000  33.5%   9.0  450s
 396444 68240  238.00000   52   11  240.00000  159.50000  33.5%   9.1  455s
 399914 68384 infeasible   53       240.00000  159.50000  33.5%   9.1  460s
 403521 68592 infeasible   47       240.00000  159.50000  33.5%   9.1  465s
 407092 68879 infeasible   43       240.00000  159.50000  33.5%   9.2  470s
 410458 69341 infeasible   36       240.00000  159.50000  33.5%   9.2  475s
 413784 69918  183.50000   45   24  240.00000  159.50000  33.5%   9.2  480s
 417797 70464 infeasible   46       240.00000  159.50000  33.5%   9.2  485s
 421285 70691  159.50000   46   23  240.00000  159.50000  33.5%   9.3  490s
 424569 71179  215.00000   51   17  240.00000  163.50000  31.9%   9.3  495s
 428701 71974  184.50000   50   17  240.00000  163.50000  31.9%   9.3  500s
 432165 72869  182.82177   38   14  240.00000  163.50000  31.9%   9.3  505s
 436092 73710 infeasible   50       240.00000  163.50000  31.9%   9.3  510s
 440057 74448  168.50000   41   20  240.00000  163.50000  31.9%   9.3  515s
 443951 75230  174.50000   41   19  240.00000  163.50000  31.9%   9.3  520s
 447371 75879  199.50000   44   12  240.00000  163.50000  31.9%   9.4  525s
 450610 76447  182.50000   45   24  240.00000  163.50000  31.9%   9.4  530s
H452136 76747                     239.9998580  163.50000  31.9%   9.4  532s
 453555 76274 infeasible   33       239.99986  163.50000  31.9%   9.4  535s
 456220 76611  174.50000   32   19  239.99986  163.50000  31.9%   9.4  540s
 459961 78030  199.50000   47   22  239.99986  163.50000  31.9%   9.4  545s
 463076 78728  182.50000   47   30  239.99986  163.50000  31.9%   9.5  550s
 466525 79764  232.00000   40    9  239.99986  163.50000  31.9%   9.5  555s
 470486 81020 infeasible   56       239.99986  163.50000  31.9%   9.5  560s
 474386 82122 infeasible   59       239.99986  163.50000  31.9%   9.6  565s
 478186 83261 infeasible   44       239.99986  163.50000  31.9%   9.6  570s
 481884 84264  184.50000   30   28  239.99986  163.50000  31.9%   9.6  575s
 485256 85511  208.50000   45   22  239.99986  163.50000  31.9%   9.6  580s
 488765 86689  186.50000   51   21  239.99986  163.50000  31.9%   9.6  585s
 492467 88057  193.50000   46   18  239.99986  163.50000  31.9%   9.7  590s
 495993 89056 infeasible   45       239.99986  163.50000  31.9%   9.7  595s
 499531 89925 infeasible   48       239.99986  163.50000  31.9%   9.7  600s

Cutting planes:
  Gomory: 29
  Cover: 3
  Implied bound: 2
  MIR: 227
  Flow cover: 252

Explored 499843 nodes (4869343 simplex iterations) in 300.03 seconds
Thread count was 4 (of 4 available processors)

Solution count 10: 240 240 240 ... 959.5
Pool objective bound 163.5

Time limit reached
Best objective 2.399998580248e+02, best bound 1.635000000000e+02, gap 31.8750%

#######################################
GN: iteration 0 at stage 3
Added demands: [0, 1, 2, 3, 4, 5, 6, 7, 8, 9, 10, 11, 12, 13, 14, 15, 16, 17, 18, 19]
Fixed demands: []

Gurobi 7.0.2 (win64) logging started 03/17/17 02:04:57

Changed value of parameter LogFile to log-opt-14.log
   Prev: gurobi.log  Default: 
Changed value of parameter presolve to 2
   Prev: -1  Min: -1  Max: 2  Default: -1
Changed value of parameter mipgap to 0.001
   Prev: 0.0001  Min: 0.0  Max: 1e+100  Default: 0.0001
Parameter method unchanged
   Value: -1  Min: -1  Max: 4  Default: -1
Changed value of parameter timelimit to 300.0
   Prev: 1e+100  Min: 0.0  Max: 1e+100  Default: 1e+100
Changed value of parameter mipfocus to 1
   Prev: 0  Min: 0  Max: 3  Default: 0
Optimize a model with 44491 rows, 11252 columns and 144737 nonzeros
Variable types: 3040 continuous, 8212 integer (8206 binary)
Coefficient statistics:
  Matrix range     [5e-01, 2e+04]
  Objective range  [1e+00, 1e+00]
  Bounds range     [1e+00, 1e+04]
  RHS range        [1e+00, 6e+04]
Presolve removed 27657 rows and 6779 columns
Presolve time: 1.23s
Presolved: 16834 rows, 4473 columns, 61944 nonzeros
Variable types: 1101 continuous, 3372 integer (3372 binary)
Found heuristic solution: objective 1183.0000000
Found heuristic solution: objective 784.0000000
Presolve removed 641 rows and 296 columns
Presolved: 16193 rows, 4177 columns, 60245 nonzeros


Root relaxation: objective 9.800000e+01, 574 iterations, 0.16 seconds

    Nodes    |    Current Node    |     Objective Bounds      |     Work
 Expl Unexpl |  Obj  Depth IntInf | Incumbent    BestBd   Gap | It/Node Time

     0     0   98.00000    0   28  784.00000   98.00000  87.5%     -    2s
H    0     0                     338.5000000   98.00000  71.0%     -    2s
H    0     0                     311.5000000   98.00000  68.5%     -    2s
     0     0   98.00000    0  154  311.50000   98.00000  68.5%     -    3s
H    0     0                     303.5000000   98.00000  67.7%     -    3s
H    0     0                     297.5000000   98.00000  67.1%     -    3s
H    0     0                     279.0000000   98.00000  64.9%     -    3s
     0     0   98.00000    0  159  279.00000   98.00000  64.9%     -    3s
     0     0   98.00000    0  218  279.00000   98.00000  64.9%     -    3s
H    0     0                     268.5000000   98.00000  63.5%     -  126s
H    0     0                     263.0000000   98.00000  62.7%     -  126s
H    0     0                     258.0000000   98.00000  62.0%     -  126s
H    0     0                     253.0000000   98.00000  61.3%     -  126s
H    0     0                     253.0000000   98.00000  61.3%     -  126s
H    0     0                     252.9999999   98.00000  61.3%     -  126s
H    0     0                     252.9999999   98.00000  61.3%     -  126s
H    0     0                     240.0000000   98.00000  59.2%     -  126s
H    0     0                     240.0000000   98.00000  59.2%     -  126s
H    0     0                     240.0000000   98.00000  59.2%     -  126s
H    0     0                     239.9999999   98.00000  59.2%     -  126s
H    0     0                     239.9999999   98.00000  59.2%     -  126s
H    0     0                     239.9999999   98.00000  59.2%     -  126s
H    0     0                     239.9999999   98.00000  59.2%     -  126s
H    0     0                     239.9999998   98.00000  59.2%     -  126s
H    0     0                     239.9999998   98.00000  59.2%     -  126s
     0     0   98.00000    0  946  240.00000   98.00000  59.2%     -  126s
H    0     0                     239.9999998   98.00000  59.2%     -  300s
H    0     0                     239.9999998   98.00000  59.2%     -  300s
H    0     0                     239.9999997   98.00000  59.2%     -  300s
H    0     0                     239.9999997   98.00000  59.2%     -  300s
H    0     0                     239.9999997   98.00000  59.2%     -  300s
H    0     0                     239.9999997   98.00000  59.2%     -  300s
H    0     0                     239.9999996   98.00000  59.2%     -  300s
H    0     0                     239.9999996   98.00000  59.2%     -  300s
H    0     0                     239.9999996   98.00000  59.2%     -  300s
H    0     0                     239.9999996   98.00000  59.2%     -  300s
H    0     0                     239.9999995   98.00000  59.2%     -  300s
H    0     0                     239.9999995   98.00000  59.2%     -  300s
H    0     0                     239.9999995   98.00000  59.2%     -  300s
H    0     0                     239.9999995   98.00000  59.2%     -  300s
H    0     0                     239.9999994   98.00000  59.2%     -  300s
H    0     0                     239.9999994   98.00000  59.2%     -  300s
H    0     0                     239.9999994   98.00000  59.2%     -  300s
H    0     0                     239.9999994   98.00000  59.2%     -  300s
H    0     0                     239.9999993   98.00000  59.2%     -  300s
H    0     0                     239.9999993   98.00000  59.2%     -  300s
H    0     0                     239.9999993   98.00000  59.2%     -  300s
H    0     0                     239.9999993   98.00000  59.2%     -  300s
H    0     0                     239.9999993   98.00000  59.2%     -  300s
H    0     0                     239.9999992   98.00000  59.2%     -  300s
H    0     0                     239.9999992   98.00000  59.2%     -  300s
H    0     0                     239.9999992   98.00000  59.2%     -  300s
H    0     0                     239.9999992   98.00000  59.2%     -  300s
H    0     0                     239.9999991   98.00000  59.2%     -  300s
H    0     0                     239.9999991   98.00000  59.2%     -  300s
H    0     0                     239.9998895   98.00000  59.2%     -  300s
     0     0   98.00000    0  660  239.99989   98.00000  59.2%     -  300s

Cutting planes:
  Gomory: 3
  Implied bound: 37
  MIR: 13
  Flow cover: 26
  Zero half: 18

Explored 0 nodes (125729 simplex iterations) in 300.26 seconds
Thread count was 4 (of 4 available processors)

Solution count 10: 240 240 240 ... 240
Pool objective bound 98

Time limit reached
Best objective 2.399998895188e+02, best bound 9.800000000000e+01, gap 59.1666%

Gurobi 7.0.2 (win64) logging started 03/17/17 02:09:57

Parameter LogFile unchanged
   Value: log-opt-14.log  Default: 
Parameter presolve unchanged
   Value: 2  Min: -1  Max: 2  Default: -1
Parameter mipgap unchanged
   Value: 0.001  Min: 0.0  Max: 1e+100  Default: 0.0001
Parameter method unchanged
   Value: -1  Min: -1  Max: 4  Default: -1
Parameter timelimit unchanged
   Value: 300.0  Min: 0.0  Max: 1e+100  Default: 1e+100
Parameter mipfocus unchanged
   Value: 1  Min: 0  Max: 3  Default: 0
Optimize a model with 44491 rows, 11252 columns and 144737 nonzeros
Variable types: 3040 continuous, 8212 integer (8206 binary)
Coefficient statistics:
  Matrix range     [5e-01, 2e+04]
  Objective range  [1e+00, 1e+00]
  Bounds range     [1e+00, 1e+04]
  RHS range        [1e+00, 6e+04]
Presolved: 16834 rows, 4473 columns, 61944 nonzeros

Continuing optimization...

     0     2   98.00000    0   60  239.99989   98.00000  59.2%     -  302s
    41    34   98.00000   11   88  239.99989   98.00000  59.2%   251  315s
    48    41   98.00000   12   84  239.99989   98.00000  59.2%  1023  323s
    63    56   98.00000   17   75  239.99989   98.00000  59.2%   949  332s
    93    75   98.00000   27   47  239.99989   98.00000  59.2%   650  347s
   301   215   98.00000   22  112  239.99989   98.00000  59.2%   383  351s
   584   328 infeasible   52       239.99989   98.00000  59.2%   222  365s
   945   502  180.50000   42   26  239.99989   98.00000  59.2%   179  381s
  1360   688 infeasible   35       239.99989   98.00000  59.2%   157  399s
  1838   883  133.50000   17   70  239.99989   98.00000  59.2%   145  417s
  2390  1150   98.00000   20  130  239.99989   98.00000  59.2%   131  420s
  2397  1154   98.00000   18  372  239.99989   98.00000  59.2%   131  467s
  2398  1155  192.50000   50  372  239.99989   98.00000  59.2%   131  486s
  2399  1159   98.00000   10   86  239.99989   98.00000  59.2%   166  498s
  2409  1167  185.50000   13   95  239.99989   98.00000  59.2%   167  500s
  2484  1207 infeasible   26       239.99989   98.00000  59.2%   184  539s
  2493  1213  185.50000   27   57  239.99989   98.00000  59.2%   184  540s
  2545  1207 infeasible   35       239.99989   98.00000  59.2%   181  567s
  2577  1210  185.50000   19  105  239.99989   98.00000  59.2%   198  600s

Cutting planes:
  Gomory: 16
  Implied bound: 31
  MIR: 92
  Flow cover: 97
  Zero half: 39

Explored 2587 nodes (637521 simplex iterations) in 300.02 seconds
Thread count was 4 (of 4 available processors)

Solution count 10: 240 240 240 ... 240
Pool objective bound 98

Time limit reached
Best objective 2.399998895188e+02, best bound 9.800000000000e+01, gap 59.1666%
