
#######################################
TR: iteration 0 at stage 0
Added demands: [0, 1, 2, 3, 4]
Fixed demands: []

Gurobi 7.0.2 (win64) logging started 03/16/17 14:47:26

Changed value of parameter LogFile to log-prop-6.log
   Prev: gurobi.log  Default: 
Changed value of parameter presolve to 2
   Prev: -1  Min: -1  Max: 2  Default: -1
Changed value of parameter mipgap to 0.001
   Prev: 0.0001  Min: 0.0  Max: 1e+100  Default: 0.0001
Parameter method unchanged
   Value: -1  Min: -1  Max: 4  Default: -1
Changed value of parameter timelimit to 100.0
   Prev: 1e+100  Min: 0.0  Max: 1e+100  Default: 1e+100
Changed value of parameter mipfocus to 1
   Prev: 0  Min: 0  Max: 3  Default: 0
Optimize a model with 1483 rows, 404 columns and 5510 nonzeros
Variable types: 217 continuous, 187 integer (181 binary)
Coefficient statistics:
  Matrix range     [1e+00, 2e+04]
  Objective range  [1e+00, 1e+00]
  Bounds range     [1e+00, 1e+04]
  RHS range        [1e+00, 6e+04]
Found heuristic solution: objective 160.5
Presolve removed 512 rows and 52 columns
Presolve time: 0.02s
Presolved: 971 rows, 352 columns, 3613 nonzeros
Variable types: 216 continuous, 136 integer (136 binary)
Presolve removed 20 rows and 6 columns
Presolved: 951 rows, 346 columns, 3560 nonzeros


Root relaxation: objective 7.300000e+01, 88 iterations, 0.00 seconds

    Nodes    |    Current Node    |     Objective Bounds      |     Work
 Expl Unexpl |  Obj  Depth IntInf | Incumbent    BestBd   Gap | It/Node Time

     0     0   73.00000    0    1  160.50000   73.00000  54.5%     -    0s
H    0     0                     150.5000000   73.00000  51.5%     -    0s
     0     0   73.00000    0    1  150.50000   73.00000  51.5%     -    0s
     0     0   73.00000    0    4  150.50000   73.00000  51.5%     -    0s
     0     0   73.00000    0    8  150.50000   73.00000  51.5%     -    0s
     0     0   73.00000    0    9  150.50000   73.00000  51.5%     -    0s
     0     0   73.00000    0    9  150.50000   73.00000  51.5%     -    0s
     0     0   73.00000    0   12  150.50000   73.00000  51.5%     -    0s
     0     0   73.00000    0    1  150.50000   73.00000  51.5%     -    0s
     0     2   73.00000    0    1  150.50000   73.00000  51.5%     -    0s

Cutting planes:
  MIR: 3
  Flow cover: 2

Explored 25 nodes (667 simplex iterations) in 0.13 seconds
Thread count was 4 (of 4 available processors)

Solution count 2: 150.5 160.5 
Pool objective bound 150.5

Optimal solution found (tolerance 1.00e-03)
Best objective 1.505000000000e+02, best bound 1.505000000000e+02, gap 0.0000%

#######################################
GN: iteration 0 at stage 0
Added demands: [0, 1, 2, 3, 4]
Fixed demands: []

Gurobi 7.0.2 (win64) logging started 03/16/17 14:47:27

Changed value of parameter LogFile to log-prop-6.log
   Prev: gurobi.log  Default: 
Changed value of parameter presolve to 2
   Prev: -1  Min: -1  Max: 2  Default: -1
Changed value of parameter mipgap to 0.001
   Prev: 0.0001  Min: 0.0  Max: 1e+100  Default: 0.0001
Parameter method unchanged
   Value: -1  Min: -1  Max: 4  Default: -1
Changed value of parameter timelimit to 100.0
   Prev: 1e+100  Min: 0.0  Max: 1e+100  Default: 1e+100
Changed value of parameter mipfocus to 1
   Prev: 0  Min: 0  Max: 3  Default: 0
Optimize a model with 4321 rows, 1412 columns and 11768 nonzeros
Variable types: 775 continuous, 637 integer (631 binary)
Coefficient statistics:
  Matrix range     [7e-01, 2e+04]
  Objective range  [1e+00, 1e+00]
  Bounds range     [1e+00, 1e+04]
  RHS range        [1e+00, 6e+04]
Found heuristic solution: objective 157.5
Presolve removed 2450 rows and 700 columns
Presolve time: 0.05s
Presolved: 1871 rows, 712 columns, 6106 nonzeros
Variable types: 396 continuous, 316 integer (316 binary)
Presolve removed 190 rows and 94 columns
Presolved: 1681 rows, 618 columns, 5607 nonzeros


Root relaxation: objective 7.300000e+01, 71 iterations, 0.02 seconds

    Nodes    |    Current Node    |     Objective Bounds      |     Work
 Expl Unexpl |  Obj  Depth IntInf | Incumbent    BestBd   Gap | It/Node Time

     0     0   73.00000    0    1  157.50000   73.00000  53.7%     -    0s
H    0     0                     155.5000000   73.00000  53.1%     -    0s
     0     0   73.00000    0    8  155.50000   73.00000  53.1%     -    0s
H    0     0                     150.5000000   73.00000  51.5%     -    0s
     0     0   73.00000    0   17  150.50000   73.00000  51.5%     -    0s
     0     0   73.00000    0   16  150.50000   73.00000  51.5%     -    0s
     0     0   73.00000    0   15  150.50000   73.00000  51.5%     -    0s
     0     0   73.00000    0   15  150.50000   73.00000  51.5%     -    0s
     0     0   73.00000    0    8  150.50000   73.00000  51.5%     -    0s
     0     2   73.00000    0    4  150.50000   73.00000  51.5%     -    0s
H 2638   808                     150.5000000   73.00000  51.5%  32.2    2s

Cutting planes:
  Gomory: 1
  Implied bound: 2
  MIR: 4
  Flow cover: 12

Explored 3118 nodes (100456 simplex iterations) in 3.35 seconds
Thread count was 4 (of 4 available processors)

Solution count 5: 150.5 150.5 150.5 ... 157.5
Pool objective bound 150.5

Optimal solution found (tolerance 1.00e-03)
Best objective 1.504999999849e+02, best bound 1.504999999849e+02, gap 0.0000%

#######################################
TR: iteration 1 at stage 0
Added demands: [0, 3]
Fixed demands: [1, 4, 2]

Gurobi 7.0.2 (win64) logging started 03/16/17 14:47:30

Parameter LogFile unchanged
   Value: log-prop-6.log  Default: 
Parameter presolve unchanged
   Value: 2  Min: -1  Max: 2  Default: -1
Parameter mipgap unchanged
   Value: 0.001  Min: 0.0  Max: 1e+100  Default: 0.0001
Parameter method unchanged
   Value: -1  Min: -1  Max: 4  Default: -1
Parameter timelimit unchanged
   Value: 100.0  Min: 0.0  Max: 1e+100  Default: 1e+100
Parameter mipfocus unchanged
   Value: 1  Min: 0  Max: 3  Default: 0
Optimize a model with 1483 rows, 404 columns and 5510 nonzeros
Variable types: 217 continuous, 187 integer (181 binary)
Coefficient statistics:
  Matrix range     [1e+00, 2e+04]
  Objective range  [1e+00, 1e+00]
  Bounds range     [1e+00, 1e+04]
  RHS range        [1e+00, 6e+04]
Found heuristic solution: objective 157.5
Presolve removed 1173 rows and 250 columns
Presolve time: 0.00s
Presolved: 310 rows, 154 columns, 1005 nonzeros

Loaded MIP start with objective 150.5

Variable types: 90 continuous, 64 integer (63 binary)
Presolve removed 7 rows and 2 columns
Presolved: 303 rows, 152 columns, 986 nonzeros


Root relaxation: objective 7.300000e+01, 37 iterations, 0.00 seconds

    Nodes    |    Current Node    |     Objective Bounds      |     Work
 Expl Unexpl |  Obj  Depth IntInf | Incumbent    BestBd   Gap | It/Node Time

     0     0   73.00000    0    1  150.50000   73.00000  51.5%     -    0s
     0     0   73.00000    0    1  150.50000   73.00000  51.5%     -    0s
     0     0   73.00000    0    6  150.50000   73.00000  51.5%     -    0s
     0     0   73.00000    0    6  150.50000   73.00000  51.5%     -    0s
     0     0  109.75613    0    4  150.50000  109.75613  27.1%     -    0s
     0     0  110.96875    0    1  150.50000  110.96875  26.3%     -    0s
     0     0  110.96875    0    4  150.50000  110.96875  26.3%     -    0s
     0     0  110.96875    0    5  150.50000  110.96875  26.3%     -    0s
     0     0  110.96875    0    4  150.50000  110.96875  26.3%     -    0s
H    0     0                     150.5000000  110.96875  26.3%     -    0s

Explored 0 nodes (184 simplex iterations) in 0.08 seconds
Thread count was 4 (of 4 available processors)

Solution count 3: 150.5 150.5 150.5 
Pool objective bound 150.5

Optimal solution found (tolerance 1.00e-03)
Best objective 1.504999999848e+02, best bound 1.504999999848e+02, gap 0.0000%

#######################################
GN: iteration 1 at stage 0
Added demands: [0, 3]
Fixed demands: [1, 4, 2]

Gurobi 7.0.2 (win64) logging started 03/16/17 14:47:30

Parameter LogFile unchanged
   Value: log-prop-6.log  Default: 
Parameter presolve unchanged
   Value: 2  Min: -1  Max: 2  Default: -1
Parameter mipgap unchanged
   Value: 0.001  Min: 0.0  Max: 1e+100  Default: 0.0001
Parameter method unchanged
   Value: -1  Min: -1  Max: 4  Default: -1
Parameter timelimit unchanged
   Value: 100.0  Min: 0.0  Max: 1e+100  Default: 1e+100
Parameter mipfocus unchanged
   Value: 1  Min: 0  Max: 3  Default: 0
Optimize a model with 4321 rows, 1412 columns and 11768 nonzeros
Variable types: 775 continuous, 637 integer (631 binary)
Coefficient statistics:
  Matrix range     [7e-01, 2e+04]
  Objective range  [1e+00, 1e+00]
  Bounds range     [1e+00, 1e+04]
  RHS range        [1e+00, 6e+04]
Found heuristic solution: objective 157.5
Presolve removed 3874 rows and 1213 columns
Presolve time: 0.02s
Presolved: 447 rows, 199 columns, 1381 nonzeros

Loaded MIP start with objective 150.5

Variable types: 116 continuous, 83 integer (83 binary)
Presolve removed 73 rows and 28 columns
Presolved: 374 rows, 171 columns, 1180 nonzeros


Root relaxation: objective 7.300000e+01, 23 iterations, 0.00 seconds

    Nodes    |    Current Node    |     Objective Bounds      |     Work
 Expl Unexpl |  Obj  Depth IntInf | Incumbent    BestBd   Gap | It/Node Time

     0     0   73.00000    0    1  150.50000   73.00000  51.5%     -    0s
     0     0   73.00000    0    1  150.50000   73.00000  51.5%     -    0s
     0     0   73.00000    0    4  150.50000   73.00000  51.5%     -    0s
     0     0   73.00000    0    7  150.50000   73.00000  51.5%     -    0s
     0     0  110.96875    0    8  150.50000  110.96875  26.3%     -    0s
     0     0  110.96875    0   10  150.50000  110.96875  26.3%     -    0s
     0     0  110.96875    0    6  150.50000  110.96875  26.3%     -    0s
     0     0  110.96875    0    9  150.50000  110.96875  26.3%     -    0s
     0     0  110.96875    0    8  150.50000  110.96875  26.3%     -    0s
     0     0  110.96875    0    2  150.50000  110.96875  26.3%     -    0s
H    0     0                     150.5000000  110.96875  26.3%     -    0s

Explored 0 nodes (468 simplex iterations) in 0.11 seconds
Thread count was 4 (of 4 available processors)

Solution count 2: 150.5 150.5 
Pool objective bound 150.5

Optimal solution found (tolerance 1.00e-03)
Best objective 1.504999999848e+02, best bound 1.504999999848e+02, gap 0.0000%

#######################################
TR: iteration 2 at stage 0
Added demands: [0, 3]
Fixed demands: [1, 4, 2]

Gurobi 7.0.2 (win64) logging started 03/16/17 14:47:30

Parameter LogFile unchanged
   Value: log-prop-6.log  Default: 
Parameter presolve unchanged
   Value: 2  Min: -1  Max: 2  Default: -1
Parameter mipgap unchanged
   Value: 0.001  Min: 0.0  Max: 1e+100  Default: 0.0001
Parameter method unchanged
   Value: -1  Min: -1  Max: 4  Default: -1
Parameter timelimit unchanged
   Value: 100.0  Min: 0.0  Max: 1e+100  Default: 1e+100
Parameter mipfocus unchanged
   Value: 1  Min: 0  Max: 3  Default: 0
Optimize a model with 1483 rows, 404 columns and 5510 nonzeros
Variable types: 217 continuous, 187 integer (181 binary)
Coefficient statistics:
  Matrix range     [1e+00, 2e+04]
  Objective range  [1e+00, 1e+00]
  Bounds range     [1e+00, 1e+04]
  RHS range        [1e+00, 6e+04]
Found heuristic solution: objective 157.5
Presolve removed 1173 rows and 250 columns
Presolve time: 0.02s
Presolved: 310 rows, 154 columns, 1005 nonzeros

Loaded MIP start with objective 150.5

Variable types: 90 continuous, 64 integer (63 binary)
Presolve removed 7 rows and 2 columns
Presolved: 303 rows, 152 columns, 986 nonzeros


Root relaxation: objective 7.300000e+01, 37 iterations, 0.00 seconds

    Nodes    |    Current Node    |     Objective Bounds      |     Work
 Expl Unexpl |  Obj  Depth IntInf | Incumbent    BestBd   Gap | It/Node Time

     0     0   73.00000    0    1  150.50000   73.00000  51.5%     -    0s
     0     0   73.00000    0    1  150.50000   73.00000  51.5%     -    0s
     0     0   73.00000    0    6  150.50000   73.00000  51.5%     -    0s
     0     0   73.00000    0    6  150.50000   73.00000  51.5%     -    0s
     0     0  109.75613    0    4  150.50000  109.75613  27.1%     -    0s
     0     0  110.96875    0    1  150.50000  110.96875  26.3%     -    0s
     0     0  110.96875    0    4  150.50000  110.96875  26.3%     -    0s
     0     0  110.96875    0    5  150.50000  110.96875  26.3%     -    0s
     0     0  110.96875    0    4  150.50000  110.96875  26.3%     -    0s
H    0     0                     150.5000000  110.96875  26.3%     -    0s

Explored 0 nodes (184 simplex iterations) in 0.08 seconds
Thread count was 4 (of 4 available processors)

Solution count 3: 150.5 150.5 150.5 
Pool objective bound 150.5

Optimal solution found (tolerance 1.00e-03)
Best objective 1.504999999848e+02, best bound 1.504999999848e+02, gap 0.0000%

#######################################
GN: iteration 2 at stage 0
Added demands: [0, 3]
Fixed demands: [1, 4, 2]

Gurobi 7.0.2 (win64) logging started 03/16/17 14:47:30

Parameter LogFile unchanged
   Value: log-prop-6.log  Default: 
Parameter presolve unchanged
   Value: 2  Min: -1  Max: 2  Default: -1
Parameter mipgap unchanged
   Value: 0.001  Min: 0.0  Max: 1e+100  Default: 0.0001
Parameter method unchanged
   Value: -1  Min: -1  Max: 4  Default: -1
Parameter timelimit unchanged
   Value: 100.0  Min: 0.0  Max: 1e+100  Default: 1e+100
Parameter mipfocus unchanged
   Value: 1  Min: 0  Max: 3  Default: 0
Optimize a model with 4321 rows, 1412 columns and 11768 nonzeros
Variable types: 775 continuous, 637 integer (631 binary)
Coefficient statistics:
  Matrix range     [7e-01, 2e+04]
  Objective range  [1e+00, 1e+00]
  Bounds range     [1e+00, 1e+04]
  RHS range        [1e+00, 6e+04]
Found heuristic solution: objective 157.5
Presolve removed 3874 rows and 1213 columns
Presolve time: 0.02s
Presolved: 447 rows, 199 columns, 1381 nonzeros

Loaded MIP start with objective 150.5

Variable types: 116 continuous, 83 integer (83 binary)
Presolve removed 73 rows and 28 columns
Presolved: 374 rows, 171 columns, 1180 nonzeros


Root relaxation: objective 7.300000e+01, 23 iterations, 0.00 seconds

    Nodes    |    Current Node    |     Objective Bounds      |     Work
 Expl Unexpl |  Obj  Depth IntInf | Incumbent    BestBd   Gap | It/Node Time

     0     0   73.00000    0    1  150.50000   73.00000  51.5%     -    0s
     0     0   73.00000    0    1  150.50000   73.00000  51.5%     -    0s
     0     0   73.00000    0    4  150.50000   73.00000  51.5%     -    0s
     0     0   73.00000    0    7  150.50000   73.00000  51.5%     -    0s
     0     0  110.96875    0    8  150.50000  110.96875  26.3%     -    0s
     0     0  110.96875    0   10  150.50000  110.96875  26.3%     -    0s
     0     0  110.96875    0    6  150.50000  110.96875  26.3%     -    0s
     0     0  110.96875    0    9  150.50000  110.96875  26.3%     -    0s
     0     0  110.96875    0    8  150.50000  110.96875  26.3%     -    0s
     0     0  110.96875    0    2  150.50000  110.96875  26.3%     -    0s
H    0     0                     150.5000000  110.96875  26.3%     -    0s

Explored 0 nodes (468 simplex iterations) in 0.11 seconds
Thread count was 4 (of 4 available processors)

Solution count 2: 150.5 150.5 
Pool objective bound 150.5

Optimal solution found (tolerance 1.00e-03)
Best objective 1.504999999848e+02, best bound 1.504999999848e+02, gap 0.0000%

#######################################
TR: iteration 0 at stage 1
Added demands: [5, 6, 7, 8, 9]
Fixed demands: [0, 1, 2, 3, 4]

Gurobi 7.0.2 (win64) logging started 03/16/17 14:47:32

Changed value of parameter LogFile to log-prop-6.log
   Prev: gurobi.log  Default: 
Changed value of parameter presolve to 2
   Prev: -1  Min: -1  Max: 2  Default: -1
Changed value of parameter mipgap to 0.001
   Prev: 0.0001  Min: 0.0  Max: 1e+100  Default: 0.0001
Parameter method unchanged
   Value: -1  Min: -1  Max: 4  Default: -1
Changed value of parameter timelimit to 100.0
   Prev: 1e+100  Min: 0.0  Max: 1e+100  Default: 1e+100
Changed value of parameter mipfocus to 1
   Prev: 0  Min: 0  Max: 3  Default: 0
Optimize a model with 4803 rows, 844 columns and 20095 nonzeros
Variable types: 432 continuous, 412 integer (406 binary)
Coefficient statistics:
  Matrix range     [1e+00, 2e+04]
  Objective range  [1e+00, 1e+00]
  Bounds range     [1e+00, 1e+04]
  RHS range        [1e+00, 6e+04]
Found heuristic solution: objective 269
Presolve removed 3730 rows and 456 columns
Presolve time: 0.02s
Presolved: 1073 rows, 388 columns, 4002 nonzeros
Variable types: 221 continuous, 167 integer (165 binary)
Presolve removed 15 rows and 4 columns
Presolved: 1058 rows, 384 columns, 3960 nonzeros


Root relaxation: objective 1.505000e+02, 121 iterations, 0.02 seconds

    Nodes    |    Current Node    |     Objective Bounds      |     Work
 Expl Unexpl |  Obj  Depth IntInf | Incumbent    BestBd   Gap | It/Node Time

     0     0  150.50000    0    9  269.00000  150.50000  44.1%     -    0s
     0     0  150.50000    0   26  269.00000  150.50000  44.1%     -    0s
H    0     0                     240.0000000  150.50000  37.3%     -    0s
     0     0  150.50000    0   25  240.00000  150.50000  37.3%     -    0s
     0     0  150.50000    0   19  240.00000  150.50000  37.3%     -    0s
H    0     0                     239.0000000  150.50000  37.0%     -    0s
H    0     0                     236.0000000  150.50000  36.2%     -    0s
     0     0  150.50000    0   19  236.00000  150.50000  36.2%     -    0s
     0     0  150.50000    0   18  236.00000  150.50000  36.2%     -    0s
     0     0  150.50000    0   24  236.00000  150.50000  36.2%     -    0s
H    0     0                     231.0000000  150.50000  34.8%     -    0s
     0     0  150.50000    0   30  231.00000  150.50000  34.8%     -    0s
H    0     0                     221.0000000  150.50000  31.9%     -    0s
     0     0  150.50000    0   29  221.00000  150.50000  31.9%     -    0s
     0     0  150.50000    0    5  221.00000  150.50000  31.9%     -    0s
H    0     0                     213.0000000  150.50000  29.3%     -    0s
H    0     0                     210.0000000  150.50000  28.3%     -    0s
     0     2  150.50000    0    5  210.00000  150.50000  28.3%     -    0s
H 1562   567                     210.0000000  150.50000  28.3%  10.2    0s
H 1748   605                     209.9998216  150.50000  28.3%  10.7    0s
 13206   990  174.50000   32   17  209.99982  172.50000  17.9%  13.0    5s

Cutting planes:
  Gomory: 2
  Cover: 7
  Implied bound: 2
  MIR: 80
  Flow cover: 78

Explored 32221 nodes (409779 simplex iterations) in 9.93 seconds
Thread count was 4 (of 4 available processors)

Solution count 10: 210 210 210 ... 240
Pool objective bound 210

Optimal solution found (tolerance 1.00e-03)
Best objective 2.100000000000e+02, best bound 2.100000000000e+02, gap 0.0000%

Gurobi 7.0.2 (win64) logging started 03/16/17 14:47:42

Parameter LogFile unchanged
   Value: log-prop-6.log  Default: 
Parameter presolve unchanged
   Value: 2  Min: -1  Max: 2  Default: -1
Parameter mipgap unchanged
   Value: 0.001  Min: 0.0  Max: 1e+100  Default: 0.0001
Parameter method unchanged
   Value: -1  Min: -1  Max: 4  Default: -1
Parameter timelimit unchanged
   Value: 100.0  Min: 0.0  Max: 1e+100  Default: 1e+100
Parameter mipfocus unchanged
   Value: 1  Min: 0  Max: 3  Default: 0
Optimize a model with 4803 rows, 844 columns and 20095 nonzeros
Variable types: 432 continuous, 412 integer (406 binary)
Coefficient statistics:
  Matrix range     [1e+00, 2e+04]
  Objective range  [1e+00, 1e+00]
  Bounds range     [1e+00, 1e+04]
  RHS range        [1e+00, 6e+04]
Presolved: 1073 rows, 388 columns, 4002 nonzeros

Continuing optimization...


Cutting planes:
  Gomory: 2
  Cover: 7
  Implied bound: 2
  MIR: 80
  Flow cover: 78

Explored 32221 nodes (409779 simplex iterations) in 0.03 seconds
Thread count was 4 (of 4 available processors)

Solution count 10: 210 210 210 ... 240
Pool objective bound 210

Optimal solution found (tolerance 1.00e-03)
Best objective 2.099998215636e+02, best bound 2.099998215636e+02, gap 0.0000%

#######################################
GN: iteration 0 at stage 1
Added demands: [5, 6, 7, 8, 9]
Fixed demands: [0, 1, 2, 3, 4]

Gurobi 7.0.2 (win64) logging started 03/16/17 14:47:42

Changed value of parameter LogFile to log-prop-6.log
   Prev: gurobi.log  Default: 
Changed value of parameter presolve to 2
   Prev: -1  Min: -1  Max: 2  Default: -1
Changed value of parameter mipgap to 0.001
   Prev: 0.0001  Min: 0.0  Max: 1e+100  Default: 0.0001
Parameter method unchanged
   Value: -1  Min: -1  Max: 4  Default: -1
Changed value of parameter timelimit to 100.0
   Prev: 1e+100  Min: 0.0  Max: 1e+100  Default: 1e+100
Changed value of parameter mipfocus to 1
   Prev: 0  Min: 0  Max: 3  Default: 0
Optimize a model with 13161 rows, 3742 columns and 39793 nonzeros
Variable types: 1530 continuous, 2212 integer (2206 binary)
Coefficient statistics:
  Matrix range     [6e-01, 2e+04]
  Objective range  [1e+00, 1e+00]
  Bounds range     [1e+00, 1e+04]
  RHS range        [1e+00, 6e+04]
Found heuristic solution: objective 390.5
Presolve removed 11163 rows and 2985 columns
Presolve time: 0.06s
Presolved: 1998 rows, 757 columns, 6615 nonzeros
Variable types: 411 continuous, 346 integer (346 binary)
Presolve removed 185 rows and 92 columns
Presolved: 1813 rows, 665 columns, 6086 nonzeros


Root relaxation: objective 1.505000e+02, 153 iterations, 0.02 seconds

    Nodes    |    Current Node    |     Objective Bounds      |     Work
 Expl Unexpl |  Obj  Depth IntInf | Incumbent    BestBd   Gap | It/Node Time

     0     0  150.50000    0    8  390.50000  150.50000  61.5%     -    0s
H    0     0                     265.0000000  150.50000  43.2%     -    0s
H    0     0                     257.0000000  150.50000  41.4%     -    0s
H    0     0                     251.0000000  150.50000  40.0%     -    0s
     0     0  150.50000    0   32  251.00000  150.50000  40.0%     -    0s
H    0     0                     233.0000000  150.50000  35.4%     -    0s
     0     0  150.50000    0   30  233.00000  150.50000  35.4%     -    0s
     0     0  150.50000    0   48  233.00000  150.50000  35.4%     -    0s
     0     0  150.50000    0   48  233.00000  150.50000  35.4%     -    0s
     0     0  150.50000    0   47  233.00000  150.50000  35.4%     -    0s
     0     0  150.50000    0   54  233.00000  150.50000  35.4%     -    0s
     0     0  150.50000    0   53  233.00000  150.50000  35.4%     -    0s
     0     0  150.50000    0    8  233.00000  150.50000  35.4%     -    0s
H    0     0                     229.0000000  150.50000  34.3%     -    0s
     0     2  150.50000    0    8  229.00000  150.50000  34.3%     -    0s
H   11    16                     207.0000000  150.50000  27.3%  87.0    0s
  1661   662  201.00000   17   16  207.00000  150.50000  27.3%  39.2    5s
H 1776   686                     207.0000000  150.50000  27.3%  38.6    5s
  3812   390  198.70241   28    7  207.00000  176.50000  14.7%  51.2   10s
  5109   186  182.50000   34   37  207.00000  179.50000  13.3%  59.8   15s
  7499   196  181.50000   31   71  207.00000  181.50000  12.3%  71.2   20s

Cutting planes:
  Learned: 11
  Gomory: 5
  Cover: 14
  Implied bound: 9
  MIR: 113
  Flow cover: 129
  Zero half: 27

Explored 9326 nodes (667590 simplex iterations) in 23.77 seconds
Thread count was 4 (of 4 available processors)

Solution count 9: 207 207 207 ... 390.5
Pool objective bound 207

Optimal solution found (tolerance 1.00e-03)
Best objective 2.069999999792e+02, best bound 2.069999999792e+02, gap 0.0000%

Gurobi 7.0.2 (win64) logging started 03/16/17 14:48:06

Parameter LogFile unchanged
   Value: log-prop-6.log  Default: 
Parameter presolve unchanged
   Value: 2  Min: -1  Max: 2  Default: -1
Parameter mipgap unchanged
   Value: 0.001  Min: 0.0  Max: 1e+100  Default: 0.0001
Parameter method unchanged
   Value: -1  Min: -1  Max: 4  Default: -1
Parameter timelimit unchanged
   Value: 100.0  Min: 0.0  Max: 1e+100  Default: 1e+100
Parameter mipfocus unchanged
   Value: 1  Min: 0  Max: 3  Default: 0
Optimize a model with 13161 rows, 3742 columns and 39793 nonzeros
Variable types: 1530 continuous, 2212 integer (2206 binary)
Coefficient statistics:
  Matrix range     [6e-01, 2e+04]
  Objective range  [1e+00, 1e+00]
  Bounds range     [1e+00, 1e+04]
  RHS range        [1e+00, 6e+04]
Presolved: 1998 rows, 757 columns, 6615 nonzeros

Continuing optimization...


Cutting planes:
  Learned: 11
  Gomory: 5
  Cover: 14
  Implied bound: 9
  MIR: 113
  Flow cover: 129
  Zero half: 27

Explored 9326 nodes (667590 simplex iterations) in 0.02 seconds
Thread count was 4 (of 4 available processors)

Solution count 9: 207 207 207 ... 390.5
Pool objective bound 207

Optimal solution found (tolerance 1.00e-03)
Best objective 2.069999999792e+02, best bound 2.069999999792e+02, gap 0.0000%

#######################################
TR: iteration 1 at stage 1
Added demands: [7, 8, 4, 0, 3]
Fixed demands: [9, 1, 2, 6, 5]

Gurobi 7.0.2 (win64) logging started 03/16/17 14:48:06

Parameter LogFile unchanged
   Value: log-prop-6.log  Default: 
Parameter presolve unchanged
   Value: 2  Min: -1  Max: 2  Default: -1
Parameter mipgap unchanged
   Value: 0.001  Min: 0.0  Max: 1e+100  Default: 0.0001
Parameter method unchanged
   Value: -1  Min: -1  Max: 4  Default: -1
Parameter timelimit unchanged
   Value: 100.0  Min: 0.0  Max: 1e+100  Default: 1e+100
Parameter mipfocus unchanged
   Value: 1  Min: 0  Max: 3  Default: 0
Optimize a model with 4803 rows, 844 columns and 20095 nonzeros
Variable types: 432 continuous, 412 integer (406 binary)
Coefficient statistics:
  Matrix range     [1e+00, 2e+04]
  Objective range  [1e+00, 1e+00]
  Bounds range     [1e+00, 1e+04]
  RHS range        [1e+00, 6e+04]
Found heuristic solution: objective 312
Presolve removed 3696 rows and 453 columns
Presolve time: 0.02s
Presolved: 1107 rows, 391 columns, 4135 nonzeros

Loaded MIP start with objective 210

Variable types: 221 continuous, 170 integer (167 binary)
Presolve removed 17 rows and 4 columns
Presolved: 1090 rows, 387 columns, 4089 nonzeros


Root relaxation: objective 2.005000e+02, 112 iterations, 0.00 seconds

    Nodes    |    Current Node    |     Objective Bounds      |     Work
 Expl Unexpl |  Obj  Depth IntInf | Incumbent    BestBd   Gap | It/Node Time

     0     0  200.50000    0    1  210.00000  200.50000  4.52%     -    0s
     0     0  200.50000    0    3  210.00000  200.50000  4.52%     -    0s
     0     0  200.50000    0    3  210.00000  200.50000  4.52%     -    0s
     0     0  200.50000    0    1  210.00000  200.50000  4.52%     -    0s
     0     0  200.50000    0    2  210.00000  200.50000  4.52%     -    0s
     0     0  200.50000    0    2  210.00000  200.50000  4.52%     -    0s
     0     0  200.50000    0    5  210.00000  200.50000  4.52%     -    0s
     0     2  200.50000    0    4  210.00000  200.50000  4.52%     -    0s

Cutting planes:
  Implied bound: 1
  MIR: 9

Explored 531 nodes (2617 simplex iterations) in 0.22 seconds
Thread count was 4 (of 4 available processors)

Solution count 1: 210 
Pool objective bound 210

Optimal solution found (tolerance 1.00e-03)
Best objective 2.100000000000e+02, best bound 2.100000000000e+02, gap 0.0000%

Gurobi 7.0.2 (win64) logging started 03/16/17 14:48:06

Parameter LogFile unchanged
   Value: log-prop-6.log  Default: 
Parameter presolve unchanged
   Value: 2  Min: -1  Max: 2  Default: -1
Parameter mipgap unchanged
   Value: 0.001  Min: 0.0  Max: 1e+100  Default: 0.0001
Parameter method unchanged
   Value: -1  Min: -1  Max: 4  Default: -1
Parameter timelimit unchanged
   Value: 100.0  Min: 0.0  Max: 1e+100  Default: 1e+100
Parameter mipfocus unchanged
   Value: 1  Min: 0  Max: 3  Default: 0
Optimize a model with 4803 rows, 844 columns and 20095 nonzeros
Variable types: 432 continuous, 412 integer (406 binary)
Coefficient statistics:
  Matrix range     [1e+00, 2e+04]
  Objective range  [1e+00, 1e+00]
  Bounds range     [1e+00, 1e+04]
  RHS range        [1e+00, 6e+04]
Presolved: 1107 rows, 391 columns, 4135 nonzeros

Continuing optimization...


Cutting planes:
  Implied bound: 1
  MIR: 9

Explored 531 nodes (2617 simplex iterations) in 0.02 seconds
Thread count was 4 (of 4 available processors)

Solution count 1: 210 
Pool objective bound 210

Optimal solution found (tolerance 1.00e-03)
Best objective 2.100000000000e+02, best bound 2.100000000000e+02, gap 0.0000%

#######################################
GN: iteration 1 at stage 1
Added demands: [7, 8, 4, 0, 3]
Fixed demands: [9, 1, 2, 6, 5]

Gurobi 7.0.2 (win64) logging started 03/16/17 14:48:06

Parameter LogFile unchanged
   Value: log-prop-6.log  Default: 
Parameter presolve unchanged
   Value: 2  Min: -1  Max: 2  Default: -1
Parameter mipgap unchanged
   Value: 0.001  Min: 0.0  Max: 1e+100  Default: 0.0001
Parameter method unchanged
   Value: -1  Min: -1  Max: 4  Default: -1
Parameter timelimit unchanged
   Value: 100.0  Min: 0.0  Max: 1e+100  Default: 1e+100
Parameter mipfocus unchanged
   Value: 1  Min: 0  Max: 3  Default: 0
Optimize a model with 13161 rows, 3742 columns and 39793 nonzeros
Variable types: 1530 continuous, 2212 integer (2206 binary)
Coefficient statistics:
  Matrix range     [6e-01, 2e+04]
  Objective range  [1e+00, 1e+00]
  Bounds range     [1e+00, 1e+04]
  RHS range        [1e+00, 6e+04]
Found heuristic solution: objective 318.5
Presolve removed 11093 rows and 2970 columns
Presolve time: 0.06s
Presolved: 2068 rows, 772 columns, 6898 nonzeros

Loaded MIP start with objective 207

Variable types: 421 continuous, 351 integer (351 binary)
Presolve removed 187 rows and 92 columns
Presolved: 1881 rows, 680 columns, 6347 nonzeros


Root relaxation: objective 2.005000e+02, 76 iterations, 0.02 seconds

    Nodes    |    Current Node    |     Objective Bounds      |     Work
 Expl Unexpl |  Obj  Depth IntInf | Incumbent    BestBd   Gap | It/Node Time

     0     0  200.50000    0    1  207.00000  200.50000  3.14%     -    0s
     0     0  200.50000    0    1  207.00000  200.50000  3.14%     -    0s
     0     0  200.50000    0    1  207.00000  200.50000  3.14%     -    0s

Explored 0 nodes (750 simplex iterations) in 0.25 seconds
Thread count was 4 (of 4 available processors)

Solution count 2: 207 207 
Pool objective bound 207

Optimal solution found (tolerance 1.00e-03)
Best objective 2.069999999792e+02, best bound 2.069999999792e+02, gap 0.0000%

#######################################
TR: iteration 2 at stage 1
Added demands: [5, 2, 3, 1, 4]
Fixed demands: [9, 7, 6, 0, 8]

Gurobi 7.0.2 (win64) logging started 03/16/17 14:48:07

Parameter LogFile unchanged
   Value: log-prop-6.log  Default: 
Parameter presolve unchanged
   Value: 2  Min: -1  Max: 2  Default: -1
Parameter mipgap unchanged
   Value: 0.001  Min: 0.0  Max: 1e+100  Default: 0.0001
Parameter method unchanged
   Value: -1  Min: -1  Max: 4  Default: -1
Parameter timelimit unchanged
   Value: 100.0  Min: 0.0  Max: 1e+100  Default: 1e+100
Parameter mipfocus unchanged
   Value: 1  Min: 0  Max: 3  Default: 0
Optimize a model with 4803 rows, 844 columns and 20095 nonzeros
Variable types: 432 continuous, 412 integer (406 binary)
Coefficient statistics:
  Matrix range     [1e+00, 2e+04]
  Objective range  [1e+00, 1e+00]
  Bounds range     [1e+00, 1e+04]
  RHS range        [1e+00, 6e+04]
Found heuristic solution: objective 240
Presolve removed 3686 rows and 453 columns
Presolve time: 0.02s
Presolved: 1117 rows, 391 columns, 4176 nonzeros

Loaded MIP start with objective 210

Variable types: 221 continuous, 170 integer (167 binary)
Presolve removed 17 rows and 4 columns
Presolved: 1100 rows, 387 columns, 4130 nonzeros


Root relaxation: objective 1.725000e+02, 104 iterations, 0.00 seconds

    Nodes    |    Current Node    |     Objective Bounds      |     Work
 Expl Unexpl |  Obj  Depth IntInf | Incumbent    BestBd   Gap | It/Node Time

     0     0  172.50000    0    2  210.00000  172.50000  17.9%     -    0s
H    0     0                     207.0000000  172.50000  16.7%     -    0s
     0     0  172.50000    0    8  207.00000  172.50000  16.7%     -    0s
H    0     0                     202.5000000  172.50000  14.8%     -    0s
     0     0  172.50000    0   13  202.50000  172.50000  14.8%     -    0s
H    0     0                     200.5000000  172.50000  14.0%     -    0s
     0     0  172.50000    0   13  200.50000  172.50000  14.0%     -    0s
     0     0  172.50000    0   10  200.50000  172.50000  14.0%     -    0s
     0     0  172.50000    0   18  200.50000  172.50000  14.0%     -    0s
     0     0  178.24358    0   10  200.50000  178.24358  11.1%     -    0s
     0     0  178.24358    0    5  200.50000  178.24358  11.1%     -    0s
H    0     0                     200.5000000  178.24358  11.1%     -    0s
     0     1  178.24358    0    5  200.50000  178.24358  11.1%     -    0s

Cutting planes:
  Gomory: 1
  Clique: 1
  MIR: 4
  Flow cover: 6

Explored 2 nodes (624 simplex iterations) in 0.16 seconds
Thread count was 4 (of 4 available processors)

Solution count 5: 200.5 200.5 202.5 ... 210
Pool objective bound 200.5

Optimal solution found (tolerance 1.00e-03)
Best objective 2.004999999798e+02, best bound 2.004999999798e+02, gap 0.0000%

#######################################
GN: iteration 2 at stage 1
Added demands: [5, 2, 3, 1, 4]
Fixed demands: [9, 7, 6, 0, 8]

Gurobi 7.0.2 (win64) logging started 03/16/17 14:48:07

Parameter LogFile unchanged
   Value: log-prop-6.log  Default: 
Parameter presolve unchanged
   Value: 2  Min: -1  Max: 2  Default: -1
Parameter mipgap unchanged
   Value: 0.001  Min: 0.0  Max: 1e+100  Default: 0.0001
Parameter method unchanged
   Value: -1  Min: -1  Max: 4  Default: -1
Parameter timelimit unchanged
   Value: 100.0  Min: 0.0  Max: 1e+100  Default: 1e+100
Parameter mipfocus unchanged
   Value: 1  Min: 0  Max: 3  Default: 0
Optimize a model with 13161 rows, 3742 columns and 39793 nonzeros
Variable types: 1530 continuous, 2212 integer (2206 binary)
Coefficient statistics:
  Matrix range     [6e-01, 2e+04]
  Objective range  [1e+00, 1e+00]
  Bounds range     [1e+00, 1e+04]
  RHS range        [1e+00, 6e+04]
Found heuristic solution: objective 308.5
Presolve removed 11107 rows and 2973 columns
Presolve time: 0.08s
Presolved: 2054 rows, 769 columns, 6855 nonzeros

Loaded MIP start with objective 207

Variable types: 419 continuous, 350 integer (350 binary)
Presolve removed 187 rows and 92 columns
Presolved: 1867 rows, 677 columns, 6303 nonzeros


Root relaxation: objective 1.725000e+02, 65 iterations, 0.02 seconds

    Nodes    |    Current Node    |     Objective Bounds      |     Work
 Expl Unexpl |  Obj  Depth IntInf | Incumbent    BestBd   Gap | It/Node Time

     0     0  172.50000    0    1  207.00000  172.50000  16.7%     -    0s
H    0     0                     200.5000000  172.50000  14.0%     -    0s
     0     0  172.57808    0    2  200.50000  172.57808  13.9%     -    0s
     0     0     cutoff    0       200.50000  200.50000  0.00%     -    0s

Cutting planes:
  Gomory: 1
  MIR: 4

Explored 0 nodes (255 simplex iterations) in 0.16 seconds
Thread count was 4 (of 4 available processors)

Solution count 2: 200.5 207 
Pool objective bound 200.5

Optimal solution found (tolerance 1.00e-03)
Best objective 2.005000000000e+02, best bound 2.005000000000e+02, gap 0.0000%

#######################################
TR: iteration 0 at stage 2
Added demands: [8, 9, 10, 11, 12, 13, 14]
Fixed demands: [0, 1, 2, 3, 4, 5, 6, 7]

Gurobi 7.0.2 (win64) logging started 03/16/17 14:48:10

Changed value of parameter LogFile to log-prop-6.log
   Prev: gurobi.log  Default: 
Changed value of parameter presolve to 2
   Prev: -1  Min: -1  Max: 2  Default: -1
Changed value of parameter mipgap to 0.001
   Prev: 0.0001  Min: 0.0  Max: 1e+100  Default: 0.0001
Parameter method unchanged
   Value: -1  Min: -1  Max: 4  Default: -1
Changed value of parameter timelimit to 100.0
   Prev: 1e+100  Min: 0.0  Max: 1e+100  Default: 1e+100
Changed value of parameter mipfocus to 1
   Prev: 0  Min: 0  Max: 3  Default: 0
Optimize a model with 9973 rows, 1334 columns and 43780 nonzeros
Variable types: 647 continuous, 687 integer (681 binary)
Coefficient statistics:
  Matrix range     [1e+00, 2e+04]
  Objective range  [1e+00, 1e+00]
  Bounds range     [1e+00, 1e+04]
  RHS range        [1e+00, 6e+04]
Found heuristic solution: objective 285
Presolve removed 8137 rows and 767 columns
Presolve time: 0.03s
Presolved: 1836 rows, 567 columns, 7192 nonzeros
Variable types: 310 continuous, 257 integer (255 binary)
Presolve removed 19 rows and 4 columns
Presolved: 1817 rows, 563 columns, 7138 nonzeros


Root relaxation: objective 2.005000e+02, 142 iterations, 0.02 seconds

    Nodes    |    Current Node    |     Objective Bounds      |     Work
 Expl Unexpl |  Obj  Depth IntInf | Incumbent    BestBd   Gap | It/Node Time

     0     0  200.50000    0    1  285.00000  200.50000  29.6%     -    0s
H    0     0                     279.0000000  200.50000  28.1%     -    0s
H    0     0                     239.0000000  200.50000  16.1%     -    0s
     0     0  200.50000    0    6  239.00000  200.50000  16.1%     -    0s
H    0     0                     231.0000000  200.50000  13.2%     -    0s
     0     0  200.50000    0    9  231.00000  200.50000  13.2%     -    0s
     0     0  200.50000    0   10  231.00000  200.50000  13.2%     -    0s
H    0     0                     204.0000000  200.50000  1.72%     -    0s
H    0     0                     202.0000000  200.50000  0.74%     -    0s
     0     0  200.50000    0   16  202.00000  200.50000  0.74%     -    0s
H    0     0                     201.5000000  200.50000  0.50%     -    0s
H    0     0                     200.5000000  200.50000  0.00%     -    0s

Cutting planes:
  Implied bound: 1
  MIR: 8
  Flow cover: 1

Explored 0 nodes (475 simplex iterations) in 0.14 seconds
Thread count was 4 (of 4 available processors)

Solution count 8: 200.5 201.5 202 ... 285
Pool objective bound 200.5

Optimal solution found (tolerance 1.00e-03)
Best objective 2.005000000000e+02, best bound 2.005000000000e+02, gap 0.0000%

#######################################
GN: iteration 0 at stage 2
Added demands: [8, 9, 10, 11, 12, 13, 14]
Fixed demands: [0, 1, 2, 3, 4, 5, 6, 7]

Gurobi 7.0.2 (win64) logging started 03/16/17 14:48:10

Changed value of parameter LogFile to log-prop-6.log
   Prev: gurobi.log  Default: 
Changed value of parameter presolve to 2
   Prev: -1  Min: -1  Max: 2  Default: -1
Changed value of parameter mipgap to 0.001
   Prev: 0.0001  Min: 0.0  Max: 1e+100  Default: 0.0001
Parameter method unchanged
   Value: -1  Min: -1  Max: 4  Default: -1
Changed value of parameter timelimit to 100.0
   Prev: 1e+100  Min: 0.0  Max: 1e+100  Default: 1e+100
Changed value of parameter mipfocus to 1
   Prev: 0  Min: 0  Max: 3  Default: 0
Optimize a model with 26551 rows, 7022 columns and 84118 nonzeros
Variable types: 2285 continuous, 4737 integer (4731 binary)
Coefficient statistics:
  Matrix range     [6e-01, 2e+04]
  Objective range  [1e+00, 1e+00]
  Bounds range     [1e+00, 1e+04]
  RHS range        [1e+00, 6e+04]
Found heuristic solution: objective 404.5
Presolve removed 23037 rows and 5807 columns
Presolve time: 0.14s
Presolved: 3514 rows, 1215 columns, 12045 nonzeros
Variable types: 578 continuous, 637 integer (637 binary)
Presolve removed 255 rows and 126 columns
Presolved: 3259 rows, 1089 columns, 11274 nonzeros


Root relaxation: objective 2.005000e+02, 116 iterations, 0.02 seconds

    Nodes    |    Current Node    |     Objective Bounds      |     Work
 Expl Unexpl |  Obj  Depth IntInf | Incumbent    BestBd   Gap | It/Node Time

     0     0  200.50000    0    4  404.50000  200.50000  50.4%     -    0s
H    0     0                     341.5000000  200.50000  41.3%     -    0s
H    0     0                     200.5000000  200.50000  0.00%     -    0s

Explored 0 nodes (627 simplex iterations) in 0.25 seconds
Thread count was 4 (of 4 available processors)

Solution count 3: 200.5 341.5 404.5 
Pool objective bound 200.5

Optimal solution found (tolerance 1.00e-03)
Best objective 2.005000000000e+02, best bound 2.005000000000e+02, gap 0.0000%

#######################################
TR: iteration 1 at stage 2
Added demands: [0, 5, 9, 1, 6, 13, 11, 10]
Fixed demands: [2, 12, 7, 14, 8, 4, 3]

Gurobi 7.0.2 (win64) logging started 03/16/17 14:48:11

Parameter LogFile unchanged
   Value: log-prop-6.log  Default: 
Parameter presolve unchanged
   Value: 2  Min: -1  Max: 2  Default: -1
Parameter mipgap unchanged
   Value: 0.001  Min: 0.0  Max: 1e+100  Default: 0.0001
Parameter method unchanged
   Value: -1  Min: -1  Max: 4  Default: -1
Parameter timelimit unchanged
   Value: 100.0  Min: 0.0  Max: 1e+100  Default: 1e+100
Parameter mipfocus unchanged
   Value: 1  Min: 0  Max: 3  Default: 0
Optimize a model with 9973 rows, 1334 columns and 43780 nonzeros
Variable types: 647 continuous, 687 integer (681 binary)
Coefficient statistics:
  Matrix range     [1e+00, 2e+04]
  Objective range  [1e+00, 1e+00]
  Bounds range     [1e+00, 1e+04]
  RHS range        [1e+00, 6e+04]
Found heuristic solution: objective 273
Presolve removed 7819 rows and 697 columns
Presolve time: 0.02s
Presolved: 2154 rows, 637 columns, 8598 nonzeros

Loaded MIP start with objective 200.5

Variable types: 352 continuous, 285 integer (284 binary)
Presolve removed 25 rows and 6 columns
Presolved: 2129 rows, 631 columns, 8529 nonzeros


Root relaxation: objective 1.605000e+02, 146 iterations, 0.02 seconds

    Nodes    |    Current Node    |     Objective Bounds      |     Work
 Expl Unexpl |  Obj  Depth IntInf | Incumbent    BestBd   Gap | It/Node Time

     0     0  160.50000    0    4  200.50000  160.50000  20.0%     -    0s
     0     0  160.50000    0   11  200.50000  160.50000  20.0%     -    0s
     0     0  160.50000    0   14  200.50000  160.50000  20.0%     -    0s
H    0     0                     174.5000000  160.50000  8.02%     -    0s
     0     0  160.50000    0   14  174.50000  160.50000  8.02%     -    0s
     0     0  160.50000    0   17  174.50000  160.50000  8.02%     -    0s
     0     0  160.50000    0   21  174.50000  160.50000  8.02%     -    0s
     0     0  160.50000    0   19  174.50000  160.50000  8.02%     -    0s
     0     0  160.50000    0    3  174.50000  160.50000  8.02%     -    0s
     0     2  160.50000    0    3  174.50000  160.50000  8.02%     -    0s

Cutting planes:
  Gomory: 1
  Implied bound: 4
  MIR: 5
  StrongCG: 1
  Flow cover: 4

Explored 107 nodes (1657 simplex iterations) in 0.33 seconds
Thread count was 4 (of 4 available processors)

Solution count 2: 174.5 200.5 
Pool objective bound 174.5

Optimal solution found (tolerance 1.00e-03)
Best objective 1.745000000000e+02, best bound 1.745000000000e+02, gap 0.0000%

#######################################
GN: iteration 1 at stage 2
Added demands: [0, 5, 9, 1, 6, 13, 11, 10]
Fixed demands: [2, 12, 7, 14, 8, 4, 3]

Gurobi 7.0.2 (win64) logging started 03/16/17 14:48:11

Parameter LogFile unchanged
   Value: log-prop-6.log  Default: 
Parameter presolve unchanged
   Value: 2  Min: -1  Max: 2  Default: -1
Parameter mipgap unchanged
   Value: 0.001  Min: 0.0  Max: 1e+100  Default: 0.0001
Parameter method unchanged
   Value: -1  Min: -1  Max: 4  Default: -1
Parameter timelimit unchanged
   Value: 100.0  Min: 0.0  Max: 1e+100  Default: 1e+100
Parameter mipfocus unchanged
   Value: 1  Min: 0  Max: 3  Default: 0
Optimize a model with 26551 rows, 7022 columns and 84118 nonzeros
Variable types: 2285 continuous, 4737 integer (4731 binary)
Coefficient statistics:
  Matrix range     [6e-01, 2e+04]
  Objective range  [1e+00, 1e+00]
  Bounds range     [1e+00, 1e+04]
  RHS range        [1e+00, 6e+04]
Found heuristic solution: objective 378.5
Presolve removed 22281 rows and 5584 columns
Presolve time: 0.17s
Presolved: 4270 rows, 1438 columns, 14685 nonzeros

Loaded MIP start with objective 200.5

Variable types: 648 continuous, 790 integer (790 binary)
Presolve removed 298 rows and 146 columns
Presolved: 3972 rows, 1292 columns, 13815 nonzeros


Root relaxation: objective 1.605000e+02, 221 iterations, 0.03 seconds

    Nodes    |    Current Node    |     Objective Bounds      |     Work
 Expl Unexpl |  Obj  Depth IntInf | Incumbent    BestBd   Gap | It/Node Time

     0     0  160.50000    0    4  200.50000  160.50000  20.0%     -    0s
     0     0  160.50000    0   24  200.50000  160.50000  20.0%     -    0s
H    0     0                     198.5000000  160.50000  19.1%     -    0s
     0     0  160.50000    0   24  198.50000  160.50000  19.1%     -    0s
     0     0  160.50000    0   14  198.50000  160.50000  19.1%     -    0s
     0     0  160.50000    0   19  198.50000  160.50000  19.1%     -    0s
     0     0  160.50000    0   18  198.50000  160.50000  19.1%     -    0s
     0     0  160.50000    0   25  198.50000  160.50000  19.1%     -    0s
     0     0  160.50000    0   28  198.50000  160.50000  19.1%     -    0s
     0     0  160.50000    0    9  198.50000  160.50000  19.1%     -    0s
     0     2  160.50000    0    9  198.50000  160.50000  19.1%     -    0s
H 1353   488                     198.5000000  160.50000  19.1%  17.9    2s
  3179   957  173.50000   21    2  198.50000  160.50000  19.1%  17.8    5s

Cutting planes:
  Cover: 2
  Implied bound: 5
  MIR: 12
  Flow cover: 17
  Zero half: 2

Explored 3417 nodes (67892 simplex iterations) in 5.62 seconds
Thread count was 4 (of 4 available processors)

Solution count 4: 198.5 198.5 198.5 200.5 
Pool objective bound 198.5

Optimal solution found (tolerance 1.00e-03)
Best objective 1.984999999800e+02, best bound 1.984999999800e+02, gap 0.0000%

#######################################
I AM CHEATING!!! at stage 2

Gurobi 7.0.2 (win64) logging started 03/16/17 14:48:17

Parameter LogFile unchanged
   Value: log-prop-6.log  Default: 
Parameter presolve unchanged
   Value: 2  Min: -1  Max: 2  Default: -1
Parameter mipgap unchanged
   Value: 0.001  Min: 0.0  Max: 1e+100  Default: 0.0001
Parameter method unchanged
   Value: -1  Min: -1  Max: 4  Default: -1
Parameter timelimit unchanged
   Value: 100.0  Min: 0.0  Max: 1e+100  Default: 1e+100
Parameter mipfocus unchanged
   Value: 1  Min: 0  Max: 3  Default: 0
Optimize a model with 26551 rows, 7022 columns and 84118 nonzeros
Variable types: 2285 continuous, 4737 integer (4731 binary)
Coefficient statistics:
  Matrix range     [6e-01, 2e+04]
  Objective range  [1e+00, 1e+00]
  Bounds range     [1e+00, 1e+04]
  RHS range        [1e+00, 6e+04]
Found heuristic solution: objective 179.5
Presolve removed 26546 rows and 7016 columns
Presolve time: 0.02s
Presolved: 5 rows, 6 columns, 13 nonzeros

MIP start did not produce a new incumbent solution

Found heuristic solution: objective 175.5000000
Variable types: 2 continuous, 4 integer (3 binary)
Presolve removed 5 rows and 6 columns
Presolve: All rows and columns removed

Root relaxation: objective 1.745000e+02, 0 iterations, 0.00 seconds

    Nodes    |    Current Node    |     Objective Bounds      |     Work
 Expl Unexpl |  Obj  Depth IntInf | Incumbent    BestBd   Gap | It/Node Time

*    0     0               0     174.5000000  174.50000  0.00%     -    0s

Explored 0 nodes (0 simplex iterations) in 0.05 seconds
Thread count was 4 (of 4 available processors)

Solution count 3: 174.5 175.5 176.5 
Pool objective bound 174.5

Optimal solution found (tolerance 1.00e-03)
Best objective 1.745000000000e+02, best bound 1.745000000000e+02, gap 0.0000%

#######################################
TR: iteration 2 at stage 2
Added demands: [3, 6, 4, 9, 13, 2, 1, 7]
Fixed demands: [0, 14, 8, 11, 5, 12, 10]

Gurobi 7.0.2 (win64) logging started 03/16/17 14:48:17

Parameter LogFile unchanged
   Value: log-prop-6.log  Default: 
Parameter presolve unchanged
   Value: 2  Min: -1  Max: 2  Default: -1
Parameter mipgap unchanged
   Value: 0.001  Min: 0.0  Max: 1e+100  Default: 0.0001
Parameter method unchanged
   Value: -1  Min: -1  Max: 4  Default: -1
Parameter timelimit unchanged
   Value: 100.0  Min: 0.0  Max: 1e+100  Default: 1e+100
Parameter mipfocus unchanged
   Value: 1  Min: 0  Max: 3  Default: 0
Optimize a model with 9973 rows, 1334 columns and 43780 nonzeros
Variable types: 647 continuous, 687 integer (681 binary)
Coefficient statistics:
  Matrix range     [1e+00, 2e+04]
  Objective range  [1e+00, 1e+00]
  Bounds range     [1e+00, 1e+04]
  RHS range        [1e+00, 6e+04]
Found heuristic solution: objective 179.5
Presolve removed 7785 rows and 694 columns
Presolve time: 0.03s
Presolved: 2188 rows, 640 columns, 8734 nonzeros

Loaded MIP start with objective 174.5

Variable types: 352 continuous, 288 integer (286 binary)
Presolve removed 24 rows and 6 columns
Presolved: 2164 rows, 634 columns, 8667 nonzeros


Root relaxation: objective 1.225000e+02, 133 iterations, 0.02 seconds

    Nodes    |    Current Node    |     Objective Bounds      |     Work
 Expl Unexpl |  Obj  Depth IntInf | Incumbent    BestBd   Gap | It/Node Time

     0     0  122.50000    0    7  174.50000  122.50000  29.8%     -    0s
H    0     0                     172.5000000  122.50000  29.0%     -    0s
     0     0  126.34918    0   26  172.50000  126.34918  26.8%     -    0s
     0     0  171.50000    0    7  172.50000  171.50000  0.58%     -    0s
     0     0  171.50000    0    1  172.50000  171.50000  0.58%     -    0s
     0     0  171.50000    0    1  172.50000  171.50000  0.58%     -    0s
     0     0  171.50000    0    2  172.50000  171.50000  0.58%     -    0s
     0     0  171.50000    0    2  172.50000  171.50000  0.58%     -    0s
     0     0  171.50000    0    2  172.50000  171.50000  0.58%     -    0s
     0     2  171.50000    0    2  172.50000  171.50000  0.58%     -    0s

Cutting planes:
  Gomory: 2
  Implied bound: 2
  MIR: 6
  Flow cover: 3
  Flow path: 1

Explored 11 nodes (680 simplex iterations) in 0.25 seconds
Thread count was 4 (of 4 available processors)

Solution count 2: 172.5 174.5 
Pool objective bound 172.5

Optimal solution found (tolerance 1.00e-03)
Best objective 1.725000000000e+02, best bound 1.725000000000e+02, gap 0.0000%

#######################################
GN: iteration 2 at stage 2
Added demands: [3, 6, 4, 9, 13, 2, 1, 7]
Fixed demands: [0, 14, 8, 11, 5, 12, 10]

Gurobi 7.0.2 (win64) logging started 03/16/17 14:48:17

Parameter LogFile unchanged
   Value: log-prop-6.log  Default: 
Parameter presolve unchanged
   Value: 2  Min: -1  Max: 2  Default: -1
Parameter mipgap unchanged
   Value: 0.001  Min: 0.0  Max: 1e+100  Default: 0.0001
Parameter method unchanged
   Value: -1  Min: -1  Max: 4  Default: -1
Parameter timelimit unchanged
   Value: 100.0  Min: 0.0  Max: 1e+100  Default: 1e+100
Parameter mipfocus unchanged
   Value: 1  Min: 0  Max: 3  Default: 0
Optimize a model with 26551 rows, 7022 columns and 84118 nonzeros
Variable types: 2285 continuous, 4737 integer (4731 binary)
Coefficient statistics:
  Matrix range     [6e-01, 2e+04]
  Objective range  [1e+00, 1e+00]
  Bounds range     [1e+00, 1e+04]
  RHS range        [1e+00, 6e+04]
Found heuristic solution: objective 345.5
Presolve removed 22261 rows and 5581 columns
Presolve time: 0.17s
Presolved: 4290 rows, 1441 columns, 14769 nonzeros

Loaded MIP start with objective 174.5

Variable types: 650 continuous, 791 integer (791 binary)
Presolve removed 298 rows and 146 columns
Presolved: 3992 rows, 1295 columns, 13892 nonzeros


Root relaxation: objective 1.225000e+02, 116 iterations, 0.03 seconds

    Nodes    |    Current Node    |     Objective Bounds      |     Work
 Expl Unexpl |  Obj  Depth IntInf | Incumbent    BestBd   Gap | It/Node Time

     0     0  122.50000    0    7  174.50000  122.50000  29.8%     -    0s
H    0     0                     172.5000000  122.50000  29.0%     -    0s
     0     0  122.50000    0   39  172.50000  122.50000  29.0%     -    0s
     0     0  171.50000    0    6  172.50000  171.50000  0.58%     -    0s
     0     0  171.50000    0    1  172.50000  171.50000  0.58%     -    0s
     0     0  171.50000    0    5  172.50000  171.50000  0.58%     -    0s
     0     0  171.50000    0   11  172.50000  171.50000  0.58%     -    0s
     0     0  171.50000    0    9  172.50000  171.50000  0.58%     -    0s
     0     0  171.50000    0   28  172.50000  171.50000  0.58%     -    0s
     0     0  171.50000    0   26  172.50000  171.50000  0.58%     -    0s
     0     0  171.50000    0    8  172.50000  171.50000  0.58%     -    0s
     0     0  171.50000    0   30  172.50000  171.50000  0.58%     -    0s
     0     0  171.50000    0    1  172.50000  171.50000  0.58%     -    0s
H    0     0                     172.4999997  171.50000  0.58%     -    0s
     0     2  171.50000    0    1  172.50000  171.50000  0.58%     -    0s
H   63     3                     172.4999995  171.50000  0.58%  10.2    0s

Cutting planes:
  Gomory: 2
  Cover: 2
  Implied bound: 8
  MIR: 22
  Flow cover: 8

Explored 70 nodes (2720 simplex iterations) in 0.70 seconds
Thread count was 4 (of 4 available processors)

Solution count 5: 172.5 172.5 172.5 ... 174.5
Pool objective bound 172.5

Optimal solution found (tolerance 1.00e-03)
Best objective 1.724999994596e+02, best bound 1.724999994596e+02, gap 0.0000%

#######################################
TR: iteration 0 at stage 3
Added demands: [10, 11, 12, 13, 14, 15, 16, 17, 18, 19]
Fixed demands: [0, 1, 2, 3, 4, 5, 6, 7, 8, 9]

Gurobi 7.0.2 (win64) logging started 03/16/17 14:48:23

Changed value of parameter LogFile to log-prop-6.log
   Prev: gurobi.log  Default: 
Changed value of parameter presolve to 2
   Prev: -1  Min: -1  Max: 2  Default: -1
Changed value of parameter mipgap to 0.001
   Prev: 0.0001  Min: 0.0  Max: 1e+100  Default: 0.0001
Parameter method unchanged
   Value: -1  Min: -1  Max: 4  Default: -1
Changed value of parameter timelimit to 100.0
   Prev: 1e+100  Min: 0.0  Max: 1e+100  Default: 1e+100
Changed value of parameter mipfocus to 1
   Prev: 0  Min: 0  Max: 3  Default: 0
Optimize a model with 16993 rows, 1874 columns and 76565 nonzeros
Variable types: 862 continuous, 1012 integer (1006 binary)
Coefficient statistics:
  Matrix range     [1e+00, 2e+04]
  Objective range  [1e+00, 1e+00]
  Bounds range     [1e+00, 1e+04]
  RHS range        [1e+00, 6e+04]
Found heuristic solution: objective 278.5
Presolve removed 13687 rows and 1028 columns
Presolve time: 0.03s
Presolved: 3306 rows, 846 columns, 13537 nonzeros
Variable types: 443 continuous, 403 integer (400 binary)
Presolve removed 13 rows and 0 columns
Presolved: 3293 rows, 846 columns, 13491 nonzeros


Root relaxation: objective 1.725000e+02, 205 iterations, 0.02 seconds

    Nodes    |    Current Node    |     Objective Bounds      |     Work
 Expl Unexpl |  Obj  Depth IntInf | Incumbent    BestBd   Gap | It/Node Time

     0     0  172.50000    0    8  278.50000  172.50000  38.1%     -    0s
H    0     0                     252.0000000  172.50000  31.5%     -    0s
H    0     0                     236.0000000  172.50000  26.9%     -    0s
H    0     0                     234.0000000  172.50000  26.3%     -    0s
     0     0  172.50000    0   23  234.00000  172.50000  26.3%     -    0s
H    0     0                     229.0000000  172.50000  24.7%     -    0s
     0     0  172.50000    0   25  229.00000  172.50000  24.7%     -    0s
H    0     0                     228.0000000  172.50000  24.3%     -    0s
     0     0  172.50000    0   21  228.00000  172.50000  24.3%     -    0s
     0     0  172.50000    0   21  228.00000  172.50000  24.3%     -    0s
     0     0  172.50000    0   36  228.00000  172.50000  24.3%     -    0s
     0     0  172.50000    0   32  228.00000  172.50000  24.3%     -    0s
     0     0  172.50000    0   29  228.00000  172.50000  24.3%     -    0s
     0     0  172.50000    0   29  228.00000  172.50000  24.3%     -    0s
     0     0  172.50000    0    8  228.00000  172.50000  24.3%     -    0s
     0     2  172.50000    0    6  228.00000  172.50000  24.3%     -    0s
H  893   260                     228.0000000  173.50000  23.9%   5.7    0s
H 2049   406                     227.9999999  173.50000  23.9%   4.8    1s

Cutting planes:
  MIR: 5
  Flow cover: 9

Explored 5556 nodes (26212 simplex iterations) in 3.96 seconds
Thread count was 4 (of 4 available processors)

Solution count 10: 228 228 228 ... 278.5
Pool objective bound 228

Optimal solution found (tolerance 1.00e-03)
Best objective 2.279999998667e+02, best bound 2.279999998667e+02, gap 0.0000%

Gurobi 7.0.2 (win64) logging started 03/16/17 14:48:27

Parameter LogFile unchanged
   Value: log-prop-6.log  Default: 
Parameter presolve unchanged
   Value: 2  Min: -1  Max: 2  Default: -1
Parameter mipgap unchanged
   Value: 0.001  Min: 0.0  Max: 1e+100  Default: 0.0001
Parameter method unchanged
   Value: -1  Min: -1  Max: 4  Default: -1
Parameter timelimit unchanged
   Value: 100.0  Min: 0.0  Max: 1e+100  Default: 1e+100
Parameter mipfocus unchanged
   Value: 1  Min: 0  Max: 3  Default: 0
Optimize a model with 16993 rows, 1874 columns and 76565 nonzeros
Variable types: 862 continuous, 1012 integer (1006 binary)
Coefficient statistics:
  Matrix range     [1e+00, 2e+04]
  Objective range  [1e+00, 1e+00]
  Bounds range     [1e+00, 1e+04]
  RHS range        [1e+00, 6e+04]
Presolved: 3306 rows, 846 columns, 13537 nonzeros

Continuing optimization...


Cutting planes:
  MIR: 5
  Flow cover: 9

Explored 5556 nodes (26212 simplex iterations) in 0.02 seconds
Thread count was 4 (of 4 available processors)

Solution count 10: 228 228 228 ... 278.5
Pool objective bound 228

Optimal solution found (tolerance 1.00e-03)
Best objective 2.279999998667e+02, best bound 2.279999998667e+02, gap 0.0000%

#######################################
GN: iteration 0 at stage 3
Added demands: [10, 11, 12, 13, 14, 15, 16, 17, 18, 19]
Fixed demands: [0, 1, 2, 3, 4, 5, 6, 7, 8, 9]

Gurobi 7.0.2 (win64) logging started 03/16/17 14:48:27

Changed value of parameter LogFile to log-prop-6.log
   Prev: gurobi.log  Default: 
Changed value of parameter presolve to 2
   Prev: -1  Min: -1  Max: 2  Default: -1
Changed value of parameter mipgap to 0.001
   Prev: 0.0001  Min: 0.0  Max: 1e+100  Default: 0.0001
Parameter method unchanged
   Value: -1  Min: -1  Max: 4  Default: -1
Changed value of parameter timelimit to 100.0
   Prev: 1e+100  Min: 0.0  Max: 1e+100  Default: 1e+100
Changed value of parameter mipfocus to 1
   Prev: 0  Min: 0  Max: 3  Default: 0
Optimize a model with 44491 rows, 11252 columns and 144743 nonzeros
Variable types: 3040 continuous, 8212 integer (8206 binary)
Coefficient statistics:
  Matrix range     [5e-01, 2e+04]
  Objective range  [1e+00, 1e+00]
  Bounds range     [1e+00, 1e+04]
  RHS range        [1e+00, 6e+04]
Found heuristic solution: objective 297.5
Presolve removed 38002 rows and 9214 columns
Presolve time: 0.30s
Presolved: 6489 rows, 2038 columns, 22833 nonzeros
Variable types: 825 continuous, 1213 integer (1213 binary)
Presolve removed 359 rows and 175 columns
Presolved: 6130 rows, 1863 columns, 21768 nonzeros


Root relaxation: objective 1.725000e+02, 151 iterations, 0.03 seconds

    Nodes    |    Current Node    |     Objective Bounds      |     Work
 Expl Unexpl |  Obj  Depth IntInf | Incumbent    BestBd   Gap | It/Node Time

     0     0  172.50000    0    4  297.50000  172.50000  42.0%     -    0s
H    0     0                     273.5000000  172.50000  36.9%     -    0s
H    0     0                     251.0000000  172.50000  31.3%     -    0s
H    0     0                     235.0000000  172.50000  26.6%     -    0s
H    0     0                     233.0000000  172.50000  26.0%     -    0s
     0     0  172.50000    0   12  233.00000  172.50000  26.0%     -    0s
H    0     0                     229.0000000  172.50000  24.7%     -    0s
     0     0  172.50000    0   17  229.00000  172.50000  24.7%     -    0s
H    0     0                     228.0000000  172.50000  24.3%     -    0s
     0     0  172.50000    0    9  228.00000  172.50000  24.3%     -    0s
     0     0  172.50000    0   16  228.00000  172.50000  24.3%     -    0s
     0     0  173.98448    0   11  228.00000  173.98448  23.7%     -    0s
     0     0  173.98448    0   11  228.00000  173.98448  23.7%     -    0s
     0     0  173.98448    0   19  228.00000  173.98448  23.7%     -    0s
     0     0  173.98448    0   24  228.00000  173.98448  23.7%     -    0s
     0     0  177.54572    0    3  228.00000  177.54572  22.1%     -    0s
H    0     0                     228.0000000  177.54572  22.1%     -    0s
     0     2  177.54572    0    3  228.00000  177.54572  22.1%     -    0s

Cutting planes:
  Implied bound: 1
  MIR: 6
  Flow cover: 1

Explored 48 nodes (1815 simplex iterations) in 1.02 seconds
Thread count was 4 (of 4 available processors)

Solution count 8: 228 228 229 ... 297.5
Pool objective bound 228

Optimal solution found (tolerance 1.00e-03)
Best objective 2.279999999771e+02, best bound 2.279999999771e+02, gap 0.0000%

Gurobi 7.0.2 (win64) logging started 03/16/17 14:48:29

Parameter LogFile unchanged
   Value: log-prop-6.log  Default: 
Parameter presolve unchanged
   Value: 2  Min: -1  Max: 2  Default: -1
Parameter mipgap unchanged
   Value: 0.001  Min: 0.0  Max: 1e+100  Default: 0.0001
Parameter method unchanged
   Value: -1  Min: -1  Max: 4  Default: -1
Parameter timelimit unchanged
   Value: 100.0  Min: 0.0  Max: 1e+100  Default: 1e+100
Parameter mipfocus unchanged
   Value: 1  Min: 0  Max: 3  Default: 0
Optimize a model with 44491 rows, 11252 columns and 144743 nonzeros
Variable types: 3040 continuous, 8212 integer (8206 binary)
Coefficient statistics:
  Matrix range     [5e-01, 2e+04]
  Objective range  [1e+00, 1e+00]
  Bounds range     [1e+00, 1e+04]
  RHS range        [1e+00, 6e+04]
Presolved: 6489 rows, 2038 columns, 22833 nonzeros

Continuing optimization...


Cutting planes:
  Implied bound: 1
  MIR: 6
  Flow cover: 1

Explored 48 nodes (1815 simplex iterations) in 0.02 seconds
Thread count was 4 (of 4 available processors)

Solution count 8: 228 228 229 ... 297.5
Pool objective bound 228

Optimal solution found (tolerance 1.00e-03)
Best objective 2.279999999771e+02, best bound 2.279999999771e+02, gap 0.0000%

#######################################
TR: iteration 1 at stage 3
Added demands: [10, 17, 9, 8, 18, 6, 19, 4, 14, 12]
Fixed demands: [5, 13, 1, 0, 15, 7, 11, 2, 16, 3]

Gurobi 7.0.2 (win64) logging started 03/16/17 14:48:29

Parameter LogFile unchanged
   Value: log-prop-6.log  Default: 
Parameter presolve unchanged
   Value: 2  Min: -1  Max: 2  Default: -1
Parameter mipgap unchanged
   Value: 0.001  Min: 0.0  Max: 1e+100  Default: 0.0001
Parameter method unchanged
   Value: -1  Min: -1  Max: 4  Default: -1
Parameter timelimit unchanged
   Value: 100.0  Min: 0.0  Max: 1e+100  Default: 1e+100
Parameter mipfocus unchanged
   Value: 1  Min: 0  Max: 3  Default: 0
Optimize a model with 16993 rows, 1874 columns and 76565 nonzeros
Variable types: 862 continuous, 1012 integer (1006 binary)
Coefficient statistics:
  Matrix range     [1e+00, 2e+04]
  Objective range  [1e+00, 1e+00]
  Bounds range     [1e+00, 1e+04]
  RHS range        [1e+00, 6e+04]
Found heuristic solution: objective 474.5
Presolve removed 13821 rows and 1039 columns
Presolve time: 0.03s
Presolved: 3172 rows, 835 columns, 13020 nonzeros

Loaded MIP start with objective 228

Variable types: 441 continuous, 394 integer (393 binary)
Presolve removed 23 rows and 4 columns
Presolved: 3149 rows, 831 columns, 12952 nonzeros


Root relaxation: objective 1.555000e+02, 164 iterations, 0.02 seconds

    Nodes    |    Current Node    |     Objective Bounds      |     Work
 Expl Unexpl |  Obj  Depth IntInf | Incumbent    BestBd   Gap | It/Node Time

     0     0  155.50000    0    6  228.00000  155.50000  31.8%     -    0s
H    0     0                     228.0000000  155.50000  31.8%     -    0s
     0     0  155.50000    0   17  228.00000  155.50000  31.8%     -    0s
     0     0  155.50000    0   24  228.00000  155.50000  31.8%     -    0s
     0     0  155.50000    0   34  228.00000  155.50000  31.8%     -    0s
     0     0  155.50000    0   30  228.00000  155.50000  31.8%     -    0s
     0     0  170.50000    0   41  228.00000  170.50000  25.2%     -    0s
     0     0  170.50000    0   40  228.00000  170.50000  25.2%     -    0s
H    0     0                     227.0000000  170.50000  24.9%     -    0s
     0     0  170.50000    0   26  227.00000  170.50000  24.9%     -    0s
     0     0  170.50000    0   27  227.00000  170.50000  24.9%     -    0s
     0     0  170.50000    0    6  227.00000  170.50000  24.9%     -    0s
     0     2  170.50000    0    6  227.00000  170.50000  24.9%     -    0s
H  438   111                     227.0000000  170.50000  24.9%   5.8    0s
H 1167   252                     226.9999215  170.50000  24.9%   5.5    0s

Cutting planes:
  Gomory: 2
  Cover: 5
  Implied bound: 8
  MIR: 23
  Flow cover: 17

Explored 4135 nodes (23390 simplex iterations) in 3.58 seconds
Thread count was 4 (of 4 available processors)

Solution count 5: 227 227 227 ... 228
Pool objective bound 227

Optimal solution found (tolerance 1.00e-03)
Best objective 2.269999215316e+02, best bound 2.269999215316e+02, gap 0.0000%

#######################################
GN: iteration 1 at stage 3
Added demands: [10, 17, 9, 8, 18, 6, 19, 4, 14, 12]
Fixed demands: [5, 13, 1, 0, 15, 7, 11, 2, 16, 3]

Gurobi 7.0.2 (win64) logging started 03/16/17 14:48:32

Parameter LogFile unchanged
   Value: log-prop-6.log  Default: 
Parameter presolve unchanged
   Value: 2  Min: -1  Max: 2  Default: -1
Parameter mipgap unchanged
   Value: 0.001  Min: 0.0  Max: 1e+100  Default: 0.0001
Parameter method unchanged
   Value: -1  Min: -1  Max: 4  Default: -1
Parameter timelimit unchanged
   Value: 100.0  Min: 0.0  Max: 1e+100  Default: 1e+100
Parameter mipfocus unchanged
   Value: 1  Min: 0  Max: 3  Default: 0
Optimize a model with 44491 rows, 11252 columns and 144743 nonzeros
Variable types: 3040 continuous, 8212 integer (8206 binary)
Coefficient statistics:
  Matrix range     [5e-01, 2e+04]
  Objective range  [1e+00, 1e+00]
  Bounds range     [1e+00, 1e+04]
  RHS range        [1e+00, 6e+04]
Found heuristic solution: objective 333
Presolve removed 38124 rows and 9229 columns
Presolve time: 0.30s
Presolved: 6367 rows, 2023 columns, 22309 nonzeros

Loaded MIP start with objective 228

Variable types: 815 continuous, 1208 integer (1208 binary)
Presolve removed 368 rows and 178 columns
Presolved: 5999 rows, 1845 columns, 21237 nonzeros


Root relaxation: objective 1.555000e+02, 187 iterations, 0.05 seconds

    Nodes    |    Current Node    |     Objective Bounds      |     Work
 Expl Unexpl |  Obj  Depth IntInf | Incumbent    BestBd   Gap | It/Node Time

     0     0  155.50000    0    8  228.00000  155.50000  31.8%     -    0s
H    0     0                     227.0000000  155.50000  31.5%     -    0s
     0     0  155.50000    0   28  227.00000  155.50000  31.5%     -    0s
     0     0  155.50000    0   29  227.00000  155.50000  31.5%     -    0s
     0     0  155.50000    0   39  227.00000  155.50000  31.5%     -    0s
     0     0  155.50000    0   40  227.00000  155.50000  31.5%     -    0s
     0     0  155.50000    0   41  227.00000  155.50000  31.5%     -    0s
     0     0  155.50000    0   41  227.00000  155.50000  31.5%     -    0s
     0     0  155.50000    0   36  227.00000  155.50000  31.5%     -    0s
     0     0  155.50000    0   45  227.00000  155.50000  31.5%     -    0s
     0     0  155.50000    0   31  227.00000  155.50000  31.5%     -    0s
     0     0  170.50000    0    6  227.00000  170.50000  24.9%     -    1s
     0     0  170.50000    0   29  227.00000  170.50000  24.9%     -    1s
     0     0  170.50000    0   34  227.00000  170.50000  24.9%     -    1s
     0     0  170.50000    0   39  227.00000  170.50000  24.9%     -    1s
     0     0  170.50000    0   39  227.00000  170.50000  24.9%     -    1s
     0     0  170.50000    0   30  227.00000  170.50000  24.9%     -    1s
     0     0  170.50000    0   26  227.00000  170.50000  24.9%     -    1s
     0     0  170.50000    0   48  227.00000  170.50000  24.9%     -    1s
     0     0  170.50000    0   55  227.00000  170.50000  24.9%     -    1s
     0     0  170.50000    0   18  227.00000  170.50000  24.9%     -    1s
     0     2  170.50000    0    9  227.00000  170.50000  24.9%     -    1s
H   75    69                     227.0000000  170.50000  24.9%  77.5    2s
H  484   194                     227.0000000  170.50000  24.9%  75.8    4s
   556   219  177.41698   21   27  227.00000  170.50000  24.9%  71.1    5s
  1284   422  171.50000   14   59  227.00000  170.50000  24.9%  55.2   10s
  1466   469  172.51477   17   81  227.00000  170.50000  24.9%  55.4   16s
  2019   650  170.50000   25   46  227.00000  170.50000  24.9%  54.8   20s
  2690   712  170.50000   18   61  227.00000  170.50000  24.9%  59.7   25s
  2924   697  187.50000   25  115  227.00000  170.50000  24.9%  71.0   30s
  3123   680     cutoff   31       227.00000  170.50000  24.9%  72.3   36s
  3261   670  219.00000   33   20  227.00000  170.50000  24.9%  73.2   40s
  3854   541 infeasible   35       227.00000  171.50000  24.4%  77.3   46s
  4287   456  173.50000   22   99  227.00000  172.50000  24.0%  81.7   51s
  5023   483  226.01408   38   42  227.00000  173.50000  23.6%  80.9   55s
  7015   506  224.00000   43   48  227.00000  174.50000  23.1%  82.4   60s
  8757   478 infeasible   39       227.00000  174.50000  23.1%  82.3   65s
 10648   598  188.50000   45  130  227.00000  188.50000  17.0%  83.7   71s
 12513   807 infeasible   32       227.00000  199.50000  12.1%  83.1   76s
 14885   948 infeasible   33       227.00000  199.50000  12.1%  79.3   80s
 16985   964  201.50000   30    9  227.00000  200.50000  11.7%  76.4   85s
 18727   994  200.50000   39   30  227.00000  200.50000  11.7%  76.4   90s
 20884   996  200.50000   39   81  227.00000  200.50000  11.7%  74.5   95s
 23122  1111  201.50000   41   29  227.00000  201.50000  11.2%  74.1  100s

Cutting planes:
  Gomory: 11
  Cover: 29
  Implied bound: 10
  MIR: 106
  StrongCG: 1
  Flow cover: 77
  Zero half: 3

Explored 23214 nodes (1720983 simplex iterations) in 100.02 seconds
Thread count was 4 (of 4 available processors)

Solution count 5: 227 227 227 ... 228
Pool objective bound 201.5

Time limit reached
Best objective 2.269999999543e+02, best bound 2.015000000000e+02, gap 11.2335%

#######################################
TR: iteration 2 at stage 3
Added demands: [18, 7, 13, 2, 12, 15, 3, 11, 8, 17, 0]
Fixed demands: [5, 19, 14, 1, 6, 16, 9, 4, 10]

Gurobi 7.0.2 (win64) logging started 03/16/17 14:50:12

Parameter LogFile unchanged
   Value: log-prop-6.log  Default: 
Parameter presolve unchanged
   Value: 2  Min: -1  Max: 2  Default: -1
Parameter mipgap unchanged
   Value: 0.001  Min: 0.0  Max: 1e+100  Default: 0.0001
Parameter method unchanged
   Value: -1  Min: -1  Max: 4  Default: -1
Parameter timelimit unchanged
   Value: 100.0  Min: 0.0  Max: 1e+100  Default: 1e+100
Parameter mipfocus unchanged
   Value: 1  Min: 0  Max: 3  Default: 0
Optimize a model with 16993 rows, 1874 columns and 76565 nonzeros
Variable types: 862 continuous, 1012 integer (1006 binary)
Coefficient statistics:
  Matrix range     [1e+00, 2e+04]
  Objective range  [1e+00, 1e+00]
  Bounds range     [1e+00, 1e+04]
  RHS range        [1e+00, 6e+04]
Found heuristic solution: objective 369
Presolve removed 13211 rows and 956 columns
Presolve time: 0.05s
Presolved: 3782 rows, 918 columns, 15694 nonzeros

Loaded MIP start with objective 227

Variable types: 485 continuous, 433 integer (431 binary)

Explored 0 nodes (0 simplex iterations) in 0.08 seconds
Thread count was 4 (of 4 available processors)

Solution count 1: 227 
Pool objective bound 227

Optimal solution found (tolerance 1.00e-03)
Best objective 2.270000000000e+02, best bound 2.269999999999e+02, gap 0.0000%

Gurobi 7.0.2 (win64) logging started 03/16/17 14:50:12

Parameter LogFile unchanged
   Value: log-prop-6.log  Default: 
Parameter presolve unchanged
   Value: 2  Min: -1  Max: 2  Default: -1
Parameter mipgap unchanged
   Value: 0.001  Min: 0.0  Max: 1e+100  Default: 0.0001
Parameter method unchanged
   Value: -1  Min: -1  Max: 4  Default: -1
Parameter timelimit unchanged
   Value: 100.0  Min: 0.0  Max: 1e+100  Default: 1e+100
Parameter mipfocus unchanged
   Value: 1  Min: 0  Max: 3  Default: 0
Optimize a model with 16993 rows, 1874 columns and 76565 nonzeros
Variable types: 862 continuous, 1012 integer (1006 binary)
Coefficient statistics:
  Matrix range     [1e+00, 2e+04]
  Objective range  [1e+00, 1e+00]
  Bounds range     [1e+00, 1e+04]
  RHS range        [1e+00, 6e+04]
Presolved: 3782 rows, 918 columns, 15694 nonzeros

Continuing optimization...


Explored 0 nodes (0 simplex iterations) in 0.02 seconds
Thread count was 4 (of 4 available processors)

Solution count 1: 227 
Pool objective bound 227

Optimal solution found (tolerance 1.00e-03)
Best objective 2.270000000000e+02, best bound 2.269999999999e+02, gap 0.0000%

#######################################
GN: iteration 2 at stage 3
Added demands: [18, 7, 13, 2, 12, 15, 3, 11, 8, 17, 0]
Fixed demands: [5, 19, 14, 1, 6, 16, 9, 4, 10]

Gurobi 7.0.2 (win64) logging started 03/16/17 14:50:12

Parameter LogFile unchanged
   Value: log-prop-6.log  Default: 
Parameter presolve unchanged
   Value: 2  Min: -1  Max: 2  Default: -1
Parameter mipgap unchanged
   Value: 0.001  Min: 0.0  Max: 1e+100  Default: 0.0001
Parameter method unchanged
   Value: -1  Min: -1  Max: 4  Default: -1
Parameter timelimit unchanged
   Value: 100.0  Min: 0.0  Max: 1e+100  Default: 1e+100
Parameter mipfocus unchanged
   Value: 1  Min: 0  Max: 3  Default: 0
Optimize a model with 44491 rows, 11252 columns and 144743 nonzeros
Variable types: 3040 continuous, 8212 integer (8206 binary)
Coefficient statistics:
  Matrix range     [5e-01, 2e+04]
  Objective range  [1e+00, 1e+00]
  Bounds range     [1e+00, 1e+04]
  RHS range        [1e+00, 6e+04]
Found heuristic solution: objective 333
Presolve removed 36991 rows and 8935 columns
Presolve time: 0.38s
Presolved: 7500 rows, 2317 columns, 26467 nonzeros

Loaded MIP start with objective 227

Variable types: 895 continuous, 1422 integer (1422 binary)

Explored 0 nodes (0 simplex iterations) in 0.44 seconds
Thread count was 4 (of 4 available processors)

Solution count 1: 227 
Pool objective bound 227

Optimal solution found (tolerance 1.00e-03)
Best objective 2.270000000000e+02, best bound 2.269999999999e+02, gap 0.0000%
