
#######################################
TR: iteration 0 at stage 0
Added demands: [0, 1, 2, 3, 4]
Fixed demands: []

Gurobi 7.0.2 (win64) logging started 03/16/17 20:33:25

Changed value of parameter LogFile to log-opt-5.log
   Prev: gurobi.log  Default: 
Changed value of parameter presolve to 2
   Prev: -1  Min: -1  Max: 2  Default: -1
Changed value of parameter mipgap to 0.001
   Prev: 0.0001  Min: 0.0  Max: 1e+100  Default: 0.0001
Parameter method unchanged
   Value: -1  Min: -1  Max: 4  Default: -1
Changed value of parameter timelimit to 300.0
   Prev: 1e+100  Min: 0.0  Max: 1e+100  Default: 1e+100
Changed value of parameter mipfocus to 1
   Prev: 0  Min: 0  Max: 3  Default: 0
Optimize a model with 1483 rows, 404 columns and 5504 nonzeros
Variable types: 217 continuous, 187 integer (181 binary)
Coefficient statistics:
  Matrix range     [1e+00, 2e+04]
  Objective range  [1e+00, 1e+00]
  Bounds range     [1e+00, 1e+04]
  RHS range        [1e+00, 6e+04]
Found heuristic solution: objective 206
Presolve removed 921 rows and 224 columns
Presolve time: 0.02s
Presolved: 562 rows, 180 columns, 2332 nonzeros
Variable types: 98 continuous, 82 integer (82 binary)
Presolve removed 25 rows and 0 columns
Presolved: 537 rows, 200 columns, 2229 nonzeros


Root relaxation: objective 9.600000e+01, 33 iterations, 0.00 seconds

    Nodes    |    Current Node    |     Objective Bounds      |     Work
 Expl Unexpl |  Obj  Depth IntInf | Incumbent    BestBd   Gap | It/Node Time

     0     0   96.00000    0    4  206.00000   96.00000  53.4%     -    0s
     0     0   96.00000    0   13  206.00000   96.00000  53.4%     -    0s
     0     0   96.00000    0   15  206.00000   96.00000  53.4%     -    0s
     0     0   96.00000    0   11  206.00000   96.00000  53.4%     -    0s
     0     0   96.00000    0   14  206.00000   96.00000  53.4%     -    0s
     0     0   96.00000    0   14  206.00000   96.00000  53.4%     -    0s
     0     0   96.00000    0   10  206.00000   96.00000  53.4%     -    0s
     0     0   96.00000    0   14  206.00000   96.00000  53.4%     -    0s
     0     0   96.00000    0    5  206.00000   96.00000  53.4%     -    0s
     0     2   96.00000    0    5  206.00000   96.00000  53.4%     -    0s

Cutting planes:
  Gomory: 3
  MIR: 14
  Flow cover: 6

Explored 174 nodes (835 simplex iterations) in 0.20 seconds
Thread count was 4 (of 4 available processors)

Solution count 1: 206 
Pool objective bound 206

Optimal solution found (tolerance 1.00e-03)
Best objective 2.060000000000e+02, best bound 2.060000000000e+02, gap 0.0000%

#######################################
GN: iteration 0 at stage 0
Added demands: [0, 1, 2, 3, 4]
Fixed demands: []

Gurobi 7.0.2 (win64) logging started 03/16/17 20:33:26

Changed value of parameter LogFile to log-opt-5.log
   Prev: gurobi.log  Default: 
Changed value of parameter presolve to 2
   Prev: -1  Min: -1  Max: 2  Default: -1
Changed value of parameter mipgap to 0.001
   Prev: 0.0001  Min: 0.0  Max: 1e+100  Default: 0.0001
Parameter method unchanged
   Value: -1  Min: -1  Max: 4  Default: -1
Changed value of parameter timelimit to 300.0
   Prev: 1e+100  Min: 0.0  Max: 1e+100  Default: 1e+100
Changed value of parameter mipfocus to 1
   Prev: 0  Min: 0  Max: 3  Default: 0
Optimize a model with 4321 rows, 1412 columns and 11762 nonzeros
Variable types: 775 continuous, 637 integer (631 binary)
Coefficient statistics:
  Matrix range     [7e-01, 2e+04]
  Objective range  [1e+00, 1e+00]
  Bounds range     [1e+00, 1e+04]
  RHS range        [1e+00, 6e+04]
Found heuristic solution: objective 219
Presolve removed 2999 rows and 931 columns
Presolve time: 0.05s
Presolved: 1322 rows, 481 columns, 4619 nonzeros
Variable types: 247 continuous, 234 integer (234 binary)
Presolve removed 139 rows and 58 columns
Presolved: 1183 rows, 423 columns, 4226 nonzeros


Root relaxation: objective 9.600000e+01, 94 iterations, 0.00 seconds

    Nodes    |    Current Node    |     Objective Bounds      |     Work
 Expl Unexpl |  Obj  Depth IntInf | Incumbent    BestBd   Gap | It/Node Time

     0     0   96.00000    0    4  219.00000   96.00000  56.2%     -    0s
H    0     0                     206.0000000   96.00000  53.4%     -    0s
H    0     0                     205.9999999   96.00000  53.4%     -    0s
     0     0   96.00000    0   14  206.00000   96.00000  53.4%     -    0s
     0     0   96.00000    0   14  206.00000   96.00000  53.4%     -    0s
     0     0   96.00000    0   13  206.00000   96.00000  53.4%     -    0s
     0     0   96.00000    0   12  206.00000   96.00000  53.4%     -    0s
     0     0   96.00000    0   13  206.00000   96.00000  53.4%     -    0s
     0     0   96.00000    0   18  206.00000   96.00000  53.4%     -    0s
     0     0   96.00000    0   19  206.00000   96.00000  53.4%     -    0s
     0     0   96.00000    0   13  206.00000   96.00000  53.4%     -    0s
     0     2   96.00000    0    5  206.00000   96.00000  53.4%     -    0s

Cutting planes:
  Gomory: 3
  Implied bound: 10
  MIR: 25
  Flow cover: 39
  Zero half: 6

Explored 5521 nodes (47398 simplex iterations) in 3.88 seconds
Thread count was 4 (of 4 available processors)

Solution count 3: 206 206 219 
Pool objective bound 206

Optimal solution found (tolerance 1.00e-03)
Best objective 2.059999999447e+02, best bound 2.059999999447e+02, gap 0.0000%

#######################################
TR: iteration 0 at stage 1
Added demands: [0, 1, 2, 3, 4, 5, 6, 7, 8, 9]
Fixed demands: []

Gurobi 7.0.2 (win64) logging started 03/16/17 20:33:31

Changed value of parameter LogFile to log-opt-5.log
   Prev: gurobi.log  Default: 
Changed value of parameter presolve to 2
   Prev: -1  Min: -1  Max: 2  Default: -1
Changed value of parameter mipgap to 0.001
   Prev: 0.0001  Min: 0.0  Max: 1e+100  Default: 0.0001
Parameter method unchanged
   Value: -1  Min: -1  Max: 4  Default: -1
Changed value of parameter timelimit to 300.0
   Prev: 1e+100  Min: 0.0  Max: 1e+100  Default: 1e+100
Changed value of parameter mipfocus to 1
   Prev: 0  Min: 0  Max: 3  Default: 0
Optimize a model with 4803 rows, 844 columns and 20089 nonzeros
Variable types: 432 continuous, 412 integer (406 binary)
Coefficient statistics:
  Matrix range     [1e+00, 2e+04]
  Objective range  [1e+00, 1e+00]
  Bounds range     [1e+00, 1e+04]
  RHS range        [1e+00, 6e+04]
Found heuristic solution: objective 254
Presolve removed 2805 rows and 420 columns
Presolve time: 0.03s
Presolved: 1998 rows, 424 columns, 8892 nonzeros
Variable types: 220 continuous, 204 integer (204 binary)
Presolve removed 32 rows and 0 columns
Presolved: 1966 rows, 446 columns, 8758 nonzeros


Root relaxation: objective 9.700000e+01, 87 iterations, 0.00 seconds

    Nodes    |    Current Node    |     Objective Bounds      |     Work
 Expl Unexpl |  Obj  Depth IntInf | Incumbent    BestBd   Gap | It/Node Time

     0     0   97.00000    0    6  254.00000   97.00000  61.8%     -    0s
H    0     0                     246.0000000   97.00000  60.6%     -    0s
H    0     0                     243.0000000   97.00000  60.1%     -    0s
H    0     0                     219.0000000   97.00000  55.7%     -    0s
H    0     0                     206.0000000   97.00000  52.9%     -    0s
     0     0   97.00000    0   26  206.00000   97.00000  52.9%     -    0s
     0     0   97.00000    0   26  206.00000   97.00000  52.9%     -    0s
     0     0   97.00000    0   21  206.00000   97.00000  52.9%     -    0s
     0     0   97.00000    0   20  206.00000   97.00000  52.9%     -    0s
     0     0   97.00000    0   30  206.00000   97.00000  52.9%     -    0s
     0     0   97.00000    0   21  206.00000   97.00000  52.9%     -    0s
     0     0   97.00000    0   26  206.00000   97.00000  52.9%     -    0s
     0     0   97.00000    0   14  206.00000   97.00000  52.9%     -    0s
     0     2   97.00000    0   12  206.00000   97.00000  52.9%     -    0s
H  616   298                     206.0000000   97.00000  52.9%   4.2    0s
  9910  1218  164.50000   30   16  206.00000  164.50000  20.1%   7.3    5s
 27628  1773 infeasible   27       206.00000  172.50000  16.3%   6.7   10s
 44184  1588     cutoff   27       206.00000  177.50000  13.8%   6.5   15s
 57845  1952 infeasible   34       206.00000  177.50000  13.8%   6.8   20s
 73292  1061  192.50000   38    1  206.00000  192.50000  6.55%   6.8   25s

Cutting planes:
  Gomory: 6
  Cover: 1
  MIR: 53
  Flow cover: 69

Explored 85235 nodes (576987 simplex iterations) in 28.60 seconds
Thread count was 4 (of 4 available processors)

Solution count 6: 206 206 219 ... 254
Pool objective bound 206

Optimal solution found (tolerance 1.00e-03)
Best objective 2.060000000000e+02, best bound 2.060000000000e+02, gap 0.0000%

#######################################
GN: iteration 0 at stage 1
Added demands: [0, 1, 2, 3, 4, 5, 6, 7, 8, 9]
Fixed demands: []

Gurobi 7.0.2 (win64) logging started 03/16/17 20:34:00

Changed value of parameter LogFile to log-opt-5.log
   Prev: gurobi.log  Default: 
Changed value of parameter presolve to 2
   Prev: -1  Min: -1  Max: 2  Default: -1
Changed value of parameter mipgap to 0.001
   Prev: 0.0001  Min: 0.0  Max: 1e+100  Default: 0.0001
Parameter method unchanged
   Value: -1  Min: -1  Max: 4  Default: -1
Changed value of parameter timelimit to 300.0
   Prev: 1e+100  Min: 0.0  Max: 1e+100  Default: 1e+100
Changed value of parameter mipfocus to 1
   Prev: 0  Min: 0  Max: 3  Default: 0
Optimize a model with 13161 rows, 3742 columns and 39787 nonzeros
Variable types: 1530 continuous, 2212 integer (2206 binary)
Coefficient statistics:
  Matrix range     [7e-01, 2e+04]
  Objective range  [1e+00, 1e+00]
  Bounds range     [1e+00, 1e+04]
  RHS range        [1e+00, 6e+04]
Presolve removed 8381 rows and 2278 columns
Presolve time: 0.19s
Presolved: 4780 rows, 1464 columns, 17140 nonzeros
Variable types: 554 continuous, 910 integer (910 binary)
Found heuristic solution: objective 352.5000000
Presolve removed 325 rows and 152 columns
Presolved: 4455 rows, 1312 columns, 16290 nonzeros


Root relaxation: objective 9.700000e+01, 151 iterations, 0.03 seconds

    Nodes    |    Current Node    |     Objective Bounds      |     Work
 Expl Unexpl |  Obj  Depth IntInf | Incumbent    BestBd   Gap | It/Node Time

     0     0   97.00000    0    7  352.50000   97.00000  72.5%     -    0s
H    0     0                     214.0000000   97.00000  54.7%     -    0s
H    0     0                     206.0000000   97.00000  52.9%     -    0s
     0     0   97.00000    0   30  206.00000   97.00000  52.9%     -    0s
     0     0   97.00000    0   30  206.00000   97.00000  52.9%     -    0s
     0     0   97.00000    0   38  206.00000   97.00000  52.9%     -    0s
     0     0   97.00000    0   39  206.00000   97.00000  52.9%     -    0s
     0     0   97.00000    0   37  206.00000   97.00000  52.9%     -    0s
     0     0   97.00000    0   37  206.00000   97.00000  52.9%     -    0s
     0     0   97.00000    0   34  206.00000   97.00000  52.9%     -    0s
     0     0   97.00000    0   48  206.00000   97.00000  52.9%     -    0s
     0     0   97.00000    0   12  206.00000   97.00000  52.9%     -    0s
     0     2   97.00000    0   12  206.00000   97.00000  52.9%     -    0s
H   99    63                     206.0000000   97.00000  52.9%  45.8    1s
  4186   876   97.00000   27   59  206.00000   97.00000  52.9%  16.7    5s
H 4820   839                     205.9998953  137.50000  33.3%  17.2    6s
  8552   481  203.50000   37   21  205.99990  164.50000  20.1%  17.3   10s
 12959   617  164.50000   32   41  205.99990  164.50000  20.1%  18.7   15s
 18537   849 infeasible   29       205.99990  169.50000  17.7%  19.5   20s
 23924  1260  195.50000   33    4  205.99990  169.50000  17.7%  19.9   25s
 29615  1478 infeasible   40       205.99990  169.50000  17.7%  20.3   30s
 35773  1903 infeasible   36       205.99990  169.50000  17.7%  20.4   35s
 41397  2055 infeasible   41       205.99990  169.50000  17.7%  20.3   40s
 46941  1971 infeasible   37       205.99990  172.50000  16.3%  20.2   45s
 51636  2349 infeasible   29       205.99990  172.50000  16.3%  20.5   50s
 57436  2398 infeasible   32       205.99990  172.50000  16.3%  20.6   55s
 63293  2654 infeasible   35       205.99990  172.50000  16.3%  20.3   60s
 69201  2579  172.50000   34    7  205.99990  172.50000  16.3%  20.2   65s
 75537  2026  174.50000   40    4  205.99990  174.50000  15.3%  20.0   70s
 81147  1504  175.50000   34    3  205.99990  175.50000  14.8%  20.1   75s
 86000  1366 infeasible   40       205.99990  178.50000  13.3%  19.9   80s
 93120   895  192.50000   31   15  205.99990  192.50000  6.55%  19.8   85s
 99195   599  195.50000   36    3  205.99990  195.50000  5.10%  19.7   90s

Cutting planes:
  Gomory: 4
  Implied bound: 12
  MIR: 63
  Flow cover: 83
  GUB cover: 1
  Zero half: 9

Explored 103566 nodes (2032710 simplex iterations) in 93.07 seconds
Thread count was 4 (of 4 available processors)

Solution count 5: 206 206 206 ... 352.5
Pool objective bound 206

Optimal solution found (tolerance 1.00e-03)
Best objective 2.060000000000e+02, best bound 2.060000000000e+02, gap 0.0000%

#######################################
TR: iteration 0 at stage 2
Added demands: [0, 1, 2, 3, 4, 5, 6, 7, 8, 9, 10, 11, 12, 13, 14]
Fixed demands: []

Gurobi 7.0.2 (win64) logging started 03/16/17 20:35:36

Changed value of parameter LogFile to log-opt-5.log
   Prev: gurobi.log  Default: 
Changed value of parameter presolve to 2
   Prev: -1  Min: -1  Max: 2  Default: -1
Changed value of parameter mipgap to 0.001
   Prev: 0.0001  Min: 0.0  Max: 1e+100  Default: 0.0001
Parameter method unchanged
   Value: -1  Min: -1  Max: 4  Default: -1
Changed value of parameter timelimit to 300.0
   Prev: 1e+100  Min: 0.0  Max: 1e+100  Default: 1e+100
Changed value of parameter mipfocus to 1
   Prev: 0  Min: 0  Max: 3  Default: 0
Optimize a model with 9973 rows, 1334 columns and 43774 nonzeros
Variable types: 647 continuous, 687 integer (681 binary)
Coefficient statistics:
  Matrix range     [1e+00, 2e+04]
  Objective range  [1e+00, 1e+00]
  Bounds range     [1e+00, 1e+04]
  RHS range        [1e+00, 6e+04]
Found heuristic solution: objective 249
Presolve removed 5683 rows and 641 columns
Presolve time: 0.06s
Presolved: 4290 rows, 693 columns, 19730 nonzeros
Variable types: 342 continuous, 351 integer (351 binary)
Presolve removed 0 rows and 15 columns
Presolved: 693 rows, 4968 columns, 20357 nonzeros

Presolve removed 693 rows and 4968 columns

Root relaxation: objective 9.700000e+01, 1752 iterations, 0.08 seconds

    Nodes    |    Current Node    |     Objective Bounds      |     Work
 Expl Unexpl |  Obj  Depth IntInf | Incumbent    BestBd   Gap | It/Node Time

     0     0   97.00000    0   19  249.00000   97.00000  61.0%     -    0s
H    0     0                     241.0000000   97.00000  59.8%     -    0s
     0     0   97.00000    0   49  241.00000   97.00000  59.8%     -    0s
H    0     0                     219.0000000   97.00000  55.7%     -    0s
     0     0   97.00000    0   53  219.00000   97.00000  55.7%     -    0s
     0     0   97.00000    0   51  219.00000   97.00000  55.7%     -    0s
     0     0   97.00000    0   45  219.00000   97.00000  55.7%     -    0s
     0     0   97.00000    0   47  219.00000   97.00000  55.7%     -    0s
     0     0   97.00000    0   46  219.00000   97.00000  55.7%     -    0s
     0     0   97.00000    0   48  219.00000   97.00000  55.7%     -    0s
     0     0   97.00000    0   48  219.00000   97.00000  55.7%     -    0s
     0     0   97.00000    0   16  219.00000   97.00000  55.7%     -    0s
     0     2   97.00000    0   14  219.00000   97.00000  55.7%     -    0s
H  389   160                     219.0000000   97.00000  55.7%   6.0    1s
H  659   257                     211.0000000   97.00000  54.0%   5.7    1s
H  882   385                     209.0000000   97.00000  53.6%   6.4    1s
H 1019   414                     209.0000000   97.00000  53.6%   6.1    1s
H 2887   960                     206.0000000   97.00000  52.9%   5.0    3s
H 3062  1001                     206.0000000   97.00000  52.9%   4.9    3s
  3101  1028  145.50000   18   23  206.00000   97.00000  52.9%   6.8    5s
H 3575  1017                     205.9999992   97.00000  52.9%   7.1    5s
  8918  1495  141.50000   29   32  206.00000  137.50000  33.3%   7.9   10s
 15215  2347  140.50000   37   26  206.00000  137.50000  33.3%   8.3   15s
 23054  3558 infeasible   43       206.00000  145.50000  29.4%   8.1   20s
 30531  3760  162.50000   31   33  206.00000  161.50000  21.6%   7.9   25s
 37800  4386 infeasible   40       206.00000  164.50000  20.1%   8.1   30s
 46251  5748  165.50000   26    6  206.00000  164.50000  20.1%   8.4   35s
 53738  6803 infeasible   28       206.00000  164.50000  20.1%   8.5   40s
 59742  7423 infeasible   30       206.00000  164.50000  20.1%   8.6   45s
 66477  7655  165.50000   35   10  206.00000  165.50000  19.7%   8.7   50s
 73984  7778 infeasible   45       206.00000  165.50000  19.7%   8.7   55s
 81334  7728 infeasible   29       206.00000  168.50000  18.2%   8.8   60s
 89300  7674  199.50000   41    8  206.00000  169.50000  17.7%   8.8   65s
 96888  8609 infeasible   37       206.00000  169.50000  17.7%   8.9   70s
 104571  9065  191.50000   34    7  206.00000  169.50000  17.7%   8.9   75s
 112268  9072 infeasible   33       206.00000  170.50000  17.2%   8.9   80s
 119426  8811 infeasible   41       206.00000  171.50000  16.7%   8.9   85s
 126564  9455 infeasible   39       206.00000  172.50000  16.3%   8.9   90s
 133713  9997 infeasible   40       206.00000  172.50000  16.3%   8.9   95s
 141942 10822  174.50000   30   11  206.00000  172.50000  16.3%   9.0  100s
 148266 11212 infeasible   32       206.00000  172.50000  16.3%   9.0  105s
 156394 11860 infeasible   39       206.00000  172.50000  16.3%   9.0  110s
 163950 12668  172.50000   34   11  206.00000  172.50000  16.3%   9.0  115s
 171010 13074  172.50000   38   16  206.00000  172.50000  16.3%   9.0  120s
 177845 13166 infeasible   33       206.00000  173.50000  15.8%   9.0  125s
 185273 13016 infeasible   35       206.00000  174.50000  15.3%   9.1  130s
 191899 12876  175.50000   29   22  206.00000  175.50000  14.8%   9.1  135s
 199028 13056     cutoff   34       206.00000  175.50000  14.8%   9.1  140s
 207232 13516  202.50000   29    5  206.00000  177.50000  13.8%   9.1  145s
 213500 14006  182.50000   32   21  206.00000  177.50000  13.8%   9.1  150s
 221095 14612  182.50000   40    6  206.00000  177.50000  13.8%   9.1  155s
 228499 15032  202.50000   34   10  206.00000  177.50000  13.8%   9.1  160s
 236058 15711 infeasible   42       206.00000  177.50000  13.8%   9.1  165s
 244326 16335 infeasible   36       206.00000  177.50000  13.8%   9.1  170s
 252632 16925  182.50000   33   14  206.00000  177.50000  13.8%   9.1  175s
 258392 17240  177.50000   26   18  206.00000  177.50000  13.8%   9.1  180s
H258609 17266                     205.9998910  177.50000  13.8%   9.1  180s
 265073 16530  178.50000   34    6  205.99989  178.50000  13.3%   9.1  185s
 272430 15971  178.50000   37    7  205.99989  178.50000  13.3%   9.1  190s
 279139 15649  178.50000   40   10  205.99989  178.50000  13.3%   9.2  195s
 286035 15318  178.50000   30    9  205.99989  178.50000  13.3%   9.2  200s
 291855 14691  179.50000   33    7  205.99989  179.50000  12.9%   9.2  205s
 298417 14229 infeasible   39       205.99989  179.50000  12.9%   9.2  210s
 305709 13990  179.50000   42    9  205.99989  179.50000  12.9%   9.2  215s
 312401 13623 infeasible   40       205.99989  181.50000  11.9%   9.2  220s
 319676 12853  182.50000   34    7  205.99989  182.50000  11.4%   9.2  225s
 326116 11843  182.50000   34    8  205.99989  182.50000  11.4%   9.2  230s
 332590 11268  191.50000   34   11  205.99989  191.50000  7.04%   9.2  235s
 338992 10353 infeasible   31       205.99989  192.50000  6.55%   9.2  240s
 346118  9586  199.50000   34    6  205.99989  199.50000  3.16%   9.2  245s
 352638  9467  199.50000   43   10  205.99989  199.50000  3.16%   9.3  250s
 359587  9163  199.50000   42    6  205.99989  199.50000  3.16%   9.3  255s
 365192  9019  199.50000   41   12  205.99989  199.50000  3.16%   9.3  260s
 371708  8497  199.50000   37   12  205.99989  199.50000  3.16%   9.4  265s
 378334  7895  199.50000   40    7  205.99989  199.50000  3.16%   9.4  270s
 384578  7516  199.50000   33    8  205.99989  199.50000  3.16%   9.4  275s
 388902  7486  202.50000   38   16  205.99989  199.50000  3.16%   9.4  293s
 389291  7567  203.50000   57    7  205.99989  199.50000  3.16%   9.4  295s
 397075  7390  203.50000   48   16  205.99989  199.50000  3.16%   9.4  300s

Cutting planes:
  Gomory: 11
  Cover: 3
  Implied bound: 4
  MIR: 72
  Flow cover: 101

Explored 397176 nodes (3737864 simplex iterations) in 300.03 seconds
Thread count was 4 (of 4 available processors)

Solution count 10: 206 206 206 ... 241
Pool objective bound 199.5

Time limit reached
Best objective 2.059998909993e+02, best bound 1.995000000000e+02, gap 3.1553%

#######################################
GN: iteration 0 at stage 2
Added demands: [0, 1, 2, 3, 4, 5, 6, 7, 8, 9, 10, 11, 12, 13, 14]
Fixed demands: []

Gurobi 7.0.2 (win64) logging started 03/16/17 20:40:36

Changed value of parameter LogFile to log-opt-5.log
   Prev: gurobi.log  Default: 
Changed value of parameter presolve to 2
   Prev: -1  Min: -1  Max: 2  Default: -1
Changed value of parameter mipgap to 0.001
   Prev: 0.0001  Min: 0.0  Max: 1e+100  Default: 0.0001
Parameter method unchanged
   Value: -1  Min: -1  Max: 4  Default: -1
Changed value of parameter timelimit to 300.0
   Prev: 1e+100  Min: 0.0  Max: 1e+100  Default: 1e+100
Changed value of parameter mipfocus to 1
   Prev: 0  Min: 0  Max: 3  Default: 0
Optimize a model with 26551 rows, 7022 columns and 84112 nonzeros
Variable types: 2285 continuous, 4737 integer (4731 binary)
Coefficient statistics:
  Matrix range     [7e-01, 2e+04]
  Objective range  [1e+00, 1e+00]
  Bounds range     [1e+00, 1e+04]
  RHS range        [1e+00, 6e+04]
Presolve removed 16181 rows and 4130 columns
Presolve time: 0.53s
Presolved: 10370 rows, 2892 columns, 37785 nonzeros
Variable types: 853 continuous, 2039 integer (2039 binary)
Found heuristic solution: objective 703.5000000
Found heuristic solution: objective 611.0000000
Presolve removed 502 rows and 238 columns
Presolved: 9868 rows, 2654 columns, 36485 nonzeros


Root relaxation: objective 9.700000e+01, 288 iterations, 0.08 seconds

    Nodes    |    Current Node    |     Objective Bounds      |     Work
 Expl Unexpl |  Obj  Depth IntInf | Incumbent    BestBd   Gap | It/Node Time

     0     0   97.00000    0   14  611.00000   97.00000  84.1%     -    0s
H    0     0                     272.0000000   97.00000  64.3%     -    0s
H    0     0                     206.0000000   97.00000  52.9%     -    0s
     0     0   97.00000    0   64  206.00000   97.00000  52.9%     -    1s
     0     0   97.00000    0   64  206.00000   97.00000  52.9%     -    1s
     0     0   97.00000    0   63  206.00000   97.00000  52.9%     -    1s
     0     0   97.00000    0   57  206.00000   97.00000  52.9%     -    1s
     0     0   97.00000    0   68  206.00000   97.00000  52.9%     -    1s
     0     0   97.00000    0   65  206.00000   97.00000  52.9%     -    1s
     0     0   97.00000    0   62  206.00000   97.00000  52.9%     -    1s
     0     0   97.00000    0   67  206.00000   97.00000  52.9%     -    1s
     0     0   97.00000    0   25  206.00000   97.00000  52.9%     -    1s
     0     2   97.00000    0   20  206.00000   97.00000  52.9%     -    2s
H  666   361                     206.0000000   97.00000  52.9%  29.7    4s
   667   364 infeasible   11       206.00000   97.00000  52.9%  29.7    6s
  1074   577  109.01816   20   17  206.00000   97.00000  52.9%  36.6   10s
  1662   688  202.50000   42   47  206.00000  137.50000  33.3%  35.9   16s
  2302   666  172.50000   41   80  206.00000  137.50000  33.3%  40.1   20s
  2841   626  178.50000   32   21  206.00000  137.50000  33.3%  42.1   25s
H 3236   683                     205.9998910  145.50000  29.4%  41.2   26s
  4258   826  172.50000   37   11  205.99989  162.50000  21.1%  40.9   30s
  5883  1108 infeasible   38       205.99989  162.50000  21.1%  39.6   39s
  5983  1125  203.50000   37    8  205.99989  162.50000  21.1%  39.5   40s
  7696  1493  199.50000   36   53  205.99989  164.50000  20.1%  39.0   46s
  9049  1774  164.50000   33   15  205.99989  164.50000  20.1%  38.8   50s
 11446  2189 infeasible   44       205.99989  164.50000  20.1%  36.7   55s
 13806  2559  164.50000   42   42  205.99989  164.50000  20.1%  35.5   61s
 15869  2952 infeasible   40       205.99989  164.50000  20.1%  35.1   66s
 16971  3356  169.50000   40   48  205.99989  164.50000  20.1%  34.8   71s
 18266  3670  203.50000   42    7  205.99989  164.50000  20.1%  34.7   75s
 20322  4133  191.50000   44    8  205.99989  164.50000  20.1%  34.4   81s
 21915  4416  164.50000   33   23  205.99989  164.50000  20.1%  34.4   86s
 23291  4583 infeasible   41       205.99989  164.50000  20.1%  34.3   90s
 25391  4938  199.50000   37   31  205.99989  164.50000  20.1%  34.2   95s
 26917  5145  203.50000   40    7  205.99989  164.50000  20.1%  34.2  101s
 28297  5295  164.50000   34   17  205.99989  164.50000  20.1%  34.0  105s
 30392  5519  191.50000   34   67  205.99989  164.50000  20.1%  34.0  110s
 32372  5769  182.50000   43   18  205.99989  164.50000  20.1%  34.0  116s
 33812  6013 infeasible   45       205.99989  164.50000  20.1%  33.9  120s
 35487  6320  203.50000   41   10  205.99989  164.50000  20.1%  34.0  125s
 36917  6436  164.50000   30   53  205.99989  164.50000  20.1%  34.2  130s
 38978  6775  164.50000   45   43  205.99989  164.50000  20.1%  34.4  137s
 40138  6939  185.50000   53   14  205.99989  164.50000  20.1%  34.4  141s
 41796  7270  182.50000   44   42  205.99989  164.50000  20.1%  34.4  145s
 43904  7622  182.50000   44   17  205.99989  164.50000  20.1%  34.5  150s
 46281  7936  203.50000   42   16  205.99989  164.50000  20.1%  34.3  155s
 47938  8119  195.50000   33   16  205.99989  164.50000  20.1%  34.4  160s
 50167  8385  202.50000   35   17  205.99989  164.50000  20.1%  34.6  166s
 51943  8564  173.50000   44   12  205.99989  164.50000  20.1%  34.7  171s
 52512  8632  203.50000   45   12  205.99989  164.50000  20.1%  34.7  175s
 54175  8700  164.50000   42   27  205.99989  164.50000  20.1%  34.6  180s
 56246  8871  164.50000   38   19  205.99989  164.50000  20.1%  34.6  185s
 57800  9042  185.50000   47   11  205.99989  164.50000  20.1%  34.5  191s
 58563  9045 infeasible   43       205.99989  164.50000  20.1%  34.5  195s
 59530  9140  182.50000   33   21  205.99989  164.50000  20.1%  34.9  200s
 61003  9217 infeasible   47       205.99989  164.50000  20.1%  34.8  205s
 62777  9391  179.50000   44    5  205.99989  164.50000  20.1%  34.9  211s
 64527  9632  164.50000   36   27  205.99989  164.50000  20.1%  34.8  215s
 66462  9850 infeasible   42       205.99989  164.50000  20.1%  34.8  220s
 67442 10027 infeasible   41       205.99989  164.50000  20.1%  34.9  226s
 68414 10092  182.50000   44   35  205.99989  164.50000  20.1%  34.8  230s
 70662 10287 infeasible   42       205.99989  164.50000  20.1%  34.7  235s
 72842 10489 infeasible   41       205.99989  164.50000  20.1%  34.7  240s
 74751 10688 infeasible   37       205.99989  164.50000  20.1%  34.8  245s
 76710 10941  164.50000   42   29  205.99989  164.50000  20.1%  34.8  250s
 77258 11007 infeasible   36       205.99989  164.50000  20.1%  34.8  255s
 79112 11159  202.50000   45   25  205.99989  164.50000  20.1%  34.8  260s
 81058 11319  178.50000   38    8  205.99989  164.50000  20.1%  34.7  265s
 82448 11380  164.50000   28   44  205.99989  164.50000  20.1%  34.7  270s
 84129 11577 infeasible   44       205.99989  164.50000  20.1%  34.6  275s
 86086 11695 infeasible   40       205.99989  164.50000  20.1%  34.6  280s
 87788 11788  165.50000   47   28  205.99989  164.50000  20.1%  34.5  285s
 89713 11962 infeasible   49       205.99989  164.50000  20.1%  34.5  290s
 90381 12018  165.50000   37   37  205.99989  164.50000  20.1%  34.5  295s
 92400 12221  164.50000   39   39  205.99989  164.50000  20.1%  34.4  300s

Cutting planes:
  Gomory: 11
  Cover: 9
  Implied bound: 15
  MIR: 152
  Flow cover: 137
  Zero half: 25

Explored 92859 nodes (3200025 simplex iterations) in 300.05 seconds
Thread count was 4 (of 4 available processors)

Solution count 6: 206 206 206 ... 703.5
Pool objective bound 164.5

Time limit reached
Best objective 2.059998910208e+02, best bound 1.645000000000e+02, gap 20.1456%

#######################################
TR: iteration 0 at stage 3
Added demands: [0, 1, 2, 3, 4, 5, 6, 7, 8, 9, 10, 11, 12, 13, 14, 15, 16, 17, 18, 19]
Fixed demands: []

Gurobi 7.0.2 (win64) logging started 03/16/17 20:45:42

Changed value of parameter LogFile to log-opt-5.log
   Prev: gurobi.log  Default: 
Changed value of parameter presolve to 2
   Prev: -1  Min: -1  Max: 2  Default: -1
Changed value of parameter mipgap to 0.001
   Prev: 0.0001  Min: 0.0  Max: 1e+100  Default: 0.0001
Parameter method unchanged
   Value: -1  Min: -1  Max: 4  Default: -1
Changed value of parameter timelimit to 300.0
   Prev: 1e+100  Min: 0.0  Max: 1e+100  Default: 1e+100
Changed value of parameter mipfocus to 1
   Prev: 0  Min: 0  Max: 3  Default: 0
Optimize a model with 16993 rows, 1874 columns and 76559 nonzeros
Variable types: 862 continuous, 1012 integer (1006 binary)
Coefficient statistics:
  Matrix range     [1e+00, 2e+04]
  Objective range  [1e+00, 1e+00]
  Bounds range     [1e+00, 1e+04]
  RHS range        [1e+00, 6e+04]
Presolve removed 9622 rows and 893 columns
Presolve time: 0.11s
Presolved: 7371 rows, 981 columns, 34519 nonzeros
Variable types: 461 continuous, 520 integer (520 binary)
Found heuristic solution: objective 1377.5000000
Found heuristic solution: objective 694.5000000
Found heuristic solution: objective 611.0000000
Presolve removed 0 rows and 20 columns
Presolved: 981 rows, 8332 columns, 35411 nonzeros

Presolve removed 981 rows and 8332 columns

Root relaxation: objective 9.900000e+01, 2602 iterations, 0.14 seconds

    Nodes    |    Current Node    |     Objective Bounds      |     Work
 Expl Unexpl |  Obj  Depth IntInf | Incumbent    BestBd   Gap | It/Node Time

     0     0   99.00000    0   25  611.00000   99.00000  83.8%     -    0s
H    0     0                     339.5000000   99.00000  70.8%     -    0s
H    0     0                     315.5000000   99.00000  68.6%     -    0s
H    0     0                     290.0000000   99.00000  65.9%     -    0s
H    0     0                     264.0000000   99.00000  62.5%     -    0s
     0     0   99.00000    0   54  264.00000   99.00000  62.5%     -    0s
     0     0   99.00000    0   52  264.00000   99.00000  62.5%     -    0s
     0     0   99.00000    0   57  264.00000   99.00000  62.5%     -    0s
     0     0   99.00000    0   53  264.00000   99.00000  62.5%     -    0s
     0     0   99.00000    0   59  264.00000   99.00000  62.5%     -    0s
H    0     0                     263.0000000   99.00000  62.4%     -    0s
     0     0   99.00000    0   56  263.00000   99.00000  62.4%     -    0s
     0     0   99.00000    0   60  263.00000   99.00000  62.4%     -    0s
     0     0   99.00000    0   62  263.00000   99.00000  62.4%     -    1s
     0     0   99.00000    0   28  263.00000   99.00000  62.4%     -    1s
H    0     0                     254.0000000   99.00000  61.0%     -    1s
     0     2   99.00000    0   28  254.00000   99.00000  61.0%     -    1s
H  414   225                     247.0000000   99.00000  59.9%   6.9    1s
H  458   246                     238.0000000   99.00000  58.4%   6.7    1s
H  564   309                     237.0000000   99.00000  58.2%   6.4    2s
H  730   397                     237.0000000   99.00000  58.2%   6.1    2s
H  849   484                     234.0000000   99.00000  57.7%   6.1    2s
H  868   478                     234.0000000   99.00000  57.7%   6.0    2s
H 1132   582                     233.0000000   99.00000  57.5%   5.8    3s
H 1474   722                     233.0000000   99.00000  57.5%   5.6    4s
  1584   763   99.00000   24   39  233.00000   99.00000  57.5%   5.6    5s
  2590  1053  174.50000   44   31  233.00000   99.00000  57.5%   9.8   10s
  4555  1231 infeasible   37       233.00000  132.50000  43.1%   9.6   15s
  9003  2658 infeasible   52       233.00000  132.50000  43.1%   9.6   20s
 13565  3920  178.50000   49   20  233.00000  133.50000  42.7%   9.7   25s
 18257  5175  172.50000   25   31  233.00000  137.50000  41.0%   9.7   30s
 23253  6854  176.50000   31   17  233.00000  137.50000  41.0%   9.5   35s
 28041  8500  172.50000   37   37  233.00000  137.50000  41.0%   9.5   40s
 32178  9850 infeasible   38       233.00000  137.50000  41.0%   9.4   45s
 36828 11426 infeasible   31       233.00000  137.50000  41.0%   9.4   50s
 41542 12934 infeasible   44       233.00000  137.50000  41.0%   9.4   55s
 46645 14657  172.50000   50   24  233.00000  137.50000  41.0%   9.3   60s
 51193 15714  170.50000   37   30  233.00000  141.50000  39.3%   9.3   65s
 56172 16710  203.50000   36   20  233.00000  142.50000  38.8%   9.2   70s
 60319 18150  206.50000   39   21  233.00000  145.50000  37.6%   9.2   75s
 64507 19529  206.50000   46   21  233.00000  145.50000  37.6%   9.3   80s
 68849 20876 infeasible   44       233.00000  145.50000  37.6%   9.3   85s
 72619 21994  171.50000   48   17  233.00000  145.50000  37.6%   9.4   90s
 76153 22972  145.50000   34   35  233.00000  145.50000  37.6%   9.5   95s
 80301 24270 infeasible   39       233.00000  145.50000  37.6%   9.5  100s
 84002 25319 infeasible   44       233.00000  145.50000  37.6%   9.5  105s
 88010 26469  170.50000   36   26  233.00000  145.50000  37.6%   9.6  110s
 92452 27800 infeasible   47       233.00000  145.50000  37.6%   9.7  115s
 96179 28899  145.50000   33   31  233.00000  145.50000  37.6%   9.7  120s
 100599 30164  201.50000   40   18  233.00000  145.50000  37.6%   9.7  125s
 104664 31321  206.50000   45   13  233.00000  145.50000  37.6%   9.6  130s
 108963 32346 infeasible   51       233.00000  145.50000  37.6%   9.6  135s
 113101 33431 infeasible   42       233.00000  145.50000  37.6%   9.6  140s
 117652 34852 infeasible   49       233.00000  145.50000  37.6%   9.6  145s
 122185 36167  201.50000   42   31  233.00000  145.50000  37.6%   9.5  150s
 126284 37357  171.50000   40   37  233.00000  145.50000  37.6%   9.5  155s
 130465 38478 infeasible   38       233.00000  145.50000  37.6%   9.5  160s
 135764 40202 infeasible   47       233.00000  145.50000  37.6%   9.4  165s
 140056 40994  164.50000   44   44  233.00000  145.50000  37.6%   9.4  170s
 145255 41911  186.50000   29   15  233.00000  145.50000  37.6%   9.4  175s
 149717 43030 infeasible   53       233.00000  145.50000  37.6%   9.3  180s
 154706 44276 infeasible   48       233.00000  145.50000  37.6%   9.3  185s
 158398 45007 infeasible   44       233.00000  145.50000  37.6%   9.3  190s
 163541 46148  145.50000   44   38  233.00000  145.50000  37.6%   9.3  195s
 167127 46695 infeasible   45       233.00000  146.50000  37.1%   9.3  200s
 171954 47754  194.50000   41   20  233.00000  146.50000  37.1%   9.3  205s
 176707 48154  203.50000   41   12  233.00000  146.50000  37.1%   9.2  210s
 179945 48755 infeasible   53       233.00000  146.50000  37.1%   9.2  215s
 184737 49523 infeasible   41       233.00000  146.50000  37.1%   9.2  220s
 188670 50296 infeasible   47       233.00000  148.50000  36.3%   9.3  225s
 192886 50814  165.50000   33   14  233.00000  149.50000  35.8%   9.3  230s
 197639 51851 infeasible   56       233.00000  150.50000  35.4%   9.3  235s
 201684 52515 infeasible   38       233.00000  150.50000  35.4%   9.3  240s
 205664 53264  175.50000   37   16  233.00000  150.50000  35.4%   9.3  245s
 209644 53144  206.50000   50   32  233.00000  153.50000  34.1%   9.2  250s
 214415 53936  202.50000   35   24  233.00000  154.50000  33.7%   9.2  255s
 217827 54778  179.50000   38   21  233.00000  157.50000  32.4%   9.3  260s
 222250 55667 infeasible   35       233.00000  157.50000  32.4%   9.3  265s
 225930 56477  172.50000   39   22  233.00000  157.50000  32.4%   9.3  270s
 229762 57376  164.50000   42   27  233.00000  157.50000  32.4%   9.3  275s
 233906 57999 infeasible   47       233.00000  157.50000  32.4%   9.3  280s
 238652 59075 infeasible   47       233.00000  157.50000  32.4%   9.3  285s
 243066 59637 infeasible   52       233.00000  161.50000  30.7%   9.3  290s
 247171 60238 infeasible   54       233.00000  161.50000  30.7%   9.3  295s
 251368 61113  162.50000   33   35  233.00000  162.50000  30.3%   9.3  300s

Cutting planes:
  Gomory: 17
  Cover: 9
  Implied bound: 4
  MIR: 124
  Flow cover: 124

Explored 251653 nodes (2332941 simplex iterations) in 300.04 seconds
Thread count was 4 (of 4 available processors)

Solution count 10: 233 233 234 ... 263
Pool objective bound 162.5

Time limit reached
Best objective 2.329999999766e+02, best bound 1.625000000000e+02, gap 30.2575%

Gurobi 7.0.2 (win64) logging started 03/16/17 20:50:42

Parameter LogFile unchanged
   Value: log-opt-5.log  Default: 
Parameter presolve unchanged
   Value: 2  Min: -1  Max: 2  Default: -1
Parameter mipgap unchanged
   Value: 0.001  Min: 0.0  Max: 1e+100  Default: 0.0001
Parameter method unchanged
   Value: -1  Min: -1  Max: 4  Default: -1
Parameter timelimit unchanged
   Value: 300.0  Min: 0.0  Max: 1e+100  Default: 1e+100
Parameter mipfocus unchanged
   Value: 1  Min: 0  Max: 3  Default: 0
Optimize a model with 16993 rows, 1874 columns and 76559 nonzeros
Variable types: 862 continuous, 1012 integer (1006 binary)
Coefficient statistics:
  Matrix range     [1e+00, 2e+04]
  Objective range  [1e+00, 1e+00]
  Bounds range     [1e+00, 1e+04]
  RHS range        [1e+00, 6e+04]
Presolved: 7371 rows, 981 columns, 34519 nonzeros

Continuing optimization...

 251653 61178  162.50000   34   28  233.00000  162.50000  30.3%   9.3  300s
 256027 61816 infeasible   32       233.00000  162.50000  30.3%   9.2  305s
 260423 62332 infeasible   47       233.00000  162.50000  30.3%   9.2  310s
 264146 62858 infeasible   41       233.00000  162.50000  30.3%   9.2  315s
 268411 63630  206.50000   37   31  233.00000  162.50000  30.3%   9.2  320s
 272570 64409  205.50000   48   13  233.00000  162.50000  30.3%   9.2  325s
 276801 64967  203.50000   44   26  233.00000  163.50000  29.8%   9.2  330s
 280625 65559  207.50000   44   10  233.00000  164.50000  29.4%   9.2  335s
 284920 66343  206.50000   42   19  233.00000  164.50000  29.4%   9.2  340s
 289187 66748  207.50000   43   27  233.00000  164.50000  29.4%   9.2  345s
 293520 67732  208.50000   48   25  233.00000  164.50000  29.4%   9.2  350s
 298283 68587  208.50000   46   16  233.00000  164.50000  29.4%   9.2  355s
 302547 69303  208.50000   44   16  233.00000  164.50000  29.4%   9.2  360s
 306329 69833  207.50000   41   18  233.00000  164.50000  29.4%   9.2  365s
 310510 70412  167.50000   46   20  233.00000  164.50000  29.4%   9.2  370s
 314649 70957  208.50000   41   21  233.00000  164.50000  29.4%   9.2  375s
 319338 71749 infeasible   44       233.00000  164.50000  29.4%   9.2  380s
 323467 72504  222.00000   59   18  233.00000  164.50000  29.4%   9.2  385s
 327901 73485  164.50000   40   34  233.00000  164.50000  29.4%   9.2  390s
 331860 74268  164.50000   38   28  233.00000  164.50000  29.4%   9.2  395s
 336462 75034 infeasible   44       233.00000  164.50000  29.4%   9.2  400s
 340790 75885 infeasible   51       233.00000  164.50000  29.4%   9.2  405s
 344740 76722  182.50000   38   26  233.00000  164.50000  29.4%   9.2  410s
 348969 77597  199.50000   44   24  233.00000  164.50000  29.4%   9.2  415s
 353705 78616  192.50000   45   16  233.00000  164.50000  29.4%   9.2  420s
 358177 79337  199.50000   47   12  233.00000  164.50000  29.4%   9.1  425s
 362790 79917 infeasible   45       233.00000  164.50000  29.4%   9.1  430s
 366886 80286 infeasible   51       233.00000  164.50000  29.4%   9.1  435s
 371094 81128  170.50000   46   18  233.00000  164.50000  29.4%   9.1  440s
 374976 81739  164.50000   39   27  233.00000  164.50000  29.4%   9.1  445s
 379056 82383  173.50000   36   33  233.00000  164.50000  29.4%   9.1  450s
 382350 82784  201.50000   42   19  233.00000  164.50000  29.4%   9.1  455s
 386487 83369 infeasible   37       233.00000  164.50000  29.4%   9.1  460s
*389391 83435              54     228.0000000  164.50000  27.9%   9.2  463s
H389405 83445                     228.0000000  164.50000  27.9%   9.2  464s
 389963 83465 infeasible   39       228.00000  164.50000  27.9%   9.2  465s
H393296 83357                     223.0000000  164.50000  26.2%   9.2  469s
 394096 83440  167.50000   40   22  223.00000  164.50000  26.2%   9.2  470s
H396582 83832                     223.0000000  164.50000  26.2%   9.2  472s
 398672 84040  164.50000   46   21  223.00000  164.50000  26.2%   9.2  475s
 402923 84354 infeasible   40       223.00000  164.50000  26.2%   9.2  480s
 407211 84618 infeasible   46       223.00000  164.50000  26.2%   9.1  485s
 411467 85055  202.50000   36   15  223.00000  164.50000  26.2%   9.1  490s
 416077 85876  180.50000   42   23  223.00000  164.50000  26.2%   9.1  495s
 419596 86412  217.00000   42   18  223.00000  164.50000  26.2%   9.1  500s
 423922 87114  195.50000   48   31  223.00000  164.50000  26.2%   9.1  505s
 428028 87611  199.50000   30   24  223.00000  164.50000  26.2%   9.1  510s
 432450 88622 infeasible   43       223.00000  164.50000  26.2%   9.1  515s
 436480 89464  204.50000   39   29  223.00000  164.50000  26.2%   9.1  520s
 440660 89534  165.50000   39   26  223.00000  165.50000  25.8%   9.1  525s
 444892 89687  207.50000   50   14  223.00000  165.50000  25.8%   9.1  530s
 448759 90078 infeasible   45       223.00000  165.50000  25.8%   9.1  535s
 453010 90454 infeasible   52       223.00000  165.50000  25.8%   9.1  540s
H457115 90710                     222.9998282  165.50000  25.8%   9.1  544s
 457457 90710  199.50000   37   26  222.99983  165.50000  25.8%   9.1  545s
 461046 90762  206.50000   36   23  222.99983  165.50000  25.8%   9.1  550s
 464014 90911  199.50000   45   17  222.99983  166.50000  25.3%   9.1  555s
 468155 91006 infeasible   39       222.99983  167.50000  24.9%   9.1  560s
 473497 91832  172.50000   36   31  222.99983  167.50000  24.9%   9.1  565s
 477762 92353  173.50000   33   32  222.99983  167.50000  24.9%   9.1  570s
 482426 92726 infeasible   34       222.99983  167.50000  24.9%   9.1  575s
 486674 92723  222.00000   48   14  222.99983  167.50000  24.9%   9.1  580s
 491019 92816 infeasible   37       222.99983  167.50000  24.9%   9.1  585s
 494832 93085  170.50000   47   29  222.99983  167.50000  24.9%   9.1  590s
 499150 93415  174.50000   42   19  222.99983  168.50000  24.4%   9.1  595s
 502183 93413 infeasible   39       222.99983  168.50000  24.4%   9.1  600s

Cutting planes:
  Gomory: 18
  Cover: 11
  Implied bound: 4
  MIR: 133
  Flow cover: 140

Explored 502492 nodes (4562436 simplex iterations) in 300.02 seconds
Thread count was 4 (of 4 available processors)

Solution count 10: 223 223 223 ... 237
Pool objective bound 168.5

Time limit reached
Best objective 2.229998282018e+02, best bound 1.685000000000e+02, gap 24.4394%

#######################################
GN: iteration 0 at stage 3
Added demands: [0, 1, 2, 3, 4, 5, 6, 7, 8, 9, 10, 11, 12, 13, 14, 15, 16, 17, 18, 19]
Fixed demands: []

Gurobi 7.0.2 (win64) logging started 03/16/17 20:55:42

Changed value of parameter LogFile to log-opt-5.log
   Prev: gurobi.log  Default: 
Changed value of parameter presolve to 2
   Prev: -1  Min: -1  Max: 2  Default: -1
Changed value of parameter mipgap to 0.001
   Prev: 0.0001  Min: 0.0  Max: 1e+100  Default: 0.0001
Parameter method unchanged
   Value: -1  Min: -1  Max: 4  Default: -1
Changed value of parameter timelimit to 300.0
   Prev: 1e+100  Min: 0.0  Max: 1e+100  Default: 1e+100
Changed value of parameter mipfocus to 1
   Prev: 0  Min: 0  Max: 3  Default: 0
Optimize a model with 44491 rows, 11252 columns and 144737 nonzeros
Variable types: 3040 continuous, 8212 integer (8206 binary)
Coefficient statistics:
  Matrix range     [6e-01, 2e+04]
  Objective range  [1e+00, 1e+00]
  Bounds range     [1e+00, 1e+04]
  RHS range        [1e+00, 6e+04]
Presolve removed 26556 rows and 6518 columns
Presolve time: 1.35s
Presolved: 17935 rows, 4734 columns, 65960 nonzeros
Variable types: 1146 continuous, 3588 integer (3588 binary)
Found heuristic solution: objective 1228.5000000
Found heuristic solution: objective 795.0000000
Found heuristic solution: objective 792.0000000
Presolve removed 674 rows and 320 columns
Presolved: 17261 rows, 4414 columns, 64215 nonzeros


Root relaxation: objective 9.900000e+01, 438 iterations, 0.16 seconds

    Nodes    |    Current Node    |     Objective Bounds      |     Work
 Expl Unexpl |  Obj  Depth IntInf | Incumbent    BestBd   Gap | It/Node Time

     0     0   99.00000    0   17  792.00000   99.00000  87.5%     -    2s
H    0     0                     287.5000000   99.00000  65.6%     -    2s
     0     0   99.00000    0  117  287.50000   99.00000  65.6%     -    3s
H    0     0                     275.0000000   99.00000  64.0%     -    3s
H    0     0                     271.0000000   99.00000  63.5%     -    4s
     0     0   99.00000    0  111  271.00000   99.00000  63.5%     -    4s
     0     0   99.00000    0  116  271.00000   99.00000  63.5%     -    4s
     0     0   99.00000    0  110  271.00000   99.00000  63.5%     -    4s
     0     0   99.00000    0  107  271.00000   99.00000  63.5%     -    5s
     0     0   99.00000    0  100  271.00000   99.00000  63.5%     -    5s
     0     0   99.00000    0   91  271.00000   99.00000  63.5%     -    5s
     0     0   99.00000    0   96  271.00000   99.00000  63.5%     -    5s
     0     0   99.00000    0   30  271.00000   99.00000  63.5%     -    6s
H    0     2                     261.0000000   99.00000  62.1%     -    7s
     0     2   99.00000    0   24  261.00000   99.00000  62.1%     -    7s
H    8    10                     260.0000000   99.00000  61.9%   204    7s
H   34    31                     241.0000000   99.00000  58.9%  68.1    7s
   138   130  129.50000   28  255  241.00000   99.00000  58.9%   464   50s
   198   164  129.50000   29  235  241.00000   99.00000  58.9%   327   97s
   363   271  129.50000   32   96  241.00000   99.00000  58.9%   361  144s
H  365   271                     241.0000000   99.00000  58.9%   359  144s
   425   306  129.50000   37  264  241.00000   99.00000  58.9%   454  158s
   693   454  129.50000   41  288  241.00000   99.00000  58.9%   404  204s
  1070   664   99.00000   28   30  241.00000   99.00000  58.9%   273  205s
  1081   671  129.50000   11  163  241.00000   99.00000  58.9%   270  210s
  1097   687  142.50000   14  956  241.00000   99.00000  58.9%   348  272s
  1105   688  145.50000   16  124  241.00000   99.00000  58.9%   346  300s

Cutting planes:
  Gomory: 7
  Implied bound: 11
  MIR: 28
  Flow cover: 40
  Zero half: 23

Explored 1110 nodes (387803 simplex iterations) in 300.02 seconds
Thread count was 4 (of 4 available processors)

Solution count 10: 241 241 260 ... 1228.5
Pool objective bound 99

Time limit reached
Best objective 2.409999999758e+02, best bound 9.900000000000e+01, gap 58.9212%

Gurobi 7.0.2 (win64) logging started 03/16/17 21:00:42

Parameter LogFile unchanged
   Value: log-opt-5.log  Default: 
Parameter presolve unchanged
   Value: 2  Min: -1  Max: 2  Default: -1
Parameter mipgap unchanged
   Value: 0.001  Min: 0.0  Max: 1e+100  Default: 0.0001
Parameter method unchanged
   Value: -1  Min: -1  Max: 4  Default: -1
Parameter timelimit unchanged
   Value: 300.0  Min: 0.0  Max: 1e+100  Default: 1e+100
Parameter mipfocus unchanged
   Value: 1  Min: 0  Max: 3  Default: 0
Optimize a model with 44491 rows, 11252 columns and 144737 nonzeros
Variable types: 3040 continuous, 8212 integer (8206 binary)
Coefficient statistics:
  Matrix range     [6e-01, 2e+04]
  Objective range  [1e+00, 1e+00]
  Bounds range     [1e+00, 1e+04]
  RHS range        [1e+00, 6e+04]
Presolved: 17935 rows, 4734 columns, 65960 nonzeros

Continuing optimization...

  1110   691  142.50000   16   76  241.00000   99.00000  58.9%   345  300s
H 1125   663                     238.0000000   99.00000  58.4%   341  300s
H 1138   636                     238.0000000   99.00000  58.4%   337  300s
H 1139   606                     236.0000000   99.00000  58.1%   337  300s
H 1168   591                     223.0000000   99.00000  55.6%   330  302s
H 1177   559                     223.0000000   99.00000  55.6%   328  304s
  1182   557  172.50000   27   67  223.00000   99.00000  55.6%   327  306s
  1230   578  172.50000   40   53  223.00000  137.50000  38.3%   316  310s
  1294   581  137.50000   16  107  223.00000  137.50000  38.3%   302  315s
  1446   604  182.50000   33   63  223.00000  137.50000  38.3%   273  327s
  1596   607  203.50000   27   77  223.00000  137.50000  38.3%   284  342s
  1773   594  192.50000   33   72  223.00000  137.50000  38.3%   266  353s
  1907   598 infeasible   33       223.00000  137.50000  38.3%   251  355s
  1961   585  192.50000   41   54  223.00000  137.50000  38.3%   250  365s
  2098   574 infeasible   41       223.00000  137.50000  38.3%   244  372s
  2246   561  137.50000   27  125  223.00000  137.50000  38.3%   238  377s
  2410   587 infeasible   22       223.00000  137.50000  38.3%   236  382s
  2544   581  177.50000   24   92  223.00000  137.50000  38.3%   227  396s
  2957   733 infeasible   52       223.00000  137.50000  38.3%   233  409s
  3147   809 infeasible   45       223.00000  137.50000  38.3%   245  415s
  3325   873 infeasible   47       223.00000  137.50000  38.3%   248  426s
  3599   965  137.50000   34   87  223.00000  137.50000  38.3%   235  433s
  3916  1046 infeasible   48       223.00000  137.50000  38.3%   233  477s
  4174  1117  159.50000   21  257  223.00000  137.50000  38.3%   278  488s
  4258  1147  159.50000   22  248  223.00000  137.50000  38.3%   282  501s
  4286  1161  159.50000   23  234  223.00000  137.50000  38.3%   283  514s
  4400  1178 infeasible   26       223.00000  137.50000  38.3%   290  524s
  4655  1255  187.50000   27  709  223.00000  137.50000  38.3%   297  541s
  4954  1355 infeasible   28       223.00000  137.50000  38.3%   290  555s
  5530  1559 infeasible   29       223.00000  137.50000  38.3%   273  566s
  5896  1719  187.50000   29  374  223.00000  137.50000  38.3%   270  576s
  6246  1863 infeasible   33       223.00000  137.50000  38.3%   267  600s

Cutting planes:
  Gomory: 9
  Cover: 4
  Implied bound: 12
  MIR: 120
  Flow cover: 125
  Zero half: 30

Explored 7224 nodes (1756382 simplex iterations) in 300.09 seconds
Thread count was 4 (of 4 available processors)

Solution count 10: 223 223 236 ... 271
Pool objective bound 137.5

Time limit reached
Best objective 2.229999999776e+02, best bound 1.375000000000e+02, gap 38.3408%
