
#######################################
TR: iteration 0 at stage 0
Added demands: [0, 1, 2, 3, 4]
Fixed demands: []

Gurobi 7.0.2 (win64) logging started 03/17/17 04:08:28

Changed value of parameter LogFile to log-opt-19.log
   Prev: gurobi.log  Default: 
Changed value of parameter presolve to 2
   Prev: -1  Min: -1  Max: 2  Default: -1
Changed value of parameter mipgap to 0.001
   Prev: 0.0001  Min: 0.0  Max: 1e+100  Default: 0.0001
Parameter method unchanged
   Value: -1  Min: -1  Max: 4  Default: -1
Changed value of parameter timelimit to 300.0
   Prev: 1e+100  Min: 0.0  Max: 1e+100  Default: 1e+100
Changed value of parameter mipfocus to 1
   Prev: 0  Min: 0  Max: 3  Default: 0
Optimize a model with 1483 rows, 404 columns and 5504 nonzeros
Variable types: 217 continuous, 187 integer (181 binary)
Coefficient statistics:
  Matrix range     [1e+00, 2e+04]
  Objective range  [1e+00, 1e+00]
  Bounds range     [1e+00, 1e+04]
  RHS range        [1e+00, 6e+04]
Found heuristic solution: objective 159.5
Presolve removed 924 rows and 218 columns
Presolve time: 0.02s
Presolved: 559 rows, 186 columns, 2248 nonzeros
Variable types: 104 continuous, 82 integer (82 binary)
Presolve removed 13 rows and 0 columns
Presolved: 546 rows, 194 columns, 2193 nonzeros


Root relaxation: objective 9.400000e+01, 32 iterations, 0.02 seconds

    Nodes    |    Current Node    |     Objective Bounds      |     Work
 Expl Unexpl |  Obj  Depth IntInf | Incumbent    BestBd   Gap | It/Node Time

     0     0   94.00000    0    1  159.50000   94.00000  41.1%     -    0s
H    0     0                     141.5000000   94.00000  33.6%     -    0s
     0     0   94.00000    0    3  141.50000   94.00000  33.6%     -    0s
     0     0   94.00000    0    6  141.50000   94.00000  33.6%     -    0s
     0     0   94.00000    0    6  141.50000   94.00000  33.6%     -    0s
     0     0   94.00000    0    6  141.50000   94.00000  33.6%     -    0s
     0     0   94.00000    0    1  141.50000   94.00000  33.6%     -    0s
     0     2   94.00000    0    1  141.50000   94.00000  33.6%     -    0s

Cutting planes:
  MIR: 3
  StrongCG: 2
  Flow cover: 1

Explored 165 nodes (1062 simplex iterations) in 0.13 seconds
Thread count was 4 (of 4 available processors)

Solution count 2: 141.5 159.5 
Pool objective bound 141.5

Optimal solution found (tolerance 1.00e-03)
Best objective 1.415000000000e+02, best bound 1.415000000000e+02, gap 0.0000%

#######################################
GN: iteration 0 at stage 0
Added demands: [0, 1, 2, 3, 4]
Fixed demands: []

Gurobi 7.0.2 (win64) logging started 03/17/17 04:08:28

Changed value of parameter LogFile to log-opt-19.log
   Prev: gurobi.log  Default: 
Changed value of parameter presolve to 2
   Prev: -1  Min: -1  Max: 2  Default: -1
Changed value of parameter mipgap to 0.001
   Prev: 0.0001  Min: 0.0  Max: 1e+100  Default: 0.0001
Parameter method unchanged
   Value: -1  Min: -1  Max: 4  Default: -1
Changed value of parameter timelimit to 300.0
   Prev: 1e+100  Min: 0.0  Max: 1e+100  Default: 1e+100
Changed value of parameter mipfocus to 1
   Prev: 0  Min: 0  Max: 3  Default: 0
Optimize a model with 4321 rows, 1412 columns and 11762 nonzeros
Variable types: 775 continuous, 637 integer (631 binary)
Coefficient statistics:
  Matrix range     [6e-01, 2e+04]
  Objective range  [1e+00, 1e+00]
  Bounds range     [1e+00, 1e+04]
  RHS range        [1e+00, 6e+04]
Found heuristic solution: objective 141.5
Presolve removed 3048 rows and 944 columns
Presolve time: 0.03s
Presolved: 1273 rows, 468 columns, 4370 nonzeros
Variable types: 246 continuous, 222 integer (222 binary)
Presolve removed 133 rows and 58 columns
Presolved: 1140 rows, 410 columns, 4001 nonzeros


Root relaxation: objective 9.400000e+01, 61 iterations, 0.00 seconds

    Nodes    |    Current Node    |     Objective Bounds      |     Work
 Expl Unexpl |  Obj  Depth IntInf | Incumbent    BestBd   Gap | It/Node Time

     0     0   94.00000    0    1  141.50000   94.00000  33.6%     -    0s
     0     0   94.00000    0    6  141.50000   94.00000  33.6%     -    0s
     0     0   94.00000    0   12  141.50000   94.00000  33.6%     -    0s
     0     0   94.00000    0    5  141.50000   94.00000  33.6%     -    0s
     0     0   94.00000    0   13  141.50000   94.00000  33.6%     -    0s
     0     0   94.00000    0   12  141.50000   94.00000  33.6%     -    0s
     0     0   94.00000    0    1  141.50000   94.00000  33.6%     -    0s
     0     2   94.00000    0    1  141.50000   94.00000  33.6%     -    0s

Cutting planes:
  Implied bound: 1
  MIR: 3
  Flow cover: 3

Explored 6 nodes (683 simplex iterations) in 0.20 seconds
Thread count was 4 (of 4 available processors)

Solution count 1: 141.5 
Pool objective bound 141.5

Optimal solution found (tolerance 1.00e-03)
Best objective 1.415000000000e+02, best bound 1.415000000000e+02, gap 0.0000%

#######################################
TR: iteration 0 at stage 1
Added demands: [0, 1, 2, 3, 4, 5, 6, 7, 8, 9]
Fixed demands: []

Gurobi 7.0.2 (win64) logging started 03/17/17 04:08:30

Changed value of parameter LogFile to log-opt-19.log
   Prev: gurobi.log  Default: 
Changed value of parameter presolve to 2
   Prev: -1  Min: -1  Max: 2  Default: -1
Changed value of parameter mipgap to 0.001
   Prev: 0.0001  Min: 0.0  Max: 1e+100  Default: 0.0001
Parameter method unchanged
   Value: -1  Min: -1  Max: 4  Default: -1
Changed value of parameter timelimit to 300.0
   Prev: 1e+100  Min: 0.0  Max: 1e+100  Default: 1e+100
Changed value of parameter mipfocus to 1
   Prev: 0  Min: 0  Max: 3  Default: 0
Optimize a model with 4803 rows, 844 columns and 20089 nonzeros
Variable types: 432 continuous, 412 integer (406 binary)
Coefficient statistics:
  Matrix range     [1e+00, 2e+04]
  Objective range  [1e+00, 1e+00]
  Bounds range     [1e+00, 1e+04]
  RHS range        [1e+00, 6e+04]
Found heuristic solution: objective 361
Presolve removed 2769 rows and 408 columns
Presolve time: 0.03s
Presolved: 2034 rows, 436 columns, 8994 nonzeros
Variable types: 229 continuous, 207 integer (207 binary)
Presolve removed 18 rows and 0 columns
Presolved: 2016 rows, 444 columns, 8919 nonzeros


Root relaxation: objective 9.900000e+01, 72 iterations, 0.02 seconds

    Nodes    |    Current Node    |     Objective Bounds      |     Work
 Expl Unexpl |  Obj  Depth IntInf | Incumbent    BestBd   Gap | It/Node Time

     0     0   99.00000    0    6  361.00000   99.00000  72.6%     -    0s
H    0     0                     252.0000000   99.00000  60.7%     -    0s
H    0     0                     214.0000000   99.00000  53.7%     -    0s
H    0     0                     182.5000000   99.00000  45.8%     -    0s
     0     0   99.00000    0   19  182.50000   99.00000  45.8%     -    0s
H    0     0                     172.5000000   99.00000  42.6%     -    0s
     0     0   99.00000    0   17  172.50000   99.00000  42.6%     -    0s
     0     0   99.00000    0   30  172.50000   99.00000  42.6%     -    0s
     0     0   99.00000    0   27  172.50000   99.00000  42.6%     -    0s
H    0     0                     168.5000000   99.00000  41.2%     -    0s
     0     0   99.00000    0   33  168.50000   99.00000  41.2%     -    0s
     0     0   99.00000    0   35  168.50000   99.00000  41.2%     -    0s
     0     0   99.00000    0   35  168.50000   99.00000  41.2%     -    0s
     0     0   99.00000    0    7  168.50000   99.00000  41.2%     -    0s
     0     2   99.00000    0    5  168.50000   99.00000  41.2%     -    0s
H 1375   234                     168.5000000   99.00000  41.2%   4.2    0s
H 1459   227                     160.5000000   99.00000  38.3%   4.1    0s
H 2419   316                     160.4999993   99.00000  38.3%   3.9    1s
H 2521   340                     160.4999524   99.00000  38.3%   3.9    1s
  3469   506 infeasible   25       160.49995   99.00000  38.3%   4.0    5s

Cutting planes:
  Learned: 5
  Gomory: 4
  MIR: 14
  Flow cover: 30
  Zero half: 1

Explored 4731 nodes (24880 simplex iterations) in 7.70 seconds
Thread count was 4 (of 4 available processors)

Solution count 10: 160.5 160.5 160.5 ... 361
Pool objective bound 160.5

Optimal solution found (tolerance 1.00e-03)
Best objective 1.604999523894e+02, best bound 1.604999523894e+02, gap 0.0000%

Gurobi 7.0.2 (win64) logging started 03/17/17 04:08:37

Parameter LogFile unchanged
   Value: log-opt-19.log  Default: 
Parameter presolve unchanged
   Value: 2  Min: -1  Max: 2  Default: -1
Parameter mipgap unchanged
   Value: 0.001  Min: 0.0  Max: 1e+100  Default: 0.0001
Parameter method unchanged
   Value: -1  Min: -1  Max: 4  Default: -1
Parameter timelimit unchanged
   Value: 300.0  Min: 0.0  Max: 1e+100  Default: 1e+100
Parameter mipfocus unchanged
   Value: 1  Min: 0  Max: 3  Default: 0
Optimize a model with 4803 rows, 844 columns and 20089 nonzeros
Variable types: 432 continuous, 412 integer (406 binary)
Coefficient statistics:
  Matrix range     [1e+00, 2e+04]
  Objective range  [1e+00, 1e+00]
  Bounds range     [1e+00, 1e+04]
  RHS range        [1e+00, 6e+04]
Presolved: 2034 rows, 436 columns, 8994 nonzeros

Continuing optimization...


Cutting planes:
  Learned: 5
  Gomory: 4
  MIR: 14
  Flow cover: 30
  Zero half: 1

Explored 4731 nodes (24880 simplex iterations) in 0.02 seconds
Thread count was 4 (of 4 available processors)

Solution count 10: 160.5 160.5 160.5 ... 361
Pool objective bound 160.5

Optimal solution found (tolerance 1.00e-03)
Best objective 1.604999523894e+02, best bound 1.604999523894e+02, gap 0.0000%

#######################################
GN: iteration 0 at stage 1
Added demands: [0, 1, 2, 3, 4, 5, 6, 7, 8, 9]
Fixed demands: []

Gurobi 7.0.2 (win64) logging started 03/17/17 04:08:37

Changed value of parameter LogFile to log-opt-19.log
   Prev: gurobi.log  Default: 
Changed value of parameter presolve to 2
   Prev: -1  Min: -1  Max: 2  Default: -1
Changed value of parameter mipgap to 0.001
   Prev: 0.0001  Min: 0.0  Max: 1e+100  Default: 0.0001
Parameter method unchanged
   Value: -1  Min: -1  Max: 4  Default: -1
Changed value of parameter timelimit to 300.0
   Prev: 1e+100  Min: 0.0  Max: 1e+100  Default: 1e+100
Changed value of parameter mipfocus to 1
   Prev: 0  Min: 0  Max: 3  Default: 0
Optimize a model with 13161 rows, 3742 columns and 39787 nonzeros
Variable types: 1530 continuous, 2212 integer (2206 binary)
Coefficient statistics:
  Matrix range     [6e-01, 2e+04]
  Objective range  [1e+00, 1e+00]
  Bounds range     [1e+00, 1e+04]
  RHS range        [1e+00, 6e+04]
Presolve removed 8325 rows and 2256 columns
Presolve time: 0.20s
Presolved: 4836 rows, 1486 columns, 17260 nonzeros
Variable types: 569 continuous, 917 integer (917 binary)
Presolve removed 326 rows and 156 columns
Presolved: 4510 rows, 1330 columns, 16421 nonzeros


Root relaxation: objective 9.900000e+01, 172 iterations, 0.03 seconds

    Nodes    |    Current Node    |     Objective Bounds      |     Work
 Expl Unexpl |  Obj  Depth IntInf | Incumbent    BestBd   Gap | It/Node Time

     0     0   99.00000    0    9          -   99.00000      -     -    0s
H    0     0                     172.5000000   99.00000  42.6%     -    0s
     0     0   99.00000    0   45  172.50000   99.00000  42.6%     -    0s
     0     0   99.00000    0   45  172.50000   99.00000  42.6%     -    0s
     0     0   99.00000    0   48  172.50000   99.00000  42.6%     -    0s
     0     0   99.00000    0   39  172.50000   99.00000  42.6%     -    0s
     0     0   99.00000    0   41  172.50000   99.00000  42.6%     -    0s
     0     0   99.00000    0   43  172.50000   99.00000  42.6%     -    0s
     0     0   99.00000    0   44  172.50000   99.00000  42.6%     -    0s
     0     0   99.00000    0   31  172.50000   99.00000  42.6%     -    0s
H    0     0                     168.5000000   99.00000  41.2%     -    0s
     0     2   99.00000    0   31  168.50000   99.00000  41.2%     -    0s
H 1322   183                     160.5000000   99.00000  38.3%  18.7    2s
H 1521   182                     160.4999993   99.00000  38.3%  18.2    2s
  2019   250  158.50000   28    8  160.50000   99.00000  38.3%  16.3    7s
  2265   273   99.00000   17   43  160.50000   99.00000  38.3%  15.7   10s
H 2822   356                     160.4999385   99.00000  38.3%  14.5   14s
  3017   374   99.00000   18    6  160.49994   99.00000  38.3%  14.3   15s
  4135   429   99.00000   10   54  160.49994   99.00000  38.3%  13.3   20s
  5410   573   99.00000   23   57  160.49994   99.00000  38.3%  14.4   25s

Cutting planes:
  Gomory: 7
  Implied bound: 28
  MIR: 65
  Flow cover: 70
  Zero half: 5

Explored 6515 nodes (117389 simplex iterations) in 27.56 seconds
Thread count was 4 (of 4 available processors)

Solution count 6: 160.5 160.5 160.5 ... 172.5
Pool objective bound 160.5

Optimal solution found (tolerance 1.00e-03)
Best objective 1.604999385163e+02, best bound 1.604999385163e+02, gap 0.0000%

Gurobi 7.0.2 (win64) logging started 03/17/17 04:09:05

Parameter LogFile unchanged
   Value: log-opt-19.log  Default: 
Parameter presolve unchanged
   Value: 2  Min: -1  Max: 2  Default: -1
Parameter mipgap unchanged
   Value: 0.001  Min: 0.0  Max: 1e+100  Default: 0.0001
Parameter method unchanged
   Value: -1  Min: -1  Max: 4  Default: -1
Parameter timelimit unchanged
   Value: 300.0  Min: 0.0  Max: 1e+100  Default: 1e+100
Parameter mipfocus unchanged
   Value: 1  Min: 0  Max: 3  Default: 0
Optimize a model with 13161 rows, 3742 columns and 39787 nonzeros
Variable types: 1530 continuous, 2212 integer (2206 binary)
Coefficient statistics:
  Matrix range     [6e-01, 2e+04]
  Objective range  [1e+00, 1e+00]
  Bounds range     [1e+00, 1e+04]
  RHS range        [1e+00, 6e+04]
Presolved: 4836 rows, 1486 columns, 17260 nonzeros

Continuing optimization...


Cutting planes:
  Gomory: 7
  Implied bound: 28
  MIR: 65
  Flow cover: 70
  Zero half: 5

Explored 6515 nodes (117389 simplex iterations) in 0.03 seconds
Thread count was 4 (of 4 available processors)

Solution count 6: 160.5 160.5 160.5 ... 172.5
Pool objective bound 160.5

Optimal solution found (tolerance 1.00e-03)
Best objective 1.604999385163e+02, best bound 1.604999385163e+02, gap 0.0000%

#######################################
TR: iteration 0 at stage 2
Added demands: [0, 1, 2, 3, 4, 5, 6, 7, 8, 9, 10, 11, 12, 13, 14]
Fixed demands: []

Gurobi 7.0.2 (win64) logging started 03/17/17 04:09:08

Changed value of parameter LogFile to log-opt-19.log
   Prev: gurobi.log  Default: 
Changed value of parameter presolve to 2
   Prev: -1  Min: -1  Max: 2  Default: -1
Changed value of parameter mipgap to 0.001
   Prev: 0.0001  Min: 0.0  Max: 1e+100  Default: 0.0001
Parameter method unchanged
   Value: -1  Min: -1  Max: 4  Default: -1
Changed value of parameter timelimit to 300.0
   Prev: 1e+100  Min: 0.0  Max: 1e+100  Default: 1e+100
Changed value of parameter mipfocus to 1
   Prev: 0  Min: 0  Max: 3  Default: 0
Optimize a model with 9973 rows, 1334 columns and 43774 nonzeros
Variable types: 647 continuous, 687 integer (681 binary)
Coefficient statistics:
  Matrix range     [1e+00, 2e+04]
  Objective range  [1e+00, 1e+00]
  Bounds range     [1e+00, 1e+04]
  RHS range        [1e+00, 6e+04]
Presolve removed 5751 rows and 645 columns
Presolve time: 0.06s
Presolved: 4222 rows, 689 columns, 19368 nonzeros
Variable types: 341 continuous, 348 integer (348 binary)
Found heuristic solution: objective 645.0000000
Found heuristic solution: objective 586.0000000
Found heuristic solution: objective 524.5000000
Presolve removed 0 rows and 15 columns
Presolved: 689 rows, 4896 columns, 19988 nonzeros

Presolve removed 689 rows and 4896 columns

Root relaxation: objective 9.900000e+01, 1772 iterations, 0.08 seconds

    Nodes    |    Current Node    |     Objective Bounds      |     Work
 Expl Unexpl |  Obj  Depth IntInf | Incumbent    BestBd   Gap | It/Node Time

     0     0   99.00000    0   20  524.50000   99.00000  81.1%     -    0s
H    0     0                     354.5000000   99.00000  72.1%     -    0s
H    0     0                     318.5000000   99.00000  68.9%     -    0s
H    0     0                     263.0000000   99.00000  62.4%     -    0s
H    0     0                     258.0000000   99.00000  61.6%     -    0s
H    0     0                     249.0000000   99.00000  60.2%     -    0s
     0     0   99.00000    0   55  249.00000   99.00000  60.2%     -    0s
H    0     0                     248.0000000   99.00000  60.1%     -    0s
H    0     0                     243.0000000   99.00000  59.3%     -    0s
     0     0   99.00000    0   52  243.00000   99.00000  59.3%     -    0s
     0     0   99.00000    0   51  243.00000   99.00000  59.3%     -    0s
     0     0   99.00000    0   52  243.00000   99.00000  59.3%     -    0s
     0     0   99.00000    0   54  243.00000   99.00000  59.3%     -    0s
     0     0   99.00000    0   52  243.00000   99.00000  59.3%     -    0s
H    0     0                     240.0000000   99.00000  58.7%     -    0s
     0     0   99.00000    0   62  240.00000   99.00000  58.7%     -    0s
     0     0   99.00000    0   58  240.00000   99.00000  58.7%     -    0s
     0     0   99.00000    0   23  240.00000   99.00000  58.7%     -    0s
     0     2   99.00000    0   18  240.00000   99.00000  58.7%     -    0s
H  291   174                     239.0000000   99.00000  58.6%   6.5    1s
H  631   258                     237.0000000   99.00000  58.2%   5.7    1s
H 2500   736                     237.0000000   99.00000  58.2%   8.5    4s
  2575   727 infeasible   43       237.00000   99.00000  58.2%   8.8    5s
  5669  1887 infeasible   48       237.00000   99.00000  58.2%  10.4   10s
  9059  3449  172.50000   31   40  237.00000   99.00000  58.2%  10.6   15s
H 9204  3512                     236.9998620   99.00000  58.2%  10.6   15s
H 9480  3598                     234.0000000   99.00000  57.7%  10.6   16s
H10171  3923                     234.0000000   99.00000  57.7%  10.6   16s
 11217  4361  205.50000   41   18  234.00000   99.00000  57.7%  10.5   20s
 13820  5592  173.50000   29   32  234.00000   99.00000  57.7%  10.5   25s
 17610  7315  182.50000   39   29  234.00000   99.00000  57.7%  10.5   30s
 21299  8964 infeasible   48       234.00000   99.00000  57.7%  10.7   35s
 24626 10528  168.50000   42   18  234.00000   99.00000  57.7%  10.7   40s
 28826 12495 infeasible   47       234.00000   99.00000  57.7%  10.6   45s
 32637 14149 infeasible   47       234.00000   99.00000  57.7%  10.6   50s
 35696 15446  172.50000   34   36  234.00000   99.00000  57.7%  10.6   55s
 39731 17178  152.50000   41   27  234.00000   99.00000  57.7%  10.6   60s
 43759 19068  201.50000   36   35  234.00000   99.00000  57.7%  10.6   65s
 47847 20962   99.00000   29   50  234.00000   99.00000  57.7%  10.5   70s
 51261 22429  158.50000   42   27  234.00000   99.00000  57.7%  10.5   75s
 55177 24070  196.50000   42   26  234.00000   99.00000  57.7%  10.5   80s
 59582 26109  144.50000   28   40  234.00000   99.00000  57.7%  10.4   85s
 63027 27605  178.50000   35   43  234.00000   99.00000  57.7%  10.4   90s
 67416 29594  172.50000   42   33  234.00000   99.00000  57.7%  10.5   95s
 70927 30980 infeasible   38       234.00000   99.00000  57.7%  10.4  100s
 75299 32848  178.50000   31   44  234.00000  114.50000  51.1%  10.4  105s
 81611 35369 infeasible   35       234.00000  118.50000  49.4%  10.3  110s
 87839 37821  163.50000   35   29  234.00000  122.50000  47.6%  10.3  115s
 94250 40142 infeasible   46       234.00000  125.50000  46.4%  10.2  120s
 100083 42264  162.50000   29   18  234.00000  130.50000  44.2%  10.1  125s
 107079 44649  187.50000   44   18  234.00000  130.50000  44.2%  10.1  130s
 112752 46490  195.50000   43   27  234.00000  130.50000  44.2%  10.1  135s
 117002 47592  197.50000   36   13  234.00000  130.50000  44.2%  10.3  140s
 122155 48113  205.50000   56    9  234.00000  130.50000  44.2%  10.6  145s
 127040 48685  175.50000   58   28  234.00000  130.50000  44.2%  10.8  150s
 132329 49241  130.50000   44   67  234.00000  130.50000  44.2%  11.0  155s
 136875 49836  188.50000   49   25  234.00000  130.50000  44.2%  11.1  160s
 142551 50235  182.50000   55   11  234.00000  130.50000  44.2%  11.2  165s
 148508 50479  191.50000   48   34  234.00000  130.50000  44.2%  11.1  170s
 153767 50462  175.50000   51   39  234.00000  130.50000  44.2%  11.1  175s
 159399 50766  195.50000   54   18  234.00000  130.50000  44.2%  11.1  180s
 164943 50782  202.50000   46   30  234.00000  130.50000  44.2%  11.0  185s
 171049 50389 infeasible   60       234.00000  130.50000  44.2%  11.0  190s
 177235 49989 infeasible   55       234.00000  132.50000  43.4%  10.9  195s
 182987 49726  186.50000   53   34  234.00000  132.50000  43.4%  10.8  200s
 189497 49279  188.50000   61   18  234.00000  135.50000  42.1%  10.8  205s
 193904 49114  182.50000   50   33  234.00000  138.50000  40.8%  10.8  210s
 198252 48991  163.50000   45   37  234.00000  138.50000  40.8%  10.8  215s
 203011 48775  146.50000   43   38  234.00000  138.50000  40.8%  10.8  220s
 208295 48399  197.50000   52   22  234.00000  138.50000  40.8%  10.7  225s
 214284 47855 infeasible   62       234.00000  140.50000  40.0%  10.7  230s
 219405 47776  197.50000   53   14  234.00000  140.50000  40.0%  10.6  235s
 224491 47531  175.50000   49   16  234.00000  140.50000  40.0%  10.6  240s
 229470 47565  173.50000   44   23  234.00000  140.50000  40.0%  10.6  261s
 231025 47896  163.50000   47   47  234.00000  140.50000  40.0%  10.7  265s
 234934 48509  178.50000   48   35  234.00000  140.50000  40.0%  10.8  270s
 239418 48985  158.50000   47   31  234.00000  140.50000  40.0%  10.9  275s
 243346 49626  185.50000   58   38  234.00000  140.50000  40.0%  11.0  280s
 246874 50185  188.50000   65   27  234.00000  140.50000  40.0%  11.1  285s
 250934 50569  140.50000   43   63  234.00000  140.50000  40.0%  11.2  290s
 255564 51089  172.50000   69   16  234.00000  140.50000  40.0%  11.2  295s
 260373 51444  205.50000   76   11  234.00000  140.50000  40.0%  11.2  300s

Cutting planes:
  Gomory: 37
  Cover: 1
  Implied bound: 1
  MIR: 275
  Flow cover: 358

Explored 260793 nodes (2932559 simplex iterations) in 300.02 seconds
Thread count was 4 (of 4 available processors)

Solution count 10: 234 234 237 ... 249
Pool objective bound 140.5

Time limit reached
Best objective 2.339999999765e+02, best bound 1.405000000000e+02, gap 39.9573%

Gurobi 7.0.2 (win64) logging started 03/17/17 04:14:08

Parameter LogFile unchanged
   Value: log-opt-19.log  Default: 
Parameter presolve unchanged
   Value: 2  Min: -1  Max: 2  Default: -1
Parameter mipgap unchanged
   Value: 0.001  Min: 0.0  Max: 1e+100  Default: 0.0001
Parameter method unchanged
   Value: -1  Min: -1  Max: 4  Default: -1
Parameter timelimit unchanged
   Value: 300.0  Min: 0.0  Max: 1e+100  Default: 1e+100
Parameter mipfocus unchanged
   Value: 1  Min: 0  Max: 3  Default: 0
Optimize a model with 9973 rows, 1334 columns and 43774 nonzeros
Variable types: 647 continuous, 687 integer (681 binary)
Coefficient statistics:
  Matrix range     [1e+00, 2e+04]
  Objective range  [1e+00, 1e+00]
  Bounds range     [1e+00, 1e+04]
  RHS range        [1e+00, 6e+04]
Presolved: 4222 rows, 689 columns, 19368 nonzeros

Continuing optimization...

 260793 51400  185.50000   54   34  234.00000  140.50000  40.0%  11.2  302s
 264890 51834  202.50000   57   28  234.00000  140.50000  40.0%  11.2  305s
 270004 52147 infeasible   65       234.00000  140.50000  40.0%  11.2  310s
 273696 52380  201.50000   56   37  234.00000  140.50000  40.0%  11.2  315s
 277643 52615 infeasible   69       234.00000  140.50000  40.0%  11.2  320s
 281769 52694  195.50000   71   18  234.00000  140.50000  40.0%  11.2  325s
 287076 52738 infeasible   65       234.00000  140.50000  40.0%  11.2  330s
 291488 52883  201.50000   64   28  234.00000  140.50000  40.0%  11.2  335s
 295624 53017  174.50000   63   38  234.00000  140.50000  40.0%  11.1  340s
 300148 53453  201.50000   57   40  234.00000  140.50000  40.0%  11.2  345s
 304438 53691  140.50000   49   44  234.00000  140.50000  40.0%  11.2  350s
 308457 53615  201.50000   64   14  234.00000  140.50000  40.0%  11.1  355s
 312515 53438  204.50000   72   27  234.00000  140.50000  40.0%  11.1  360s
 316417 53457  201.50000   68   34  234.00000  140.50000  40.0%  11.1  365s
 321129 53250  172.50000   64   36  234.00000  140.50000  40.0%  11.1  370s
 326033 53134 infeasible   70       234.00000  140.50000  40.0%  11.1  375s
 331196 52683  186.50000   66   31  234.00000  140.50000  40.0%  11.0  380s
 334898 52435  209.50000   53   21  234.00000  140.50000  40.0%  11.0  385s
 339444 52375 infeasible   66       234.00000  140.50000  40.0%  11.0  390s
 344776 52128 infeasible   64       234.00000  140.50000  40.0%  11.0  395s
 348995 52193 infeasible   67       234.00000  140.50000  40.0%  11.0  400s
 353088 52164  172.50000   55   27  234.00000  140.50000  40.0%  11.0  405s
 357189 52087  196.50000   69   18  234.00000  140.50000  40.0%  11.0  410s
 361785 52146  164.50000   57   30  234.00000  140.50000  40.0%  11.0  415s
 365595 52069  178.50000   62   33  234.00000  140.50000  40.0%  11.0  420s
 369240 52022  204.50000   57   26  234.00000  140.50000  40.0%  11.0  425s
 373184 52307  195.50000   68   19  234.00000  140.50000  40.0%  11.0  430s
 377661 53802  218.00000   66   14  234.00000  140.50000  40.0%  11.0  435s
 381846 55119  191.50000   68   29  234.00000  140.50000  40.0%  11.0  440s
 386041 56248 infeasible   57       234.00000  140.50000  40.0%  11.0  445s
 390599 57507  178.50000   71   28  234.00000  140.50000  40.0%  11.0  450s
 394324 58160 infeasible   66       234.00000  140.50000  40.0%  11.0  455s
 399589 59361  141.50000   57   19  234.00000  141.50000  39.5%  10.9  460s
 403502 60328 infeasible   67       234.00000  144.50000  38.2%  10.9  465s
 407588 61671  191.50000   52   45  234.00000  144.50000  38.2%  10.9  470s
 412274 63168 infeasible   69       234.00000  144.50000  38.2%  10.9  475s
 416562 64535 infeasible   71       234.00000  144.50000  38.2%  10.9  480s
 421658 65861  202.50000   70   14  234.00000  144.50000  38.2%  10.9  485s
 426178 67511  201.50000   57   14  234.00000  144.50000  38.2%  10.9  490s
 430512 69073 infeasible   61       234.00000  144.50000  38.2%  10.9  495s
 435913 70767  181.50000   60   25  234.00000  144.50000  38.2%  10.9  500s
 440687 72083 infeasible   70       234.00000  144.50000  38.2%  10.9  505s
 445429 73721  195.50000   66    8  234.00000  144.50000  38.2%  10.9  510s
 450445 75351  185.50000   65   23  234.00000  144.50000  38.2%  11.0  515s
 454527 76638  168.50000   59   35  234.00000  144.50000  38.2%  10.9  520s
 459754 78420  175.50000   65   25  234.00000  144.50000  38.2%  10.9  525s
 464366 79924 infeasible   67       234.00000  144.50000  38.2%  10.9  530s
 469500 81759  167.50000   59   26  234.00000  144.50000  38.2%  10.9  535s
 473266 83039  144.50000   53   35  234.00000  144.50000  38.2%  10.9  540s
 478211 84772  201.50000   71   18  234.00000  144.50000  38.2%  10.9  545s
 482569 86235 infeasible   63       234.00000  144.50000  38.2%  10.9  550s
 486783 87639 infeasible   62       234.00000  144.50000  38.2%  10.9  555s
 491184 89023 infeasible   59       234.00000  144.50000  38.2%  10.9  560s
 496297 90561  201.50000   55   24  234.00000  144.50000  38.2%  10.9  565s
 499947 91606 infeasible   58       234.00000  144.50000  38.2%  10.9  570s
 504776 92831  186.50000   63   32  234.00000  144.50000  38.2%  10.9  575s
 509150 94019  144.50000   52   40  234.00000  144.50000  38.2%  10.9  580s
 514060 95187 infeasible   64       234.00000  145.50000  37.8%  10.9  585s
 517650 95931  171.50000   68   13  234.00000  145.50000  37.8%  10.9  590s
 521800 97099  201.50000   65   15  234.00000  146.50000  37.4%  10.9  595s
 525102 98285 infeasible   72       234.00000  146.50000  37.4%  10.9  600s

Cutting planes:
  Gomory: 42
  Cover: 9
  Implied bound: 1
  MIR: 310
  Flow cover: 420
  Inf proof: 1

Explored 525458 nodes (5757419 simplex iterations) in 300.04 seconds
Thread count was 4 (of 4 available processors)

Solution count 10: 234 234 237 ... 249
Pool objective bound 146.5

Time limit reached
Best objective 2.339999999765e+02, best bound 1.465000000000e+02, gap 37.3932%

#######################################
GN: iteration 0 at stage 2
Added demands: [0, 1, 2, 3, 4, 5, 6, 7, 8, 9, 10, 11, 12, 13, 14]
Fixed demands: []

Gurobi 7.0.2 (win64) logging started 03/17/17 04:19:09

Changed value of parameter LogFile to log-opt-19.log
   Prev: gurobi.log  Default: 
Changed value of parameter presolve to 2
   Prev: -1  Min: -1  Max: 2  Default: -1
Changed value of parameter mipgap to 0.001
   Prev: 0.0001  Min: 0.0  Max: 1e+100  Default: 0.0001
Parameter method unchanged
   Value: -1  Min: -1  Max: 4  Default: -1
Changed value of parameter timelimit to 300.0
   Prev: 1e+100  Min: 0.0  Max: 1e+100  Default: 1e+100
Changed value of parameter mipfocus to 1
   Prev: 0  Min: 0  Max: 3  Default: 0
Optimize a model with 26551 rows, 7022 columns and 84112 nonzeros
Variable types: 2285 continuous, 4737 integer (4731 binary)
Coefficient statistics:
  Matrix range     [6e-01, 2e+04]
  Objective range  [1e+00, 1e+00]
  Bounds range     [1e+00, 1e+04]
  RHS range        [1e+00, 6e+04]
Found heuristic solution: objective 337.5
Presolve removed 16359 rows and 4170 columns
Presolve time: 0.56s
Presolved: 10192 rows, 2852 columns, 37079 nonzeros
Variable types: 850 continuous, 2002 integer (2002 binary)
Presolve removed 491 rows and 234 columns
Presolved: 9701 rows, 2618 columns, 35808 nonzeros


Root relaxation: objective 9.900000e+01, 427 iterations, 0.08 seconds

    Nodes    |    Current Node    |     Objective Bounds      |     Work
 Expl Unexpl |  Obj  Depth IntInf | Incumbent    BestBd   Gap | It/Node Time

     0     0   99.00000    0   13  337.50000   99.00000  70.7%     -    0s
H    0     0                     248.0000000   99.00000  60.1%     -    0s
     0     0   99.00000    0   75  248.00000   99.00000  60.1%     -    1s
     0     0   99.00000    0   68  248.00000   99.00000  60.1%     -    1s
     0     0   99.00000    0   84  248.00000   99.00000  60.1%     -    1s
     0     0   99.00000    0   75  248.00000   99.00000  60.1%     -    1s
     0     0   99.00000    0  109  248.00000   99.00000  60.1%     -    1s
H    0     0                     242.0000000   99.00000  59.1%     -    1s
     0     0   99.00000    0  100  242.00000   99.00000  59.1%     -    1s
     0     0   99.00000    0  109  242.00000   99.00000  59.1%     -    1s
     0     0   99.00000    0   77  242.00000   99.00000  59.1%     -    1s
     0     0   99.00000    0   46  242.00000   99.00000  59.1%     -    2s
     0     2   99.00000    0   32  242.00000   99.00000  59.1%     -    2s
H   34    33                     237.0000000   99.00000  58.2%  56.4    2s
H   84    73                     237.0000000   99.00000  58.2%  33.8    3s
  1108   409  235.00000   45   17  237.00000   99.00000  58.2%  12.2    5s
  2645   750 infeasible   30       237.00000   99.00000  58.2%  11.0   10s
  3322   812  209.50000   42    9  237.00000   99.00000  58.2%  10.7   15s
H 3530   869                     236.9998620   99.00000  58.2%  10.7   16s
  3531   862  164.50000   23   37  236.99986   99.00000  58.2%  10.7   21s
  3706   897  197.50000   28   11  236.99986   99.00000  58.2%  10.6   26s
  4242  1014   99.00000   18   90  236.99986   99.00000  58.2%   1.5   30s
  5510  1378 infeasible   30       236.99986   99.00000  58.2%  12.1   36s
  6411  1629  178.50000   35   43  236.99986   99.00000  58.2%  18.1   40s
  8325  2449  188.50000   30   67  236.99986   99.00000  58.2%  22.8   47s
  9170  2927  167.50000   35   40  236.99986   99.00000  58.2%  25.2   50s
 10389  3568 infeasible   38       236.99986   99.00000  58.2%  27.5   55s
 12045  4492  168.50000   18   69  236.99986   99.00000  58.2%  30.9   69s
 12376  4691  168.50000   27   12  236.99986   99.00000  58.2%  33.3   71s
 13569  5335  181.50000   36   74  236.99986   99.00000  58.2%  35.3   75s
 15003  6115   99.00000   25   92  236.99986   99.00000  58.2%  37.0   81s
 15916  6642 infeasible   43       236.99986   99.00000  58.2%  38.0   85s
 17647  7576  188.50000   38   32  236.99986   99.00000  58.2%  38.3   91s
 18930  8186  172.50000   42   16  236.99986   99.00000  58.2%  38.2   95s
 20242  8904  234.00000   33    5  236.99986   99.00000  58.2%  39.0  100s
 21221  9443  156.50000   31   38  236.99986   99.00000  58.2%  39.5  105s
 22816 10332  116.18165   29   66  236.99986   99.00000  58.2%  40.0  110s
 24260 11071  152.50000   41   56  236.99986   99.00000  58.2%  40.7  116s
 25285 11565  201.50000   26   34  236.99986   99.00000  58.2%  40.9  120s
 27062 12461  178.50000   27   71  236.99986   99.00000  58.2%  41.0  126s
 28780 13321   99.00000   27   78  236.99986   99.00000  58.2%  41.0  131s
 29794 13890  201.50000   27   52  236.99986   99.00000  58.2%  41.2  136s
 31154 14608  182.50000   35   41  236.99986   99.00000  58.2%  41.6  141s
 32511 15293  201.50000   48    6  236.99986   99.00000  58.2%  41.7  146s
 34087 16120  182.50000   36   12  236.99986   99.00000  58.2%  41.6  150s
 35526 16757 infeasible   39       236.99986   99.00000  58.2%  41.5  155s
 37545 17704 infeasible   43       236.99986  117.50000  50.4%  41.3  160s
 39251 18461 infeasible   43       236.99986  125.50000  47.0%  41.3  166s
 41010 19272  171.50000   30   52  236.99986  126.50000  46.6%  40.9  170s
 42833 20088  126.50000   30   67  236.99986  126.50000  46.6%  40.3  175s
 44851 20940  130.29545   31   72  236.99986  126.50000  46.6%  39.8  180s
 47876 22392  181.50000   41   24  236.99986  130.50000  44.9%  38.9  185s
 49509 22823 infeasible   35       236.99986  130.50000  44.9%  38.9  190s
 51271 23439  162.50000   33   36  236.99986  130.50000  44.9%  38.9  195s
 53034 24023 infeasible   41       236.99986  130.50000  44.9%  38.7  200s
 55122 24863  201.50000   45   38  236.99986  132.50000  44.1%  38.4  205s
 57770 25847  152.50000   37   44  236.99986  132.50000  44.1%  37.9  210s
 59883 26551  191.50000   50   10  236.99986  134.75513  43.1%  37.6  215s
 62403 27454  228.00000   45    3  236.99986  135.50000  42.8%  37.0  220s
 64636 27952  140.50000   36   53  236.99986  136.50000  42.4%  36.8  225s
 66354 28439 infeasible   45       236.99986  140.50000  40.7%  36.8  230s
 68252 29263  172.50000   38   15  236.99986  140.50000  40.7%  36.7  235s
 69708 29846  172.50000   35   32  236.99986  140.50000  40.7%  36.7  240s
 71902 30706  175.50000   41   28  236.99986  140.50000  40.7%  36.5  245s
 74800 31543  201.50000   47    9  236.99986  140.50000  40.7%  36.0  250s
 77552 32311 infeasible   40       236.99986  140.50000  40.7%  35.6  255s
 79561 32851  153.50000   44   30  236.99986  140.50000  40.7%  35.4  260s
 82347 33770  146.50000   37   40  236.99986  140.50000  40.7%  35.1  265s
 84252 34101  232.00000   46   46  236.99986  140.50000  40.7%  35.0  270s
 84344 34148  140.50000   35  118  236.99986  140.50000  40.7%  35.1  275s
 84606 34189  201.50000   51   19  236.99986  140.50000  40.7%  35.5  282s
 84964 34315  140.50000   34   92  236.99986  140.50000  40.7%  35.8  285s
 85703 34513  140.50000   44   91  236.99986  140.50000  40.7%  36.3  290s
 86272 34646  140.50000   47   90  236.99986  140.50000  40.7%  36.8  296s
 86460 34694  172.50000   59   30  236.99986  140.50000  40.7%  37.1  300s

Cutting planes:
  Gomory: 10
  Implied bound: 23
  MIR: 102
  Flow cover: 155
  Zero half: 63

Explored 86575 nodes (3270105 simplex iterations) in 300.04 seconds
Thread count was 4 (of 4 available processors)

Solution count 6: 237 237 237 ... 337.5
Pool objective bound 140.5

Time limit reached
Best objective 2.369998620002e+02, best bound 1.405000000000e+02, gap 40.7173%

Gurobi 7.0.2 (win64) logging started 03/17/17 04:24:09

Parameter LogFile unchanged
   Value: log-opt-19.log  Default: 
Parameter presolve unchanged
   Value: 2  Min: -1  Max: 2  Default: -1
Parameter mipgap unchanged
   Value: 0.001  Min: 0.0  Max: 1e+100  Default: 0.0001
Parameter method unchanged
   Value: -1  Min: -1  Max: 4  Default: -1
Parameter timelimit unchanged
   Value: 300.0  Min: 0.0  Max: 1e+100  Default: 1e+100
Parameter mipfocus unchanged
   Value: 1  Min: 0  Max: 3  Default: 0
Optimize a model with 26551 rows, 7022 columns and 84112 nonzeros
Variable types: 2285 continuous, 4737 integer (4731 binary)
Coefficient statistics:
  Matrix range     [6e-01, 2e+04]
  Objective range  [1e+00, 1e+00]
  Bounds range     [1e+00, 1e+04]
  RHS range        [1e+00, 6e+04]
Presolved: 10192 rows, 2852 columns, 37079 nonzeros

Continuing optimization...

 86575 34726  232.00000   62    4  236.99986  140.50000  40.7%  37.2  306s
 87703 35030  140.50000   45  110  236.99986  140.50000  40.7%  38.3  310s
 88464 35222  140.50000   35  116  236.99986  140.50000  40.7%  38.9  316s
 88621 35266  140.50000   45   90  236.99986  140.50000  40.7%  39.1  320s
 89009 35379  201.50000   43    7  236.99986  140.50000  40.7%  39.6  325s
 89532 35519  140.50000   45   92  236.99986  140.50000  40.7%  40.1  330s
 90169 35656  168.50000   39   59  236.99986  140.50000  40.7%  40.5  336s
 91142 35870  175.50000   44   35  236.99986  140.50000  40.7%  41.1  342s
 91666 36025  188.50000   59   14  236.99986  140.50000  40.7%  41.3  345s
 93083 36298  162.50000   45   85  236.99986  140.50000  40.7%  41.9  352s
 93587 36432  172.50000   51   13  236.99986  140.50000  40.7%  42.2  355s
 94550 36634  140.50000   47  141  236.99986  140.50000  40.7%  42.8  363s
 95064 36696  201.50000   53   40  236.99986  140.50000  40.7%  43.1  367s
 95976 36885  235.00000   53    8  236.99986  140.50000  40.7%  43.3  371s
 97478 37197  140.50000   45  114  236.99986  140.50000  40.7%  43.7  377s
 97878 37231  188.50000   48   44  236.99986  140.50000  40.7%  44.0  380s
 99133 37477  140.50000   43   87  236.99986  140.50000  40.7%  44.4  389s
 99689 37568  140.50000   47  100  236.99986  140.50000  40.7%  44.8  392s
 99958 37699  140.50000   34  100  236.99986  140.50000  40.7%  45.1  395s
 100961 37915 infeasible   55       236.99986  140.50000  40.7%  45.7  402s
 101479 38020 infeasible   46       236.99986  140.50000  40.7%  45.9  405s
 102619 38288  204.50000   56   30  236.99986  140.50000  40.7%  46.4  411s
 103329 38384  140.50000   45   99  236.99986  140.50000  40.7%  46.9  417s
*103741 36579              61     234.0000000  140.50000  40.0%  47.1  417s
 103868 36638  167.50000   49   51  234.00000  140.50000  40.0%  47.2  420s
H104260 35066                     234.0000000  140.50000  40.0%  47.3  423s
 104515 35104  140.50000   45   81  234.00000  140.50000  40.0%  47.4  426s
 104918 35145  140.50000   40  117  234.00000  140.50000  40.0%  47.6  430s
 105755 35225 infeasible   57       234.00000  140.50000  40.0%  47.9  436s
 106290 35270  140.50000   49  113  234.00000  140.50000  40.0%  48.1  441s
 107047 35379  223.00000   57    6  234.00000  140.50000  40.0%  48.5  449s
 107200 35394  158.50000   40  161  234.00000  140.50000  40.0%  48.8  453s
 107405 35388  228.00000   58    7  234.00000  140.50000  40.0%  49.0  456s
 108455 35436  140.50000   45  121  234.00000  140.50000  40.0%  49.4  463s
 109060 35498  159.50000   55   57  234.00000  140.50000  40.0%  49.5  467s
 109685 35540 infeasible   47       234.00000  140.50000  40.0%  49.6  471s
 110669 35647 infeasible   54       234.00000  140.50000  40.0%  50.0  478s
 111079 35676  140.50000   45  114  234.00000  140.50000  40.0%  50.1  481s
 111455 35719 infeasible   56       234.00000  140.50000  40.0%  50.1  485s
 112377 35822 infeasible   53       234.00000  140.50000  40.0%  50.3  492s
 112701 35855 infeasible   54       234.00000  140.50000  40.0%  50.5  495s
 112978 35886 infeasible   56       234.00000  140.50000  40.0%  50.6  500s
 113945 35945  146.50000   49  111  234.00000  140.50000  40.0%  51.0  508s
 114178 35944  146.50000   50   95  234.00000  140.50000  40.0%  51.0  513s
 114710 35893  140.50000   47  130  234.00000  140.50000  40.0%  51.0  517s
 115578 35977  196.50000   55   34  234.00000  140.50000  40.0%  51.1  521s
 116265 35964  140.50000   45  112  234.00000  140.50000  40.0%  51.2  525s
 117462 36040     cutoff   57       234.00000  140.50000  40.0%  51.4  532s
 117868 36047 infeasible   62       234.00000  140.50000  40.0%  51.4  536s
 118356 36082  197.50000   51   56  234.00000  140.50000  40.0%  51.5  542s
 118562 36076  174.50000   55   51  234.00000  140.50000  40.0%  51.6  546s
 118827 36105  209.50000   36   42  234.00000  140.50000  40.0%  51.7  550s
 119257 36151  209.50000   45   42  234.00000  140.50000  40.0%  51.8  557s
 119682 36184 infeasible   46       234.00000  140.50000  40.0%  51.9  561s
 120137 36215 infeasible   49       234.00000  140.50000  40.0%  52.0  566s
 120623 36265 infeasible   50       234.00000  140.50000  40.0%  52.2  573s
 120862 36279  140.50000   46  105  234.00000  140.50000  40.0%  52.2  579s
 121350 36341 infeasible   65       234.00000  140.50000  40.0%  52.4  583s
 121800 36343  196.50000   45   33  234.00000  140.50000  40.0%  52.5  587s
 122237 36397  182.50000   45   26  234.00000  140.50000  40.0%  52.7  591s
 122702 36447  195.50000   58   11  234.00000  140.50000  40.0%  52.8  595s
 123995 36546 infeasible   52       234.00000  140.50000  40.0%  53.1  600s

Cutting planes:
  Gomory: 27
  Implied bound: 27
  MIR: 217
  Flow cover: 319
  Zero half: 128

Explored 123997 nodes (6632339 simplex iterations) in 300.04 seconds
Thread count was 4 (of 4 available processors)

Solution count 8: 234 234 237 ... 337.5
Pool objective bound 140.5

Time limit reached
Best objective 2.339999999789e+02, best bound 1.405000000000e+02, gap 39.9573%

#######################################
TR: iteration 0 at stage 3
Added demands: [0, 1, 2, 3, 4, 5, 6, 7, 8, 9, 10, 11, 12, 13, 14, 15, 16, 17, 18, 19]
Fixed demands: []

Gurobi 7.0.2 (win64) logging started 03/17/17 04:29:14

Changed value of parameter LogFile to log-opt-19.log
   Prev: gurobi.log  Default: 
Changed value of parameter presolve to 2
   Prev: -1  Min: -1  Max: 2  Default: -1
Changed value of parameter mipgap to 0.001
   Prev: 0.0001  Min: 0.0  Max: 1e+100  Default: 0.0001
Parameter method unchanged
   Value: -1  Min: -1  Max: 4  Default: -1
Changed value of parameter timelimit to 300.0
   Prev: 1e+100  Min: 0.0  Max: 1e+100  Default: 1e+100
Changed value of parameter mipfocus to 1
   Prev: 0  Min: 0  Max: 3  Default: 0
Optimize a model with 16993 rows, 1874 columns and 76559 nonzeros
Variable types: 862 continuous, 1012 integer (1006 binary)
Coefficient statistics:
  Matrix range     [1e+00, 2e+04]
  Objective range  [1e+00, 1e+00]
  Bounds range     [1e+00, 1e+04]
  RHS range        [1e+00, 6e+04]
Presolve removed 9848 rows and 909 columns
Presolve time: 0.11s
Presolved: 7145 rows, 965 columns, 33377 nonzeros
Variable types: 454 continuous, 511 integer (511 binary)
Found heuristic solution: objective 753.0000000
Found heuristic solution: objective 729.0000000
Presolve removed 0 rows and 20 columns
Presolved: 965 rows, 8090 columns, 34241 nonzeros

Presolve removed 965 rows and 8090 columns

Root relaxation: objective 9.900000e+01, 3891 iterations, 0.25 seconds

    Nodes    |    Current Node    |     Objective Bounds      |     Work
 Expl Unexpl |  Obj  Depth IntInf | Incumbent    BestBd   Gap | It/Node Time

     0     0   99.00000    0   34  729.00000   99.00000  86.4%     -    0s
H    0     0                     343.5000000   99.00000  71.2%     -    0s
H    0     0                     325.5000000   99.00000  69.6%     -    0s
     0     0   99.00000    0   76  325.50000   99.00000  69.6%     -    0s
     0     0   99.00000    0   77  325.50000   99.00000  69.6%     -    0s
H    0     0                     316.5000000   99.00000  68.7%     -    0s
     0     0   99.00000    0   62  316.50000   99.00000  68.7%     -    0s
     0     0   99.00000    0   67  316.50000   99.00000  68.7%     -    0s
     0     0   99.00000    0   64  316.50000   99.00000  68.7%     -    1s
H    0     0                     303.5000000   99.00000  67.4%     -    1s
     0     0   99.00000    0   62  303.50000   99.00000  67.4%     -    1s
     0     0   99.00000    0   63  303.50000   99.00000  67.4%     -    1s
     0     0   99.00000    0   68  303.50000   99.00000  67.4%     -    1s
     0     0   99.00000    0   39  303.50000   99.00000  67.4%     -    1s
     0     2   99.00000    0   29  303.50000   99.00000  67.4%     -    1s
H   61    43                     301.5000000   99.00000  67.2%  28.9    2s
H  526   378                     301.5000000   99.00000  67.2%   9.9    2s
H  758   529                     298.5000000   99.00000  66.8%   9.0    3s
H  892   592                     296.5000000   99.00000  66.6%   8.6    3s
H  908   605                     294.5000000   99.00000  66.4%   8.6    3s
H 1000   666                     294.0000000   99.00000  66.3%   8.3    4s
  1075   720  168.50000   43   37  294.00000   99.00000  66.3%   8.1    5s
H 1100   705                     292.5000000   99.00000  66.2%  19.5    7s
H 1119   679                     292.5000000   99.00000  66.2%  19.5    7s
H 1242   701                     289.5000000   99.00000  65.8%  18.4    7s
H 1348   690                     289.5000000   99.00000  65.8%  17.7    7s
  1968   852  196.50000   38   17  289.50000   99.00000  65.8%  15.4   10s
H 3062  1229                     289.4998095   99.00000  65.8%  14.0   12s
  4310  2099 infeasible   54       289.49981   99.00000  65.8%  13.2   15s
H 4793  2383                     288.5000000   99.00000  65.7%  12.9   16s
H 5401  2823                     288.5000000   99.00000  65.7%  12.8   17s
  7436  4072 infeasible   48       288.50000   99.00000  65.7%  12.3   20s
 10258  5716  191.50000   47   30  288.50000   99.00000  65.7%  12.1   25s
 12928  7292  172.50000   31   38  288.50000   99.00000  65.7%  12.0   30s
 16161  9194  201.50000   29   28  288.50000   99.00000  65.7%  11.9   35s
 20213 11590  201.50000   52   20  288.50000  118.50000  58.9%  11.6   40s
 23320 13355  148.50000   32   41  288.50000  118.50000  58.9%  11.5   45s
 27447 15797  172.50000   42   27  288.50000  118.50000  58.9%  11.2   50s
 31225 17797  173.50000   37   25  288.50000  118.50000  58.9%  11.1   55s
 35012 19929  154.50000   42   38  288.50000  118.50000  58.9%  10.9   60s
 38410 21846  179.50000   45   46  288.50000  118.50000  58.9%  10.8   65s
 41839 23671  172.50000   46   31  288.50000  118.50000  58.9%  10.7   70s
 44823 25258  130.50000   24   45  288.50000  118.50000  58.9%  10.7   75s
 48441 27234 infeasible   47       288.50000  118.50000  58.9%  10.6   80s
 51690 28865 infeasible   68       288.50000  118.50000  58.9%  10.5   85s
 55404 30608  118.54112   50   61  288.50000  118.50000  58.9%  10.5   90s
 59249 32214  182.50000   55   30  288.50000  118.50000  58.9%  10.4   95s
 62333 33403 infeasible   54       288.50000  118.50000  58.9%  10.3  100s
 65267 34562  263.00000   52   14  288.50000  118.50000  58.9%  10.2  105s
 68575 35977  173.50000   55   30  288.50000  118.50000  58.9%  10.2  110s
 73752 38195 infeasible   65       288.50000  118.50000  58.9%  10.0  115s
 77834 39816 infeasible   76       288.50000  118.50000  58.9%   9.9  120s
 80741 40861  205.50000   60   47  288.50000  118.50000  58.9%   9.8  125s
 84421 42027 infeasible   65       288.50000  118.50000  58.9%   9.8  130s
 88037 43815  191.50000   46   33  288.50000  119.69954  58.5%   9.8  135s
 91735 45443  196.50000   47   35  288.50000  119.69954  58.5%   9.8  140s
 95567 46944  195.50000   53   25  288.50000  119.69954  58.5%   9.8  145s
 100096 48595 infeasible   66       288.50000  119.69954  58.5%   9.7  150s
 103882 49771 infeasible   66       288.50000  119.69954  58.5%   9.7  155s
 107940 51343  191.50000   51   49  288.50000  119.69954  58.5%   9.7  160s
 111434 52520  171.50000   44   40  288.50000  119.69954  58.5%   9.7  165s
 114830 53816  174.50000   45   43  288.50000  119.69954  58.5%   9.7  170s
 118585 55137 infeasible   60       288.50000  119.69954  58.5%   9.7  175s
 122447 56744  154.50000   34   44  288.50000  120.25000  58.3%   9.7  180s
 125535 58275  196.50000   48   28  288.50000  123.50000  57.2%   9.7  185s
 129140 60291 infeasible   72       288.50000  125.50000  56.5%   9.7  190s
 133270 62250 infeasible   33       288.50000  125.50000  56.5%   9.7  195s
 137257 64086  279.00000   56   13  288.50000  125.50000  56.5%   9.7  200s
 140844 65469  196.50000   48   41  288.50000  125.50000  56.5%   9.7  205s
 144372 66719  196.50000   57   21  288.50000  125.50000  56.5%   9.7  210s
 148425 68044  191.50000   56   26  288.50000  125.50000  56.5%   9.8  215s
 151462 69093  205.50000   56   41  288.50000  125.61842  56.5%   9.8  220s
 155652 70394 infeasible   51       288.50000  125.61842  56.5%   9.7  225s
 159015 71508  206.09211   50   23  288.50000  125.61842  56.5%   9.7  230s
 162325 72704  191.50000   53   30  288.50000  125.61842  56.5%   9.7  235s
 166315 74208  205.50000   46   21  288.50000  125.61842  56.5%   9.7  240s
 170171 75738 infeasible   49       288.50000  125.61842  56.5%   9.7  245s
 174502 77251  249.00000   60   15  288.50000  127.83556  55.7%   9.7  250s
 178445 78134  127.83556   58   87  288.50000  127.83556  55.7%   9.7  255s
 182136 79451 infeasible   45       288.50000  127.83556  55.7%   9.6  260s
 185687 80605  204.19778   62   22  288.50000  127.83556  55.7%   9.6  265s
 189545 81918  182.50000   44   29  288.50000  127.83556  55.7%   9.6  270s
 193533 83199 infeasible   67       288.50000  127.83556  55.7%   9.6  275s
 196987 84011  191.50000   42   24  288.50000  127.83556  55.7%   9.6  280s
 200424 85146  197.50000   59   42  288.50000  127.83556  55.7%   9.6  285s
 204825 86585  185.50000   63   49  288.50000  127.83556  55.7%   9.5  290s
 208596 87850 infeasible   68       288.50000  127.83556  55.7%   9.5  295s
 212222 88938  182.50000   51   43  288.50000  127.83556  55.7%   9.5  300s

Cutting planes:
  Gomory: 27
  Implied bound: 2
  MIR: 281
  Flow cover: 237

Explored 212272 nodes (2022004 simplex iterations) in 300.02 seconds
Thread count was 4 (of 4 available processors)

Solution count 10: 288.5 288.5 289.5 ... 296.5
Pool objective bound 127.836

Time limit reached
Best objective 2.884999999710e+02, best bound 1.278355614973e+02, gap 55.6896%

Gurobi 7.0.2 (win64) logging started 03/17/17 04:34:14

Parameter LogFile unchanged
   Value: log-opt-19.log  Default: 
Parameter presolve unchanged
   Value: 2  Min: -1  Max: 2  Default: -1
Parameter mipgap unchanged
   Value: 0.001  Min: 0.0  Max: 1e+100  Default: 0.0001
Parameter method unchanged
   Value: -1  Min: -1  Max: 4  Default: -1
Parameter timelimit unchanged
   Value: 300.0  Min: 0.0  Max: 1e+100  Default: 1e+100
Parameter mipfocus unchanged
   Value: 1  Min: 0  Max: 3  Default: 0
Optimize a model with 16993 rows, 1874 columns and 76559 nonzeros
Variable types: 862 continuous, 1012 integer (1006 binary)
Coefficient statistics:
  Matrix range     [1e+00, 2e+04]
  Objective range  [1e+00, 1e+00]
  Bounds range     [1e+00, 1e+04]
  RHS range        [1e+00, 6e+04]
Presolved: 7145 rows, 965 columns, 33377 nonzeros

Continuing optimization...

 212272 88925 infeasible   60       288.50000  127.83556  55.7%   9.5  300s
 215442 89703 infeasible   52       288.50000  127.83556  55.7%   9.5  305s
 219075 90950  195.50000   41   31  288.50000  127.83556  55.7%   9.5  310s
 222432 91973 infeasible   59       288.50000  127.83556  55.7%   9.5  315s
 226017 92885  205.50000   50   26  288.50000  127.83556  55.7%   9.5  320s
 229157 93586  205.50000   62   42  288.50000  127.83556  55.7%   9.5  325s
 232167 94303  195.50000   54   38  288.50000  127.83556  55.7%   9.5  330s
 236056 95400  209.50000   51   37  288.50000  129.25000  55.2%   9.5  335s
 239694 97346  202.50000   49   30  288.50000  129.50000  55.1%   9.5  340s
 243176 98862 infeasible   57       288.50000  129.50000  55.1%   9.5  345s
 247286 100410 infeasible   70       288.50000  129.50000  55.1%   9.5  350s
 250466 101074  196.50000   56   37  288.50000  129.50000  55.1%   9.5  355s
 253319 101932 infeasible   54       288.50000  129.50000  55.1%   9.5  360s
 257080 103758  271.00000   53   14  288.50000  130.50000  54.8%   9.5  365s
 260766 105503 infeasible   65       288.50000  130.50000  54.8%   9.5  370s
 264296 107219  272.00000   61   17  288.50000  130.50000  54.8%   9.5  375s
 267450 108687 infeasible   47       288.50000  130.50000  54.8%   9.6  380s
 270928 110221  172.50000   46   38  288.50000  130.50000  54.8%   9.6  385s
 275398 112102  182.50000   48   17  288.50000  130.50000  54.8%   9.6  390s
 278829 113280  276.00000   55   24  288.50000  130.50000  54.8%   9.6  395s
 281749 114455  182.50000   49   42  288.50000  130.50000  54.8%   9.6  400s
 285181 115814  195.50000   56   29  288.50000  130.50000  54.8%   9.6  405s
 288287 116973  209.50000   40   26  288.50000  130.50000  54.8%   9.6  410s
 292235 118323  196.50000   55   34  288.50000  130.50000  54.8%   9.6  415s
 295855 119489 infeasible   56       288.50000  130.50000  54.8%   9.6  420s
 298825 120417 infeasible   39       288.50000  130.50000  54.8%   9.6  425s
 302158 122020  191.50000   49   25  288.50000  130.50000  54.8%   9.6  430s
 306086 124101  204.50000   58   31  288.50000  130.50000  54.8%   9.6  435s
 309016 125438 infeasible   49       288.50000  130.50000  54.8%   9.6  440s
 312518 126828 infeasible   56       288.50000  130.50000  54.8%   9.7  445s
 315761 128005  256.00000   52   18  288.50000  130.50000  54.8%   9.7  450s
 318367 128915  164.50000   32   42  288.50000  130.50000  54.8%   9.7  455s
 322154 130512  191.50000   51   46  288.50000  130.50000  54.8%   9.7  460s
 325269 131566  173.50000   41   41  288.50000  130.50000  54.8%   9.7  465s
 328809 133426 infeasible   59       288.50000  130.50000  54.8%   9.7  470s
 332111 135147 infeasible   60       288.50000  130.50000  54.8%   9.7  475s
 335380 136606 infeasible   47       288.50000  130.50000  54.8%   9.7  480s
 338758 137881 infeasible   63       288.50000  130.50000  54.8%   9.7  485s
 341940 139007  285.00000   56   19  288.50000  130.50000  54.8%   9.7  490s
 345370 140288  196.50000   46   31  288.50000  130.50000  54.8%   9.7  495s
 348797 141503  209.50000   62   35  288.50000  130.50000  54.8%   9.7  500s
 351647 142311  185.50000   46   38  288.50000  130.50000  54.8%   9.7  505s
 355437 143772  209.50000   54   27  288.50000  130.50000  54.8%   9.7  510s
 358619 144650  209.50000   51   31  288.50000  130.50000  54.8%   9.7  515s
H361433 145508                     288.4999999  130.50000  54.8%   9.7  519s
 361518 145506  182.50000   60   26  288.50000  130.50000  54.8%   9.7  520s
 365234 146616  283.00000   64   27  288.50000  130.50000  54.8%   9.7  525s
 368506 147739  209.50000   51   31  288.50000  130.50000  54.8%   9.7  530s
 370848 148444  191.50000   49   25  288.50000  130.50000  54.8%   9.7  535s
 374091 150091  195.50000   54   25  288.50000  130.50000  54.8%   9.7  540s
 378301 152262  182.50000   61   59  288.50000  130.50000  54.8%   9.7  545s
 381891 153972  257.00000   53   17  288.50000  130.50000  54.8%   9.7  550s
 385680 155685  195.50000   38   29  288.50000  130.50000  54.8%   9.7  555s
 389482 157217  205.50000   49   37  288.50000  130.50000  54.8%   9.7  560s
 392550 158324  205.50000   49   24  288.50000  130.50000  54.8%   9.7  565s
 395886 159907  182.50000   54   30  288.50000  130.50000  54.8%   9.7  570s
 399905 161646 infeasible   52       288.50000  130.50000  54.8%   9.7  575s
 402232 162522 infeasible   53       288.50000  130.50000  54.8%   9.7  580s
 405477 163857  174.50000   44   38  288.50000  130.50000  54.8%   9.7  585s
 409357 165492 infeasible   55       288.50000  130.50000  54.8%   9.7  590s
 412689 166643 infeasible   58       288.50000  130.50000  54.8%   9.7  595s
 416030 167997  256.00000   52   20  288.50000  130.50000  54.8%   9.7  600s

Cutting planes:
  Gomory: 27
  Implied bound: 2
  MIR: 290
  Flow cover: 257

Explored 416434 nodes (4042795 simplex iterations) in 300.05 seconds
Thread count was 4 (of 4 available processors)

Solution count 10: 288.5 288.5 288.5 ... 294.5
Pool objective bound 130.5

Time limit reached
Best objective 2.884999999421e+02, best bound 1.305000000000e+02, gap 54.7660%

#######################################
GN: iteration 0 at stage 3
Added demands: [0, 1, 2, 3, 4, 5, 6, 7, 8, 9, 10, 11, 12, 13, 14, 15, 16, 17, 18, 19]
Fixed demands: []

Gurobi 7.0.2 (win64) logging started 03/17/17 04:39:15

Changed value of parameter LogFile to log-opt-19.log
   Prev: gurobi.log  Default: 
Changed value of parameter presolve to 2
   Prev: -1  Min: -1  Max: 2  Default: -1
Changed value of parameter mipgap to 0.001
   Prev: 0.0001  Min: 0.0  Max: 1e+100  Default: 0.0001
Parameter method unchanged
   Value: -1  Min: -1  Max: 4  Default: -1
Changed value of parameter timelimit to 300.0
   Prev: 1e+100  Min: 0.0  Max: 1e+100  Default: 1e+100
Changed value of parameter mipfocus to 1
   Prev: 0  Min: 0  Max: 3  Default: 0
Optimize a model with 44491 rows, 11252 columns and 144737 nonzeros
Variable types: 3040 continuous, 8212 integer (8206 binary)
Coefficient statistics:
  Matrix range     [6e-01, 2e+04]
  Objective range  [1e+00, 1e+00]
  Bounds range     [1e+00, 1e+04]
  RHS range        [1e+00, 6e+04]
Presolve removed 27124 rows and 6648 columns
Presolve time: 1.23s
Presolved: 17367 rows, 4604 columns, 63826 nonzeros
Variable types: 1131 continuous, 3473 integer (3473 binary)
Found heuristic solution: objective 1023.5000000
Found heuristic solution: objective 888.0000000
Presolve removed 654 rows and 308 columns
Presolved: 16713 rows, 4296 columns, 62113 nonzeros


Root relaxation: objective 9.900000e+01, 699 iterations, 0.16 seconds

    Nodes    |    Current Node    |     Objective Bounds      |     Work
 Expl Unexpl |  Obj  Depth IntInf | Incumbent    BestBd   Gap | It/Node Time

     0     0   99.00000    0   27  888.00000   99.00000  88.9%     -    2s
H    0     0                     458.0000000   99.00000  78.4%     -    2s
H    0     0                     405.0000000   99.00000  75.6%     -    2s
H    0     0                     331.5000000   99.00000  70.1%     -    3s
H    0     0                     315.5000000   99.00000  68.6%     -    3s
     0     0   99.00000    0  173  315.50000   99.00000  68.6%     -    3s
     0     0   99.00000    0  163  315.50000   99.00000  68.6%     -    3s
H    0     0                     307.5000000   99.00000  67.8%     -   62s
H    0     0                     289.5000000   99.00000  65.8%     -  154s
H    0     0                     289.5000000   99.00000  65.8%     -  154s
H    0     0                     289.4999999   99.00000  65.8%     -  154s
H    0     0                     289.4999999   99.00000  65.8%     -  154s
H    0     0                     289.4999999   99.00000  65.8%     -  154s
H    0     0                     289.4999999   99.00000  65.8%     -  154s
H    0     0                     289.4999998   99.00000  65.8%     -  154s
H    0     0                     289.4999998   99.00000  65.8%     -  154s
H    0     0                     289.4999998   99.00000  65.8%     -  154s
H    0     0                     289.4999997   99.00000  65.8%     -  154s
H    0     0                     289.4999997   99.00000  65.8%     -  154s
H    0     0                     289.4999997   99.00000  65.8%     -  154s
H    0     0                     289.4999997   99.00000  65.8%     -  154s
H    0     0                     289.4999996   99.00000  65.8%     -  154s
H    0     0                     289.4999996   99.00000  65.8%     -  154s
H    0     0                     289.4999996   99.00000  65.8%     -  154s
H    0     0                     289.4999995   99.00000  65.8%     -  154s
H    0     0                     289.4999995   99.00000  65.8%     -  154s
H    0     0                     289.4999995   99.00000  65.8%     -  154s
H    0     0                     289.4999994   99.00000  65.8%     -  154s
H    0     0                     289.4986569   99.00000  65.8%     -  154s
     0     0   99.00000    0  458  289.49866   99.00000  65.8%     -  154s
     0     0   99.00000    0  557  289.49866   99.00000  65.8%     -  300s

Cutting planes:
  Gomory: 5
  Implied bound: 32
  MIR: 222
  Flow cover: 66
  Zero half: 1

Explored 0 nodes (127408 simplex iterations) in 300.32 seconds
Thread count was 4 (of 4 available processors)

Solution count 10: 289.499 289.5 289.5 ... 289.5
Pool objective bound 99

Time limit reached
Best objective 2.894986568577e+02, best bound 9.900000000000e+01, gap 65.8030%

Gurobi 7.0.2 (win64) logging started 03/17/17 04:44:15

Parameter LogFile unchanged
   Value: log-opt-19.log  Default: 
Parameter presolve unchanged
   Value: 2  Min: -1  Max: 2  Default: -1
Parameter mipgap unchanged
   Value: 0.001  Min: 0.0  Max: 1e+100  Default: 0.0001
Parameter method unchanged
   Value: -1  Min: -1  Max: 4  Default: -1
Parameter timelimit unchanged
   Value: 300.0  Min: 0.0  Max: 1e+100  Default: 1e+100
Parameter mipfocus unchanged
   Value: 1  Min: 0  Max: 3  Default: 0
Optimize a model with 44491 rows, 11252 columns and 144737 nonzeros
Variable types: 3040 continuous, 8212 integer (8206 binary)
Coefficient statistics:
  Matrix range     [6e-01, 2e+04]
  Objective range  [1e+00, 1e+00]
  Bounds range     [1e+00, 1e+04]
  RHS range        [1e+00, 6e+04]
Presolved: 17367 rows, 4604 columns, 63826 nonzeros

Continuing optimization...

     0     2   99.00000    0   43  289.49866   99.00000  65.8%     -  308s
    29    18   99.00000    8  119  289.49866   99.00000  65.8%   282  310s
    87    64   99.00000   25   80  289.49866   99.00000  65.8%   124  315s
   656   405  168.50000   15   26  289.49866   99.00000  65.8%  35.3  348s
  1139   650  153.50000   35  557  289.49866   99.00000  65.8%  70.1  350s
  1147   655  196.50000   38  539  289.49866   99.00000  65.8%  69.7  430s
  1148   656   99.00000   14  285  289.49866   99.00000  65.8%  69.6  466s

Cutting planes:
  Gomory: 9
  Implied bound: 31
  MIR: 95
  Flow cover: 162
  Zero half: 40

Explored 1148 nodes (356697 simplex iterations) in 300.46 seconds
Thread count was 4 (of 4 available processors)

Solution count 10: 289.499 289.5 289.5 ... 289.5
Pool objective bound 99

Time limit reached
Best objective 2.894986568577e+02, best bound 9.900000000000e+01, gap 65.8030%

#######################################
I AM CHEATING!!! at stage 3

Gurobi 7.0.2 (win64) logging started 03/17/17 04:49:15

Parameter LogFile unchanged
   Value: log-opt-19.log  Default: 
Parameter presolve unchanged
   Value: 2  Min: -1  Max: 2  Default: -1
Parameter mipgap unchanged
   Value: 0.001  Min: 0.0  Max: 1e+100  Default: 0.0001
Parameter method unchanged
   Value: -1  Min: -1  Max: 4  Default: -1
Parameter timelimit unchanged
   Value: 300.0  Min: 0.0  Max: 1e+100  Default: 1e+100
Parameter mipfocus unchanged
   Value: 1  Min: 0  Max: 3  Default: 0
Optimize a model with 44491 rows, 11252 columns and 144737 nonzeros
Variable types: 3040 continuous, 8212 integer (8206 binary)
Coefficient statistics:
  Matrix range     [6e-01, 2e+04]
  Objective range  [1e+00, 1e+00]
  Bounds range     [1e+00, 1e+04]
  RHS range        [1e+00, 6e+04]
Found heuristic solution: objective 288.5
Presolve removed 44491 rows and 11252 columns
Presolve time: 0.03s
Presolve: All rows and columns removed

Explored 0 nodes (0 simplex iterations) in 0.05 seconds
Thread count was 1 (of 4 available processors)

Solution count 1: 288.5 
Pool objective bound 288.5

Optimal solution found (tolerance 1.00e-03)
Best objective 2.884999999999e+02, best bound 2.884999999999e+02, gap 0.0000%
