
#######################################
TR: iteration 0 at stage 0
Added demands: [0, 1, 2, 3, 4]
Fixed demands: []

Gurobi 7.0.2 (win64) logging started 03/16/17 16:39:36

Changed value of parameter LogFile to log-prop-18.log
   Prev: gurobi.log  Default: 
Changed value of parameter presolve to 2
   Prev: -1  Min: -1  Max: 2  Default: -1
Changed value of parameter mipgap to 0.001
   Prev: 0.0001  Min: 0.0  Max: 1e+100  Default: 0.0001
Parameter method unchanged
   Value: -1  Min: -1  Max: 4  Default: -1
Changed value of parameter timelimit to 100.0
   Prev: 1e+100  Min: 0.0  Max: 1e+100  Default: 1e+100
Changed value of parameter mipfocus to 1
   Prev: 0  Min: 0  Max: 3  Default: 0
Optimize a model with 1483 rows, 404 columns and 5510 nonzeros
Variable types: 217 continuous, 187 integer (181 binary)
Coefficient statistics:
  Matrix range     [1e+00, 2e+04]
  Objective range  [1e+00, 1e+00]
  Bounds range     [1e+00, 1e+04]
  RHS range        [1e+00, 6e+04]
Found heuristic solution: objective 269
Presolve removed 512 rows and 52 columns
Presolve time: 0.02s
Presolved: 971 rows, 352 columns, 3623 nonzeros
Variable types: 216 continuous, 136 integer (136 binary)
Presolve removed 30 rows and 10 columns
Presolved: 941 rows, 342 columns, 3548 nonzeros


Root relaxation: objective 9.300000e+01, 113 iterations, 0.02 seconds

    Nodes    |    Current Node    |     Objective Bounds      |     Work
 Expl Unexpl |  Obj  Depth IntInf | Incumbent    BestBd   Gap | It/Node Time

     0     0   93.00000    0   13  269.00000   93.00000  65.4%     -    0s
H    0     0                     213.0000000   93.00000  56.3%     -    0s
H    0     0                     211.0000000   93.00000  55.9%     -    0s
     0     0   93.00000    0   24  211.00000   93.00000  55.9%     -    0s
     0     0   93.00000    0   22  211.00000   93.00000  55.9%     -    0s
     0     0   93.00000    0   31  211.00000   93.00000  55.9%     -    0s
     0     0   93.00000    0   31  211.00000   93.00000  55.9%     -    0s
     0     0   93.00000    0   29  211.00000   93.00000  55.9%     -    0s
     0     0   93.00000    0   29  211.00000   93.00000  55.9%     -    0s
     0     0   93.00000    0   28  211.00000   93.00000  55.9%     -    0s
     0     0   93.00000    0   28  211.00000   93.00000  55.9%     -    0s
     0     0   93.00000    0    7  211.00000   93.00000  55.9%     -    0s
H    0     0                     210.9998820   93.00000  55.9%     -    0s
     0     2   93.00000    0    7  210.99988   93.00000  55.9%     -    0s
 16000  1373 infeasible   27       210.99988  169.50000  19.7%  11.1    5s
 37106  3066  170.50000   37    1  210.99988  169.50000  19.7%  11.1   10s
 57176  2970 infeasible   35       210.99988  170.50000  19.2%  11.0   15s
 77045  2985 infeasible   39       210.99988  170.50000  19.2%  11.0   20s
 94412  2035 infeasible   37       210.99988  172.50000  18.2%  11.0   25s
 115383  3384 infeasible   37       210.99988  179.50000  14.9%  11.3   30s
 133747  4373 infeasible   38       210.99988  179.50000  14.9%  11.4   35s
 155280  4423 infeasible   30       210.99988  180.50000  14.5%  11.4   40s
 175702  3232 infeasible   32       210.99988  180.50000  14.5%  11.4   45s
 195197  2856 infeasible   35       210.99988  180.50000  14.5%  11.3   50s
 215028  2155 infeasible   29       210.99988  181.50000  14.0%  11.3   55s

Cutting planes:
  Gomory: 7
  Cover: 1
  Implied bound: 9
  MIR: 79
  Flow cover: 132
  Inf proof: 2

Explored 235016 nodes (2650202 simplex iterations) in 59.90 seconds
Thread count was 4 (of 4 available processors)

Solution count 4: 211 211 213 269 
Pool objective bound 211

Optimal solution found (tolerance 1.00e-03)
Best objective 2.110000000000e+02, best bound 2.110000000000e+02, gap 0.0000%

#######################################
GN: iteration 0 at stage 0
Added demands: [0, 1, 2, 3, 4]
Fixed demands: []

Gurobi 7.0.2 (win64) logging started 03/16/17 16:40:36

Changed value of parameter LogFile to log-prop-18.log
   Prev: gurobi.log  Default: 
Changed value of parameter presolve to 2
   Prev: -1  Min: -1  Max: 2  Default: -1
Changed value of parameter mipgap to 0.001
   Prev: 0.0001  Min: 0.0  Max: 1e+100  Default: 0.0001
Parameter method unchanged
   Value: -1  Min: -1  Max: 4  Default: -1
Changed value of parameter timelimit to 100.0
   Prev: 1e+100  Min: 0.0  Max: 1e+100  Default: 1e+100
Changed value of parameter mipfocus to 1
   Prev: 0  Min: 0  Max: 3  Default: 0
Optimize a model with 4321 rows, 1412 columns and 11768 nonzeros
Variable types: 775 continuous, 637 integer (631 binary)
Coefficient statistics:
  Matrix range     [6e-01, 2e+04]
  Objective range  [1e+00, 1e+00]
  Bounds range     [1e+00, 1e+04]
  RHS range        [1e+00, 6e+04]
Found heuristic solution: objective 331.5
Presolve removed 2450 rows and 700 columns
Presolve time: 0.05s
Presolved: 1871 rows, 712 columns, 6194 nonzeros
Variable types: 396 continuous, 316 integer (316 binary)
Presolve removed 188 rows and 92 columns
Presolved: 1683 rows, 620 columns, 5703 nonzeros


Root relaxation: objective 9.300000e+01, 139 iterations, 0.02 seconds

    Nodes    |    Current Node    |     Objective Bounds      |     Work
 Expl Unexpl |  Obj  Depth IntInf | Incumbent    BestBd   Gap | It/Node Time

     0     0   93.00000    0    7  331.50000   93.00000  71.9%     -    0s
H    0     0                     264.0000000   93.00000  64.8%     -    0s
H    0     0                     221.0000000   93.00000  57.9%     -    0s
     0     0   93.00000    0   36  221.00000   93.00000  57.9%     -    0s
     0     0   93.00000    0   36  221.00000   93.00000  57.9%     -    0s
     0     0   93.00000    0   82  221.00000   93.00000  57.9%     -    0s
     0     0   93.00000    0   67  221.00000   93.00000  57.9%     -    0s
     0     0   93.00000    0   61  221.00000   93.00000  57.9%     -    0s
     0     0   93.00000    0   61  221.00000   93.00000  57.9%     -    0s
     0     0   93.00000    0   75  221.00000   93.00000  57.9%     -    0s
     0     0   93.00000    0   66  221.00000   93.00000  57.9%     -    0s
     0     0   93.00000    0   17  221.00000   93.00000  57.9%     -    0s
H    0     0                     213.0000000   93.00000  56.3%     -    0s
H    0     0                     212.0000000   93.00000  56.1%     -    0s
     0     2   93.00000    0   17  212.00000   93.00000  56.1%     -    0s
H   30    25                     211.0000000   93.00000  55.9%   180    0s
H  123   105                     211.0000000   93.00000  55.9%   100    1s
   859   419  125.49309   11   48  211.00000   93.00000  55.9%  71.7    5s
  2223   918  135.66958   21   33  211.00000   93.00000  55.9%  61.7   10s
  3248  1000  181.50000   39   25  211.00000  125.49309  40.5%  56.7   15s
  7043  1358 infeasible   35       211.00000  137.50000  34.8%  55.4   20s
 11406  1967 infeasible   55       211.00000  139.50000  33.9%  51.1   25s
 17974  3278  181.50000   44   29  211.00000  149.50000  29.1%  47.0   30s
 22719  4243 infeasible   36       211.00000  149.50000  29.1%  46.7   35s
 27582  5249 infeasible   37       211.00000  149.50000  29.1%  46.3   40s
 31600  6095  182.50000   47   52  211.00000  149.50000  29.1%  46.4   45s
 37159  6974  180.50000   42   23  211.00000  149.50000  29.1%  45.5   50s
 42403  7954  150.73114   49   15  211.00000  149.50000  29.1%  45.1   55s
 46213  8734 infeasible   38       211.00000  149.50000  29.1%  45.0   60s
 50675  9555  182.50000   40   54  211.00000  149.50000  29.1%  45.1   65s
 54524 10344  179.50000   38   38  211.00000  149.50000  29.1%  45.9   70s
 58684 11147  151.50000   49    8  211.00000  149.50000  29.1%  46.4   75s
 64265 12138  180.50000   46   19  211.00000  149.50000  29.1%  45.9   80s
 68147 12914 infeasible   45       211.00000  149.64404  29.1%  45.9   85s
 72925 13922  150.50000   35   95  211.00000  149.71078  29.0%  45.9   90s
 76463 14611 infeasible   46       211.00000  149.80801  29.0%  46.3   95s
 81800 15205  152.50000   49   45  211.00000  150.50000  28.7%  45.8  100s

Cutting planes:
  Gomory: 10
  Cover: 4
  Implied bound: 18
  MIR: 100
  Flow cover: 183
  Zero half: 37

Explored 81915 nodes (3753017 simplex iterations) in 100.03 seconds
Thread count was 4 (of 4 available processors)

Solution count 7: 211 211 212 ... 331.5
Pool objective bound 150.5

Time limit reached
Best objective 2.109999999788e+02, best bound 1.505000000000e+02, gap 28.6730%

#######################################
TR: iteration 1 at stage 0
Added demands: [4]
Fixed demands: [0, 1, 2, 3]

Gurobi 7.0.2 (win64) logging started 03/16/17 16:42:16

Parameter LogFile unchanged
   Value: log-prop-18.log  Default: 
Parameter presolve unchanged
   Value: 2  Min: -1  Max: 2  Default: -1
Parameter mipgap unchanged
   Value: 0.001  Min: 0.0  Max: 1e+100  Default: 0.0001
Parameter method unchanged
   Value: -1  Min: -1  Max: 4  Default: -1
Parameter timelimit unchanged
   Value: 100.0  Min: 0.0  Max: 1e+100  Default: 1e+100
Parameter mipfocus unchanged
   Value: 1  Min: 0  Max: 3  Default: 0
Optimize a model with 1483 rows, 404 columns and 5510 nonzeros
Variable types: 217 continuous, 187 integer (181 binary)
Coefficient statistics:
  Matrix range     [1e+00, 2e+04]
  Objective range  [1e+00, 1e+00]
  Bounds range     [1e+00, 1e+04]
  RHS range        [1e+00, 6e+04]
Found heuristic solution: objective 268
Presolve removed 1321 rows and 315 columns
Presolve time: 0.00s
Presolved: 162 rows, 89 columns, 491 nonzeros

Loaded MIP start with objective 211

Variable types: 48 continuous, 41 integer (38 binary)
Presolve removed 8 rows and 2 columns
Presolved: 154 rows, 87 columns, 472 nonzeros


Root relaxation: objective 1.785000e+02, 24 iterations, 0.00 seconds

    Nodes    |    Current Node    |     Objective Bounds      |     Work
 Expl Unexpl |  Obj  Depth IntInf | Incumbent    BestBd   Gap | It/Node Time

     0     0  178.50000    0    1  211.00000  178.50000  15.4%     -    0s
     0     0  178.50000    0    4  211.00000  178.50000  15.4%     -    0s
     0     0  178.50000    0    2  211.00000  178.50000  15.4%     -    0s
     0     0  183.69042    0    2  211.00000  183.69042  12.9%     -    0s
     0     0  183.81223    0    2  211.00000  183.81223  12.9%     -    0s
     0     0  183.88206    0    2  211.00000  183.88206  12.9%     -    0s
H    0     0                     211.0000000  183.88206  12.9%     -    0s
     0     0     cutoff    0       211.00000  211.00000  0.00%     -    0s

Explored 0 nodes (121 simplex iterations) in 0.06 seconds
Thread count was 4 (of 4 available processors)

Solution count 3: 211 211 211 
Pool objective bound 211

Optimal solution found (tolerance 1.00e-03)
Best objective 2.109999999788e+02, best bound 2.109999999788e+02, gap 0.0000%

#######################################
GN: iteration 1 at stage 0
Added demands: [4]
Fixed demands: [0, 1, 2, 3]

Gurobi 7.0.2 (win64) logging started 03/16/17 16:42:16

Parameter LogFile unchanged
   Value: log-prop-18.log  Default: 
Parameter presolve unchanged
   Value: 2  Min: -1  Max: 2  Default: -1
Parameter mipgap unchanged
   Value: 0.001  Min: 0.0  Max: 1e+100  Default: 0.0001
Parameter method unchanged
   Value: -1  Min: -1  Max: 4  Default: -1
Parameter timelimit unchanged
   Value: 100.0  Min: 0.0  Max: 1e+100  Default: 1e+100
Parameter mipfocus unchanged
   Value: 1  Min: 0  Max: 3  Default: 0
Optimize a model with 4321 rows, 1412 columns and 11768 nonzeros
Variable types: 775 continuous, 637 integer (631 binary)
Coefficient statistics:
  Matrix range     [6e-01, 2e+04]
  Objective range  [1e+00, 1e+00]
  Bounds range     [1e+00, 1e+04]
  RHS range        [1e+00, 6e+04]
Found heuristic solution: objective 259
Presolve removed 4131 rows and 1313 columns
Presolve time: 0.02s
Presolved: 190 rows, 99 columns, 587 nonzeros

Loaded MIP start with objective 211

Variable types: 58 continuous, 41 integer (41 binary)

Explored 0 nodes (0 simplex iterations) in 0.02 seconds
Thread count was 4 (of 4 available processors)

Solution count 1: 211 
Pool objective bound 211

Optimal solution found (tolerance 1.00e-03)
Best objective 2.110000000000e+02, best bound 2.109999999999e+02, gap 0.0000%

#######################################
TR: iteration 2 at stage 0
Added demands: [0, 1, 3]
Fixed demands: [4, 2]

Gurobi 7.0.2 (win64) logging started 03/16/17 16:42:16

Parameter LogFile unchanged
   Value: log-prop-18.log  Default: 
Parameter presolve unchanged
   Value: 2  Min: -1  Max: 2  Default: -1
Parameter mipgap unchanged
   Value: 0.001  Min: 0.0  Max: 1e+100  Default: 0.0001
Parameter method unchanged
   Value: -1  Min: -1  Max: 4  Default: -1
Parameter timelimit unchanged
   Value: 100.0  Min: 0.0  Max: 1e+100  Default: 1e+100
Parameter mipfocus unchanged
   Value: 1  Min: 0  Max: 3  Default: 0
Optimize a model with 1483 rows, 404 columns and 5510 nonzeros
Variable types: 217 continuous, 187 integer (181 binary)
Coefficient statistics:
  Matrix range     [1e+00, 2e+04]
  Objective range  [1e+00, 1e+00]
  Bounds range     [1e+00, 1e+04]
  RHS range        [1e+00, 6e+04]
Found heuristic solution: objective 246
Presolve removed 970 rows and 182 columns
Presolve time: 0.02s
Presolved: 513 rows, 222 columns, 1771 nonzeros

Loaded MIP start with objective 211

Variable types: 132 continuous, 90 integer (89 binary)
Presolve removed 19 rows and 6 columns
Presolved: 494 rows, 216 columns, 1724 nonzeros


Root relaxation: objective 1.485000e+02, 79 iterations, 0.00 seconds

    Nodes    |    Current Node    |     Objective Bounds      |     Work
 Expl Unexpl |  Obj  Depth IntInf | Incumbent    BestBd   Gap | It/Node Time

     0     0  148.50000    0    8  211.00000  148.50000  29.6%     -    0s
     0     0  148.50000    0   22  211.00000  148.50000  29.6%     -    0s
     0     0  152.05030    0   13  211.00000  152.05030  27.9%     -    0s
H    0     0                     211.0000000  152.05030  27.9%     -    0s
     0     0  152.05030    0   13  211.00000  152.05030  27.9%     -    0s
     0     0  163.50000    0    6  211.00000  163.50000  22.5%     -    0s
     0     0  166.14706    0   12  211.00000  166.14706  21.3%     -    0s
     0     0  168.00000    0   12  211.00000  168.00000  20.4%     -    0s
     0     0  169.26000    0    5  211.00000  169.26000  19.8%     -    0s
     0     0  178.50000    0    1  211.00000  178.50000  15.4%     -    0s
     0     0  178.50000    0    7  211.00000  178.50000  15.4%     -    0s
     0     0  178.50000    0    7  211.00000  178.50000  15.4%     -    0s
     0     0  178.50000    0   10  211.00000  178.50000  15.4%     -    0s
     0     0  178.50000    0   14  211.00000  178.50000  15.4%     -    0s
     0     0  178.50000    0   10  211.00000  178.50000  15.4%     -    0s
     0     0  178.50000    0   10  211.00000  178.50000  15.4%     -    0s
     0     0  178.50000    0    1  211.00000  178.50000  15.4%     -    0s
     0     2  178.50000    0    1  211.00000  178.50000  15.4%     -    0s

Cutting planes:
  Implied bound: 2
  MIR: 7
  Flow cover: 9

Explored 930 nodes (4511 simplex iterations) in 0.27 seconds
Thread count was 4 (of 4 available processors)

Solution count 3: 211 211 211 
Pool objective bound 211

Optimal solution found (tolerance 1.00e-03)
Best objective 2.109999999788e+02, best bound 2.109999999788e+02, gap 0.0000%

#######################################
GN: iteration 2 at stage 0
Added demands: [0, 1, 3]
Fixed demands: [4, 2]

Gurobi 7.0.2 (win64) logging started 03/16/17 16:42:17

Parameter LogFile unchanged
   Value: log-prop-18.log  Default: 
Parameter presolve unchanged
   Value: 2  Min: -1  Max: 2  Default: -1
Parameter mipgap unchanged
   Value: 0.001  Min: 0.0  Max: 1e+100  Default: 0.0001
Parameter method unchanged
   Value: -1  Min: -1  Max: 4  Default: -1
Parameter timelimit unchanged
   Value: 100.0  Min: 0.0  Max: 1e+100  Default: 1e+100
Parameter mipfocus unchanged
   Value: 1  Min: 0  Max: 3  Default: 0
Optimize a model with 4321 rows, 1412 columns and 11768 nonzeros
Variable types: 775 continuous, 637 integer (631 binary)
Coefficient statistics:
  Matrix range     [6e-01, 2e+04]
  Objective range  [1e+00, 1e+00]
  Bounds range     [1e+00, 1e+04]
  RHS range        [1e+00, 6e+04]
Found heuristic solution: objective 244
Presolve removed 3523 rows and 1093 columns
Presolve time: 0.03s
Presolved: 798 rows, 319 columns, 2619 nonzeros

Loaded MIP start with objective 211

Variable types: 175 continuous, 144 integer (144 binary)
Presolve removed 86 rows and 43 columns
Presolved: 712 rows, 276 columns, 2361 nonzeros


Root relaxation: objective 9.300000e+01, 66 iterations, 0.02 seconds

    Nodes    |    Current Node    |     Objective Bounds      |     Work
 Expl Unexpl |  Obj  Depth IntInf | Incumbent    BestBd   Gap | It/Node Time

     0     0   93.00000    0    4  211.00000   93.00000  55.9%     -    0s
     0     0   93.00000    0   19  211.00000   93.00000  55.9%     -    0s
     0     0   93.00000    0   23  211.00000   93.00000  55.9%     -    0s
     0     0   93.00000    0   23  211.00000   93.00000  55.9%     -    0s
     0     0   93.00000    0   16  211.00000   93.00000  55.9%     -    0s
     0     0   93.00000    0   20  211.00000   93.00000  55.9%     -    0s
     0     0  103.29589    0   31  211.00000  103.29589  51.0%     -    0s
     0     0  103.29589    0   28  211.00000  103.29589  51.0%     -    0s
     0     0  103.29589    0   13  211.00000  103.29589  51.0%     -    0s
     0     2  103.29589    0   13  211.00000  103.29589  51.0%     -    0s
H  370   130                     211.0000000  135.75000  35.7%  27.3    0s
H 3800   214                     210.9999999  179.50000  14.9%  16.8    1s
H 4400   153                     210.9999997  179.50000  14.9%  15.9    1s

Cutting planes:
  Gomory: 2
  Flow cover: 18
  Zero half: 2

Explored 8437 nodes (105208 simplex iterations) in 2.37 seconds
Thread count was 4 (of 4 available processors)

Solution count 4: 211 211 211 211 
Pool objective bound 211

Optimal solution found (tolerance 1.00e-03)
Best objective 2.109999997155e+02, best bound 2.109999997155e+02, gap 0.0000%

#######################################
TR: iteration 0 at stage 1
Added demands: [5, 6, 7, 8, 9]
Fixed demands: [0, 1, 2, 3, 4]

Gurobi 7.0.2 (win64) logging started 03/16/17 16:42:21

Changed value of parameter LogFile to log-prop-18.log
   Prev: gurobi.log  Default: 
Changed value of parameter presolve to 2
   Prev: -1  Min: -1  Max: 2  Default: -1
Changed value of parameter mipgap to 0.001
   Prev: 0.0001  Min: 0.0  Max: 1e+100  Default: 0.0001
Parameter method unchanged
   Value: -1  Min: -1  Max: 4  Default: -1
Changed value of parameter timelimit to 100.0
   Prev: 1e+100  Min: 0.0  Max: 1e+100  Default: 1e+100
Changed value of parameter mipfocus to 1
   Prev: 0  Min: 0  Max: 3  Default: 0
Optimize a model with 4803 rows, 844 columns and 20095 nonzeros
Variable types: 432 continuous, 412 integer (406 binary)
Coefficient statistics:
  Matrix range     [1e+00, 2e+04]
  Objective range  [1e+00, 1e+00]
  Bounds range     [1e+00, 1e+04]
  RHS range        [1e+00, 6e+04]
Found heuristic solution: objective 254
Presolve removed 3684 rows and 453 columns
Presolve time: 0.00s
Presolved: 1119 rows, 391 columns, 4173 nonzeros
Variable types: 221 continuous, 170 integer (167 binary)
Presolve removed 9 rows and 0 columns
Presolved: 1110 rows, 391 columns, 4145 nonzeros


Root relaxation: objective 2.110000e+02, 94 iterations, 0.00 seconds

    Nodes    |    Current Node    |     Objective Bounds      |     Work
 Expl Unexpl |  Obj  Depth IntInf | Incumbent    BestBd   Gap | It/Node Time

     0     0  211.00000    0    1  254.00000  211.00000  16.9%     -    0s
H    0     0                     250.0000000  211.00000  15.6%     -    0s
H    0     0                     211.0000000  211.00000  0.00%     -    0s

Explored 0 nodes (221 simplex iterations) in 0.06 seconds
Thread count was 4 (of 4 available processors)

Solution count 3: 211 250 254 
Pool objective bound 211

Optimal solution found (tolerance 1.00e-03)
Best objective 2.109999999999e+02, best bound 2.109999999999e+02, gap 0.0000%

#######################################
GN: iteration 0 at stage 1
Added demands: [5, 6, 7, 8, 9]
Fixed demands: [0, 1, 2, 3, 4]

Gurobi 7.0.2 (win64) logging started 03/16/17 16:42:21

Changed value of parameter LogFile to log-prop-18.log
   Prev: gurobi.log  Default: 
Changed value of parameter presolve to 2
   Prev: -1  Min: -1  Max: 2  Default: -1
Changed value of parameter mipgap to 0.001
   Prev: 0.0001  Min: 0.0  Max: 1e+100  Default: 0.0001
Parameter method unchanged
   Value: -1  Min: -1  Max: 4  Default: -1
Changed value of parameter timelimit to 100.0
   Prev: 1e+100  Min: 0.0  Max: 1e+100  Default: 1e+100
Changed value of parameter mipfocus to 1
   Prev: 0  Min: 0  Max: 3  Default: 0
Optimize a model with 13161 rows, 3742 columns and 39793 nonzeros
Variable types: 1530 continuous, 2212 integer (2206 binary)
Coefficient statistics:
  Matrix range     [5e-01, 2e+04]
  Objective range  [1e+00, 1e+00]
  Bounds range     [1e+00, 1e+04]
  RHS range        [1e+00, 6e+04]
Found heuristic solution: objective 296.5
Presolve removed 11119 rows and 2976 columns
Presolve time: 0.07s
Presolved: 2042 rows, 766 columns, 6760 nonzeros
Variable types: 417 continuous, 349 integer (349 binary)
Presolve removed 182 rows and 90 columns
Presolved: 1860 rows, 676 columns, 6239 nonzeros


Root relaxation: objective 2.110000e+02, 92 iterations, 0.01 seconds

    Nodes    |    Current Node    |     Objective Bounds      |     Work
 Expl Unexpl |  Obj  Depth IntInf | Incumbent    BestBd   Gap | It/Node Time

     0     0  211.00000    0    1  296.50000  211.00000  28.8%     -    0s
H    0     0                     245.0000000  211.00000  13.9%     -    0s
H    0     0                     211.0000000  211.00000  0.00%     -    0s

Explored 0 nodes (333 simplex iterations) in 0.12 seconds
Thread count was 4 (of 4 available processors)

Solution count 3: 211 245 296.5 
Pool objective bound 211

Optimal solution found (tolerance 1.00e-03)
Best objective 2.109999999999e+02, best bound 2.109999999999e+02, gap 0.0000%

#######################################
TR: iteration 1 at stage 1
Added demands: [3, 2, 9, 6, 4, 5, 0]
Fixed demands: [8, 7, 1]

Gurobi 7.0.2 (win64) logging started 03/16/17 16:42:21

Parameter LogFile unchanged
   Value: log-prop-18.log  Default: 
Parameter presolve unchanged
   Value: 2  Min: -1  Max: 2  Default: -1
Parameter mipgap unchanged
   Value: 0.001  Min: 0.0  Max: 1e+100  Default: 0.0001
Parameter method unchanged
   Value: -1  Min: -1  Max: 4  Default: -1
Parameter timelimit unchanged
   Value: 100.0  Min: 0.0  Max: 1e+100  Default: 1e+100
Parameter mipfocus unchanged
   Value: 1  Min: 0  Max: 3  Default: 0
Optimize a model with 4803 rows, 844 columns and 20095 nonzeros
Variable types: 432 continuous, 412 integer (406 binary)
Coefficient statistics:
  Matrix range     [1e+00, 2e+04]
  Objective range  [1e+00, 1e+00]
  Bounds range     [1e+00, 1e+04]
  RHS range        [1e+00, 6e+04]
Found heuristic solution: objective 258
Presolve removed 3107 rows and 323 columns
Presolve time: 0.02s
Presolved: 1696 rows, 521 columns, 6660 nonzeros

Loaded MIP start with objective 211

Variable types: 305 continuous, 216 integer (216 binary)
Presolve removed 27 rows and 8 columns
Presolved: 1669 rows, 513 columns, 6588 nonzeros


Root relaxation: objective 9.900000e+01, 136 iterations, 0.02 seconds

    Nodes    |    Current Node    |     Objective Bounds      |     Work
 Expl Unexpl |  Obj  Depth IntInf | Incumbent    BestBd   Gap | It/Node Time

     0     0   99.00000    0    7  211.00000   99.00000  53.1%     -    0s
     0     0   99.00000    0   25  211.00000   99.00000  53.1%     -    0s
     0     0   99.00000    0   40  211.00000   99.00000  53.1%     -    0s
     0     0   99.00000    0   40  211.00000   99.00000  53.1%     -    0s
     0     0   99.00000    0   36  211.00000   99.00000  53.1%     -    0s
     0     0   99.00000    0   35  211.00000   99.00000  53.1%     -    0s
     0     0   99.00000    0   31  211.00000   99.00000  53.1%     -    0s
     0     0   99.00000    0   30  211.00000   99.00000  53.1%     -    0s
     0     0   99.00000    0   13  211.00000   99.00000  53.1%     -    0s
H    0     0                     211.0000000   99.00000  53.1%     -    0s
     0     2   99.00000    0   11  211.00000   99.00000  53.1%     -    0s
 10375  1023 infeasible   42       211.00000  159.50000  24.4%   9.1    5s
H14800  1579                     211.0000000  168.50000  20.1%   9.7    6s
 27802  2289 infeasible   33       211.00000  169.50000  19.7%   9.9   10s
 39892  2837 infeasible   52       211.00000  170.50000  19.2%   9.7   15s
 57139  2002  171.50000   48   14  211.00000  170.86179  19.0%   9.6   20s
 72433  2466  180.75024   37   11  211.00000  178.50000  15.4%   9.4   25s
 91615  5322     cutoff   37       211.00000  179.50000  14.9%   9.5   30s
 107024  5323  179.50000   41    3  211.00000  179.50000  14.9%   9.5   35s
 120449  5931 infeasible   31       211.00000  179.50000  14.9%   9.4   40s
 136265  6959  181.50000   48    6  211.00000  179.50000  14.9%   9.4   45s
 152797  8780  199.00000   43   15  211.00000  179.50000  14.9%   9.3   50s
 167964  9974 infeasible   49       211.00000  179.67420  14.8%   9.2   55s
 183294 10399 infeasible   45       211.00000  180.50000  14.5%   9.2   60s
 198114  8918 infeasible   45       211.00000  180.50000  14.5%   9.2   65s
 213750  8148 infeasible   40       211.00000  180.50000  14.5%   9.1   70s
 226434  7321  180.50000   47   12  211.00000  180.50000  14.5%   9.1   75s
 239896  7110 infeasible   46       211.00000  180.50000  14.5%   9.0   80s
 253654  6990  180.50000   52   16  211.00000  180.50000  14.5%   9.0   85s
 270616  7037  180.50000   35   14  211.00000  180.50000  14.5%   8.9   90s
 284596  5480 infeasible   43       211.00000  181.50000  14.0%   8.9   95s
 295875  3690 infeasible   47       211.00000  181.50000  14.0%   8.9  100s

Cutting planes:
  Gomory: 12
  Cover: 8
  Implied bound: 7
  MIR: 100
  Flow cover: 132
  Inf proof: 2

Explored 296104 nodes (2631641 simplex iterations) in 100.02 seconds
Thread count was 4 (of 4 available processors)

Solution count 3: 211 211 211 
Pool objective bound 181.5

Time limit reached
Best objective 2.109999999576e+02, best bound 1.815000000000e+02, gap 13.9810%

#######################################
GN: iteration 1 at stage 1
Added demands: [3, 2, 9, 6, 4, 5, 0]
Fixed demands: [8, 7, 1]

Gurobi 7.0.2 (win64) logging started 03/16/17 16:44:01

Parameter LogFile unchanged
   Value: log-prop-18.log  Default: 
Parameter presolve unchanged
   Value: 2  Min: -1  Max: 2  Default: -1
Parameter mipgap unchanged
   Value: 0.001  Min: 0.0  Max: 1e+100  Default: 0.0001
Parameter method unchanged
   Value: -1  Min: -1  Max: 4  Default: -1
Parameter timelimit unchanged
   Value: 100.0  Min: 0.0  Max: 1e+100  Default: 1e+100
Parameter mipfocus unchanged
   Value: 1  Min: 0  Max: 3  Default: 0
Optimize a model with 13161 rows, 3742 columns and 39793 nonzeros
Variable types: 1530 continuous, 2212 integer (2206 binary)
Coefficient statistics:
  Matrix range     [5e-01, 2e+04]
  Objective range  [1e+00, 1e+00]
  Bounds range     [1e+00, 1e+04]
  RHS range        [1e+00, 6e+04]
Found heuristic solution: objective 241
Presolve removed 9796 rows and 2579 columns
Presolve time: 0.09s
Presolved: 3365 rows, 1163 columns, 11469 nonzeros

Loaded MIP start with objective 211

Variable types: 565 continuous, 598 integer (598 binary)
Presolve removed 258 rows and 126 columns
Presolved: 3107 rows, 1037 columns, 10746 nonzeros


Root relaxation: objective 1.735000e+02, 165 iterations, 0.02 seconds

    Nodes    |    Current Node    |     Objective Bounds      |     Work
 Expl Unexpl |  Obj  Depth IntInf | Incumbent    BestBd   Gap | It/Node Time

     0     0  173.50000    0    3  211.00000  173.50000  17.8%     -    0s
     0     0  173.50000    0   46  211.00000  173.50000  17.8%     -    0s
     0     0  173.50000    0   21  211.00000  173.50000  17.8%     -    0s
     0     0  173.50000    0   25  211.00000  173.50000  17.8%     -    0s
     0     0  173.50000    0   27  211.00000  173.50000  17.8%     -    0s
     0     0  173.50000    0   34  211.00000  173.50000  17.8%     -    0s
     0     0  173.50000    0   25  211.00000  173.50000  17.8%     -    0s
     0     0  173.50000    0   44  211.00000  173.50000  17.8%     -    0s
     0     0  173.50000    0    1  211.00000  173.50000  17.8%     -    0s
     0     2  173.50000    0    1  211.00000  173.50000  17.8%     -    0s
H  362   159                     211.0000000  173.50000  17.8%  53.3    1s
  1686   443 infeasible   34       211.00000  174.50000  17.3%  38.5    5s
  3531   702  174.50000   20   22  211.00000  174.50000  17.3%  44.0   10s
  4605   457  174.50000   24   23  211.00000  174.50000  17.3%  58.6   15s
  5882   315 infeasible   30       211.00000  174.50000  17.3%  70.6   20s
  7289   401  175.50000   36   18  211.00000  174.50000  17.3%  77.2   25s
  9425   581 infeasible   33       211.00000  175.48933  16.8%  78.8   30s
 10834   548  176.50000   27   48  211.00000  175.50000  16.8%  82.3   35s
H11611   570                     211.0000000  175.50000  16.8%  84.0   37s
 12445   526  175.50000   40   21  211.00000  175.50000  16.8%  85.8   41s
 13917   454  175.50000   32   26  211.00000  175.50000  16.8%  85.1   45s
 15861   370  176.50000   33   63  211.00000  176.50000  16.4%  85.1   50s
 16983   271  176.50000   34   74  211.00000  176.50000  16.4%  86.5   55s
 20290   320  179.74847   26   28  211.00000  179.50000  14.9%  81.1   60s
 24570   179  181.50000   38    9  211.00000  181.50000  14.0%  72.2   65s

Cutting planes:
  Gomory: 4
  Cover: 22
  Implied bound: 11
  MIR: 92
  Flow cover: 104
  Zero half: 3

Explored 29830 nodes (1875951 simplex iterations) in 69.73 seconds
Thread count was 4 (of 4 available processors)

Solution count 4: 211 211 211 211 
Pool objective bound 211

Optimal solution found (tolerance 1.00e-03)
Best objective 2.109999999576e+02, best bound 2.109999999576e+02, gap 0.0000%

#######################################
TR: iteration 2 at stage 1
Added demands: [1, 2, 3, 6, 7, 4, 0]
Fixed demands: [5, 9, 8]

Gurobi 7.0.2 (win64) logging started 03/16/17 16:45:11

Parameter LogFile unchanged
   Value: log-prop-18.log  Default: 
Parameter presolve unchanged
   Value: 2  Min: -1  Max: 2  Default: -1
Parameter mipgap unchanged
   Value: 0.001  Min: 0.0  Max: 1e+100  Default: 0.0001
Parameter method unchanged
   Value: -1  Min: -1  Max: 4  Default: -1
Parameter timelimit unchanged
   Value: 100.0  Min: 0.0  Max: 1e+100  Default: 1e+100
Parameter mipfocus unchanged
   Value: 1  Min: 0  Max: 3  Default: 0
Optimize a model with 4803 rows, 844 columns and 20095 nonzeros
Variable types: 432 continuous, 412 integer (406 binary)
Coefficient statistics:
  Matrix range     [1e+00, 2e+04]
  Objective range  [1e+00, 1e+00]
  Bounds range     [1e+00, 1e+04]
  RHS range        [1e+00, 6e+04]
Found heuristic solution: objective 344.5
Presolve removed 3120 rows and 323 columns
Presolve time: 0.02s
Presolved: 1683 rows, 521 columns, 6610 nonzeros

Loaded MIP start with objective 211

Variable types: 305 continuous, 216 integer (216 binary)
Presolve removed 33 rows and 10 columns
Presolved: 1650 rows, 511 columns, 6525 nonzeros


Root relaxation: objective 1.525000e+02, 167 iterations, 0.02 seconds

    Nodes    |    Current Node    |     Objective Bounds      |     Work
 Expl Unexpl |  Obj  Depth IntInf | Incumbent    BestBd   Gap | It/Node Time

     0     0  152.50000    0    6  211.00000  152.50000  27.7%     -    0s
     0     0  152.50000    0   19  211.00000  152.50000  27.7%     -    0s
     0     0  152.50000    0   18  211.00000  152.50000  27.7%     -    0s
     0     0  152.50000    0   19  211.00000  152.50000  27.7%     -    0s
     0     0  152.50000    0   25  211.00000  152.50000  27.7%     -    0s
     0     0  152.50000    0   24  211.00000  152.50000  27.7%     -    0s
     0     0  152.50000    0   25  211.00000  152.50000  27.7%     -    0s
     0     0  152.50000    0   27  211.00000  152.50000  27.7%     -    0s
     0     0  152.50000    0   25  211.00000  152.50000  27.7%     -    0s
     0     0  152.50000    0    5  211.00000  152.50000  27.7%     -    0s
H    0     2                     211.0000000  152.50000  27.7%     -    0s
     0     2  152.50000    0    2  211.00000  152.50000  27.7%     -    0s
H 3567   737                     211.0000000  152.50000  27.7%   9.3    4s
  3746   717  178.69900   32   22  211.00000  152.50000  27.7%   9.5    5s
  6824  1425  180.50000   38    5  211.00000  152.50000  27.7%  11.7   10s
 13201  3051  178.50000   30   11  211.00000  152.50000  27.7%  13.1   15s
 18399  4075  170.50000   45    8  211.00000  152.50000  27.7%  13.2   20s
 28326  5245 infeasible   38       211.00000  153.50000  27.3%  12.6   25s
 41176  6825  156.50000   42   11  211.00000  154.50000  26.8%  12.1   30s
 52208  8042 infeasible   37       211.00000  155.50000  26.3%  11.8   35s
 64579  9128 infeasible   41       211.00000  155.50000  26.3%  11.7   40s
 75107  9465  156.84493   34   18  211.00000  156.50000  25.8%  11.6   45s
 86887  9926  157.50000   40   23  211.00000  156.69101  25.7%  11.4   50s
 97892  9756 infeasible   42       211.00000  157.50000  25.4%  11.0   55s
 112252 10333 infeasible   38       211.00000  159.50000  24.4%  10.9   60s
 124903  9655  165.50000   40   11  211.00000  164.50000  22.0%  10.8   65s
 141296 11850  165.50000   35    8  211.00000  165.50000  21.6%  10.7   70s
 155953 12485  165.50000   39   13  211.00000  165.50000  21.6%  10.7   75s
 170333 13257 infeasible   42       211.00000  165.69683  21.5%  10.5   80s
 185239 12823  166.50000   43    6  211.00000  166.50000  21.1%  10.4   85s
 200720 11949 infeasible   44       211.00000  166.50000  21.1%  10.3   90s
 214410 10838  173.58027   28   33  211.00000  168.50000  20.1%  10.2   95s
 225944 12396  174.50000   34   21  211.00000  168.50000  20.1%  10.2  100s

Cutting planes:
  Gomory: 18
  Cover: 11
  Implied bound: 5
  MIR: 66
  Flow cover: 118
  Inf proof: 2

Explored 226088 nodes (2301944 simplex iterations) in 100.02 seconds
Thread count was 4 (of 4 available processors)

Solution count 4: 211 211 211 211 
Pool objective bound 168.5

Time limit reached
Best objective 2.109999999576e+02, best bound 1.685000000000e+02, gap 20.1422%

#######################################
GN: iteration 2 at stage 1
Added demands: [1, 2, 3, 6, 7, 4, 0]
Fixed demands: [5, 9, 8]

Gurobi 7.0.2 (win64) logging started 03/16/17 16:46:51

Parameter LogFile unchanged
   Value: log-prop-18.log  Default: 
Parameter presolve unchanged
   Value: 2  Min: -1  Max: 2  Default: -1
Parameter mipgap unchanged
   Value: 0.001  Min: 0.0  Max: 1e+100  Default: 0.0001
Parameter method unchanged
   Value: -1  Min: -1  Max: 4  Default: -1
Parameter timelimit unchanged
   Value: 100.0  Min: 0.0  Max: 1e+100  Default: 1e+100
Parameter mipfocus unchanged
   Value: 1  Min: 0  Max: 3  Default: 0
Optimize a model with 13161 rows, 3742 columns and 39793 nonzeros
Variable types: 1530 continuous, 2212 integer (2206 binary)
Coefficient statistics:
  Matrix range     [5e-01, 2e+04]
  Objective range  [1e+00, 1e+00]
  Bounds range     [1e+00, 1e+04]
  RHS range        [1e+00, 6e+04]
Found heuristic solution: objective 421
Presolve removed 9815 rows and 2582 columns
Presolve time: 0.11s
Presolved: 3346 rows, 1160 columns, 11429 nonzeros

Loaded MIP start with objective 211

Variable types: 563 continuous, 597 integer (597 binary)
Presolve removed 258 rows and 126 columns
Presolved: 3088 rows, 1034 columns, 10713 nonzeros


Root relaxation: objective 9.900000e+01, 202 iterations, 0.02 seconds

    Nodes    |    Current Node    |     Objective Bounds      |     Work
 Expl Unexpl |  Obj  Depth IntInf | Incumbent    BestBd   Gap | It/Node Time

     0     0   99.00000    0   14  211.00000   99.00000  53.1%     -    0s
     0     0   99.00000    0   65  211.00000   99.00000  53.1%     -    0s
     0     0   99.00000    0   66  211.00000   99.00000  53.1%     -    0s
     0     0   99.00000    0   54  211.00000   99.00000  53.1%     -    0s
     0     0   99.00000    0   66  211.00000   99.00000  53.1%     -    0s
     0     0   99.00000    0   62  211.00000   99.00000  53.1%     -    0s
     0     0   99.00000    0   57  211.00000   99.00000  53.1%     -    0s
     0     0   99.00000    0   71  211.00000   99.00000  53.1%     -    0s
     0     0   99.00000    0   83  211.00000   99.00000  53.1%     -    0s
     0     0   99.00000    0   25  211.00000   99.00000  53.1%     -    0s
H    0     0                     211.0000000   99.00000  53.1%     -    0s
     0     2   99.00000    0   25  211.00000   99.00000  53.1%     -    0s
  1366   606 infeasible   24       211.00000   99.00000  53.1%  45.9    5s
  2171   882  101.00000   22   30  211.00000   99.00000  53.1%  49.2   10s
  2790   962 infeasible   32       211.00000   99.00000  53.1%  54.7   15s
  4098  1053 infeasible   38       211.00000  135.50000  35.8%  61.4   20s
H 5234  1132                     210.9999999  136.50000  35.3%  65.7   23s
  6324  1347  136.50000   36   28  211.00000  136.50000  35.3%  64.6   25s
  7249  1553  146.50000   39   17  211.00000  136.50000  35.3%  63.1   32s
  8801  1812  165.50000   31    9  211.00000  136.66887  35.2%  60.5   35s
 12617  2456  146.50000   31   45  211.00000  141.50000  32.9%  57.3   40s
 14783  2956 infeasible   41       211.00000  145.75680  30.9%  62.4   45s
 17026  3499  178.50000   47  163  211.00000  146.50000  30.6%  66.0   50s
 18506  3913  170.50000   36   48  211.00000  146.50000  30.6%  69.2   55s
 20199  4300  166.50000   34  120  211.00000  146.50000  30.6%  71.0   60s
 21132  4585  170.50000   42   23  211.00000  146.50000  30.6%  72.2   65s
 22892  4971  169.50000   42   84  211.00000  146.50000  30.6%  74.8   70s
 24731  5343  181.50000   47  128  211.00000  146.50000  30.6%  74.1   75s
 26704  5757  151.50000   52  105  211.00000  146.70628  30.5%  75.5   80s
 28089  6127  180.50000   43   45  211.00000  147.50000  30.1%  76.6   86s
 29384  6435 infeasible   37       211.00000  147.50000  30.1%  77.5   90s
 30645  6743 infeasible   46       211.00000  147.50000  30.1%  78.5   95s
 31859  7030 infeasible   45       211.00000  147.50000  30.1%  79.3  100s

Cutting planes:
  Gomory: 9
  Cover: 1
  Implied bound: 8
  MIR: 116
  Flow cover: 167
  Zero half: 66

Explored 32226 nodes (2557008 simplex iterations) in 100.03 seconds
Thread count was 4 (of 4 available processors)

Solution count 3: 211 211 211 
Pool objective bound 147.5

Time limit reached
Best objective 2.109999998935e+02, best bound 1.475000000000e+02, gap 30.0948%

#######################################
TR: iteration 0 at stage 2
Added demands: [8, 9, 10, 11, 12, 13, 14]
Fixed demands: [0, 1, 2, 3, 4, 5, 6, 7]

Gurobi 7.0.2 (win64) logging started 03/16/17 16:48:34

Changed value of parameter LogFile to log-prop-18.log
   Prev: gurobi.log  Default: 
Changed value of parameter presolve to 2
   Prev: -1  Min: -1  Max: 2  Default: -1
Changed value of parameter mipgap to 0.001
   Prev: 0.0001  Min: 0.0  Max: 1e+100  Default: 0.0001
Parameter method unchanged
   Value: -1  Min: -1  Max: 4  Default: -1
Changed value of parameter timelimit to 100.0
   Prev: 1e+100  Min: 0.0  Max: 1e+100  Default: 1e+100
Changed value of parameter mipfocus to 1
   Prev: 0  Min: 0  Max: 3  Default: 0
Optimize a model with 9973 rows, 1334 columns and 43780 nonzeros
Variable types: 647 continuous, 687 integer (681 binary)
Coefficient statistics:
  Matrix range     [1e+00, 2e+04]
  Objective range  [1e+00, 1e+00]
  Bounds range     [1e+00, 1e+04]
  RHS range        [1e+00, 6e+04]
Found heuristic solution: objective 300.5
Presolve removed 8001 rows and 750 columns
Presolve time: 0.02s
Presolved: 1972 rows, 584 columns, 7718 nonzeros
Variable types: 318 continuous, 266 integer (265 binary)
Presolve removed 29 rows and 8 columns
Presolved: 1943 rows, 576 columns, 7642 nonzeros


Root relaxation: objective 2.110000e+02, 175 iterations, 0.00 seconds

    Nodes    |    Current Node    |     Objective Bounds      |     Work
 Expl Unexpl |  Obj  Depth IntInf | Incumbent    BestBd   Gap | It/Node Time

     0     0  211.00000    0    2  300.50000  211.00000  29.8%     -    0s
H    0     0                     277.0000000  211.00000  23.8%     -    0s
H    0     0                     233.0000000  211.00000  9.44%     -    0s
     0     0  211.00000    0    3  233.00000  211.00000  9.44%     -    0s
H    0     0                     219.0000000  211.00000  3.65%     -    0s
H    0     0                     218.9999996  211.00000  3.65%     -    0s
     0     0  211.00000    0    8  219.00000  211.00000  3.65%     -    0s
H    0     0                     211.0000000  211.00000  0.00%     -    0s
     0     0  211.00000    0    8  211.00000  211.00000  0.00%     -    0s

Cutting planes:
  Clique: 2
  MIR: 3
  StrongCG: 1

Explored 0 nodes (507 simplex iterations) in 0.14 seconds
Thread count was 4 (of 4 available processors)

Solution count 6: 211 219 219 ... 300.5
Pool objective bound 211

Optimal solution found (tolerance 1.00e-03)
Best objective 2.109999999999e+02, best bound 2.109999999999e+02, gap 0.0000%

#######################################
GN: iteration 0 at stage 2
Added demands: [8, 9, 10, 11, 12, 13, 14]
Fixed demands: [0, 1, 2, 3, 4, 5, 6, 7]

Gurobi 7.0.2 (win64) logging started 03/16/17 16:48:34

Changed value of parameter LogFile to log-prop-18.log
   Prev: gurobi.log  Default: 
Changed value of parameter presolve to 2
   Prev: -1  Min: -1  Max: 2  Default: -1
Changed value of parameter mipgap to 0.001
   Prev: 0.0001  Min: 0.0  Max: 1e+100  Default: 0.0001
Parameter method unchanged
   Value: -1  Min: -1  Max: 4  Default: -1
Changed value of parameter timelimit to 100.0
   Prev: 1e+100  Min: 0.0  Max: 1e+100  Default: 1e+100
Changed value of parameter mipfocus to 1
   Prev: 0  Min: 0  Max: 3  Default: 0
Optimize a model with 26551 rows, 7022 columns and 84118 nonzeros
Variable types: 2285 continuous, 4737 integer (4731 binary)
Coefficient statistics:
  Matrix range     [5e-01, 2e+04]
  Objective range  [1e+00, 1e+00]
  Bounds range     [1e+00, 1e+04]
  RHS range        [1e+00, 6e+04]
Found heuristic solution: objective 320.5
Presolve removed 22997 rows and 5801 columns
Presolve time: 0.14s
Presolved: 3554 rows, 1221 columns, 12199 nonzeros
Variable types: 582 continuous, 639 integer (639 binary)
Presolve removed 261 rows and 127 columns
Presolved: 3293 rows, 1094 columns, 11458 nonzeros


Root relaxation: objective 2.110000e+02, 147 iterations, 0.03 seconds

    Nodes    |    Current Node    |     Objective Bounds      |     Work
 Expl Unexpl |  Obj  Depth IntInf | Incumbent    BestBd   Gap | It/Node Time

     0     0  211.00000    0   15  320.50000  211.00000  34.2%     -    0s
H    0     0                     308.5000000  211.00000  31.6%     -    0s
H    0     0                     297.5000000  211.00000  29.1%     -    0s
H    0     0                     292.5000000  211.00000  27.9%     -    0s
H    0     0                     279.5000000  211.00000  24.5%     -    0s
     0     0  211.00000    0   23  279.50000  211.00000  24.5%     -    0s
H    0     0                     245.0000000  211.00000  13.9%     -    0s
H    0     0                     240.5000000  211.00000  12.3%     -    0s
     0     0  211.00000    0   37  240.50000  211.00000  12.3%     -    0s
H    0     0                     211.0000000  211.00000  0.00%     -    0s

Cutting planes:
  Implied bound: 2
  MIR: 9
  Flow cover: 3

Explored 0 nodes (1125 simplex iterations) in 0.36 seconds
Thread count was 4 (of 4 available processors)

Solution count 8: 211 240.5 245 ... 320.5
Pool objective bound 211

Optimal solution found (tolerance 1.00e-03)
Best objective 2.109999999999e+02, best bound 2.109999999999e+02, gap 0.0000%

#######################################
TR: iteration 1 at stage 2
Added demands: [1, 7, 5, 8, 4, 13, 3, 12, 0]
Fixed demands: [9, 10, 6, 14, 11, 2]

Gurobi 7.0.2 (win64) logging started 03/16/17 16:48:35

Parameter LogFile unchanged
   Value: log-prop-18.log  Default: 
Parameter presolve unchanged
   Value: 2  Min: -1  Max: 2  Default: -1
Parameter mipgap unchanged
   Value: 0.001  Min: 0.0  Max: 1e+100  Default: 0.0001
Parameter method unchanged
   Value: -1  Min: -1  Max: 4  Default: -1
Parameter timelimit unchanged
   Value: 100.0  Min: 0.0  Max: 1e+100  Default: 1e+100
Parameter mipfocus unchanged
   Value: 1  Min: 0  Max: 3  Default: 0
Optimize a model with 9973 rows, 1334 columns and 43780 nonzeros
Variable types: 647 continuous, 687 integer (681 binary)
Coefficient statistics:
  Matrix range     [1e+00, 2e+04]
  Objective range  [1e+00, 1e+00]
  Bounds range     [1e+00, 1e+04]
  RHS range        [1e+00, 6e+04]
Found heuristic solution: objective 339.5
Presolve removed 7331 rows and 620 columns
Presolve time: 0.02s
Presolved: 2642 rows, 714 columns, 10727 nonzeros

Loaded MIP start with objective 211

Variable types: 396 continuous, 318 integer (317 binary)
Presolve removed 40 rows and 12 columns
Presolved: 2602 rows, 702 columns, 10623 nonzeros


Root relaxation: objective 1.385000e+02, 215 iterations, 0.02 seconds

    Nodes    |    Current Node    |     Objective Bounds      |     Work
 Expl Unexpl |  Obj  Depth IntInf | Incumbent    BestBd   Gap | It/Node Time

     0     0  138.50000    0   10  211.00000  138.50000  34.4%     -    0s
     0     0  138.50000    0   34  211.00000  138.50000  34.4%     -    0s
     0     0  138.50000    0   33  211.00000  138.50000  34.4%     -    0s
     0     0  149.10606    0   30  211.00000  149.10606  29.3%     -    0s
     0     0  149.10606    0   33  211.00000  149.10606  29.3%     -    0s
     0     0  151.43647    0   47  211.00000  151.43647  28.2%     -    0s
     0     0  151.43647    0   47  211.00000  151.43647  28.2%     -    0s
     0     0  156.71245    0   48  211.00000  156.71245  25.7%     -    0s
     0     0  157.44866    0   43  211.00000  157.44866  25.4%     -    0s
H    0     0                     211.0000000  157.44866  25.4%     -    0s
     0     0  159.61408    0   10  211.00000  159.61408  24.4%     -    0s
     0     0  173.50000    0    4  211.00000  173.50000  17.8%     -    0s
     0     0  173.50000    0   13  211.00000  173.50000  17.8%     -    0s
     0     0  173.50000    0   11  211.00000  173.50000  17.8%     -    0s
     0     0  173.50000    0   22  211.00000  173.50000  17.8%     -    0s
     0     0  173.50000    0   33  211.00000  173.50000  17.8%     -    0s
     0     0  173.50000    0   30  211.00000  173.50000  17.8%     -    0s
     0     0  173.50000    0   26  211.00000  173.50000  17.8%     -    0s
     0     0  173.50000    0   25  211.00000  173.50000  17.8%     -    0s
     0     0  173.50000    0    4  211.00000  173.50000  17.8%     -    0s
     0     0  173.50000    0    5  211.00000  173.50000  17.8%     -    0s
     0     0  173.50000    0   16  211.00000  173.50000  17.8%     -    0s
     0     0  173.50000    0   21  211.00000  173.50000  17.8%     -    0s
     0     0  173.50000    0   26  211.00000  173.50000  17.8%     -    0s
     0     0  173.50000    0   32  211.00000  173.50000  17.8%     -    0s
     0     0  173.50000    0   32  211.00000  173.50000  17.8%     -    0s
     0     0  173.50000    0   37  211.00000  173.50000  17.8%     -    0s
     0     0  173.50000    0   36  211.00000  173.50000  17.8%     -    0s
     0     0  173.50000    0   10  211.00000  173.50000  17.8%     -    0s
     0     2  173.50000    0   10  211.00000  173.50000  17.8%     -    0s
  4280   733  194.00000   33    8  211.00000  173.50000  17.8%   9.2    5s
  6686   402  174.50000   31   10  211.00000  173.50000  17.8%  12.0   10s

Cutting planes:
  Learned: 4
  Gomory: 7
  Cover: 8
  Implied bound: 5
  MIR: 60
  Flow cover: 77

Explored 14840 nodes (200717 simplex iterations) in 13.98 seconds
Thread count was 4 (of 4 available processors)

Solution count 5: 211 211 211 ... 211
Pool objective bound 211

Optimal solution found (tolerance 1.00e-03)
Best objective 2.109999999788e+02, best bound 2.109999999788e+02, gap 0.0000%

#######################################
GN: iteration 1 at stage 2
Added demands: [1, 7, 5, 8, 4, 13, 3, 12, 0]
Fixed demands: [9, 10, 6, 14, 11, 2]

Gurobi 7.0.2 (win64) logging started 03/16/17 16:48:49

Parameter LogFile unchanged
   Value: log-prop-18.log  Default: 
Parameter presolve unchanged
   Value: 2  Min: -1  Max: 2  Default: -1
Parameter mipgap unchanged
   Value: 0.001  Min: 0.0  Max: 1e+100  Default: 0.0001
Parameter method unchanged
   Value: -1  Min: -1  Max: 4  Default: -1
Parameter timelimit unchanged
   Value: 100.0  Min: 0.0  Max: 1e+100  Default: 1e+100
Parameter mipfocus unchanged
   Value: 1  Min: 0  Max: 3  Default: 0
Optimize a model with 26551 rows, 7022 columns and 84118 nonzeros
Variable types: 2285 continuous, 4737 integer (4731 binary)
Coefficient statistics:
  Matrix range     [5e-01, 2e+04]
  Objective range  [1e+00, 1e+00]
  Bounds range     [1e+00, 1e+04]
  RHS range        [1e+00, 6e+04]
Found heuristic solution: objective 421
Presolve removed 21297 rows and 5323 columns
Presolve time: 0.22s
Presolved: 5254 rows, 1699 columns, 18342 nonzeros

Loaded MIP start with objective 211

Variable types: 732 continuous, 967 integer (967 binary)
Presolve removed 330 rows and 158 columns
Presolved: 4924 rows, 1541 columns, 17404 nonzeros


Root relaxation: objective 2.050000e+02, 233 iterations, 0.03 seconds

    Nodes    |    Current Node    |     Objective Bounds      |     Work
 Expl Unexpl |  Obj  Depth IntInf | Incumbent    BestBd   Gap | It/Node Time

     0     0  205.00000    0    5  211.00000  205.00000  2.84%     -    0s
     0     0  205.00000    0   29  211.00000  205.00000  2.84%     -    0s
     0     0  205.00000    0   45  211.00000  205.00000  2.84%     -    0s
     0     0  205.00000    0   46  211.00000  205.00000  2.84%     -    0s
     0     0  205.00000    0   40  211.00000  205.00000  2.84%     -    0s
     0     0  205.00000    0   40  211.00000  205.00000  2.84%     -    0s
     0     0  205.00000    0   33  211.00000  205.00000  2.84%     -    0s
     0     0  205.00000    0   15  211.00000  205.00000  2.84%     -    0s
     0     0  205.00000    0    2  211.00000  205.00000  2.84%     -    0s
     0     2  205.00000    0    2  211.00000  205.00000  2.84%     -    1s
H   42    42                     211.0000000  205.00000  2.84%  23.9    1s
  1164   322  206.00000   21  145  211.00000  205.00000  2.84%  73.1    5s
  2142   654  206.00000   23    2  211.00000  205.00000  2.84%  84.9   10s
  2546   652  205.00000   34   10  211.00000  205.00000  2.84%  32.2   15s
  3411   459  205.01695   21   15  211.00000  205.00000  2.84%  63.8   20s
  4277   328  205.00000   24   32  211.00000  205.00000  2.84%  82.9   25s
  5433   397  206.00000   30   69  211.00000  205.00000  2.84%  92.3   30s
  6789   466  206.00000   27   67  211.00000  205.00000  2.84%   100   36s
  7799   545  206.00000   28   63  211.00000  205.00000  2.84%   102   40s
  9294   655  205.00000   32   85  211.00000  205.00000  2.84%   108   47s
  9882   676  205.00000   25    4  211.00000  205.00000  2.84%   111   50s
 10791   728  206.00000   31   28  211.00000  205.00000  2.84%   115   55s
 11563   769  206.00000   39   70  211.00000  205.11573  2.79%   119   60s
 12457   922  207.00000   41   13  211.00000  206.00000  2.37%   123   66s
 13289   969 infeasible   30       211.00000  206.00000  2.37%   124   70s
 14325  1003  206.00000   32   36  211.00000  206.00000  2.37%   123   75s
 16057  1028  206.00000   28   57  211.00000  206.00000  2.37%   120   80s
 17490  1005  206.00000   33   56  211.00000  206.00000  2.37%   120   86s
 18433  1033 infeasible   30       211.00000  206.00000  2.37%   120   91s
 19189  1160  207.00000   32  100  211.00000  206.00000  2.37%   122   95s
 20034  1240  206.00000   28  105  211.00000  206.00000  2.37%   124  100s

Cutting planes:
  Learned: 1
  Gomory: 3
  Cover: 14
  Implied bound: 1
  MIR: 107
  Flow cover: 89

Explored 20045 nodes (2667661 simplex iterations) in 100.01 seconds
Thread count was 4 (of 4 available processors)

Solution count 2: 211 211 
Pool objective bound 206

Time limit reached
Best objective 2.109999999788e+02, best bound 2.059999999999e+02, gap 2.3697%

#######################################
TR: iteration 2 at stage 2
Added demands: [4, 3, 12, 6, 0, 7, 2, 9, 13, 1]
Fixed demands: [8, 14, 11, 10, 5]

Gurobi 7.0.2 (win64) logging started 03/16/17 16:50:29

Parameter LogFile unchanged
   Value: log-prop-18.log  Default: 
Parameter presolve unchanged
   Value: 2  Min: -1  Max: 2  Default: -1
Parameter mipgap unchanged
   Value: 0.001  Min: 0.0  Max: 1e+100  Default: 0.0001
Parameter method unchanged
   Value: -1  Min: -1  Max: 4  Default: -1
Parameter timelimit unchanged
   Value: 100.0  Min: 0.0  Max: 1e+100  Default: 1e+100
Parameter mipfocus unchanged
   Value: 1  Min: 0  Max: 3  Default: 0
Optimize a model with 9973 rows, 1334 columns and 43780 nonzeros
Variable types: 647 continuous, 687 integer (681 binary)
Coefficient statistics:
  Matrix range     [1e+00, 2e+04]
  Objective range  [1e+00, 1e+00]
  Bounds range     [1e+00, 1e+04]
  RHS range        [1e+00, 6e+04]
Found heuristic solution: objective 282.5
Presolve removed 6923 rows and 551 columns
Presolve time: 0.03s
Presolved: 3050 rows, 783 columns, 12561 nonzeros

Loaded MIP start with objective 211

Variable types: 436 continuous, 347 integer (345 binary)
Presolve removed 47 rows and 14 columns
Presolved: 3003 rows, 769 columns, 12440 nonzeros


Root relaxation: objective 1.655000e+02, 226 iterations, 0.02 seconds

    Nodes    |    Current Node    |     Objective Bounds      |     Work
 Expl Unexpl |  Obj  Depth IntInf | Incumbent    BestBd   Gap | It/Node Time

     0     0  165.50000    0    5  211.00000  165.50000  21.6%     -    0s
     0     0  165.50000    0   21  211.00000  165.50000  21.6%     -    0s
     0     0  165.50000    0   27  211.00000  165.50000  21.6%     -    0s
     0     0  165.50000    0   27  211.00000  165.50000  21.6%     -    0s
     0     0  165.50000    0   25  211.00000  165.50000  21.6%     -    0s
     0     0  165.50000    0   27  211.00000  165.50000  21.6%     -    0s
     0     0  165.50000    0   14  211.00000  165.50000  21.6%     -    0s
     0     0  165.50000    0   25  211.00000  165.50000  21.6%     -    0s
     0     0  165.50000    0    5  211.00000  165.50000  21.6%     -    0s
     0     0  173.50000    0    5  211.00000  173.50000  17.8%     -    0s
     0     0  173.50000    0   18  211.00000  173.50000  17.8%     -    0s
     0     0  173.50000    0   15  211.00000  173.50000  17.8%     -    0s
     0     0  173.50000    0   24  211.00000  173.50000  17.8%     -    0s
     0     0  173.50000    0   23  211.00000  173.50000  17.8%     -    0s
     0     0  173.50000    0   25  211.00000  173.50000  17.8%     -    0s
     0     0  173.50000    0   25  211.00000  173.50000  17.8%     -    0s
     0     0  173.50000    0   25  211.00000  173.50000  17.8%     -    0s
     0     0  173.50000    0   29  211.00000  173.50000  17.8%     -    0s
     0     0  173.50000    0    2  211.00000  173.50000  17.8%     -    0s
     0     0  173.50000    0    8  211.00000  173.50000  17.8%     -    0s
     0     0  173.50000    0   22  211.00000  173.50000  17.8%     -    0s
     0     0  173.50000    0   21  211.00000  173.50000  17.8%     -    0s
     0     0  173.50000    0   32  211.00000  173.50000  17.8%     -    0s
     0     0  173.50000    0   30  211.00000  173.50000  17.8%     -    0s
     0     0  173.50000    0   34  211.00000  173.50000  17.8%     -    0s
     0     0  173.50000    0   40  211.00000  173.50000  17.8%     -    0s
     0     0  173.50000    0   31  211.00000  173.50000  17.8%     -    0s
     0     0  173.50000    0   38  211.00000  173.50000  17.8%     -    0s
     0     0  173.50000    0    3  211.00000  173.50000  17.8%     -    0s
     0     2  173.50000    0    3  211.00000  173.50000  17.8%     -    1s
H  133    57                     211.0000000  173.50000  17.8%  19.4    1s
  3893   671 infeasible   24       211.00000  173.50000  17.8%  15.0    5s
  7708   766  174.50000   28   15  211.00000  173.50000  17.8%  17.3   10s
 15208  1237 infeasible   25       211.00000  174.50000  17.3%  17.0   15s
H18263  1567                     211.0000000  174.50000  17.3%  16.9   17s
 21830  1807  174.50000   30   30  211.00000  174.50000  17.3%  16.5   20s
 28375  1982 infeasible   37       211.00000  175.50000  16.8%  16.2   25s
 38572  2371  178.50000   38    6  211.00000  178.50000  15.4%  15.5   30s
 49403  2914  179.50000   31   19  211.00000  178.50000  15.4%  14.9   35s
 60872  2903     cutoff   37       211.00000  179.50000  14.9%  14.5   40s
 71246  2754     cutoff   33       211.00000  179.50000  14.9%  14.3   45s
 81487  2668 infeasible   41       211.00000  179.50000  14.9%  14.0   50s
 92610  2134  180.50000   31   28  211.00000  180.50000  14.5%  13.8   55s
 104570  1738  193.00000   41    7  211.00000  193.00000  8.53%  13.8   60s
 115962  1281 infeasible   34       211.00000  193.00000  8.53%  13.7   65s
H121535  1153                     210.9999996  194.00000  8.06%  13.6   66s
 129926   651 infeasible   37       211.00000  198.00000  6.16%  13.4   70s
 142996   727 infeasible   32       211.00000  201.00000  4.74%  13.3   75s

Cutting planes:
  Learned: 3
  Gomory: 7
  Cover: 14
  Implied bound: 5
  MIR: 105
  Flow cover: 148
  Inf proof: 1

Explored 153154 nodes (2042419 simplex iterations) in 79.03 seconds
Thread count was 4 (of 4 available processors)

Solution count 5: 211 211 211 ... 211
Pool objective bound 211

Optimal solution found (tolerance 1.00e-03)
Best objective 2.110000000000e+02, best bound 2.110000000000e+02, gap 0.0000%

#######################################
GN: iteration 2 at stage 2
Added demands: [4, 3, 12, 6, 0, 7, 2, 9, 13, 1]
Fixed demands: [8, 14, 11, 10, 5]

Gurobi 7.0.2 (win64) logging started 03/16/17 16:51:48

Parameter LogFile unchanged
   Value: log-prop-18.log  Default: 
Parameter presolve unchanged
   Value: 2  Min: -1  Max: 2  Default: -1
Parameter mipgap unchanged
   Value: 0.001  Min: 0.0  Max: 1e+100  Default: 0.0001
Parameter method unchanged
   Value: -1  Min: -1  Max: 4  Default: -1
Parameter timelimit unchanged
   Value: 100.0  Min: 0.0  Max: 1e+100  Default: 1e+100
Parameter mipfocus unchanged
   Value: 1  Min: 0  Max: 3  Default: 0
Optimize a model with 26551 rows, 7022 columns and 84118 nonzeros
Variable types: 2285 continuous, 4737 integer (4731 binary)
Coefficient statistics:
  Matrix range     [5e-01, 2e+04]
  Objective range  [1e+00, 1e+00]
  Bounds range     [1e+00, 1e+04]
  RHS range        [1e+00, 6e+04]
Found heuristic solution: objective 328.5
Presolve removed 20338 rows and 5060 columns
Presolve time: 0.23s
Presolved: 6213 rows, 1962 columns, 21777 nonzeros

Loaded MIP start with objective 211

Variable types: 806 continuous, 1156 integer (1156 binary)
Presolve removed 369 rows and 176 columns
Presolved: 5844 rows, 1786 columns, 20770 nonzeros


Root relaxation: objective 1.655000e+02, 319 iterations, 0.05 seconds

    Nodes    |    Current Node    |     Objective Bounds      |     Work
 Expl Unexpl |  Obj  Depth IntInf | Incumbent    BestBd   Gap | It/Node Time

     0     0  165.50000    0    9  211.00000  165.50000  21.6%     -    0s
     0     0  165.50000    0   40  211.00000  165.50000  21.6%     -    0s
     0     0  165.50000    0   34  211.00000  165.50000  21.6%     -    0s
     0     0  165.50000    0   27  211.00000  165.50000  21.6%     -    0s
     0     0  165.50000    0   40  211.00000  165.50000  21.6%     -    0s
     0     0  165.50000    0   33  211.00000  165.50000  21.6%     -    0s
     0     0  165.50000    0   32  211.00000  165.50000  21.6%     -    0s
     0     0  165.50000    0   44  211.00000  165.50000  21.6%     -    0s
     0     0  165.50000    0   40  211.00000  165.50000  21.6%     -    0s
     0     0  165.50000    0    3  211.00000  165.50000  21.6%     -    0s
     0     2  165.50000    0    2  211.00000  165.50000  21.6%     -    1s
H  390   185                     211.0000000  165.50000  21.6%  36.8    1s
   848   382 infeasible   25       211.00000  165.50000  21.6%  78.9    5s
  1450   633 infeasible   24       211.00000  165.50000  21.6%  89.7   10s
H 2100   845                     211.0000000  165.50000  21.6%  87.2   14s
  2120   855  168.50000   24   39  211.00000  165.50000  21.6%  86.6   15s
  2494   862  166.50000   29  144  211.00000  165.50000  21.6%  97.4   21s
  2580   873  166.50000   32  108  211.00000  165.50000  21.6%   107   25s
  2814   863  180.50000   37  133  211.00000  165.50000  21.6%   128   30s
  3113   855  179.50000   27  173  211.00000  165.50000  21.6%   136   35s
  3261   856 infeasible   35       211.00000  165.50000  21.6%   149   40s
  3428   839 infeasible   40       211.00000  165.50000  21.6%   157   46s
  3663   869  173.50000   26   71  211.00000  165.50000  21.6%   168   50s
  4081   834  178.51216   24   42  211.00000  165.50000  21.6%   174   56s
  4367   823  178.50000   39   15  211.00000  165.50000  21.6%   181   61s
  4774   850  178.50000   30   42  211.00000  165.50000  21.6%   186   67s
  4914   876  165.52340   36   91  211.00000  165.50000  21.6%   190   71s
  5220   897 infeasible   43       211.00000  165.50000  21.6%   196   77s
  5470   954 infeasible   23       211.00000  165.50000  21.6%   198   80s
  5645  1011  180.50000   29   82  211.00000  165.50000  21.6%   208   85s
  6152  1137  166.50000   33  128  211.00000  165.50000  21.6%   211   93s
  6323  1167  179.50000   29   47  211.00000  165.50000  21.6%   214   96s
  6568  1209  167.50000   34  119  211.00000  165.50000  21.6%   215  100s

Cutting planes:
  Gomory: 2
  Cover: 12
  Implied bound: 3
  MIR: 79
  Flow cover: 91
  Zero half: 5

Explored 6665 nodes (1459900 simplex iterations) in 100.02 seconds
Thread count was 4 (of 4 available processors)

Solution count 4: 211 211 211 211 
Pool objective bound 165.5

Time limit reached
Best objective 2.109999999576e+02, best bound 1.655000000000e+02, gap 21.5640%

#######################################
TR: iteration 0 at stage 3
Added demands: [10, 11, 12, 13, 14, 15, 16, 17, 18, 19]
Fixed demands: [0, 1, 2, 3, 4, 5, 6, 7, 8, 9]

Gurobi 7.0.2 (win64) logging started 03/16/17 16:53:34

Changed value of parameter LogFile to log-prop-18.log
   Prev: gurobi.log  Default: 
Changed value of parameter presolve to 2
   Prev: -1  Min: -1  Max: 2  Default: -1
Changed value of parameter mipgap to 0.001
   Prev: 0.0001  Min: 0.0  Max: 1e+100  Default: 0.0001
Parameter method unchanged
   Value: -1  Min: -1  Max: 4  Default: -1
Changed value of parameter timelimit to 100.0
   Prev: 1e+100  Min: 0.0  Max: 1e+100  Default: 1e+100
Changed value of parameter mipfocus to 1
   Prev: 0  Min: 0  Max: 3  Default: 0
Optimize a model with 16993 rows, 1874 columns and 76565 nonzeros
Variable types: 862 continuous, 1012 integer (1006 binary)
Coefficient statistics:
  Matrix range     [1e+00, 2e+04]
  Objective range  [1e+00, 1e+00]
  Bounds range     [1e+00, 1e+04]
  RHS range        [1e+00, 6e+04]
Found heuristic solution: objective 357
Presolve removed 13552 rows and 1018 columns
Presolve time: 0.05s
Presolved: 3441 rows, 856 columns, 14083 nonzeros
Variable types: 447 continuous, 409 integer (406 binary)
Presolve removed 35 rows and 10 columns
Presolved: 3406 rows, 846 columns, 13988 nonzeros


Root relaxation: objective 2.110000e+02, 223 iterations, 0.02 seconds

    Nodes    |    Current Node    |     Objective Bounds      |     Work
 Expl Unexpl |  Obj  Depth IntInf | Incumbent    BestBd   Gap | It/Node Time

     0     0  211.00000    0    6  357.00000  211.00000  40.9%     -    0s
H    0     0                     309.5000000  211.00000  31.8%     -    0s
H    0     0                     277.5000000  211.00000  24.0%     -    0s
     0     0  211.00000    0   18  277.50000  211.00000  24.0%     -    0s
H    0     0                     277.0000000  211.00000  23.8%     -    0s
H    0     0                     275.5000000  211.00000  23.4%     -    0s
     0     0  211.00000    0   18  275.50000  211.00000  23.4%     -    0s
     0     0  243.00000    0   17  275.50000  243.00000  11.8%     -    0s
     0     0  243.00000    0   17  275.50000  243.00000  11.8%     -    0s
     0     0  243.00000    0   13  275.50000  243.00000  11.8%     -    0s
H    0     0                     272.5000000  243.00000  10.8%     -    0s
     0     0  243.00000    0   21  272.50000  243.00000  10.8%     -    0s
     0     0  243.00000    0   21  272.50000  243.00000  10.8%     -    0s
     0     0  243.00000    0    2  272.50000  243.00000  10.8%     -    0s
H    0     0                     272.0000000  243.00000  10.7%     -    0s
     0     0     cutoff    0       272.00000  272.00000  0.00%     -    0s

Explored 0 nodes (947 simplex iterations) in 0.48 seconds
Thread count was 4 (of 4 available processors)

Solution count 7: 272 272.5 275.5 ... 357
Pool objective bound 272

Optimal solution found (tolerance 1.00e-03)
Best objective 2.720000000000e+02, best bound 2.720000000000e+02, gap 0.0000%

Gurobi 7.0.2 (win64) logging started 03/16/17 16:53:34

Parameter LogFile unchanged
   Value: log-prop-18.log  Default: 
Parameter presolve unchanged
   Value: 2  Min: -1  Max: 2  Default: -1
Parameter mipgap unchanged
   Value: 0.001  Min: 0.0  Max: 1e+100  Default: 0.0001
Parameter method unchanged
   Value: -1  Min: -1  Max: 4  Default: -1
Parameter timelimit unchanged
   Value: 100.0  Min: 0.0  Max: 1e+100  Default: 1e+100
Parameter mipfocus unchanged
   Value: 1  Min: 0  Max: 3  Default: 0
Optimize a model with 16993 rows, 1874 columns and 76565 nonzeros
Variable types: 862 continuous, 1012 integer (1006 binary)
Coefficient statistics:
  Matrix range     [1e+00, 2e+04]
  Objective range  [1e+00, 1e+00]
  Bounds range     [1e+00, 1e+04]
  RHS range        [1e+00, 6e+04]
Presolved: 3441 rows, 856 columns, 14083 nonzeros

Continuing optimization...


Explored 0 nodes (947 simplex iterations) in 0.02 seconds
Thread count was 4 (of 4 available processors)

Solution count 7: 272 272.5 275.5 ... 357
Pool objective bound 272

Optimal solution found (tolerance 1.00e-03)
Best objective 2.720000000000e+02, best bound 2.720000000000e+02, gap 0.0000%

#######################################
GN: iteration 0 at stage 3
Added demands: [10, 11, 12, 13, 14, 15, 16, 17, 18, 19]
Fixed demands: [0, 1, 2, 3, 4, 5, 6, 7, 8, 9]

Gurobi 7.0.2 (win64) logging started 03/16/17 16:53:34

Changed value of parameter LogFile to log-prop-18.log
   Prev: gurobi.log  Default: 
Changed value of parameter presolve to 2
   Prev: -1  Min: -1  Max: 2  Default: -1
Changed value of parameter mipgap to 0.001
   Prev: 0.0001  Min: 0.0  Max: 1e+100  Default: 0.0001
Parameter method unchanged
   Value: -1  Min: -1  Max: 4  Default: -1
Changed value of parameter timelimit to 100.0
   Prev: 1e+100  Min: 0.0  Max: 1e+100  Default: 1e+100
Changed value of parameter mipfocus to 1
   Prev: 0  Min: 0  Max: 3  Default: 0
Optimize a model with 44491 rows, 11252 columns and 144743 nonzeros
Variable types: 3040 continuous, 8212 integer (8206 binary)
Coefficient statistics:
  Matrix range     [5e-01, 2e+04]
  Objective range  [1e+00, 1e+00]
  Bounds range     [1e+00, 1e+04]
  RHS range        [1e+00, 6e+04]
Found heuristic solution: objective 424
Presolve removed 37976 rows and 9211 columns
Presolve time: 0.31s
Presolved: 6515 rows, 2041 columns, 23028 nonzeros
Variable types: 827 continuous, 1214 integer (1214 binary)
Presolve removed 365 rows and 176 columns
Presolved: 6150 rows, 1865 columns, 21967 nonzeros


Root relaxation: objective 2.110000e+02, 247 iterations, 0.05 seconds

    Nodes    |    Current Node    |     Objective Bounds      |     Work
 Expl Unexpl |  Obj  Depth IntInf | Incumbent    BestBd   Gap | It/Node Time

     0     0  211.00000    0    6  424.00000  211.00000  50.2%     -    0s
H    0     0                     304.5000000  211.00000  30.7%     -    0s
H    0     0                     275.5000000  211.00000  23.4%     -    0s
H    0     0                     260.0000000  211.00000  18.8%     -    0s
     0     0  211.00000    0   14  260.00000  211.00000  18.8%     -    0s
     0     0  211.00000    0    5  260.00000  211.00000  18.8%     -    0s
     0     0  238.00000    0    2  260.00000  238.00000  8.46%     -    0s
H    0     0                     251.0000000  238.00000  5.18%     -    0s
H    0     0                     250.0000000  238.00000  4.80%     -    0s
     0     0  238.00000    0    8  250.00000  238.00000  4.80%     -    1s
H    0     0                     238.0000000  238.00000  0.00%     -    1s

Cutting planes:
  Implied bound: 9
  MIR: 2

Explored 0 nodes (1861 simplex iterations) in 1.06 seconds
Thread count was 4 (of 4 available processors)

Solution count 8: 238 250 251 ... 424
Pool objective bound 238

Optimal solution found (tolerance 1.00e-03)
Best objective 2.380000000000e+02, best bound 2.380000000000e+02, gap 0.0000%

Gurobi 7.0.2 (win64) logging started 03/16/17 16:53:35

Parameter LogFile unchanged
   Value: log-prop-18.log  Default: 
Parameter presolve unchanged
   Value: 2  Min: -1  Max: 2  Default: -1
Parameter mipgap unchanged
   Value: 0.001  Min: 0.0  Max: 1e+100  Default: 0.0001
Parameter method unchanged
   Value: -1  Min: -1  Max: 4  Default: -1
Parameter timelimit unchanged
   Value: 100.0  Min: 0.0  Max: 1e+100  Default: 1e+100
Parameter mipfocus unchanged
   Value: 1  Min: 0  Max: 3  Default: 0
Optimize a model with 44491 rows, 11252 columns and 144743 nonzeros
Variable types: 3040 continuous, 8212 integer (8206 binary)
Coefficient statistics:
  Matrix range     [5e-01, 2e+04]
  Objective range  [1e+00, 1e+00]
  Bounds range     [1e+00, 1e+04]
  RHS range        [1e+00, 6e+04]
Presolved: 6515 rows, 2041 columns, 23028 nonzeros

Continuing optimization...


Cutting planes:
  Implied bound: 9
  MIR: 2

Explored 0 nodes (1861 simplex iterations) in 0.02 seconds
Thread count was 4 (of 4 available processors)

Solution count 8: 238 250 251 ... 424
Pool objective bound 238

Optimal solution found (tolerance 1.00e-03)
Best objective 2.380000000000e+02, best bound 2.380000000000e+02, gap 0.0000%

#######################################
TR: iteration 1 at stage 3
Added demands: [10, 11, 0, 8, 12, 13, 5, 6, 2, 19]
Fixed demands: [9, 7, 1, 3, 4, 14, 18, 16, 17, 15]

Gurobi 7.0.2 (win64) logging started 03/16/17 16:53:35

Parameter LogFile unchanged
   Value: log-prop-18.log  Default: 
Parameter presolve unchanged
   Value: 2  Min: -1  Max: 2  Default: -1
Parameter mipgap unchanged
   Value: 0.001  Min: 0.0  Max: 1e+100  Default: 0.0001
Parameter method unchanged
   Value: -1  Min: -1  Max: 4  Default: -1
Parameter timelimit unchanged
   Value: 100.0  Min: 0.0  Max: 1e+100  Default: 1e+100
Parameter mipfocus unchanged
   Value: 1  Min: 0  Max: 3  Default: 0
Optimize a model with 16993 rows, 1874 columns and 76565 nonzeros
Variable types: 862 continuous, 1012 integer (1006 binary)
Coefficient statistics:
  Matrix range     [1e+00, 2e+04]
  Objective range  [1e+00, 1e+00]
  Bounds range     [1e+00, 1e+04]
  RHS range        [1e+00, 6e+04]
Found heuristic solution: objective 457.5
Presolve removed 13691 rows and 1031 columns
Presolve time: 0.05s
Presolved: 3302 rows, 843 columns, 13547 nonzeros

Loaded MIP start with objective 272

Variable types: 443 continuous, 400 integer (398 binary)
Presolve removed 37 rows and 10 columns
Presolved: 3265 rows, 833 columns, 13448 nonzeros


Root relaxation: objective 1.785000e+02, 270 iterations, 0.02 seconds

    Nodes    |    Current Node    |     Objective Bounds      |     Work
 Expl Unexpl |  Obj  Depth IntInf | Incumbent    BestBd   Gap | It/Node Time

     0     0  178.50000    0    8  272.00000  178.50000  34.4%     -    0s
H    0     0                     265.0000000  178.50000  32.6%     -    0s
     0     0  178.50000    0   27  265.00000  178.50000  32.6%     -    0s
H    0     0                     258.0000000  178.50000  30.8%     -    0s
     0     0  178.50000    0   30  258.00000  178.50000  30.8%     -    0s
     0     0  178.50000    0   38  258.00000  178.50000  30.8%     -    0s
H    0     0                     254.0000000  178.50000  29.7%     -    0s
     0     0  178.50000    0   41  254.00000  178.50000  29.7%     -    0s
     0     0  178.50000    0   29  254.00000  178.50000  29.7%     -    0s
H    0     0                     252.0000000  178.50000  29.2%     -    0s
     0     0  178.50000    0   24  252.00000  178.50000  29.2%     -    0s
     0     0  178.50000    0   28  252.00000  178.50000  29.2%     -    0s
     0     0  178.50000    0   26  252.00000  178.50000  29.2%     -    0s
     0     0  178.50000    0   11  252.00000  178.50000  29.2%     -    0s
H    0     0                     251.0000000  178.50000  28.9%     -    0s
H    0     0                     247.0000000  178.50000  27.7%     -    0s
     0     2  178.50000    0    8  247.00000  178.50000  27.7%     -    0s
*  274    98              27     245.0000000  178.50000  27.1%   9.2    0s
H  701   281                     243.0000000  178.50000  26.5%   8.3    0s
H 1606   543                     243.0000000  178.50000  26.5%   7.5    1s
  3427   969  178.50000   28   23  243.00000  178.50000  26.5%   8.5    5s
  5221   624 infeasible   28       243.00000  178.50000  26.5%  13.3   10s
  7783   571 infeasible   36       243.00000  178.50000  26.5%  16.7   15s
  9991   716  180.50000   37   24  243.00000  178.50000  26.5%  18.3   20s
H10602   727                     242.9999991  242.00000  0.41%  18.6   22s
H11680   331                     242.9999418  242.00000  0.41%  18.2   22s

Cutting planes:
  Gomory: 2
  Cover: 8
  Implied bound: 7
  MIR: 72
  Flow cover: 101
  Inf proof: 1

Explored 13265 nodes (239486 simplex iterations) in 23.50 seconds
Thread count was 4 (of 4 available processors)

Solution count 10: 243 243 243 ... 252
Pool objective bound 243

Optimal solution found (tolerance 1.00e-03)
Best objective 2.429999418366e+02, best bound 2.429999418366e+02, gap 0.0000%

#######################################
GN: iteration 1 at stage 3
Added demands: [10, 11, 0, 8, 12, 13, 5, 6, 2, 19]
Fixed demands: [9, 7, 1, 3, 4, 14, 18, 16, 17, 15]

Gurobi 7.0.2 (win64) logging started 03/16/17 16:53:59

Parameter LogFile unchanged
   Value: log-prop-18.log  Default: 
Parameter presolve unchanged
   Value: 2  Min: -1  Max: 2  Default: -1
Parameter mipgap unchanged
   Value: 0.001  Min: 0.0  Max: 1e+100  Default: 0.0001
Parameter method unchanged
   Value: -1  Min: -1  Max: 4  Default: -1
Parameter timelimit unchanged
   Value: 100.0  Min: 0.0  Max: 1e+100  Default: 1e+100
Parameter mipfocus unchanged
   Value: 1  Min: 0  Max: 3  Default: 0
Optimize a model with 44491 rows, 11252 columns and 144743 nonzeros
Variable types: 3040 continuous, 8212 integer (8206 binary)
Coefficient statistics:
  Matrix range     [5e-01, 2e+04]
  Objective range  [1e+00, 1e+00]
  Bounds range     [1e+00, 1e+04]
  RHS range        [1e+00, 6e+04]
Presolve removed 38124 rows and 9229 columns
Presolve time: 0.31s
Presolved: 6367 rows, 2023 columns, 22388 nonzeros

Loaded MIP start with objective 238

Variable types: 815 continuous, 1208 integer (1208 binary)
Presolve removed 363 rows and 174 columns
Presolved: 6004 rows, 1849 columns, 21334 nonzeros


Root relaxation: objective 1.785000e+02, 335 iterations, 0.05 seconds

    Nodes    |    Current Node    |     Objective Bounds      |     Work
 Expl Unexpl |  Obj  Depth IntInf | Incumbent    BestBd   Gap | It/Node Time

     0     0  178.50000    0    8  238.00000  178.50000  25.0%     -    0s
     0     0  178.50000    0   30  238.00000  178.50000  25.0%     -    0s
     0     0  178.50000    0   30  238.00000  178.50000  25.0%     -    0s
     0     0  178.50000    0   38  238.00000  178.50000  25.0%     -    0s
     0     0  178.50000    0   38  238.00000  178.50000  25.0%     -    0s
     0     0  178.50000    0   45  238.00000  178.50000  25.0%     -    0s
     0     0  178.50000    0   44  238.00000  178.50000  25.0%     -    0s
     0     0  178.50000    0   40  238.00000  178.50000  25.0%     -    0s
     0     0  178.50000    0   40  238.00000  178.50000  25.0%     -    0s
     0     0  178.50000    0   10  238.00000  178.50000  25.0%     -    1s
     0     0  178.50000    0    5  238.00000  178.50000  25.0%     -    1s
     0     0  178.50000    0   24  238.00000  178.50000  25.0%     -    1s
     0     0  178.50000    0   23  238.00000  178.50000  25.0%     -    1s
     0     0  178.50000    0   59  238.00000  178.50000  25.0%     -    1s
     0     0  178.50000    0   55  238.00000  178.50000  25.0%     -    1s
     0     0  178.50000    0   60  238.00000  178.50000  25.0%     -    1s
     0     0  178.50000    0   56  238.00000  178.50000  25.0%     -    1s
     0     0  178.50000    0   35  238.00000  178.50000  25.0%     -    1s
     0     0  178.50000    0   29  238.00000  178.50000  25.0%     -    1s
     0     0  178.50000    0    6  238.00000  178.50000  25.0%     -    2s
     0     2  178.50000    0    6  238.00000  178.50000  25.0%     -    2s
H  351   137                     229.0000000  178.50000  22.1%  46.5    3s
H  370   151                     229.0000000  178.50000  22.1%  58.2    4s
   407   161  203.00000   30   39  229.00000  178.50000  22.1%  96.4    5s
H  745   291                     228.9999875  178.50000  22.1%  83.9    6s
  1420   522  179.51729   24   66  228.99999  178.50000  22.1%  96.4   10s
  1948   683  179.50000   17   99  228.99999  178.50000  22.1%  96.8   15s
  2352   786  179.50000   28  166  228.99999  178.50000  22.1%  93.8   20s
  2658   867  178.51371   18   54  228.99999  178.50000  22.1%  98.3   26s
  3035   834  179.50000   23   61  228.99999  178.50000  22.1%   109   30s
  3569   783  179.50000   29   10  228.99999  178.50000  22.1%   109   35s
  3991   701  178.51687   28   27  228.99999  178.50000  22.1%   107   40s
  4405   613  179.50000   31   17  228.99999  179.50000  21.6%   105   46s
  5195   530 infeasible   33       228.99999  179.50000  21.6%  98.8   50s
  6744   614  179.50000   31   25  228.99999  179.50000  21.6%  89.7   56s
  7776   626  179.50000   30   11  228.99999  179.50000  21.6%  84.6   60s
  8906   719  179.53418   34   38  228.99999  179.50000  21.6%  81.9   65s
  9525   748  179.53723   30   42  228.99999  179.50000  21.6%  82.7   70s
 10264   817  180.50000   32   80  228.99999  179.50000  21.6%  83.2   75s
 10927   895 infeasible   35       228.99999  179.50000  21.6%  86.2   81s
 11559  1012  180.50000   30   47  228.99999  179.50000  21.6%  87.2   85s
 12540  1110 infeasible   32       228.99999  180.49640  21.2%  88.8   91s
 13636  1104  202.00000   37   12  228.99999  180.50000  21.2%  86.0   96s
 14662  1179 infeasible   31       228.99999  180.50000  21.2%  84.2  100s

Cutting planes:
  Gomory: 6
  Cover: 29
  Implied bound: 12
  Clique: 1
  MIR: 100
  Flow cover: 131
  Inf proof: 3

Explored 14920 nodes (1255840 simplex iterations) in 100.03 seconds
Thread count was 4 (of 4 available processors)

Solution count 6: 229 229 229 ... 238
Pool objective bound 180.5

Time limit reached
Best objective 2.289999875135e+02, best bound 1.805000000000e+02, gap 21.1790%

#######################################
TR: iteration 2 at stage 3
Added demands: [11, 13, 3, 6, 17, 9, 15, 2, 0, 10, 8, 4]
Fixed demands: [18, 16, 5, 12, 19, 1, 14, 7]

Gurobi 7.0.2 (win64) logging started 03/16/17 16:55:39

Parameter LogFile unchanged
   Value: log-prop-18.log  Default: 
Parameter presolve unchanged
   Value: 2  Min: -1  Max: 2  Default: -1
Parameter mipgap unchanged
   Value: 0.001  Min: 0.0  Max: 1e+100  Default: 0.0001
Parameter method unchanged
   Value: -1  Min: -1  Max: 4  Default: -1
Parameter timelimit unchanged
   Value: 100.0  Min: 0.0  Max: 1e+100  Default: 1e+100
Parameter mipfocus unchanged
   Value: 1  Min: 0  Max: 3  Default: 0
Optimize a model with 16993 rows, 1874 columns and 76565 nonzeros
Variable types: 862 continuous, 1012 integer (1006 binary)
Coefficient statistics:
  Matrix range     [1e+00, 2e+04]
  Objective range  [1e+00, 1e+00]
  Bounds range     [1e+00, 1e+04]
  RHS range        [1e+00, 6e+04]
Found heuristic solution: objective 388
Presolve removed 12762 rows and 890 columns
Presolve time: 0.05s
Presolved: 4231 rows, 984 columns, 17793 nonzeros

Loaded MIP start with objective 243

Variable types: 525 continuous, 459 integer (458 binary)
Presolve removed 49 rows and 14 columns
Presolved: 4182 rows, 970 columns, 17664 nonzeros


Root relaxation: objective 1.735000e+02, 265 iterations, 0.02 seconds

    Nodes    |    Current Node    |     Objective Bounds      |     Work
 Expl Unexpl |  Obj  Depth IntInf | Incumbent    BestBd   Gap | It/Node Time

     0     0  173.50000    0   18  243.00000  173.50000  28.6%     -    0s
     0     0  173.50000    0   39  243.00000  173.50000  28.6%     -    0s
     0     0  173.50000    0   42  243.00000  173.50000  28.6%     -    0s
     0     0  173.50000    0   47  243.00000  173.50000  28.6%     -    0s
     0     0  173.50000    0   47  243.00000  173.50000  28.6%     -    0s
     0     0  173.50000    0   47  243.00000  173.50000  28.6%     -    0s
     0     0  173.50000    0   49  243.00000  173.50000  28.6%     -    0s
     0     0  173.50000    0   48  243.00000  173.50000  28.6%     -    0s
     0     0  173.50000    0   57  243.00000  173.50000  28.6%     -    0s
     0     0  173.50000    0   16  243.00000  173.50000  28.6%     -    0s
     0     2  173.50000    0    9  243.00000  173.50000  28.6%     -    0s
H   46    47                     243.0000000  173.50000  28.6%  11.9    0s
  2652   818  241.10613   26   14  243.00000  173.50000  28.6%   9.3    5s
  4245   705  242.00000   25    3  243.00000  173.50000  28.6%  12.0   10s
  6343  1095  242.00000   18   12  243.00000  173.50000  28.6%  14.2   15s
  9226  1804     cutoff   38       243.00000  173.50000  28.6%  16.1   20s
 11252  2242  185.50000   23   25  243.00000  173.50000  28.6%  17.3   25s
 14320  3074  173.50000   32   29  243.00000  173.50000  28.6%  18.0   30s
 17489  3529  202.00000   39   20  243.00000  173.50000  28.6%  18.9   35s
 21106  3949  237.00000   39   20  243.00000  173.50000  28.6%  19.4   40s
 24790  4490  175.50000   40   20  243.00000  173.50000  28.6%  19.8   45s
 29276  5499 infeasible   31       243.00000  173.50000  28.6%  19.7   50s
 32529  6054     cutoff   33       243.00000  173.50000  28.6%  19.9   55s
 35667  6615  173.50000   26   19  243.00000  173.50000  28.6%  20.0   60s
 38044  6959 infeasible   36       243.00000  173.50000  28.6%  20.3   65s
 40735  7433  174.13684   24   40  243.00000  173.50000  28.6%  20.4   70s
 44058  7912  176.00000   34   34  243.00000  173.50000  28.6%  20.6   75s
 46651  8527 infeasible   42       243.00000  173.50000  28.6%  20.7   80s
 49455  9081     cutoff   28       243.00000  173.50000  28.6%  20.7   85s
 52650  9796 infeasible   43       243.00000  173.50000  28.6%  20.8   90s
 55957 10485  176.00000   39   26  243.00000  173.50000  28.6%  20.9   95s
 57805 10805 infeasible   48       243.00000  173.50000  28.6%  20.9  100s

Cutting planes:
  Learned: 2
  Gomory: 18
  Cover: 20
  Implied bound: 7
  MIR: 130
  Flow cover: 160
  Inf proof: 2

Explored 57954 nodes (1214205 simplex iterations) in 100.03 seconds
Thread count was 4 (of 4 available processors)

Solution count 2: 243 243 
Pool objective bound 173.5

Time limit reached
Best objective 2.429999999756e+02, best bound 1.735000000000e+02, gap 28.6008%

Gurobi 7.0.2 (win64) logging started 03/16/17 16:57:19

Parameter LogFile unchanged
   Value: log-prop-18.log  Default: 
Parameter presolve unchanged
   Value: 2  Min: -1  Max: 2  Default: -1
Parameter mipgap unchanged
   Value: 0.001  Min: 0.0  Max: 1e+100  Default: 0.0001
Parameter method unchanged
   Value: -1  Min: -1  Max: 4  Default: -1
Parameter timelimit unchanged
   Value: 100.0  Min: 0.0  Max: 1e+100  Default: 1e+100
Parameter mipfocus unchanged
   Value: 1  Min: 0  Max: 3  Default: 0
Optimize a model with 16993 rows, 1874 columns and 76565 nonzeros
Variable types: 862 continuous, 1012 integer (1006 binary)
Coefficient statistics:
  Matrix range     [1e+00, 2e+04]
  Objective range  [1e+00, 1e+00]
  Bounds range     [1e+00, 1e+04]
  RHS range        [1e+00, 6e+04]
Presolved: 4231 rows, 984 columns, 17793 nonzeros

Continuing optimization...

 57954 10794  173.68439   41   38  243.00000  173.50000  28.6%  20.9  100s
 60486 11163 infeasible   24       243.00000  173.50000  28.6%  21.0  105s
 63827 12001 infeasible   43       243.00000  173.50000  28.6%  21.0  110s
 67761 12746  178.00000   38   23  243.00000  173.50000  28.6%  20.8  115s
 70911 13380  173.50000   26   17  243.00000  173.50000  28.6%  20.9  120s
 75158 14104 infeasible   36       243.00000  173.50000  28.6%  20.8  125s
 78701 14742 infeasible   39       243.00000  173.50000  28.6%  20.7  130s
 82887 15525  173.50000   30   17  243.00000  173.50000  28.6%  20.6  135s
 86247 15965 infeasible   35       243.00000  173.50000  28.6%  20.6  140s
 89749 16532  242.00000   32    9  243.00000  173.50000  28.6%  20.7  145s
 92448 16979  176.50000   40   23  243.00000  173.50000  28.6%  20.7  150s
 96142 17699  173.50000   37   24  243.00000  173.50000  28.6%  20.7  155s
 99897 18712 infeasible   34       243.00000  173.50000  28.6%  20.8  160s
 102590 19421 infeasible   40       243.00000  173.50000  28.6%  20.8  165s
 104884 19887 infeasible   36       243.00000  173.50000  28.6%  20.8  170s
 107379 20491 infeasible   36       243.00000  173.50000  28.6%  20.9  175s
 109872 21006  174.50000   41   35  243.00000  173.50000  28.6%  20.9  180s
 112867 21578  175.50000   42   28  243.00000  173.50000  28.6%  21.0  185s
 114680 21872  174.50000   37   33  243.00000  173.50000  28.6%  21.0  190s
 117647 22562  173.50000   33   26  243.00000  173.50000  28.6%  21.0  195s
 119997 23078 infeasible   44       243.00000  173.50000  28.6%  21.1  200s

Cutting planes:
  Learned: 2
  Gomory: 22
  Cover: 21
  Implied bound: 8
  MIR: 147
  Flow cover: 175
  Inf proof: 2

Explored 120092 nodes (2536378 simplex iterations) in 100.02 seconds
Thread count was 4 (of 4 available processors)

Solution count 2: 243 243 
Pool objective bound 173.5

Time limit reached
Best objective 2.429999999756e+02, best bound 1.735000000000e+02, gap 28.6008%

#######################################
GN: iteration 2 at stage 3
Added demands: [11, 13, 3, 6, 17, 9, 15, 2, 0, 10, 8, 4]
Fixed demands: [18, 16, 5, 12, 19, 1, 14, 7]

Gurobi 7.0.2 (win64) logging started 03/16/17 16:58:59

Parameter LogFile unchanged
   Value: log-prop-18.log  Default: 
Parameter presolve unchanged
   Value: 2  Min: -1  Max: 2  Default: -1
Parameter mipgap unchanged
   Value: 0.001  Min: 0.0  Max: 1e+100  Default: 0.0001
Parameter method unchanged
   Value: -1  Min: -1  Max: 4  Default: -1
Parameter timelimit unchanged
   Value: 100.0  Min: 0.0  Max: 1e+100  Default: 1e+100
Parameter mipfocus unchanged
   Value: 1  Min: 0  Max: 3  Default: 0
Optimize a model with 44491 rows, 11252 columns and 144743 nonzeros
Variable types: 3040 continuous, 8212 integer (8206 binary)
Coefficient statistics:
  Matrix range     [5e-01, 2e+04]
  Objective range  [1e+00, 1e+00]
  Bounds range     [1e+00, 1e+04]
  RHS range        [1e+00, 6e+04]
Found heuristic solution: objective 406
Presolve removed 35888 rows and 8636 columns
Presolve time: 0.42s
Presolved: 8603 rows, 2616 columns, 30539 nonzeros

Loaded MIP start with objective 229

Variable types: 967 continuous, 1649 integer (1649 binary)
Presolve removed 432 rows and 206 columns
Presolved: 8171 rows, 2410 columns, 29326 nonzeros


Root relaxation: objective 1.735000e+02, 340 iterations, 0.06 seconds

    Nodes    |    Current Node    |     Objective Bounds      |     Work
 Expl Unexpl |  Obj  Depth IntInf | Incumbent    BestBd   Gap | It/Node Time

     0     0  173.50000    0   10  229.00000  173.50000  24.2%     -    0s
     0     0  173.50000    0   52  229.00000  173.50000  24.2%     -    0s
     0     0  173.50000    0   55  229.00000  173.50000  24.2%     -    0s
     0     0  173.50000    0   70  229.00000  173.50000  24.2%     -    1s
     0     0  173.50000    0   75  229.00000  173.50000  24.2%     -    1s
     0     0  173.50000    0   76  229.00000  173.50000  24.2%     -    1s
     0     0  173.50000    0   78  229.00000  173.50000  24.2%     -    1s
     0     0  173.50000    0   76  229.00000  173.50000  24.2%     -    1s
     0     0  173.50000    0   77  229.00000  173.50000  24.2%     -    1s
     0     0  173.50000    0    7  229.00000  173.50000  24.2%     -    1s
     0     2  173.50000    0    7  229.00000  173.50000  24.2%     -    2s
H  188   100                     229.0000000  173.50000  24.2%  39.5    3s
   311   150  212.00000   17   99  229.00000  173.50000  24.2%  82.4    5s
   826   301  213.00000   32   70  229.00000  173.50000  24.2%  93.8   10s
  1189   390 infeasible   18       229.00000  173.50000  24.2%  90.7   15s
  1268   424  175.50000   25   37  229.00000  173.50000  24.2%   101   21s
  1344   452  175.50000   35   18  229.00000  173.50000  24.2%   105   25s
  1611   563 infeasible   22       229.00000  173.50000  24.2%   110   30s
  1751   633  224.00000   21  238  229.00000  173.50000  24.2%   117   36s
  1914   686  224.00000   26   29  229.00000  173.50000  24.2%   123   40s
  2100   754  173.50000   17  154  229.00000  173.50000  24.2%   127   45s
  2155   776     cutoff   33       229.00000  173.50000  24.2%   140   50s
  2365   795  173.50000   18   31  229.00000  173.50000  24.2%   146   56s
  2467   798 infeasible   22       229.00000  173.50000  24.2%   159   62s
  2598   799 infeasible   24       229.00000  173.50000  24.2%   175   67s
  2709   793  173.50000   24   21  229.00000  173.50000  24.2%   185   71s
  2846   767 infeasible   41       229.00000  173.50000  24.2%   194   81s
  2931   757  173.50000   24   64  229.00000  173.50000  24.2%   207   89s
  3011   737 infeasible   29       229.00000  173.50000  24.2%   223   94s
  3062   739 infeasible   20       229.00000  173.50000  24.2%   232  100s

Cutting planes:
  Gomory: 12
  Cover: 30
  Implied bound: 9
  MIR: 100
  Flow cover: 109
  Inf proof: 1
  Zero half: 8

Explored 3096 nodes (746737 simplex iterations) in 100.03 seconds
Thread count was 4 (of 4 available processors)

Solution count 3: 229 229 229 
Pool objective bound 173.5

Time limit reached
Best objective 2.289999999770e+02, best bound 1.735000000000e+02, gap 24.2358%
