
#######################################
TR: iteration 0 at stage 0
Added demands: [0, 1, 2, 3, 4]
Fixed demands: []

Gurobi 7.0.2 (win64) logging started 03/16/17 19:28:09

Changed value of parameter LogFile to log-opt-3.log
   Prev: gurobi.log  Default: 
Changed value of parameter presolve to 2
   Prev: -1  Min: -1  Max: 2  Default: -1
Changed value of parameter mipgap to 0.001
   Prev: 0.0001  Min: 0.0  Max: 1e+100  Default: 0.0001
Parameter method unchanged
   Value: -1  Min: -1  Max: 4  Default: -1
Changed value of parameter timelimit to 300.0
   Prev: 1e+100  Min: 0.0  Max: 1e+100  Default: 1e+100
Changed value of parameter mipfocus to 1
   Prev: 0  Min: 0  Max: 3  Default: 0
Optimize a model with 1483 rows, 404 columns and 5504 nonzeros
Variable types: 217 continuous, 187 integer (181 binary)
Coefficient statistics:
  Matrix range     [1e+00, 2e+04]
  Objective range  [1e+00, 1e+00]
  Bounds range     [1e+00, 1e+04]
  RHS range        [1e+00, 6e+04]
Found heuristic solution: objective 226
Presolve removed 940 rows and 230 columns
Presolve time: 0.01s
Presolved: 543 rows, 174 columns, 2243 nonzeros
Variable types: 95 continuous, 79 integer (79 binary)
Presolve removed 27 rows and 0 columns
Presolved: 516 rows, 196 columns, 2129 nonzeros


Root relaxation: objective 9.000000e+01, 48 iterations, 0.01 seconds

    Nodes    |    Current Node    |     Objective Bounds      |     Work
 Expl Unexpl |  Obj  Depth IntInf | Incumbent    BestBd   Gap | It/Node Time

     0     0   90.00000    0   12  226.00000   90.00000  60.2%     -    0s
H    0     0                     225.0000000   90.00000  60.0%     -    0s
H    0     0                     216.0000000   90.00000  58.3%     -    0s
H    0     0                     175.0000000   90.00000  48.6%     -    0s
     0     0   90.00000    0   17  175.00000   90.00000  48.6%     -    0s
     0     0   90.00000    0   20  175.00000   90.00000  48.6%     -    0s
H    0     0                     164.0000000   90.00000  45.1%     -    0s
     0     0   90.00000    0   19  164.00000   90.00000  45.1%     -    0s
     0     0   90.00000    0   16  164.00000   90.00000  45.1%     -    0s
     0     0   90.00000    0   18  164.00000   90.00000  45.1%     -    0s
     0     0   90.00000    0   21  164.00000   90.00000  45.1%     -    0s
     0     0   90.00000    0   17  164.00000   90.00000  45.1%     -    0s
     0     0   90.00000    0    4  164.00000   90.00000  45.1%     -    0s
     0     2   90.00000    0    4  164.00000   90.00000  45.1%     -    0s
H  157    65                     163.9999997   90.00000  45.1%   4.1    0s

Cutting planes:
  Gomory: 4
  Implied bound: 1
  MIR: 21
  Flow cover: 16

Explored 2639 nodes (6317 simplex iterations) in 0.48 seconds
Thread count was 4 (of 4 available processors)

Solution count 6: 164 164 175 ... 226
Pool objective bound 164

Optimal solution found (tolerance 1.00e-03)
Best objective 1.639999996783e+02, best bound 1.639999996783e+02, gap 0.0000%

#######################################
GN: iteration 0 at stage 0
Added demands: [0, 1, 2, 3, 4]
Fixed demands: []

Gurobi 7.0.2 (win64) logging started 03/16/17 19:28:10

Changed value of parameter LogFile to log-opt-3.log
   Prev: gurobi.log  Default: 
Changed value of parameter presolve to 2
   Prev: -1  Min: -1  Max: 2  Default: -1
Changed value of parameter mipgap to 0.001
   Prev: 0.0001  Min: 0.0  Max: 1e+100  Default: 0.0001
Parameter method unchanged
   Value: -1  Min: -1  Max: 4  Default: -1
Changed value of parameter timelimit to 300.0
   Prev: 1e+100  Min: 0.0  Max: 1e+100  Default: 1e+100
Changed value of parameter mipfocus to 1
   Prev: 0  Min: 0  Max: 3  Default: 0
Optimize a model with 4321 rows, 1412 columns and 11762 nonzeros
Variable types: 775 continuous, 637 integer (631 binary)
Coefficient statistics:
  Matrix range     [5e-01, 2e+04]
  Objective range  [1e+00, 1e+00]
  Bounds range     [1e+00, 1e+04]
  RHS range        [1e+00, 6e+04]
Presolve removed 3042 rows and 944 columns
Presolve time: 0.04s
Presolved: 1279 rows, 468 columns, 4455 nonzeros
Variable types: 243 continuous, 225 integer (225 binary)
Found heuristic solution: objective 340.0000000
Found heuristic solution: objective 287.5000000
Presolve removed 140 rows and 62 columns
Presolved: 1139 rows, 406 columns, 4069 nonzeros


Root relaxation: objective 9.000000e+01, 80 iterations, 0.01 seconds

    Nodes    |    Current Node    |     Objective Bounds      |     Work
 Expl Unexpl |  Obj  Depth IntInf | Incumbent    BestBd   Gap | It/Node Time

     0     0   90.00000    0    6  287.50000   90.00000  68.7%     -    0s
H    0     0                     205.0000000   90.00000  56.1%     -    0s
H    0     0                     204.0000000   90.00000  55.9%     -    0s
     0     0   90.00000    0   10  204.00000   90.00000  55.9%     -    0s
H    0     0                     176.0000000   90.00000  48.9%     -    0s
     0     0   90.00000    0   18  176.00000   90.00000  48.9%     -    0s
     0     0   90.00000    0   20  176.00000   90.00000  48.9%     -    0s
     0     0   90.00000    0   19  176.00000   90.00000  48.9%     -    0s
H    0     0                     175.0000000   90.00000  48.6%     -    0s
     0     0   90.00000    0   14  175.00000   90.00000  48.6%     -    0s
     0     0   90.00000    0   15  175.00000   90.00000  48.6%     -    0s
     0     0   90.00000    0   16  175.00000   90.00000  48.6%     -    0s
     0     0   90.00000    0   22  175.00000   90.00000  48.6%     -    0s
     0     0   90.00000    0    5  175.00000   90.00000  48.6%     -    0s
H    0     0                     164.0000000   90.00000  45.1%     -    0s
     0     2   90.00000    0    5  164.00000   90.00000  45.1%     -    0s
H  757   122                     163.9999260   90.00000  45.1%   6.4    0s
  6453   172   90.00000   12    7  163.99993   90.00000  45.1%   5.0    5s

Cutting planes:
  Gomory: 6
  Implied bound: 8
  MIR: 25
  Flow cover: 3

Explored 11431 nodes (67220 simplex iterations) in 5.88 seconds
Thread count was 4 (of 4 available processors)

Solution count 8: 164 164 175 ... 340
Pool objective bound 164

Optimal solution found (tolerance 1.00e-03)
Best objective 1.639999260165e+02, best bound 1.639999260165e+02, gap 0.0000%

#######################################
TR: iteration 0 at stage 1
Added demands: [0, 1, 2, 3, 4, 5, 6, 7, 8, 9]
Fixed demands: []

Gurobi 7.0.2 (win64) logging started 03/16/17 19:28:18

Changed value of parameter LogFile to log-opt-3.log
   Prev: gurobi.log  Default: 
Changed value of parameter presolve to 2
   Prev: -1  Min: -1  Max: 2  Default: -1
Changed value of parameter mipgap to 0.001
   Prev: 0.0001  Min: 0.0  Max: 1e+100  Default: 0.0001
Parameter method unchanged
   Value: -1  Min: -1  Max: 4  Default: -1
Changed value of parameter timelimit to 300.0
   Prev: 1e+100  Min: 0.0  Max: 1e+100  Default: 1e+100
Changed value of parameter mipfocus to 1
   Prev: 0  Min: 0  Max: 3  Default: 0
Optimize a model with 4803 rows, 844 columns and 20089 nonzeros
Variable types: 432 continuous, 412 integer (406 binary)
Coefficient statistics:
  Matrix range     [1e+00, 2e+04]
  Objective range  [1e+00, 1e+00]
  Bounds range     [1e+00, 1e+04]
  RHS range        [1e+00, 6e+04]
Presolve removed 2978 rows and 454 columns
Presolve time: 0.03s
Presolved: 1825 rows, 390 columns, 8099 nonzeros
Variable types: 201 continuous, 189 integer (189 binary)
Found heuristic solution: objective 443.5000000
Found heuristic solution: objective 366.0000000
Found heuristic solution: objective 362.0000000
Presolve removed 60 rows and 0 columns
Presolved: 1765 rows, 440 columns, 7850 nonzeros


Root relaxation: objective 9.900000e+01, 68 iterations, 0.01 seconds

    Nodes    |    Current Node    |     Objective Bounds      |     Work
 Expl Unexpl |  Obj  Depth IntInf | Incumbent    BestBd   Gap | It/Node Time

     0     0   99.00000    0   12  362.00000   99.00000  72.7%     -    0s
H    0     0                     270.5000000   99.00000  63.4%     -    0s
     0     0   99.00000    0   21  270.50000   99.00000  63.4%     -    0s
H    0     0                     267.0000000   99.00000  62.9%     -    0s
     0     0   99.00000    0   29  267.00000   99.00000  62.9%     -    0s
     0     0   99.00000    0   33  267.00000   99.00000  62.9%     -    0s
     0     0   99.00000    0   25  267.00000   99.00000  62.9%     -    0s
     0     0   99.00000    0   29  267.00000   99.00000  62.9%     -    0s
     0     0   99.00000    0   35  267.00000   99.00000  62.9%     -    0s
     0     0   99.00000    0   35  267.00000   99.00000  62.9%     -    0s
     0     0   99.00000    0   16  267.00000   99.00000  62.9%     -    0s
H    0     0                     267.0000000   99.00000  62.9%     -    0s
     0     2   99.00000    0   13  267.00000   99.00000  62.9%     -    0s
 11395  2174  200.50000   27   17  267.00000  152.50000  42.9%   5.8    5s
 29761  4572  204.00000   36    8  267.00000  156.50000  41.4%   6.4   10s
 44503  5930  185.50000   32    7  267.00000  163.50000  38.8%   7.0   15s
 62107  7547  213.00000   45    3  267.00000  174.50000  34.6%   7.0   20s
 78270  7840  185.50000   37   11  267.00000  185.50000  30.5%   6.7   25s
 94401  8691 infeasible   34       267.00000  185.50000  30.5%   6.6   30s
 99342  8644 infeasible   40       267.00000  185.50000  30.5%   6.6   35s
 110080  6358  185.50000   47   13  267.00000  185.50000  30.5%   6.5   40s
 127436  2500  205.00000   41    4  267.00000  185.50000  30.5%   6.3   45s
 142296  2792  185.50000   42   11  267.00000  185.50000  30.5%   6.2   50s
 155405  2755  256.00000   45    4  267.00000  193.50000  27.5%   6.3   55s
 178012  4234  259.50000   49    2  267.00000  193.50000  27.5%   6.3   60s
H183694  4507                     266.9998320  193.50000  27.5%   6.3   61s
 193034  4594 infeasible   42       266.99983  193.50000  27.5%   6.3   65s
 207433  4168 infeasible   47       266.99983  200.50000  24.9%   6.2   70s
 217781  4114  200.50000   44    8  266.99983  200.50000  24.9%   6.3   75s
 220997  3922  263.00000   57    2  266.99983  200.50000  24.9%   6.3   80s
 237548  1841 infeasible   75       266.99983  200.50000  24.9%   6.4   85s
 252700  2852 infeasible   66       266.99983  200.50000  24.9%   6.4   90s
 270788  4066  259.00000   68    3  266.99983  200.50000  24.9%   6.4   95s
 285991  5014 infeasible   53       266.99983  200.50000  24.9%   6.5  100s
 300413  5812  263.00000   62    4  266.99983  200.50000  24.9%   6.5  105s
 316461  6122  262.00000   67    1  266.99983  213.00000  20.2%   6.6  110s
 334434  5058 infeasible   65       266.99983  238.00000  10.9%   6.6  115s
 358488  4675  256.00000   69    1  266.99983  256.00000  4.12%   6.5  120s
 380788  3556  259.00000   60    6  266.99983  259.00000  3.00%   6.5  125s
 400396  3083 infeasible   66       266.99983  259.00000  3.00%   6.4  130s
 418614  2248 infeasible   68       266.99983  259.00000  3.00%   6.4  135s
 439330  1445 infeasible   68       266.99983  259.00000  3.00%   6.3  140s

Cutting planes:
  Gomory: 5
  MIR: 89
  Flow cover: 140
  Inf proof: 1

Explored 458583 nodes (2873174 simplex iterations) in 144.61 seconds
Thread count was 4 (of 4 available processors)

Solution count 7: 267 267 267 ... 443.5
Pool objective bound 267

Optimal solution found (tolerance 1.00e-03)
Best objective 2.670000000000e+02, best bound 2.670000000000e+02, gap 0.0000%

Gurobi 7.0.2 (win64) logging started 03/16/17 19:30:42

Parameter LogFile unchanged
   Value: log-opt-3.log  Default: 
Parameter presolve unchanged
   Value: 2  Min: -1  Max: 2  Default: -1
Parameter mipgap unchanged
   Value: 0.001  Min: 0.0  Max: 1e+100  Default: 0.0001
Parameter method unchanged
   Value: -1  Min: -1  Max: 4  Default: -1
Parameter timelimit unchanged
   Value: 300.0  Min: 0.0  Max: 1e+100  Default: 1e+100
Parameter mipfocus unchanged
   Value: 1  Min: 0  Max: 3  Default: 0
Optimize a model with 4803 rows, 844 columns and 20089 nonzeros
Variable types: 432 continuous, 412 integer (406 binary)
Coefficient statistics:
  Matrix range     [1e+00, 2e+04]
  Objective range  [1e+00, 1e+00]
  Bounds range     [1e+00, 1e+04]
  RHS range        [1e+00, 6e+04]
Presolved: 1825 rows, 390 columns, 8099 nonzeros

Continuing optimization...


Cutting planes:
  Gomory: 5
  MIR: 89
  Flow cover: 140
  Inf proof: 1

Explored 458583 nodes (2873174 simplex iterations) in 0.02 seconds
Thread count was 4 (of 4 available processors)

Solution count 7: 267 267 267 ... 443.5
Pool objective bound 267

Optimal solution found (tolerance 1.00e-03)
Best objective 2.669998320269e+02, best bound 2.669998320269e+02, gap 0.0000%

#######################################
GN: iteration 0 at stage 1
Added demands: [0, 1, 2, 3, 4, 5, 6, 7, 8, 9]
Fixed demands: []

Gurobi 7.0.2 (win64) logging started 03/16/17 19:30:42

Changed value of parameter LogFile to log-opt-3.log
   Prev: gurobi.log  Default: 
Changed value of parameter presolve to 2
   Prev: -1  Min: -1  Max: 2  Default: -1
Changed value of parameter mipgap to 0.001
   Prev: 0.0001  Min: 0.0  Max: 1e+100  Default: 0.0001
Parameter method unchanged
   Value: -1  Min: -1  Max: 4  Default: -1
Changed value of parameter timelimit to 300.0
   Prev: 1e+100  Min: 0.0  Max: 1e+100  Default: 1e+100
Changed value of parameter mipfocus to 1
   Prev: 0  Min: 0  Max: 3  Default: 0
Optimize a model with 13161 rows, 3742 columns and 39787 nonzeros
Variable types: 1530 continuous, 2212 integer (2206 binary)
Coefficient statistics:
  Matrix range     [5e-01, 2e+04]
  Objective range  [1e+00, 1e+00]
  Bounds range     [1e+00, 1e+04]
  RHS range        [1e+00, 6e+04]
Presolve removed 8786 rows and 2397 columns
Presolve time: 0.19s
Presolved: 4375 rows, 1345 columns, 15756 nonzeros
Variable types: 512 continuous, 833 integer (833 binary)
Found heuristic solution: objective 546.0000000
Found heuristic solution: objective 383.0000000
Presolve removed 299 rows and 132 columns
Presolved: 4076 rows, 1213 columns, 14945 nonzeros


Root relaxation: objective 9.900000e+01, 199 iterations, 0.03 seconds

    Nodes    |    Current Node    |     Objective Bounds      |     Work
 Expl Unexpl |  Obj  Depth IntInf | Incumbent    BestBd   Gap | It/Node Time

     0     0   99.00000    0   11  383.00000   99.00000  74.2%     -    0s
H    0     0                     285.5000000   99.00000  65.3%     -    0s
H    0     0                     274.5000000   99.00000  63.9%     -    0s
H    0     0                     273.5000000   99.00000  63.8%     -    0s
     0     0   99.00000    0   46  273.50000   99.00000  63.8%     -    0s
H    0     0                     270.5000000   99.00000  63.4%     -    0s
     0     0   99.00000    0   37  270.50000   99.00000  63.4%     -    0s
     0     0   99.00000    0   47  270.50000   99.00000  63.4%     -    0s
     0     0   99.00000    0   44  270.50000   99.00000  63.4%     -    0s
     0     0   99.00000    0   43  270.50000   99.00000  63.4%     -    0s
     0     0   99.00000    0   51  270.50000   99.00000  63.4%     -    0s
     0     0   99.00000    0   53  270.50000   99.00000  63.4%     -    0s
     0     0   99.00000    0   50  270.50000   99.00000  63.4%     -    0s
     0     0   99.00000    0   15  270.50000   99.00000  63.4%     -    0s
     0     2   99.00000    0   15  270.50000   99.00000  63.4%     -    0s
H   32    28                     267.0000000   99.00000  62.9%  77.5    1s
H  395   190                     267.0000000   99.00000  62.9%  35.9    2s
  2232   950   99.00000   16   50  267.00000   99.00000  62.9%  23.1    5s
  5151   761 infeasible   36       267.00000  152.50000  42.9%  22.3   10s
  9885  1787  152.50000   31   10  267.00000  152.50000  42.9%  20.8   15s
 15297  2523  185.50000   38    6  267.00000  152.50000  42.9%  20.5   20s
 20572  3444  259.50000   52    2  267.00000  152.50000  42.9%  20.7   25s
 25661  4464 infeasible   42       267.00000  152.50000  42.9%  20.5   30s
H27641  4735                     266.9997475  152.50000  42.9%  20.4   32s
 30396  5294  218.00000   35    4  266.99975  152.50000  42.9%  20.2   35s
 34374  5949  185.50000   48    7  266.99975  152.50000  42.9%  20.5   40s
 38003  6658  200.50000   40   10  266.99975  152.50000  42.9%  20.8   45s
 42076  7147 infeasible   35       266.99975  152.50000  42.9%  21.2   50s
 47897  8039  214.00000   42    4  266.99975  152.50000  42.9%  21.4   55s
 51434  8397 infeasible   39       266.99975  152.50000  42.9%  21.2   60s
 57332  9036 infeasible   40       266.99975  152.50000  42.9%  21.1   65s
 61115  9714  214.00000   35   17  266.99975  152.50000  42.9%  21.1   70s
 65338 10018  153.50000   42   13  266.99975  153.50000  42.5%  21.1   75s
 70274 10353  200.50000   46    6  266.99975  156.50000  41.4%  21.2   80s
 75235 10927 infeasible   45       266.99975  156.50000  41.4%  21.3   85s
 80593 11689  200.50000   33    7  266.99975  156.50000  41.4%  21.3   90s
 84559 12237  200.50000   27   19  266.99975  156.50000  41.4%  21.4   95s
 90568 12765  185.50000   45    9  266.99975  156.50000  41.4%  21.5  100s
 95505 13280 infeasible   48       266.99975  156.50000  41.4%  21.5  105s
 100692 13626 infeasible   41       266.99975  158.50000  40.6%  21.4  110s
 103696 13820  160.50000   21   39  266.99975  160.50000  39.9%  21.4  115s
 109898 14289  216.00000   44    3  266.99975  161.50000  39.5%  21.2  120s
 114313 15074  163.50000   30    6  266.99975  163.50000  38.8%  21.3  125s
 120153 15699  185.50000   40    5  266.99975  163.50000  38.8%  21.1  130s
 125898 16256  256.00000   34    2  266.99975  163.50000  38.8%  21.0  135s
 130584 16592 infeasible   43       266.99975  163.50000  38.8%  20.9  140s
 136336 16941 infeasible   28       266.99975  163.50000  38.8%  20.8  145s
 142082 17416  226.00000   34    3  266.99975  163.50000  38.8%  20.6  150s
 146216 17838  193.50000   41    9  266.99975  163.50000  38.8%  20.5  155s
 151776 18006 infeasible   48       266.99975  164.00000  38.6%  20.5  160s
 156627 18269  200.00000   52    5  266.99975  165.50000  38.0%  20.5  165s
 160616 18613 infeasible   49       266.99975  165.50000  38.0%  20.5  170s
 165967 19018  209.50000   32   49  266.99975  165.50000  38.0%  20.5  175s
 170829 19278  165.50000   34   11  266.99975  165.50000  38.0%  20.5  180s
 175560 19356  218.00000   49    9  266.99975  165.50000  38.0%  20.6  185s
 180220 19564 infeasible   43       266.99975  170.03219  36.3%  20.6  190s
 185030 19775 infeasible   39       266.99975  171.50000  35.8%  20.5  195s
 190171 20045 infeasible   40       266.99975  171.50000  35.8%  20.4  200s
 195773 20401  171.50000   36   16  266.99975  171.50000  35.8%  20.4  205s
 200153 20529 infeasible   36       266.99975  171.50000  35.8%  20.4  210s
 204954 20860  246.00000   45    3  266.99975  173.50000  35.0%  20.4  215s
 209584 21199 infeasible   53       266.99975  173.50000  35.0%  20.5  220s
 214816 21566  255.00000   41    5  266.99975  174.50000  34.6%  20.5  225s
 217996 21866  214.00000   43    4  266.99975  174.50000  34.6%  20.5  230s
 223455 22278  200.50000   43   27  266.99975  174.50000  34.6%  20.5  235s
 228544 22513  174.50000   32   10  266.99975  174.50000  34.6%  20.5  240s
 233964 22849 infeasible   55       266.99975  174.50000  34.6%  20.5  245s
 238094 23082 infeasible   43       266.99975  174.50000  34.6%  20.5  250s
 243961 23320 infeasible   39       266.99975  175.00000  34.5%  20.5  255s
 249005 23509  247.00000   44    5  266.99975  185.50000  30.5%  20.5  260s
 253839 23822 infeasible   39       266.99975  185.50000  30.5%  20.5  265s
 258176 24140  185.50000   31    5  266.99975  185.50000  30.5%  20.5  270s
 263434 24215 infeasible   43       266.99975  185.50000  30.5%  20.4  275s
 268100 24365  185.50000   40    6  266.99975  185.50000  30.5%  20.5  280s
 274529 24497  248.00000   42    3  266.99975  185.50000  30.5%  20.4  285s
 280856 24781  263.00000   35    3  266.99975  185.50000  30.5%  20.2  290s
 287003 25284  222.00000   41    3  266.99975  185.50000  30.5%  20.2  295s
 293609 25807  185.50000   36   14  266.99975  185.50000  30.5%  20.0  300s

Cutting planes:
  Gomory: 12
  Implied bound: 21
  MIR: 142
  Flow cover: 138
  Zero half: 11

Explored 293916 nodes (5890451 simplex iterations) in 300.03 seconds
Thread count was 4 (of 4 available processors)

Solution count 9: 267 267 267 ... 546
Pool objective bound 185.5

Time limit reached
Best objective 2.669997474692e+02, best bound 1.855000000000e+02, gap 30.5243%

Gurobi 7.0.2 (win64) logging started 03/16/17 19:35:42

Parameter LogFile unchanged
   Value: log-opt-3.log  Default: 
Parameter presolve unchanged
   Value: 2  Min: -1  Max: 2  Default: -1
Parameter mipgap unchanged
   Value: 0.001  Min: 0.0  Max: 1e+100  Default: 0.0001
Parameter method unchanged
   Value: -1  Min: -1  Max: 4  Default: -1
Parameter timelimit unchanged
   Value: 300.0  Min: 0.0  Max: 1e+100  Default: 1e+100
Parameter mipfocus unchanged
   Value: 1  Min: 0  Max: 3  Default: 0
Optimize a model with 13161 rows, 3742 columns and 39787 nonzeros
Variable types: 1530 continuous, 2212 integer (2206 binary)
Coefficient statistics:
  Matrix range     [5e-01, 2e+04]
  Objective range  [1e+00, 1e+00]
  Bounds range     [1e+00, 1e+04]
  RHS range        [1e+00, 6e+04]
Presolved: 4375 rows, 1345 columns, 15756 nonzeros

Continuing optimization...

 293916 25831  185.50000   39    7  266.99975  185.50000  30.5%  20.0  300s
 298365 26100  216.00000   41    3  266.99975  185.50000  30.5%  20.0  305s
 304752 26435  185.50000   34   15  266.99975  185.50000  30.5%  19.9  310s
 312013 26869  234.00000   38    2  266.99975  185.50000  30.5%  19.7  315s
 318289 27206  248.00000   43    3  266.99975  185.50000  30.5%  19.6  320s
 325010 27981  185.50000   38    7  266.99975  185.50000  30.5%  19.5  325s
 332086 28554 infeasible   47       266.99975  185.50000  30.5%  19.4  330s
 339198 29016  248.00000   47    5  266.99975  185.50000  30.5%  19.2  335s
 346303 29425 infeasible   42       266.99975  185.50000  30.5%  19.1  340s
 352167 29794  185.50000   44   23  266.99975  185.50000  30.5%  19.0  346s
 356368 29995 infeasible   35       266.99975  185.50000  30.5%  19.0  350s
 362833 30345  248.00000   44    3  266.99975  185.50000  30.5%  18.9  355s
 369759 30562  185.50000   50    7  266.99975  185.50000  30.5%  18.8  360s
 376185 30962  248.00000   44    4  266.99975  185.50000  30.5%  18.7  365s
 383013 31172 infeasible   39       266.99975  185.50000  30.5%  18.7  370s
 389255 31359 infeasible   40       266.99975  185.50000  30.5%  18.6  375s
 395982 31749 infeasible   46       266.99975  185.50000  30.5%  18.5  380s
 402383 31990 infeasible   40       266.99975  185.50000  30.5%  18.5  385s
 409016 32254  248.00000   41    2  266.99975  185.50000  30.5%  18.4  390s
 415995 32595  213.00000   30   12  266.99975  185.50000  30.5%  18.3  395s
 422158 33051 infeasible   44       266.99975  185.50000  30.5%  18.3  400s
 427827 33601  256.00000   49    3  266.99975  185.50000  30.5%  18.3  405s
 433618 34040  257.00000   49    3  266.99975  185.50000  30.5%  18.3  410s
 439978 34372 infeasible   46       266.99975  185.50000  30.5%  18.2  415s
 445171 34596 infeasible   36       266.99975  185.50000  30.5%  18.2  420s
 450881 34812  190.00000   45    8  266.99975  185.50000  30.5%  18.2  425s
 457283 35062  261.00000   35    4  266.99975  185.50000  30.5%  18.1  430s
 464490 35418  201.50000   45    6  266.99975  185.50000  30.5%  18.0  435s
 470554 35648  185.50000   49    7  266.99975  185.50000  30.5%  18.0  440s
 476618 35896 infeasible   29       266.99975  185.50000  30.5%  18.0  445s
 482163 36069  248.00000   42    4  266.99975  185.50000  30.5%  18.0  450s
 488151 36405 infeasible   50       266.99975  185.50000  30.5%  17.9  455s
 494785 36652 infeasible   35       266.99975  185.50000  30.5%  17.9  460s
 501648 36879 infeasible   48       266.99975  185.50000  30.5%  17.9  465s
 507344 36994  185.50000   21   29  266.99975  185.50000  30.5%  17.8  470s
 512019 36754  190.00000   35   19  266.99975  190.00000  28.8%  17.8  475s
 517729 37229 infeasible   37       266.99975  193.50000  27.5%  17.8  480s
 522114 37806 infeasible   34       266.99975  193.50000  27.5%  17.8  485s
 527831 38250  200.50000   29   14  266.99975  193.50000  27.5%  17.8  490s
 533331 38801 infeasible   38       266.99975  193.50000  27.5%  17.7  495s
 540619 39438  193.50000   45   14  266.99975  193.50000  27.5%  17.7  500s
 546251 39817  193.50000   42   14  266.99975  193.50000  27.5%  17.7  505s
 551166 40074  193.50000   28   12  266.99975  193.50000  27.5%  17.7  510s
 557793 40715  246.00000   35    3  266.99975  193.50000  27.5%  17.7  515s
 564592 41304  193.50000   38   27  266.99975  193.50000  27.5%  17.6  520s
 569715 41804  193.50000   34   11  266.99975  193.50000  27.5%  17.6  525s
 575916 42323  266.50000   50    1  266.99975  193.50000  27.5%  17.6  530s
 581467 42816  214.00000   42    3  266.99975  193.50000  27.5%  17.6  535s
 587370 43346  246.00000   35    4  266.99975  193.50000  27.5%  17.5  540s
 592910 43820  246.00000   41    3  266.99975  193.50000  27.5%  17.5  545s
 598364 44407 infeasible   49       266.99975  193.50000  27.5%  17.5  550s
 604902 45098  266.50000   39    1  266.99975  193.50000  27.5%  17.5  555s
 610658 45654 infeasible   43       266.99975  193.50000  27.5%  17.5  560s
 616254 46101 infeasible   35       266.99975  193.50000  27.5%  17.5  565s
 619418 46357  246.00000   38   21  266.99975  193.50000  27.5%  17.5  570s
 625679 46916  253.00000   36    6  266.99975  193.50000  27.5%  17.4  575s
 632043 47546 infeasible   51       266.99975  193.50000  27.5%  17.4  580s
 637443 48005  193.50000   36   18  266.99975  193.50000  27.5%  17.4  585s
 643745 48671 infeasible   42       266.99975  193.50000  27.5%  17.4  590s
 648333 48994  256.00000   31    3  266.99975  193.50000  27.5%  17.4  595s
 654663 49610  214.00000   41   23  266.99975  193.50000  27.5%  17.4  600s

Cutting planes:
  Gomory: 12
  Implied bound: 21
  MIR: 162
  Flow cover: 156
  Zero half: 12

Explored 655028 nodes (11417924 simplex iterations) in 300.03 seconds
Thread count was 4 (of 4 available processors)

Solution count 9: 267 267 267 ... 546
Pool objective bound 193.5

Time limit reached
Best objective 2.669997474692e+02, best bound 1.935000000000e+02, gap 27.5280%

#######################################
TR: iteration 0 at stage 2
Added demands: [0, 1, 2, 3, 4, 5, 6, 7, 8, 9, 10, 11, 12, 13, 14]
Fixed demands: []

Gurobi 7.0.2 (win64) logging started 03/16/17 19:40:46

Changed value of parameter LogFile to log-opt-3.log
   Prev: gurobi.log  Default: 
Changed value of parameter presolve to 2
   Prev: -1  Min: -1  Max: 2  Default: -1
Changed value of parameter mipgap to 0.001
   Prev: 0.0001  Min: 0.0  Max: 1e+100  Default: 0.0001
Parameter method unchanged
   Value: -1  Min: -1  Max: 4  Default: -1
Changed value of parameter timelimit to 300.0
   Prev: 1e+100  Min: 0.0  Max: 1e+100  Default: 1e+100
Changed value of parameter mipfocus to 1
   Prev: 0  Min: 0  Max: 3  Default: 0
Optimize a model with 9973 rows, 1334 columns and 43774 nonzeros
Variable types: 647 continuous, 687 integer (681 binary)
Coefficient statistics:
  Matrix range     [1e+00, 2e+04]
  Objective range  [1e+00, 1e+00]
  Bounds range     [1e+00, 1e+04]
  RHS range        [1e+00, 6e+04]
Presolve removed 6084 rows and 691 columns
Presolve time: 0.06s
Presolved: 3889 rows, 643 columns, 17856 nonzeros
Variable types: 313 continuous, 330 integer (330 binary)
Found heuristic solution: objective 723.0000000
Found heuristic solution: objective 461.5000000
Found heuristic solution: objective 435.5000000
Presolve removed 0 rows and 15 columns
Presolved: 643 rows, 4517 columns, 18424 nonzeros

Presolve removed 643 rows and 4517 columns

Root relaxation: objective 9.900000e+01, 1780 iterations, 0.08 seconds

    Nodes    |    Current Node    |     Objective Bounds      |     Work
 Expl Unexpl |  Obj  Depth IntInf | Incumbent    BestBd   Gap | It/Node Time

     0     0   99.00000    0   16  435.50000   99.00000  77.3%     -    0s
H    0     0                     381.5000000   99.00000  74.0%     -    0s
H    0     0                     267.0000000   99.00000  62.9%     -    0s
     0     0   99.00000    0   26  267.00000   99.00000  62.9%     -    0s
     0     0   99.00000    0   27  267.00000   99.00000  62.9%     -    0s
     0     0   99.00000    0   36  267.00000   99.00000  62.9%     -    0s
     0     0   99.00000    0   35  267.00000   99.00000  62.9%     -    0s
     0     0   99.00000    0   44  267.00000   99.00000  62.9%     -    0s
     0     0   99.00000    0   40  267.00000   99.00000  62.9%     -    0s
     0     0   99.00000    0   43  267.00000   99.00000  62.9%     -    0s
     0     0   99.00000    0   42  267.00000   99.00000  62.9%     -    0s
     0     0   99.00000    0   24  267.00000   99.00000  62.9%     -    0s
     0     2   99.00000    0   18  267.00000   99.00000  62.9%     -    0s
H  327   175                     267.0000000   99.00000  62.9%   5.4    1s
H  450   225                     266.9998320   99.00000  62.9%   5.0    1s
  3023   648  200.50000   39   11  266.99983  156.50000  41.4%   8.8    5s
  9434  3333  207.50000   36   12  266.99983  159.50000  40.3%   8.1   10s
 17772  6337 infeasible   44       266.99983  159.50000  40.3%   8.1   15s
 25336  8905  192.50000   30   20  266.99983  159.50000  40.3%   8.3   20s
 31718 11243  159.50000   26   27  266.99983  159.50000  40.3%   8.3   25s
 38719 13661 infeasible   52       266.99983  159.50000  40.3%   8.3   30s
 46217 15752  244.00000   50    9  266.99983  159.50000  40.3%   8.3   35s
 54504 18269 infeasible   53       266.99983  159.50000  40.3%   8.2   40s
 61493 20210  259.00000   58    5  266.99983  159.50000  40.3%   8.3   45s
 68944 22158 infeasible   51       266.99983  159.50000  40.3%   8.3   50s
 76439 24400  183.50000   49   10  266.99983  159.50000  40.3%   8.2   55s
 84072 26547  237.00000   57    7  266.99983  159.50000  40.3%   8.2   60s
 89641 27663 infeasible   51       266.99983  159.50000  40.3%   8.4   65s
 96090 29540  261.00000   46    7  266.99983  159.50000  40.3%   8.4   70s
 102322 31015  228.00000   53   13  266.99983  159.50000  40.3%   8.6   75s
 108395 32507  240.00000   56   13  266.99983  159.50000  40.3%   8.7   80s
 115771 34647 infeasible   35       266.99983  159.50000  40.3%   8.7   85s
 123123 37035  192.50000   33   13  266.99983  159.50000  40.3%   8.6   90s
 129453 39150  207.50000   30   14  266.99983  159.50000  40.3%   8.6   95s
 137361 41808  159.50000   36   19  266.99983  159.50000  40.3%   8.6  100s
 143827 43836  193.50000   35   14  266.99983  159.50000  40.3%   8.6  105s
 150814 45919  184.50000   37   10  266.99983  159.50000  40.3%   8.6  110s
 158153 47799  199.50000   31   14  266.99983  160.50000  39.9%   8.6  115s
 165205 49649 infeasible   29       266.99983  160.50000  39.9%   8.5  120s
 172758 51554  212.00000   54   10  266.99983  161.50000  39.5%   8.5  125s
 179149 52854 infeasible   38       266.99983  161.50000  39.5%   8.5  130s
 185008 53934 infeasible   41       266.99983  161.50000  39.5%   8.6  135s
 191652 55330  163.50000   46   16  266.99983  163.50000  38.8%   8.6  140s
 199192 57455  174.50000   45   15  266.99983  163.50000  38.8%   8.6  145s
 206216 59081  184.50000   41   14  266.99983  163.50000  38.8%   8.6  150s
 213474 60889  233.00000   27   14  266.99983  163.50000  38.8%   8.6  155s
 220410 62784 infeasible   32       266.99983  163.50000  38.8%   8.6  160s
 226030 64000  255.00000   58    9  266.99983  163.50000  38.8%   8.6  165s
 232711 65256 infeasible   48       266.99983  163.50000  38.8%   8.6  170s
 240173 67392  172.50000   41   22  266.99983  163.50000  38.8%   8.6  175s
 247699 69546  222.00000   51   18  266.99983  163.50000  38.8%   8.6  180s
 255845 71753  185.50000   43   15  266.99983  163.50000  38.8%   8.5  185s
 262970 72733  212.00000   57   15  266.99983  163.50000  38.8%   8.5  190s
 270714 74623 infeasible   41       266.99983  169.50000  36.5%   8.5  195s
 277924 76572 infeasible   47       266.99983  169.50000  36.5%   8.4  200s
 284218 77861  169.50000   34   19  266.99983  169.50000  36.5%   8.4  205s
 290657 79295  216.00000   32   12  266.99983  170.50000  36.1%   8.5  210s
 297213 80949 infeasible   43       266.99983  170.50000  36.1%   8.5  215s
 303318 82364  185.50000   38   20  266.99983  170.50000  36.1%   8.5  220s
 309810 83904 infeasible   40       266.99983  170.50000  36.1%   8.5  225s
 317047 85815  209.50000   39   16  266.99983  170.50000  36.1%   8.5  230s
 325576 87367  200.50000   50    9  266.99983  170.50000  36.1%   8.4  235s
 331999 88640  226.00000   44   10  266.99983  170.50000  36.1%   8.4  240s
 339170 90232 infeasible   53       266.99983  170.50000  36.1%   8.4  245s
 346490 91999 infeasible   46       266.99983  170.50000  36.1%   8.4  250s
 354325 93879  226.00000   42   16  266.99983  170.50000  36.1%   8.4  255s
 361627 95414 infeasible   34       266.99983  170.50000  36.1%   8.4  260s
 369384 97048  212.00000   53    9  266.99983  170.50000  36.1%   8.3  265s
 377441 98605 infeasible   48       266.99983  170.50000  36.1%   8.3  270s
 385926 100395 infeasible   50       266.99983  170.50000  36.1%   8.3  275s
 393809 101783 infeasible   58       266.99983  170.50000  36.1%   8.3  280s
 399828 102491 infeasible   37       266.99983  170.50000  36.1%   8.3  285s
 404847 103335  261.00000   47   11  266.99983  170.50000  36.1%   8.3  290s
 410159 104257  232.00000   43   14  266.99983  170.50000  36.1%   8.4  295s
 415878 105014  170.50000   39   10  266.99983  170.50000  36.1%   8.4  300s

Cutting planes:
  Gomory: 4
  Implied bound: 2
  MIR: 84
  Flow cover: 132

Explored 416078 nodes (3511627 simplex iterations) in 300.03 seconds
Thread count was 4 (of 4 available processors)

Solution count 7: 267 267 267 ... 723
Pool objective bound 170.5

Time limit reached
Best objective 2.669998320267e+02, best bound 1.705000000000e+02, gap 36.1423%

#######################################
GN: iteration 0 at stage 2
Added demands: [0, 1, 2, 3, 4, 5, 6, 7, 8, 9, 10, 11, 12, 13, 14]
Fixed demands: []

Gurobi 7.0.2 (win64) logging started 03/16/17 19:45:46

Changed value of parameter LogFile to log-opt-3.log
   Prev: gurobi.log  Default: 
Changed value of parameter presolve to 2
   Prev: -1  Min: -1  Max: 2  Default: -1
Changed value of parameter mipgap to 0.001
   Prev: 0.0001  Min: 0.0  Max: 1e+100  Default: 0.0001
Parameter method unchanged
   Value: -1  Min: -1  Max: 4  Default: -1
Changed value of parameter timelimit to 300.0
   Prev: 1e+100  Min: 0.0  Max: 1e+100  Default: 1e+100
Changed value of parameter mipfocus to 1
   Prev: 0  Min: 0  Max: 3  Default: 0
Optimize a model with 26551 rows, 7022 columns and 84112 nonzeros
Variable types: 2285 continuous, 4737 integer (4731 binary)
Coefficient statistics:
  Matrix range     [5e-01, 2e+04]
  Objective range  [1e+00, 1e+00]
  Bounds range     [1e+00, 1e+04]
  RHS range        [1e+00, 6e+04]
Found heuristic solution: objective 319.5
Presolve removed 17124 rows and 4367 columns
Presolve time: 0.55s
Presolved: 9427 rows, 2655 columns, 34404 nonzeros
Variable types: 799 continuous, 1856 integer (1856 binary)
Presolve removed 463 rows and 210 columns
Presolved: 8964 rows, 2445 columns, 33167 nonzeros


Root relaxation: objective 9.900000e+01, 256 iterations, 0.07 seconds

    Nodes    |    Current Node    |     Objective Bounds      |     Work
 Expl Unexpl |  Obj  Depth IntInf | Incumbent    BestBd   Gap | It/Node Time

     0     0   99.00000    0   14  319.50000   99.00000  69.0%     -    0s
H    0     0                     308.5000000   99.00000  67.9%     -    0s
H    0     0                     267.0000000   99.00000  62.9%     -    0s
     0     0   99.00000    0   75  267.00000   99.00000  62.9%     -    0s
     0     0   99.00000    0   78  267.00000   99.00000  62.9%     -    1s
     0     0   99.00000    0   77  267.00000   99.00000  62.9%     -    1s
     0     0   99.00000    0   52  267.00000   99.00000  62.9%     -    1s
     0     0   99.00000    0   66  267.00000   99.00000  62.9%     -    1s
     0     0   99.00000    0   65  267.00000   99.00000  62.9%     -    1s
     0     0   99.00000    0   78  267.00000   99.00000  62.9%     -    1s
     0     0   99.00000    0   76  267.00000   99.00000  62.9%     -    1s
     0     0   99.00000    0   30  267.00000   99.00000  62.9%     -    1s
H    0     0                     267.0000000   99.00000  62.9%     -    2s
     0     2   99.00000    0   14  267.00000   99.00000  62.9%     -    2s
   795   453  193.50000   26   44  267.00000   99.00000  62.9%  23.2    5s
  1284   679  193.50000   26   38  267.00000   99.00000  62.9%  31.4   10s
  2262   832 infeasible   49       267.00000  163.50000  38.8%  33.8   15s
  4035  1197  261.00000   58   10  267.00000  163.50000  38.8%  30.4   20s
  6547  2023  226.00000   55   12  267.00000  163.50000  38.8%  27.4   25s
  8869  2706  240.00000   54   28  267.00000  163.50000  38.8%  26.1   30s
H 9242  2841                     266.9999999  163.50000  38.8%  25.8   30s
 12025  3648  201.50000   49    7  267.00000  163.50000  38.8%  25.1   35s
 14395  4315  171.82825   39   16  267.00000  163.50000  38.8%  24.4   40s
 17452  5235  247.00000   53    2  267.00000  163.50000  38.8%  24.3   45s
 19805  6085  264.00000   50   15  267.00000  163.50000  38.8%  24.0   50s
 22403  6746  264.00000   49   27  267.00000  163.50000  38.8%  23.9   55s
 24379  7283  246.00000   57    1  267.00000  163.50000  38.8%  23.9   60s
H25677  7675                     266.9998320  163.50000  38.8%  24.0   62s
 26790  7961  264.00000   55    7  266.99983  163.50000  38.8%  23.9   65s
 29223  8631  186.50000   55   15  266.99983  163.50000  38.8%  23.7   70s
 31994  9374 infeasible   52       266.99983  163.50000  38.8%  23.2   75s
 33783  9887  247.00000   57   21  266.99983  163.50000  38.8%  23.2   81s
 36203 10661  226.00000   42    3  266.99983  163.50000  38.8%  23.2   85s
 38802 11516  257.00000   56    8  266.99983  163.50000  38.8%  23.2   90s
 41413 12431 infeasible   62       266.99983  163.50000  38.8%  23.2   95s
 43869 13263  261.00000   60    6  266.99983  163.50000  38.8%  23.3  100s
 46948 14124  171.82825   40   13  266.99983  163.50000  38.8%  23.3  105s
 49223 14848  181.50000   49   27  266.99983  163.50000  38.8%  23.3  110s
 52168 15622 infeasible   58       266.99983  163.50000  38.8%  23.2  115s
 54424 16319  171.82825   44   16  266.99983  163.50000  38.8%  23.3  120s
 56768 16986  171.82825   47   10  266.99983  163.50000  38.8%  23.3  125s
 59301 17590 infeasible   52       266.99983  163.50000  38.8%  23.2  130s
 61967 18375  193.50000   48   17  266.99983  163.50000  38.8%  23.2  135s
 64062 19091  249.00000   50    2  266.99983  163.50000  38.8%  23.3  144s
 64462 19168  163.50000   32   31  266.99983  163.50000  38.8%  23.5  145s
 66949 19779  210.50000   63   18  266.99983  163.50000  38.8%  23.5  150s
 68902 20279  208.50000   48   23  266.99983  163.50000  38.8%  23.5  155s
 71391 21077 infeasible   50       266.99983  163.50000  38.8%  23.5  160s
 74002 21912  171.82825   41   16  266.99983  163.50000  38.8%  23.5  165s
 76465 22650  193.50000   42   29  266.99983  163.50000  38.8%  23.5  170s
 78986 23317 infeasible   52       266.99983  163.50000  38.8%  23.5  175s
 81451 23930  185.50000   51   17  266.99983  163.50000  38.8%  23.5  180s
 83651 24432  201.50000   44   19  266.99983  163.50000  38.8%  23.5  186s
 85949 25143  226.00000   53    2  266.99983  163.50000  38.8%  23.4  190s
 88586 25925  163.50000   39   11  266.99983  163.50000  38.8%  23.3  195s
 91325 26947 infeasible   60       266.99983  163.50000  38.8%  23.4  201s
 93126 27522  210.50000   43   13  266.99983  163.50000  38.8%  23.3  205s
 95669 28447  163.50000   50   13  266.99983  163.50000  38.8%  23.3  210s
 98491 29343  265.00000   57    2  266.99983  163.50000  38.8%  23.2  215s
 101068 30119 infeasible   44       266.99983  163.50000  38.8%  23.2  220s
 104017 31127 infeasible   56       266.99983  163.50000  38.8%  23.1  225s
 106367 31909  163.50000   53   27  266.99983  163.50000  38.8%  23.1  230s
 109220 32901  163.50000   32   23  266.99983  163.50000  38.8%  23.1  235s
 112143 33692  174.50000   54   17  266.99983  163.50000  38.8%  23.0  240s
 114388 34136  163.50000   45   18  266.99983  163.50000  38.8%  23.0  245s
 116857 34713 infeasible   52       266.99983  163.50000  38.8%  23.1  250s
 119238 35220 infeasible   59       266.99983  163.50000  38.8%  23.1  255s
 121915 35979  246.00000   50   11  266.99983  163.50000  38.8%  23.0  260s
 124356 36577  204.00000   54    7  266.99983  163.50000  38.8%  23.0  265s
 126453 37222  163.50000   41   48  266.99983  163.50000  38.8%  23.1  270s
 128256 37720  208.50000   63    7  266.99983  163.50000  38.8%  23.1  275s
 130656 38321 infeasible   59       266.99983  163.50000  38.8%  23.2  280s
 133093 39007 infeasible   59       266.99983  163.50000  38.8%  23.2  285s
 135858 39841  226.00000   45   14  266.99983  163.50000  38.8%  23.2  290s
 138465 40499  185.50000   48    9  266.99983  163.50000  38.8%  23.2  295s
 140193 40936  228.00000   51   14  266.99983  163.50000  38.8%  23.2  300s

Cutting planes:
  Gomory: 12
  Implied bound: 33
  MIR: 103
  Flow cover: 115
  Zero half: 29

Explored 140482 nodes (3258285 simplex iterations) in 300.05 seconds
Thread count was 4 (of 4 available processors)

Solution count 6: 267 267 267 ... 319.5
Pool objective bound 163.5

Time limit reached
Best objective 2.669998320268e+02, best bound 1.635000000000e+02, gap 38.7640%

Gurobi 7.0.2 (win64) logging started 03/16/17 19:50:46

Parameter LogFile unchanged
   Value: log-opt-3.log  Default: 
Parameter presolve unchanged
   Value: 2  Min: -1  Max: 2  Default: -1
Parameter mipgap unchanged
   Value: 0.001  Min: 0.0  Max: 1e+100  Default: 0.0001
Parameter method unchanged
   Value: -1  Min: -1  Max: 4  Default: -1
Parameter timelimit unchanged
   Value: 300.0  Min: 0.0  Max: 1e+100  Default: 1e+100
Parameter mipfocus unchanged
   Value: 1  Min: 0  Max: 3  Default: 0
Optimize a model with 26551 rows, 7022 columns and 84112 nonzeros
Variable types: 2285 continuous, 4737 integer (4731 binary)
Coefficient statistics:
  Matrix range     [5e-01, 2e+04]
  Objective range  [1e+00, 1e+00]
  Bounds range     [1e+00, 1e+04]
  RHS range        [1e+00, 6e+04]
Presolved: 9427 rows, 2655 columns, 34404 nonzeros

Continuing optimization...

 140482 41046 infeasible   57       266.99983  163.50000  38.8%  23.2  301s
 142283 41529 infeasible   51       266.99983  163.50000  38.8%  23.2  305s
 144919 42277 infeasible   46       266.99983  163.50000  38.8%  23.2  310s
 148015 43148  264.00000   60    2  266.99983  163.50000  38.8%  23.2  315s
 150563 43953  251.00000   45    2  266.99983  163.50000  38.8%  23.2  320s
 152811 44547 infeasible   48       266.99983  163.50000  38.8%  23.2  325s
 155122 45098 infeasible   35       266.99983  163.50000  38.8%  23.2  331s
 156943 45556  201.50000   40   20  266.99983  163.50000  38.8%  23.2  335s
 159842 46375 infeasible   64       266.99983  163.50000  38.8%  23.2  340s
 162424 47102 infeasible   52       266.99983  163.50000  38.8%  23.2  345s
 164980 47860  208.50000   46    9  266.99983  163.50000  38.8%  23.1  350s
 167663 48576  171.82825   61   21  266.99983  163.50000  38.8%  23.1  355s
 170448 49617  246.00000   51    3  266.99983  163.50000  38.8%  23.1  360s
 172944 50397 infeasible   59       266.99983  163.50000  38.8%  23.1  365s
 175340 51090 infeasible   63       266.99983  163.50000  38.8%  23.1  370s
 177674 51765 infeasible   58       266.99983  163.50000  38.8%  23.1  375s
 180844 52654 infeasible   68       266.99983  163.50000  38.8%  23.0  380s
 183258 53249  194.50000   53   14  266.99983  163.50000  38.8%  23.0  385s
 186134 54035  210.50000   50   13  266.99983  163.50000  38.8%  23.0  390s
 188720 54753 infeasible   60       266.99983  163.50000  38.8%  23.0  395s
 191319 55489  239.00000   60    5  266.99983  163.50000  38.8%  23.0  400s
 194115 56265  171.82825   49    8  266.99983  163.50000  38.8%  23.0  405s
 196099 56763 infeasible   56       266.99983  163.50000  38.8%  23.0  410s
 199037 57427 infeasible   58       266.99983  163.50000  38.8%  22.9  415s
 201307 57955  208.50000   57    6  266.99983  163.50000  38.8%  23.0  420s
 203971 58639  171.82825   63   20  266.99983  163.50000  38.8%  23.0  425s
 205998 59179  246.00000   50   17  266.99983  163.50000  38.8%  23.1  430s
 207458 59598  171.82825   38   15  266.99983  163.50000  38.8%  23.1  435s
 209878 60428  192.50000   37    9  266.99983  163.50000  38.8%  23.1  440s
 212444 61239  163.50000   46   19  266.99983  163.50000  38.8%  23.1  445s
 215323 62167  185.50000   49   18  266.99983  163.50000  38.8%  23.1  450s
 218082 63018  185.50000   52   20  266.99983  163.50000  38.8%  23.1  455s
 220063 63444  185.50000   53   10  266.99983  163.50000  38.8%  23.1  460s
 222999 64108 infeasible   54       266.99983  163.50000  38.8%  23.0  465s
 225133 64687  177.50000   55    8  266.99983  163.50000  38.8%  23.1  470s
 227477 65280  227.00000   56    9  266.99983  163.50000  38.8%  23.0  475s
 229706 65723 infeasible   67       266.99983  163.50000  38.8%  23.1  480s
 232266 66496 infeasible   58       266.99983  163.50000  38.8%  23.1  485s
 235068 67447  246.00000   51   15  266.99983  163.50000  38.8%  23.0  490s
 237754 68169  248.00000   46    7  266.99983  163.50000  38.8%  23.0  495s
 240290 68897  246.00000   51    5  266.99983  163.50000  38.8%  23.0  500s
 243122 69653 infeasible   48       266.99983  163.50000  38.8%  23.0  505s
 245458 70457  240.00000   48   12  266.99983  163.50000  38.8%  23.0  510s
 248406 71268 infeasible   50       266.99983  163.50000  38.8%  22.9  515s
 250970 72242 infeasible   62       266.99983  163.50000  38.8%  22.9  520s
 253240 72903  181.00000   43   17  266.99983  163.50000  38.8%  22.9  525s
 256064 73736  246.00000   59    4  266.99983  163.50000  38.8%  22.9  530s
 259007 74617  163.50000   42   16  266.99983  163.50000  38.8%  22.9  535s
 260595 75125  246.00000   53   16  266.99983  163.50000  38.8%  22.9  540s
 263577 75958  246.00000   53    2  266.99983  163.50000  38.8%  23.0  545s
 265946 76606  163.50000   50   15  266.99983  163.50000  38.8%  23.0  550s
 268384 77433  246.00000   57   27  266.99983  163.50000  38.8%  23.0  555s
 270912 78249  257.00000   62    2  266.99983  163.50000  38.8%  23.0  560s
 273843 79052 infeasible   60       266.99983  163.50000  38.8%  23.0  565s
 276872 79974  246.00000   51    4  266.99983  163.50000  38.8%  22.9  570s
 279480 80678  177.50000   53   29  266.99983  163.50000  38.8%  22.9  575s
 282293 81461 infeasible   55       266.99983  163.50000  38.8%  22.9  580s
 285180 82036  264.00000   43    6  266.99983  163.50000  38.8%  22.9  585s
 287930 82700  163.50000   51   18  266.99983  163.50000  38.8%  22.9  590s
 290265 83279  163.50000   55   21  266.99983  163.50000  38.8%  22.9  595s
 292779 83954 infeasible   53       266.99983  163.50000  38.8%  23.0  600s

Cutting planes:
  Gomory: 12
  Implied bound: 33
  MIR: 107
  Flow cover: 121
  Zero half: 29

Explored 293076 nodes (6731782 simplex iterations) in 300.04 seconds
Thread count was 4 (of 4 available processors)

Solution count 6: 267 267 267 ... 319.5
Pool objective bound 163.5

Time limit reached
Best objective 2.669998320268e+02, best bound 1.635000000000e+02, gap 38.7640%

#######################################
TR: iteration 0 at stage 3
Added demands: [0, 1, 2, 3, 4, 5, 6, 7, 8, 9, 10, 11, 12, 13, 14, 15, 16, 17, 18, 19]
Fixed demands: []

Gurobi 7.0.2 (win64) logging started 03/16/17 19:55:52

Changed value of parameter LogFile to log-opt-3.log
   Prev: gurobi.log  Default: 
Changed value of parameter presolve to 2
   Prev: -1  Min: -1  Max: 2  Default: -1
Changed value of parameter mipgap to 0.001
   Prev: 0.0001  Min: 0.0  Max: 1e+100  Default: 0.0001
Parameter method unchanged
   Value: -1  Min: -1  Max: 4  Default: -1
Changed value of parameter timelimit to 300.0
   Prev: 1e+100  Min: 0.0  Max: 1e+100  Default: 1e+100
Changed value of parameter mipfocus to 1
   Prev: 0  Min: 0  Max: 3  Default: 0
Optimize a model with 16993 rows, 1874 columns and 76559 nonzeros
Variable types: 862 continuous, 1012 integer (1006 binary)
Coefficient statistics:
  Matrix range     [1e+00, 2e+04]
  Objective range  [1e+00, 1e+00]
  Bounds range     [1e+00, 1e+04]
  RHS range        [1e+00, 6e+04]
Found heuristic solution: objective 377
Presolve removed 10313 rows and 963 columns
Presolve time: 0.11s
Presolved: 6680 rows, 911 columns, 31297 nonzeros
Variable types: 418 continuous, 493 integer (493 binary)
Presolve removed 0 rows and 20 columns
Presolved: 911 rows, 7571 columns, 32101 nonzeros

Presolve removed 911 rows and 7571 columns

Root relaxation: objective 9.900000e+01, 4360 iterations, 0.26 seconds

    Nodes    |    Current Node    |     Objective Bounds      |     Work
 Expl Unexpl |  Obj  Depth IntInf | Incumbent    BestBd   Gap | It/Node Time

     0     0   99.00000    0   26  377.00000   99.00000  73.7%     -    0s
H    0     0                     277.5000000   99.00000  64.3%     -    0s
H    0     0                     267.0000000   99.00000  62.9%     -    0s
     0     0   99.00000    0   47  267.00000   99.00000  62.9%     -    0s
     0     0   99.00000    0   46  267.00000   99.00000  62.9%     -    0s
     0     0   99.00000    0   52  267.00000   99.00000  62.9%     -    0s
     0     0   99.00000    0   50  267.00000   99.00000  62.9%     -    0s
     0     0   99.00000    0   59  267.00000   99.00000  62.9%     -    0s
     0     0   99.00000    0   57  267.00000   99.00000  62.9%     -    0s
     0     0   99.00000    0   52  267.00000   99.00000  62.9%     -    0s
     0     0   99.00000    0   58  267.00000   99.00000  62.9%     -    1s
     0     0   99.00000    0   31  267.00000   99.00000  62.9%     -    1s
     0     2   99.00000    0   27  267.00000   99.00000  62.9%     -    1s
H  420   295                     267.0000000   99.00000  62.9%   6.7    2s
  1030   629  186.50000    9   28  267.00000   99.00000  62.9%   5.7    5s
  3528  1243  200.50000   40   16  267.00000  156.50000  41.4%  11.1   10s
  7467  2898  184.50000   42   14  267.00000  156.50000  41.4%  10.9   15s
 11396  4445  156.50000   39   18  267.00000  156.50000  41.4%  10.9   20s
 15639  6095 infeasible   54       267.00000  156.50000  41.4%  10.8   25s
 19906  7707  156.50000   40   23  267.00000  156.50000  41.4%  10.8   30s
 24385  9680  208.50000   40   16  267.00000  156.50000  41.4%  10.7   35s
 29011 11696  200.50000   47   17  267.00000  156.50000  41.4%  10.5   40s
 33210 13153  200.50000   48   12  267.00000  156.50000  41.4%  10.5   45s
 37955 14946 infeasible   43       267.00000  156.50000  41.4%  10.4   50s
 41952 16329 infeasible   58       267.00000  156.50000  41.4%  10.6   55s
 46052 17727  200.50000   52   14  267.00000  156.50000  41.4%  10.6   60s
 50190 19104  208.50000   41   16  267.00000  156.50000  41.4%  10.6   65s
 54437 20568  253.00000   53   12  267.00000  156.50000  41.4%  10.6   70s
 58702 21945  201.50000   36   22  267.00000  156.50000  41.4%  10.6   75s
H59532 22254                     266.9999285  156.50000  41.4%  10.6   75s
 63017 23302 infeasible   51       266.99993  156.50000  41.4%  10.6   80s
 67694 24798 infeasible   59       266.99993  156.50000  41.4%  10.5   85s
 72132 26769  162.50000   37   18  266.99993  156.50000  41.4%  10.5   90s
H76346 28710                     266.9999285  156.50000  41.4%  10.4   94s
 76684 28857 infeasible   43       266.99993  156.50000  41.4%  10.4   95s
 80952 30558  200.50000   38   16  266.99993  156.50000  41.4%  10.4  100s
 85339 32406  173.50000   41   19  266.99993  156.50000  41.4%  10.4  105s
 89864 34034  168.50000   36   22  266.99993  156.50000  41.4%  10.4  110s
 93738 35487 infeasible   48       266.99993  156.50000  41.4%  10.4  115s
 97880 36877  200.50000   49   20  266.99993  156.50000  41.4%  10.4  120s
 102330 38425  168.50000   42   22  266.99993  156.50000  41.4%  10.5  125s
 106619 39900  261.00000   58   10  266.99993  156.50000  41.4%  10.5  130s
 110384 41497  185.50000   39   12  266.99993  156.50000  41.4%  10.5  135s
 115033 43646 infeasible   47       266.99993  156.50000  41.4%  10.4  140s
 119162 45431  172.50000   42   21  266.99993  156.50000  41.4%  10.4  145s
 123297 46748  183.50000   43   14  266.99993  156.50000  41.4%  10.5  150s
 127220 48096  253.00000   52    4  266.99993  156.50000  41.4%  10.5  155s
 131340 49677 infeasible   54       266.99993  156.50000  41.4%  10.5  160s
 135940 51260 infeasible   44       266.99993  156.50000  41.4%  10.4  165s
 139937 52448  238.00000   49   11  266.99993  156.50000  41.4%  10.4  170s
 144293 53559  200.50000   45   15  266.99993  156.50000  41.4%  10.4  175s
 148660 54642 infeasible   40       266.99993  156.50000  41.4%  10.4  180s
 153156 55992  259.00000   54   12  266.99993  156.50000  41.4%  10.4  185s
 157599 57315  168.50000   42   26  266.99993  156.50000  41.4%  10.4  190s
 161452 58980  255.00000   42   11  266.99993  156.50000  41.4%  10.4  195s
 166032 60656  181.50000   39   19  266.99993  156.50000  41.4%  10.4  200s
 169666 61844  255.00000   39    8  266.99993  156.50000  41.4%  10.4  205s
 173903 63196 infeasible   47       266.99993  156.50000  41.4%  10.4  210s
 177993 64375  259.00000   49   14  266.99993  156.50000  41.4%  10.4  215s
 181768 66025  259.00000   51   10  266.99993  156.50000  41.4%  10.4  220s
 186389 67937  200.50000   57   20  266.99993  156.50000  41.4%  10.4  225s
 190411 68919  238.00000   41   10  266.99993  156.50000  41.4%  10.4  230s
 193739 69697  200.50000   50   19  266.99993  156.50000  41.4%  10.5  235s
 197753 71188 infeasible   45       266.99993  156.50000  41.4%  10.5  240s
 202065 72650 infeasible   70       266.99993  156.50000  41.4%  10.5  245s
 205690 73834 infeasible   52       266.99993  156.50000  41.4%  10.5  250s
 209664 75123  253.00000   45   10  266.99993  156.50000  41.4%  10.5  255s
 213547 76359 infeasible   57       266.99993  156.50000  41.4%  10.5  260s
 217247 77521  259.00000   54   14  266.99993  156.50000  41.4%  10.5  265s
 221276 78750  173.50000   41   19  266.99993  156.50000  41.4%  10.5  270s
 225709 80176 infeasible   46       266.99993  156.50000  41.4%  10.5  275s
 230056 81530  185.50000   29   17  266.99993  156.50000  41.4%  10.5  280s
 233988 83351  253.00000   48   15  266.99993  156.50000  41.4%  10.5  285s
 237857 85015  253.00000   42   18  266.99993  156.50000  41.4%  10.5  290s
 241885 86579  186.50000   50   17  266.99993  156.50000  41.4%  10.5  295s
 245925 88157  260.00000   55    9  266.99993  156.50000  41.4%  10.5  300s

Cutting planes:
  Gomory: 8
  Cover: 1
  Implied bound: 1
  MIR: 89
  Flow cover: 93

Explored 246284 nodes (2604389 simplex iterations) in 300.04 seconds
Thread count was 4 (of 4 available processors)

Solution count 6: 267 267 267 ... 377
Pool objective bound 156.5

Time limit reached
Best objective 2.669999284533e+02, best bound 1.565000000000e+02, gap 41.3858%

Gurobi 7.0.2 (win64) logging started 03/16/17 20:00:52

Parameter LogFile unchanged
   Value: log-opt-3.log  Default: 
Parameter presolve unchanged
   Value: 2  Min: -1  Max: 2  Default: -1
Parameter mipgap unchanged
   Value: 0.001  Min: 0.0  Max: 1e+100  Default: 0.0001
Parameter method unchanged
   Value: -1  Min: -1  Max: 4  Default: -1
Parameter timelimit unchanged
   Value: 300.0  Min: 0.0  Max: 1e+100  Default: 1e+100
Parameter mipfocus unchanged
   Value: 1  Min: 0  Max: 3  Default: 0
Optimize a model with 16993 rows, 1874 columns and 76559 nonzeros
Variable types: 862 continuous, 1012 integer (1006 binary)
Coefficient statistics:
  Matrix range     [1e+00, 2e+04]
  Objective range  [1e+00, 1e+00]
  Bounds range     [1e+00, 1e+04]
  RHS range        [1e+00, 6e+04]
Presolved: 6680 rows, 911 columns, 31297 nonzeros

Continuing optimization...

 246284 88331 infeasible   51       266.99993  156.50000  41.4%  10.5  300s
 250481 90275 infeasible   58       266.99993  156.50000  41.4%  10.5  305s
 254871 91959  157.50000   36   25  266.99993  156.50000  41.4%  10.5  310s
 258965 93281  200.50000   48   19  266.99993  156.50000  41.4%  10.5  315s
 262858 94697 infeasible   53       266.99993  156.50000  41.4%  10.5  320s
 266871 96426 infeasible   47       266.99993  156.50000  41.4%  10.5  325s
 271298 98275  256.00000   47   12  266.99993  156.50000  41.4%  10.5  330s
 275251 99952  197.50000   47   19  266.99993  156.50000  41.4%  10.5  335s
 279615 101289 infeasible   52       266.99993  156.50000  41.4%  10.5  340s
 283373 102281  208.50000   47   19  266.99993  156.50000  41.4%  10.5  345s
 287176 103696  156.50000   35   24  266.99993  156.50000  41.4%  10.5  350s
 291158 104961  200.50000   46   17  266.99993  156.50000  41.4%  10.5  355s
 295479 106021 infeasible   49       266.99993  156.50000  41.4%  10.5  360s
 298853 106847  238.00000   46   19  266.99993  156.50000  41.4%  10.5  365s
 303262 107970  207.00000   48   13  266.99993  156.50000  41.4%  10.5  370s
 307476 109012  200.50000   54   15  266.99993  156.50000  41.4%  10.5  375s
 312152 110634  157.50000   42   19  266.99993  156.50000  41.4%  10.5  380s
 315721 111812  244.00000   57   12  266.99993  156.50000  41.4%  10.5  385s
 319588 112887 infeasible   57       266.99993  156.50000  41.4%  10.5  390s
 322968 114021 infeasible   58       266.99993  156.50000  41.4%  10.5  395s
 326519 115589  161.50000   47   20  266.99993  156.50000  41.4%  10.6  400s
 331265 117726  200.50000   54   17  266.99993  156.50000  41.4%  10.5  405s
 335314 119464 infeasible   56       266.99993  156.50000  41.4%  10.5  410s
 339222 120998  263.50000   48   13  266.99993  156.50000  41.4%  10.5  415s
 343323 122582  264.00000   56   15  266.99993  156.50000  41.4%  10.5  420s
 347117 123812  156.50000   45   20  266.99993  156.50000  41.4%  10.5  425s
 351754 125400  186.50000   54   17  266.99993  156.50000  41.4%  10.5  430s
 356008 126791 infeasible   60       266.99993  156.50000  41.4%  10.5  435s
 359745 127597 infeasible   50       266.99993  156.50000  41.4%  10.5  440s
 363962 128496  241.00000   43   14  266.99993  156.50000  41.4%  10.5  445s
 368241 130382  185.50000   36   11  266.99993  156.50000  41.4%  10.5  450s
 372735 132372  253.00000   57   12  266.99993  156.50000  41.4%  10.5  455s
 377186 134105 infeasible   43       266.99993  156.50000  41.4%  10.5  460s
 381678 135712  258.50000   59   14  266.99993  156.50000  41.4%  10.5  465s
 386536 137511  237.00000   42   14  266.99993  156.50000  41.4%  10.5  470s
 391030 139325 infeasible   55       266.99993  156.50000  41.4%  10.5  475s
 395501 141186  181.50000   52   15  266.99993  156.50000  41.4%  10.4  480s
 399929 142900  224.00000   47   13  266.99993  156.50000  41.4%  10.4  485s
 404659 144787  252.00000   38   11  266.99993  156.50000  41.4%  10.4  490s
 409393 146772  237.00000   54   10  266.99993  156.50000  41.4%  10.4  495s
 413085 148228  200.50000   46   12  266.99993  156.50000  41.4%  10.4  500s
 417420 150131  259.00000   51   10  266.99993  156.50000  41.4%  10.4  505s
 421418 151769 infeasible   53       266.99993  156.50000  41.4%  10.4  510s
 425610 153409 infeasible   51       266.99993  156.50000  41.4%  10.4  515s
 429795 154965 infeasible   49       266.99993  156.50000  41.4%  10.4  520s
 433340 156357  156.50000   34   15  266.99993  156.50000  41.4%  10.4  525s
 437452 158064  219.00000   43   12  266.99993  156.50000  41.4%  10.4  530s
 441474 159681  204.00000   58   12  266.99993  156.50000  41.4%  10.4  535s
 445328 161246  259.00000   48   10  266.99993  156.50000  41.4%  10.4  540s
 449526 162976  235.00000   45    9  266.99993  156.50000  41.4%  10.4  545s
 453446 164588  185.50000   35    9  266.99993  156.50000  41.4%  10.4  550s
 457738 166227 infeasible   52       266.99993  156.50000  41.4%  10.4  555s
 461347 167617  185.50000   42   19  266.99993  156.50000  41.4%  10.4  560s
 465997 169376  186.50000   42   11  266.99993  156.50000  41.4%  10.4  565s
 469905 170782 infeasible   52       266.99993  156.50000  41.4%  10.4  570s
 474508 172303 infeasible   47       266.99993  156.50000  41.4%  10.4  575s
 478325 173616  156.50000   40   16  266.99993  156.50000  41.4%  10.4  580s
 482904 175343  237.00000   58   19  266.99993  156.50000  41.4%  10.4  585s
 486652 176767  185.50000   38   12  266.99993  156.50000  41.4%  10.4  590s
 490894 178577  200.50000   56   15  266.99993  156.50000  41.4%  10.4  595s
 495086 180172 infeasible   61       266.99993  156.50000  41.4%  10.4  600s

Cutting planes:
  Gomory: 8
  Cover: 1
  Implied bound: 1
  MIR: 109
  Flow cover: 106

Explored 495271 nodes (5163020 simplex iterations) in 300.04 seconds
Thread count was 4 (of 4 available processors)

Solution count 6: 267 267 267 ... 377
Pool objective bound 156.5

Time limit reached
Best objective 2.669999284533e+02, best bound 1.565000000000e+02, gap 41.3858%

#######################################
GN: iteration 0 at stage 3
Added demands: [0, 1, 2, 3, 4, 5, 6, 7, 8, 9, 10, 11, 12, 13, 14, 15, 16, 17, 18, 19]
Fixed demands: []

Gurobi 7.0.2 (win64) logging started 03/16/17 20:05:52

Changed value of parameter LogFile to log-opt-3.log
   Prev: gurobi.log  Default: 
Changed value of parameter presolve to 2
   Prev: -1  Min: -1  Max: 2  Default: -1
Changed value of parameter mipgap to 0.001
   Prev: 0.0001  Min: 0.0  Max: 1e+100  Default: 0.0001
Parameter method unchanged
   Value: -1  Min: -1  Max: 4  Default: -1
Changed value of parameter timelimit to 300.0
   Prev: 1e+100  Min: 0.0  Max: 1e+100  Default: 1e+100
Changed value of parameter mipfocus to 1
   Prev: 0  Min: 0  Max: 3  Default: 0
Optimize a model with 44491 rows, 11252 columns and 144737 nonzeros
Variable types: 3040 continuous, 8212 integer (8206 binary)
Coefficient statistics:
  Matrix range     [5e-01, 2e+04]
  Objective range  [1e+00, 1e+00]
  Bounds range     [1e+00, 1e+04]
  RHS range        [1e+00, 6e+04]
Found heuristic solution: objective 394.5
Presolve removed 28177 rows and 6909 columns
Presolve time: 1.25s
Presolved: 16314 rows, 4343 columns, 60135 nonzeros
Variable types: 1068 continuous, 3275 integer (3275 binary)
Presolve removed 630 rows and 284 columns
Presolved: 15684 rows, 4059 columns, 58440 nonzeros


Root relaxation: objective 9.900000e+01, 366 iterations, 0.15 seconds

    Nodes    |    Current Node    |     Objective Bounds      |     Work
 Expl Unexpl |  Obj  Depth IntInf | Incumbent    BestBd   Gap | It/Node Time

     0     0   99.00000    0   21  394.50000   99.00000  74.9%     -    1s
H    0     0                     335.5000000   99.00000  70.5%     -    1s
H    0     0                     330.5000000   99.00000  70.0%     -    1s
H    0     0                     300.5000000   99.00000  67.1%     -    2s
     0     0   99.00000    0  100  300.50000   99.00000  67.1%     -    3s
     0     0   99.00000    0  102  300.50000   99.00000  67.1%     -    3s
     0     0   99.00000    0  100  300.50000   99.00000  67.1%     -    3s
     0     0   99.00000    0   98  300.50000   99.00000  67.1%     -    3s
     0     0   99.00000    0   94  300.50000   99.00000  67.1%     -    3s
H    0     0                     296.0000000   99.00000  66.6%     -    3s
     0     0   99.00000    0  112  296.00000   99.00000  66.6%     -    3s
     0     0   99.00000    0   91  296.00000   99.00000  66.6%     -    4s
     0     0   99.00000    0   83  296.00000   99.00000  66.6%     -    4s
     0     0   99.00000    0   40  296.00000   99.00000  66.6%     -    4s
H    0     0                     288.5000000   99.00000  65.7%     -    4s
H    0     0                     278.5000000   99.00000  64.5%     -    5s
     0     2   99.00000    0   40  278.50000   99.00000  64.5%     -    5s
    23    18   99.00000    7   96  278.50000   99.00000  64.5%   155   26s
H   26    20                     271.5000000   99.00000  63.5%   138   26s
H   30    24                     267.0000000   99.00000  62.9%  1547   30s
    39    33  193.50000   12   24  267.00000   99.00000  62.9%  1571   47s
H   46    33                     267.0000000   99.00000  62.9%  1333   47s
    69    57  193.50000   24   15  267.00000   99.00000  62.9%  2757   62s
    95    82  201.50000   40   15  267.00000   99.00000  62.9%  2558   75s
   128   102  102.50000   16   62  267.00000   99.00000  62.9%  2581  118s
H  132   102                     266.9989967   99.00000  62.9%  2503  118s
   171   125  193.50000   47   10  266.99900   99.00000  62.9%  2726  160s
   299   205   99.00000   14  525  266.99900   99.00000  62.9%  2119  220s
   446   287   99.00000   15  505  266.99900   99.00000  62.9%  1713  293s
   471   292  181.50000   29  222  266.99900   99.00000  62.9%  2102  300s

Cutting planes:
  Gomory: 8
  Implied bound: 33
  MIR: 85
  Flow cover: 22
  Zero half: 3

Explored 534 nodes (1003927 simplex iterations) in 300.03 seconds
Thread count was 4 (of 4 available processors)

Solution count 10: 266.999 267 267 ... 335.5
Pool objective bound 99

Time limit reached
Best objective 2.669989966819e+02, best bound 9.900000000000e+01, gap 62.9212%
