
#######################################
TR: iteration 0 at stage 0
Added demands: [0, 1, 2, 3, 4]
Fixed demands: []

Gurobi 7.0.2 (win64) logging started 03/16/17 15:53:44

Changed value of parameter LogFile to log-prop-13.log
   Prev: gurobi.log  Default: 
Changed value of parameter presolve to 2
   Prev: -1  Min: -1  Max: 2  Default: -1
Changed value of parameter mipgap to 0.001
   Prev: 0.0001  Min: 0.0  Max: 1e+100  Default: 0.0001
Parameter method unchanged
   Value: -1  Min: -1  Max: 4  Default: -1
Changed value of parameter timelimit to 100.0
   Prev: 1e+100  Min: 0.0  Max: 1e+100  Default: 1e+100
Changed value of parameter mipfocus to 1
   Prev: 0  Min: 0  Max: 3  Default: 0
Optimize a model with 1483 rows, 404 columns and 5510 nonzeros
Variable types: 217 continuous, 187 integer (181 binary)
Coefficient statistics:
  Matrix range     [1e+00, 2e+04]
  Objective range  [1e+00, 1e+00]
  Bounds range     [1e+00, 1e+04]
  RHS range        [1e+00, 6e+04]
Found heuristic solution: objective 210
Presolve removed 512 rows and 52 columns
Presolve time: 0.00s
Presolved: 971 rows, 352 columns, 3618 nonzeros
Variable types: 216 continuous, 136 integer (136 binary)
Presolve removed 30 rows and 10 columns
Presolved: 941 rows, 342 columns, 3543 nonzeros


Root relaxation: objective 7.600000e+01, 106 iterations, 0.00 seconds

    Nodes    |    Current Node    |     Objective Bounds      |     Work
 Expl Unexpl |  Obj  Depth IntInf | Incumbent    BestBd   Gap | It/Node Time

     0     0   76.00000    0    4  210.00000   76.00000  63.8%     -    0s
H    0     0                     176.0000000   76.00000  56.8%     -    0s
     0     0   76.00000    0   17  176.00000   76.00000  56.8%     -    0s
     0     0   76.00000    0   26  176.00000   76.00000  56.8%     -    0s
     0     0   76.00000    0   25  176.00000   76.00000  56.8%     -    0s
     0     0   76.00000    0   25  176.00000   76.00000  56.8%     -    0s
     0     0   76.00000    0   26  176.00000   76.00000  56.8%     -    0s
     0     0   76.00000    0   17  176.00000   76.00000  56.8%     -    0s
H    0     0                     176.0000000   76.00000  56.8%     -    0s
     0     0   76.00000    0   23  176.00000   76.00000  56.8%     -    0s
     0     0   76.00000    0    4  176.00000   76.00000  56.8%     -    0s
     0     2   76.00000    0    4  176.00000   76.00000  56.8%     -    0s
 18260  1900  136.50000   31   15  176.00000  135.50000  23.0%   9.2    5s
H20997  2001                     175.9999000  135.50000  23.0%   9.3    5s
 42026  1428  137.50000   30    2  175.99990  136.50000  22.4%   9.9   10s
 69785  1085  147.50000   25    7  175.99990  147.50000  16.2%   9.7   15s
 96329   427  149.50000   35    2  175.99990  149.50000  15.1%   9.1   20s

Cutting planes:
  Gomory: 3
  Implied bound: 1
  MIR: 42
  Flow cover: 58
  Inf proof: 1

Explored 101463 nodes (915062 simplex iterations) in 20.91 seconds
Thread count was 4 (of 4 available processors)

Solution count 4: 176 176 176 210 
Pool objective bound 176

Optimal solution found (tolerance 1.00e-03)
Best objective 1.760000000000e+02, best bound 1.760000000000e+02, gap 0.0000%

#######################################
GN: iteration 0 at stage 0
Added demands: [0, 1, 2, 3, 4]
Fixed demands: []

Gurobi 7.0.2 (win64) logging started 03/16/17 15:54:04

Changed value of parameter LogFile to log-prop-13.log
   Prev: gurobi.log  Default: 
Changed value of parameter presolve to 2
   Prev: -1  Min: -1  Max: 2  Default: -1
Changed value of parameter mipgap to 0.001
   Prev: 0.0001  Min: 0.0  Max: 1e+100  Default: 0.0001
Parameter method unchanged
   Value: -1  Min: -1  Max: 4  Default: -1
Changed value of parameter timelimit to 100.0
   Prev: 1e+100  Min: 0.0  Max: 1e+100  Default: 1e+100
Changed value of parameter mipfocus to 1
   Prev: 0  Min: 0  Max: 3  Default: 0
Optimize a model with 4321 rows, 1412 columns and 11768 nonzeros
Variable types: 775 continuous, 637 integer (631 binary)
Coefficient statistics:
  Matrix range     [6e-01, 2e+04]
  Objective range  [1e+00, 1e+00]
  Bounds range     [1e+00, 1e+04]
  RHS range        [1e+00, 6e+04]
Found heuristic solution: objective 270.5
Presolve removed 2450 rows and 700 columns
Presolve time: 0.05s
Presolved: 1871 rows, 712 columns, 6163 nonzeros
Variable types: 396 continuous, 316 integer (316 binary)
Presolve removed 196 rows and 96 columns
Presolved: 1675 rows, 616 columns, 5652 nonzeros


Root relaxation: objective 7.600000e+01, 86 iterations, 0.00 seconds

    Nodes    |    Current Node    |     Objective Bounds      |     Work
 Expl Unexpl |  Obj  Depth IntInf | Incumbent    BestBd   Gap | It/Node Time

     0     0   76.00000    0    4  270.50000   76.00000  71.9%     -    0s
H    0     0                     176.0000000   76.00000  56.8%     -    0s
     0     0   76.00000    0   26  176.00000   76.00000  56.8%     -    0s
     0     0   76.00000    0   29  176.00000   76.00000  56.8%     -    0s
     0     0   76.00000    0   28  176.00000   76.00000  56.8%     -    0s
     0     0   76.00000    0   34  176.00000   76.00000  56.8%     -    0s
     0     0   76.00000    0   35  176.00000   76.00000  56.8%     -    0s
     0     0   76.00000    0   17  176.00000   76.00000  56.8%     -    0s
     0     0   76.00000    0   37  176.00000   76.00000  56.8%     -    0s
     0     0   76.00000    0    9  176.00000   76.00000  56.8%     -    0s
     0     2   76.00000    0    9  176.00000   76.00000  56.8%     -    0s
H  538   234                     176.0000000   76.00000  56.8%  37.6    1s
H  903   360                     175.9999999   76.00000  56.8%  36.3    1s
H 1358   576                     175.9999000   76.00000  56.8%  34.0    2s
  2454   787  119.50000   36   37  175.99990  116.50000  33.8%  47.8    5s
  5306  1206  118.50000   28    3  175.99990  117.50000  33.2%  52.8   10s
  9581  1867  119.50000   31   38  175.99990  117.50000  33.2%  48.4   15s
 14859  2795  118.50000   31   38  175.99990  117.50000  33.2%  46.9   20s
 18115  3436 infeasible   44       175.99990  117.50000  33.2%  51.1   25s
 20707  4017  118.50000   43   31  175.99990  117.50000  33.2%  53.5   30s
 23380  4635  149.50000   39   13  175.99990  117.50000  33.2%  55.4   35s
 27233  5437  147.50000   37   24  175.99990  117.50000  33.2%  55.7   40s
 30966  6194  117.71652   28   46  175.99990  117.71652  33.1%  55.9   45s
 35492  6679 infeasible   40       175.99990  118.50000  32.7%  55.0   50s
 41002  7102  119.50000   41   25  175.99990  118.50000  32.7%  52.9   55s
 45474  7472  119.50000   38    5  175.99990  118.50000  32.7%  52.2   60s
 51195  7931  130.50000   37   31  175.99990  118.50000  32.7%  50.8   65s
 56363  8439  130.50000   44   56  175.99990  118.50000  32.7%  50.2   70s
 60853  8902  136.50000   38   44  175.99990  118.50000  32.7%  49.7   75s
 65487  9521  118.74172   39    7  175.99990  118.50000  32.7%  49.8   80s
 69088 10029  118.50000   40    6  175.99990  118.50000  32.7%  49.6   85s
 71925 10374  149.50000   40   45  175.99990  118.50000  32.7%  49.6   90s
 75506 10910 infeasible   36       175.99990  118.50000  32.7%  49.7   95s
 78819 11494  119.50000   52   51  175.99990  118.50000  32.7%  50.3  100s

Cutting planes:
  Gomory: 5
  Cover: 5
  Implied bound: 6
  MIR: 100
  Flow cover: 162
  Inf proof: 1
  Zero half: 24

Explored 78971 nodes (3978536 simplex iterations) in 100.02 seconds
Thread count was 4 (of 4 available processors)

Solution count 5: 176 176 176 ... 270.5
Pool objective bound 118.5

Time limit reached
Best objective 1.759999000008e+02, best bound 1.185000000000e+02, gap 32.6704%

#######################################
TR: iteration 1 at stage 0
Added demands: [2, 1]
Fixed demands: [0, 3, 4]

Gurobi 7.0.2 (win64) logging started 03/16/17 15:55:45

Parameter LogFile unchanged
   Value: log-prop-13.log  Default: 
Parameter presolve unchanged
   Value: 2  Min: -1  Max: 2  Default: -1
Parameter mipgap unchanged
   Value: 0.001  Min: 0.0  Max: 1e+100  Default: 0.0001
Parameter method unchanged
   Value: -1  Min: -1  Max: 4  Default: -1
Parameter timelimit unchanged
   Value: 100.0  Min: 0.0  Max: 1e+100  Default: 1e+100
Parameter mipfocus unchanged
   Value: 1  Min: 0  Max: 3  Default: 0
Optimize a model with 1483 rows, 404 columns and 5510 nonzeros
Variable types: 217 continuous, 187 integer (181 binary)
Coefficient statistics:
  Matrix range     [1e+00, 2e+04]
  Objective range  [1e+00, 1e+00]
  Bounds range     [1e+00, 1e+04]
  RHS range        [1e+00, 6e+04]
Found heuristic solution: objective 179
Presolve removed 1147 rows and 243 columns
Presolve time: 0.00s
Presolved: 336 rows, 161 columns, 1101 nonzeros

Loaded MIP start with objective 176

Variable types: 94 continuous, 67 integer (67 binary)
Presolve removed 12 rows and 4 columns
Presolved: 324 rows, 157 columns, 1071 nonzeros


Root relaxation: objective 1.055000e+02, 49 iterations, 0.00 seconds

    Nodes    |    Current Node    |     Objective Bounds      |     Work
 Expl Unexpl |  Obj  Depth IntInf | Incumbent    BestBd   Gap | It/Node Time

     0     0  105.50000    0    3  176.00000  105.50000  40.1%     -    0s
     0     0  105.66721    0    7  176.00000  105.66721  40.0%     -    0s
     0     0  105.66839    0    7  176.00000  105.66839  40.0%     -    0s
     0     0  146.50000    0    5  176.00000  146.50000  16.8%     -    0s
     0     0  146.50000    0    5  176.00000  146.50000  16.8%     -    0s
     0     0  146.50000    0    5  176.00000  146.50000  16.8%     -    0s
     0     0  146.50000    0    5  176.00000  146.50000  16.8%     -    0s
     0     0  146.50000    0    1  176.00000  146.50000  16.8%     -    0s
     0     0  146.50000    0    1  176.00000  146.50000  16.8%     -    0s
     0     0  146.50000    0    4  176.00000  146.50000  16.8%     -    0s
     0     0  146.50000    0    1  176.00000  146.50000  16.8%     -    0s
     0     0  146.50000    0    4  176.00000  146.50000  16.8%     -    0s
     0     0  146.50000    0    7  176.00000  146.50000  16.8%     -    0s
     0     0  146.50000    0    7  176.00000  146.50000  16.8%     -    0s
     0     0  146.50000    0   13  176.00000  146.50000  16.8%     -    0s
     0     0  146.50000    0   13  176.00000  146.50000  16.8%     -    0s
     0     0  146.50000    0    7  176.00000  146.50000  16.8%     -    0s
     0     0  146.50000    0    8  176.00000  146.50000  16.8%     -    0s
     0     0  146.50000    0    1  176.00000  146.50000  16.8%     -    0s
     0     2  146.50000    0    1  176.00000  146.50000  16.8%     -    0s

Cutting planes:
  Gomory: 3
  Cover: 1
  Implied bound: 1
  MIR: 6
  Flow cover: 2

Explored 37 nodes (924 simplex iterations) in 0.16 seconds
Thread count was 4 (of 4 available processors)

Solution count 1: 176 
Pool objective bound 176

Optimal solution found (tolerance 1.00e-03)
Best objective 1.760000000000e+02, best bound 1.760000000000e+02, gap 0.0000%

#######################################
GN: iteration 1 at stage 0
Added demands: [2, 1]
Fixed demands: [0, 3, 4]

Gurobi 7.0.2 (win64) logging started 03/16/17 15:55:45

Parameter LogFile unchanged
   Value: log-prop-13.log  Default: 
Parameter presolve unchanged
   Value: 2  Min: -1  Max: 2  Default: -1
Parameter mipgap unchanged
   Value: 0.001  Min: 0.0  Max: 1e+100  Default: 0.0001
Parameter method unchanged
   Value: -1  Min: -1  Max: 4  Default: -1
Parameter timelimit unchanged
   Value: 100.0  Min: 0.0  Max: 1e+100  Default: 1e+100
Parameter mipfocus unchanged
   Value: 1  Min: 0  Max: 3  Default: 0
Optimize a model with 4321 rows, 1412 columns and 11768 nonzeros
Variable types: 775 continuous, 637 integer (631 binary)
Coefficient statistics:
  Matrix range     [6e-01, 2e+04]
  Objective range  [1e+00, 1e+00]
  Bounds range     [1e+00, 1e+04]
  RHS range        [1e+00, 6e+04]
Found heuristic solution: objective 199
Presolve removed 3855 rows and 1207 columns
Presolve time: 0.02s
Presolved: 466 rows, 205 columns, 1445 nonzeros

Loaded MIP start with objective 176

Variable types: 122 continuous, 83 integer (83 binary)
Presolve removed 90 rows and 34 columns
Presolved: 376 rows, 171 columns, 1201 nonzeros


Root relaxation: objective 1.055000e+02, 27 iterations, 0.01 seconds

    Nodes    |    Current Node    |     Objective Bounds      |     Work
 Expl Unexpl |  Obj  Depth IntInf | Incumbent    BestBd   Gap | It/Node Time

     0     0  105.50000    0    3  176.00000  105.50000  40.1%     -    0s
     0     0  105.50000    0   11  176.00000  105.50000  40.1%     -    0s
     0     0  105.66721    0    9  176.00000  105.66721  40.0%     -    0s
     0     0  146.50000    0    7  176.00000  146.50000  16.8%     -    0s
     0     0  146.50000    0    6  176.00000  146.50000  16.8%     -    0s
     0     0  146.50000    0    9  176.00000  146.50000  16.8%     -    0s
     0     0  146.50000    0    8  176.00000  146.50000  16.8%     -    0s
     0     0  146.50000    0   10  176.00000  146.50000  16.8%     -    0s
     0     0  146.50000    0   10  176.00000  146.50000  16.8%     -    0s
     0     0  146.50000    0    1  176.00000  146.50000  16.8%     -    0s
     0     0  146.50000    0    1  176.00000  146.50000  16.8%     -    0s
     0     0  146.50000    0    6  176.00000  146.50000  16.8%     -    0s
     0     0  146.50000    0    7  176.00000  146.50000  16.8%     -    0s
     0     0  146.50000    0    2  176.00000  146.50000  16.8%     -    0s
     0     0  146.50000    0    4  176.00000  146.50000  16.8%     -    0s
     0     0  146.53129    0    5  176.00000  146.53129  16.7%     -    0s
     0     0  146.53129    0    5  176.00000  146.53129  16.7%     -    0s
     0     0  146.53129    0    6  176.00000  146.53129  16.7%     -    0s
     0     0  146.53129    0    6  176.00000  146.53129  16.7%     -    0s
     0     0  146.53129    0    4  176.00000  146.53129  16.7%     -    0s
     0     2  146.53129    0    4  176.00000  146.53129  16.7%     -    0s

Cutting planes:
  Gomory: 1
  Implied bound: 1
  MIR: 2

Explored 15 nodes (677 simplex iterations) in 0.17 seconds
Thread count was 4 (of 4 available processors)

Solution count 2: 176 176 
Pool objective bound 176

Optimal solution found (tolerance 1.00e-03)
Best objective 1.760000000000e+02, best bound 1.760000000000e+02, gap 0.0000%

Gurobi 7.0.2 (win64) logging started 03/16/17 15:55:45

Parameter LogFile unchanged
   Value: log-prop-13.log  Default: 
Parameter presolve unchanged
   Value: 2  Min: -1  Max: 2  Default: -1
Parameter mipgap unchanged
   Value: 0.001  Min: 0.0  Max: 1e+100  Default: 0.0001
Parameter method unchanged
   Value: -1  Min: -1  Max: 4  Default: -1
Parameter timelimit unchanged
   Value: 100.0  Min: 0.0  Max: 1e+100  Default: 1e+100
Parameter mipfocus unchanged
   Value: 1  Min: 0  Max: 3  Default: 0
Optimize a model with 4321 rows, 1412 columns and 11768 nonzeros
Variable types: 775 continuous, 637 integer (631 binary)
Coefficient statistics:
  Matrix range     [6e-01, 2e+04]
  Objective range  [1e+00, 1e+00]
  Bounds range     [1e+00, 1e+04]
  RHS range        [1e+00, 6e+04]
Presolved: 466 rows, 205 columns, 1445 nonzeros

Continuing optimization...


Cutting planes:
  Gomory: 1
  Implied bound: 1
  MIR: 2

Explored 15 nodes (677 simplex iterations) in 0.00 seconds
Thread count was 4 (of 4 available processors)

Solution count 2: 176 176 
Pool objective bound 176

Optimal solution found (tolerance 1.00e-03)
Best objective 1.760000000000e+02, best bound 1.760000000000e+02, gap 0.0000%

#######################################
TR: iteration 2 at stage 0
Added demands: [3, 2]
Fixed demands: [0, 1, 4]

Gurobi 7.0.2 (win64) logging started 03/16/17 15:55:45

Parameter LogFile unchanged
   Value: log-prop-13.log  Default: 
Parameter presolve unchanged
   Value: 2  Min: -1  Max: 2  Default: -1
Parameter mipgap unchanged
   Value: 0.001  Min: 0.0  Max: 1e+100  Default: 0.0001
Parameter method unchanged
   Value: -1  Min: -1  Max: 4  Default: -1
Parameter timelimit unchanged
   Value: 100.0  Min: 0.0  Max: 1e+100  Default: 1e+100
Parameter mipfocus unchanged
   Value: 1  Min: 0  Max: 3  Default: 0
Optimize a model with 1483 rows, 404 columns and 5510 nonzeros
Variable types: 217 continuous, 187 integer (181 binary)
Coefficient statistics:
  Matrix range     [1e+00, 2e+04]
  Objective range  [1e+00, 1e+00]
  Bounds range     [1e+00, 1e+04]
  RHS range        [1e+00, 6e+04]
Found heuristic solution: objective 221
Presolve removed 1165 rows and 248 columns
Presolve time: 0.02s
Presolved: 318 rows, 156 columns, 1033 nonzeros

Loaded MIP start with objective 176

Variable types: 92 continuous, 64 integer (64 binary)
Presolve removed 13 rows and 4 columns
Presolved: 305 rows, 152 columns, 1001 nonzeros


Root relaxation: objective 1.465000e+02, 49 iterations, 0.00 seconds

    Nodes    |    Current Node    |     Objective Bounds      |     Work
 Expl Unexpl |  Obj  Depth IntInf | Incumbent    BestBd   Gap | It/Node Time

     0     0  146.50000    0    1  176.00000  146.50000  16.8%     -    0s
     0     0  146.50000    0    6  176.00000  146.50000  16.8%     -    0s
     0     0  146.50000    0    6  176.00000  146.50000  16.8%     -    0s
H    0     0                     176.0000000  146.50000  16.8%     -    0s
     0     0  146.50000    0    7  176.00000  146.50000  16.8%     -    0s
     0     0  146.50000    0    7  176.00000  146.50000  16.8%     -    0s
     0     0  146.50000    0    8  176.00000  146.50000  16.8%     -    0s
     0     0  146.50000    0    3  176.00000  146.50000  16.8%     -    0s

Explored 0 nodes (284 simplex iterations) in 0.09 seconds
Thread count was 4 (of 4 available processors)

Solution count 3: 176 176 176 
Pool objective bound 176

Optimal solution found (tolerance 1.00e-03)
Best objective 1.759999999823e+02, best bound 1.759999999823e+02, gap 0.0000%

#######################################
GN: iteration 2 at stage 0
Added demands: [3, 2]
Fixed demands: [0, 1, 4]

Gurobi 7.0.2 (win64) logging started 03/16/17 15:55:45

Parameter LogFile unchanged
   Value: log-prop-13.log  Default: 
Parameter presolve unchanged
   Value: 2  Min: -1  Max: 2  Default: -1
Parameter mipgap unchanged
   Value: 0.001  Min: 0.0  Max: 1e+100  Default: 0.0001
Parameter method unchanged
   Value: -1  Min: -1  Max: 4  Default: -1
Parameter timelimit unchanged
   Value: 100.0  Min: 0.0  Max: 1e+100  Default: 1e+100
Parameter mipfocus unchanged
   Value: 1  Min: 0  Max: 3  Default: 0
Optimize a model with 4321 rows, 1412 columns and 11768 nonzeros
Variable types: 775 continuous, 637 integer (631 binary)
Coefficient statistics:
  Matrix range     [6e-01, 2e+04]
  Objective range  [1e+00, 1e+00]
  Bounds range     [1e+00, 1e+04]
  RHS range        [1e+00, 6e+04]
Found heuristic solution: objective 280.5
Presolve removed 3869 rows and 1211 columns
Presolve time: 0.02s
Presolved: 452 rows, 201 columns, 1388 nonzeros

Loaded MIP start with objective 176

Variable types: 120 continuous, 81 integer (81 binary)
Presolve removed 91 rows and 34 columns
Presolved: 361 rows, 167 columns, 1144 nonzeros


Root relaxation: objective 1.465000e+02, 45 iterations, 0.02 seconds

    Nodes    |    Current Node    |     Objective Bounds      |     Work
 Expl Unexpl |  Obj  Depth IntInf | Incumbent    BestBd   Gap | It/Node Time

     0     0  146.50000    0    1  176.00000  146.50000  16.8%     -    0s
     0     0  146.50000    0    2  176.00000  146.50000  16.8%     -    0s
     0     0  146.50000    0    1  176.00000  146.50000  16.8%     -    0s
     0     0  146.50000    0    2  176.00000  146.50000  16.8%     -    0s
H    0     0                     176.0000000  146.50000  16.8%     -    0s
     0     0  146.50000    0    3  176.00000  146.50000  16.8%     -    0s
     0     0  146.50000    0    3  176.00000  146.50000  16.8%     -    0s
     0     0  146.50000    0    2  176.00000  146.50000  16.8%     -    0s

Explored 0 nodes (457 simplex iterations) in 0.11 seconds
Thread count was 4 (of 4 available processors)

Solution count 3: 176 176 176 
Pool objective bound 176

Optimal solution found (tolerance 1.00e-03)
Best objective 1.759999999823e+02, best bound 1.759999999823e+02, gap 0.0000%

#######################################
TR: iteration 0 at stage 1
Added demands: [5, 6, 7, 8, 9]
Fixed demands: [0, 1, 2, 3, 4]

Gurobi 7.0.2 (win64) logging started 03/16/17 15:55:47

Changed value of parameter LogFile to log-prop-13.log
   Prev: gurobi.log  Default: 
Changed value of parameter presolve to 2
   Prev: -1  Min: -1  Max: 2  Default: -1
Changed value of parameter mipgap to 0.001
   Prev: 0.0001  Min: 0.0  Max: 1e+100  Default: 0.0001
Parameter method unchanged
   Value: -1  Min: -1  Max: 4  Default: -1
Changed value of parameter timelimit to 100.0
   Prev: 1e+100  Min: 0.0  Max: 1e+100  Default: 1e+100
Changed value of parameter mipfocus to 1
   Prev: 0  Min: 0  Max: 3  Default: 0
Optimize a model with 4803 rows, 844 columns and 20095 nonzeros
Variable types: 432 continuous, 412 integer (406 binary)
Coefficient statistics:
  Matrix range     [1e+00, 2e+04]
  Objective range  [1e+00, 1e+00]
  Bounds range     [1e+00, 1e+04]
  RHS range        [1e+00, 6e+04]
Found heuristic solution: objective 365.5
Presolve removed 3665 rows and 447 columns
Presolve time: 0.01s
Presolved: 1138 rows, 397 columns, 4250 nonzeros
Variable types: 227 continuous, 170 integer (170 binary)
Presolve removed 20 rows and 6 columns
Presolved: 1118 rows, 391 columns, 4197 nonzeros


Root relaxation: objective 1.760000e+02, 135 iterations, 0.01 seconds

    Nodes    |    Current Node    |     Objective Bounds      |     Work
 Expl Unexpl |  Obj  Depth IntInf | Incumbent    BestBd   Gap | It/Node Time

     0     0  176.00000    0    8  365.50000  176.00000  51.8%     -    0s
H    0     0                     318.5000000  176.00000  44.7%     -    0s
H    0     0                     277.5000000  176.00000  36.6%     -    0s
     0     0  181.53079    0   13  277.50000  181.53079  34.6%     -    0s
     0     0  187.74930    0   13  277.50000  187.74930  32.3%     -    0s
     0     0  187.75071    0   13  277.50000  187.75071  32.3%     -    0s
     0     0  187.99293    0   19  277.50000  187.99293  32.3%     -    0s
     0     0  187.99293    0   18  277.50000  187.99293  32.3%     -    0s
     0     0  207.18416    0   16  277.50000  207.18416  25.3%     -    0s
     0     0  207.18416    0   10  277.50000  207.18416  25.3%     -    0s
     0     0  214.70102    0    5  277.50000  214.70102  22.6%     -    0s
     0     2  214.70102    0    5  277.50000  214.70102  22.6%     -    0s
H  178    59                     277.5000000  258.00000  7.03%   7.8    0s
H 9670   553                     277.4998985  259.00000  6.67%   7.5    3s

Cutting planes:
  Learned: 1
  Gomory: 1
  Cover: 3
  Implied bound: 4
  MIR: 4
  Flow cover: 18

Explored 10386 nodes (81694 simplex iterations) in 3.25 seconds
Thread count was 4 (of 4 available processors)

Solution count 5: 277.5 277.5 277.5 ... 365.5
Pool objective bound 277.5

Optimal solution found (tolerance 1.00e-03)
Best objective 2.774998985289e+02, best bound 2.774998985289e+02, gap 0.0000%

Gurobi 7.0.2 (win64) logging started 03/16/17 15:55:50

Parameter LogFile unchanged
   Value: log-prop-13.log  Default: 
Parameter presolve unchanged
   Value: 2  Min: -1  Max: 2  Default: -1
Parameter mipgap unchanged
   Value: 0.001  Min: 0.0  Max: 1e+100  Default: 0.0001
Parameter method unchanged
   Value: -1  Min: -1  Max: 4  Default: -1
Parameter timelimit unchanged
   Value: 100.0  Min: 0.0  Max: 1e+100  Default: 1e+100
Parameter mipfocus unchanged
   Value: 1  Min: 0  Max: 3  Default: 0
Optimize a model with 4803 rows, 844 columns and 20095 nonzeros
Variable types: 432 continuous, 412 integer (406 binary)
Coefficient statistics:
  Matrix range     [1e+00, 2e+04]
  Objective range  [1e+00, 1e+00]
  Bounds range     [1e+00, 1e+04]
  RHS range        [1e+00, 6e+04]
Presolved: 1138 rows, 397 columns, 4250 nonzeros

Continuing optimization...


Cutting planes:
  Learned: 1
  Gomory: 1
  Cover: 3
  Implied bound: 4
  MIR: 4
  Flow cover: 18

Explored 10386 nodes (81694 simplex iterations) in 0.02 seconds
Thread count was 4 (of 4 available processors)

Solution count 5: 277.5 277.5 277.5 ... 365.5
Pool objective bound 277.5

Optimal solution found (tolerance 1.00e-03)
Best objective 2.774998985289e+02, best bound 2.774998985289e+02, gap 0.0000%

#######################################
GN: iteration 0 at stage 1
Added demands: [5, 6, 7, 8, 9]
Fixed demands: [0, 1, 2, 3, 4]

Gurobi 7.0.2 (win64) logging started 03/16/17 15:55:50

Changed value of parameter LogFile to log-prop-13.log
   Prev: gurobi.log  Default: 
Changed value of parameter presolve to 2
   Prev: -1  Min: -1  Max: 2  Default: -1
Changed value of parameter mipgap to 0.001
   Prev: 0.0001  Min: 0.0  Max: 1e+100  Default: 0.0001
Parameter method unchanged
   Value: -1  Min: -1  Max: 4  Default: -1
Changed value of parameter timelimit to 100.0
   Prev: 1e+100  Min: 0.0  Max: 1e+100  Default: 1e+100
Changed value of parameter mipfocus to 1
   Prev: 0  Min: 0  Max: 3  Default: 0
Optimize a model with 13161 rows, 3742 columns and 39793 nonzeros
Variable types: 1530 continuous, 2212 integer (2206 binary)
Coefficient statistics:
  Matrix range     [6e-01, 2e+04]
  Objective range  [1e+00, 1e+00]
  Bounds range     [1e+00, 1e+04]
  RHS range        [1e+00, 6e+04]
Found heuristic solution: objective 385.5
Presolve removed 11119 rows and 2976 columns
Presolve time: 0.07s
Presolved: 2042 rows, 766 columns, 6803 nonzeros
Variable types: 417 continuous, 349 integer (349 binary)
Presolve removed 186 rows and 92 columns
Presolved: 1856 rows, 674 columns, 6268 nonzeros


Root relaxation: objective 1.760000e+02, 103 iterations, 0.01 seconds

    Nodes    |    Current Node    |     Objective Bounds      |     Work
 Expl Unexpl |  Obj  Depth IntInf | Incumbent    BestBd   Gap | It/Node Time

     0     0  176.00000    0   13  385.50000  176.00000  54.3%     -    0s
H    0     0                     368.5000000  176.00000  52.2%     -    0s
H    0     0                     328.5000000  176.00000  46.4%     -    0s
H    0     0                     319.5000000  176.00000  44.9%     -    0s
     0     0  176.00000    0   33  319.50000  176.00000  44.9%     -    0s
H    0     0                     287.5000000  176.00000  38.8%     -    0s
     0     0  176.00000    0   33  287.50000  176.00000  38.8%     -    0s
     0     0  176.00000    0   47  287.50000  176.00000  38.8%     -    0s
     0     0  176.00000    0   42  287.50000  176.00000  38.8%     -    0s
     0     0  176.00000    0   48  287.50000  176.00000  38.8%     -    0s
H    0     0                     281.5000000  176.00000  37.5%     -    0s
     0     0  176.00000    0   41  281.50000  176.00000  37.5%     -    0s
     0     0  176.00000    0   38  281.50000  176.00000  37.5%     -    0s
H    0     0                     277.5000000  176.00000  36.6%     -    0s
     0     0  176.00000    0   37  277.50000  176.00000  36.6%     -    0s
     0     0  176.00000    0   18  277.50000  176.00000  36.6%     -    0s
     0     2  176.00000    0   17  277.50000  176.00000  36.6%     -    0s
H  706   273                     277.5000000  207.00000  25.4%  37.4    1s
  3068   735 infeasible   28       277.50000  258.00000  7.03%  38.4    5s
 10173  1703     cutoff   53       277.50000  258.00000  7.03%  31.3   10s
 18606  2868  260.00000   34   53  277.50000  259.00000  6.67%  27.4   15s
 30319  3848  260.00000   40   23  277.50000  259.00000  6.67%  24.6   20s
 40317  4911     cutoff   40       277.50000  259.00000  6.67%  23.8   25s
 52263  5968  260.00000   40    4  277.50000  259.00000  6.67%  22.7   30s
 62317  6704 infeasible   42       277.50000  259.00000  6.67%  22.3   35s
H66371  7074                     277.4998239  259.00000  6.67%  22.0   36s
 68526  5153 infeasible   43       277.49982  259.21397  6.59%  23.1   40s
 72922  1382 infeasible   42       277.49982  260.00000  6.31%  24.6   45s

Cutting planes:
  Gomory: 1
  Cover: 3
  Implied bound: 3
  MIR: 13
  Flow cover: 14
  Zero half: 1

Explored 74582 nodes (1840745 simplex iterations) in 46.15 seconds
Thread count was 4 (of 4 available processors)

Solution count 10: 277.5 277.5 277.5 ... 385.5
Pool objective bound 277.5

Optimal solution found (tolerance 1.00e-03)
Best objective 2.775000000000e+02, best bound 2.775000000000e+02, gap 0.0000%

Gurobi 7.0.2 (win64) logging started 03/16/17 15:56:36

Parameter LogFile unchanged
   Value: log-prop-13.log  Default: 
Parameter presolve unchanged
   Value: 2  Min: -1  Max: 2  Default: -1
Parameter mipgap unchanged
   Value: 0.001  Min: 0.0  Max: 1e+100  Default: 0.0001
Parameter method unchanged
   Value: -1  Min: -1  Max: 4  Default: -1
Parameter timelimit unchanged
   Value: 100.0  Min: 0.0  Max: 1e+100  Default: 1e+100
Parameter mipfocus unchanged
   Value: 1  Min: 0  Max: 3  Default: 0
Optimize a model with 13161 rows, 3742 columns and 39793 nonzeros
Variable types: 1530 continuous, 2212 integer (2206 binary)
Coefficient statistics:
  Matrix range     [6e-01, 2e+04]
  Objective range  [1e+00, 1e+00]
  Bounds range     [1e+00, 1e+04]
  RHS range        [1e+00, 6e+04]
Presolved: 2042 rows, 766 columns, 6803 nonzeros

Continuing optimization...


Cutting planes:
  Gomory: 1
  Cover: 3
  Implied bound: 3
  MIR: 13
  Flow cover: 14
  Zero half: 1

Explored 74582 nodes (1840745 simplex iterations) in 0.02 seconds
Thread count was 4 (of 4 available processors)

Solution count 10: 277.5 277.5 277.5 ... 385.5
Pool objective bound 277.5

Optimal solution found (tolerance 1.00e-03)
Best objective 2.774998239439e+02, best bound 2.774998239439e+02, gap 0.0000%

#######################################
TR: iteration 1 at stage 1
Added demands: [0, 6, 2, 5, 9]
Fixed demands: [4, 3, 8, 7, 1]

Gurobi 7.0.2 (win64) logging started 03/16/17 15:56:36

Parameter LogFile unchanged
   Value: log-prop-13.log  Default: 
Parameter presolve unchanged
   Value: 2  Min: -1  Max: 2  Default: -1
Parameter mipgap unchanged
   Value: 0.001  Min: 0.0  Max: 1e+100  Default: 0.0001
Parameter method unchanged
   Value: -1  Min: -1  Max: 4  Default: -1
Parameter timelimit unchanged
   Value: 100.0  Min: 0.0  Max: 1e+100  Default: 1e+100
Parameter mipfocus unchanged
   Value: 1  Min: 0  Max: 3  Default: 0
Optimize a model with 4803 rows, 844 columns and 20095 nonzeros
Variable types: 432 continuous, 412 integer (406 binary)
Coefficient statistics:
  Matrix range     [1e+00, 2e+04]
  Objective range  [1e+00, 1e+00]
  Bounds range     [1e+00, 1e+04]
  RHS range        [1e+00, 6e+04]
Found heuristic solution: objective 364.5
Presolve removed 3671 rows and 449 columns
Presolve time: 0.02s
Presolved: 1132 rows, 395 columns, 4244 nonzeros

Loaded MIP start with objective 277.5

Variable types: 225 continuous, 170 integer (169 binary)
Presolve removed 30 rows and 10 columns
Presolved: 1102 rows, 385 columns, 4169 nonzeros


Root relaxation: objective 1.055000e+02, 147 iterations, 0.02 seconds

    Nodes    |    Current Node    |     Objective Bounds      |     Work
 Expl Unexpl |  Obj  Depth IntInf | Incumbent    BestBd   Gap | It/Node Time

     0     0  105.50000    0   14  277.50000  105.50000  62.0%     -    0s
     0     0  105.50000    0   30  277.50000  105.50000  62.0%     -    0s
     0     0  105.50000    0   30  277.50000  105.50000  62.0%     -    0s
     0     0  105.50000    0   23  277.50000  105.50000  62.0%     -    0s
     0     0  105.50000    0   23  277.50000  105.50000  62.0%     -    0s
     0     0  105.50000    0   23  277.50000  105.50000  62.0%     -    0s
     0     0  105.50000    0   25  277.50000  105.50000  62.0%     -    0s
     0     0  112.86208    0   24  277.50000  112.86208  59.3%     -    0s
     0     0  112.86208    0   24  277.50000  112.86208  59.3%     -    0s
     0     0  112.86208    0   14  277.50000  112.86208  59.3%     -    0s
     0     2  112.86208    0   14  277.50000  112.86208  59.3%     -    0s
H   67    50                     277.5000000  140.05848  49.5%   7.8    0s
H16572  4079                     277.4999999  187.50000  32.4%   7.8    4s
 17838  4416 infeasible   26       277.50000  187.50000  32.4%   7.9    5s
 39377  8131  188.50000   27   11  277.50000  188.50000  32.1%   7.6   10s
 57360 10605  189.50000   32   23  277.50000  188.50000  32.1%   7.5   15s
 74980 14035  189.50000   45   12  277.50000  188.50000  32.1%   7.6   20s
 93614 17782 infeasible   42       277.50000  188.50000  32.1%   7.7   25s
 111480 20820  193.50000   33   15  277.50000  188.50000  32.1%   7.7   30s
 128343 23471  202.50000   34   18  277.50000  188.50000  32.1%   7.6   35s
 149216 26964 infeasible   34       277.50000  188.50000  32.1%   7.5   40s
 166431 29727 infeasible   43       277.50000  188.50000  32.1%   7.5   45s
 181543 32434  201.67528   42   24  277.50000  188.50000  32.1%   7.6   50s
 198106 35265  194.50000   25   19  277.50000  188.50000  32.1%   7.6   55s
 215288 38531  188.50000   29   14  277.50000  188.50000  32.1%   7.7   60s
 232900 41434  212.50000   40   14  277.50000  188.50000  32.1%   7.7   65s
 251455 44776  193.50000   29   13  277.50000  188.50000  32.1%   7.7   70s
 272326 47462 infeasible   41       277.50000  188.50000  32.1%   7.7   75s
 287068 49789  194.50000   34   17  277.50000  188.50000  32.1%   7.7   80s
 305112 52466  194.50000   34   13  277.50000  188.64969  32.0%   7.7   85s
 323210 55591  260.00000   36    6  277.50000  188.72649  32.0%   7.7   90s
 341551 59035  189.50000   35   13  277.50000  188.79604  32.0%   7.7   95s
 360436 62248  190.50000   36   18  277.50000  188.86332  31.9%   7.7  100s

Cutting planes:
  Gomory: 4
  Implied bound: 1
  MIR: 31
  Flow cover: 50

Explored 361233 nodes (2777862 simplex iterations) in 100.02 seconds
Thread count was 4 (of 4 available processors)

Solution count 3: 277.5 277.5 277.5 
Pool objective bound 188.873

Time limit reached
Best objective 2.774999999443e+02, best bound 1.888730498155e+02, gap 31.9376%

Gurobi 7.0.2 (win64) logging started 03/16/17 15:58:17

Parameter LogFile unchanged
   Value: log-prop-13.log  Default: 
Parameter presolve unchanged
   Value: 2  Min: -1  Max: 2  Default: -1
Parameter mipgap unchanged
   Value: 0.001  Min: 0.0  Max: 1e+100  Default: 0.0001
Parameter method unchanged
   Value: -1  Min: -1  Max: 4  Default: -1
Parameter timelimit unchanged
   Value: 100.0  Min: 0.0  Max: 1e+100  Default: 1e+100
Parameter mipfocus unchanged
   Value: 1  Min: 0  Max: 3  Default: 0
Optimize a model with 4803 rows, 844 columns and 20095 nonzeros
Variable types: 432 continuous, 412 integer (406 binary)
Coefficient statistics:
  Matrix range     [1e+00, 2e+04]
  Objective range  [1e+00, 1e+00]
  Bounds range     [1e+00, 1e+04]
  RHS range        [1e+00, 6e+04]
Presolved: 1132 rows, 395 columns, 4244 nonzeros

Continuing optimization...

 361233 62451 infeasible   33       277.50000  188.87305  31.9%   7.7  100s
 382467 64367  189.50000   38    5  277.50000  189.50000  31.7%   7.6  105s
 401676 63283  189.50000   33    7  277.50000  189.50000  31.7%   7.6  110s
 418623 62757  211.12175   40   18  277.50000  189.50000  31.7%   7.6  115s
 436776 62665 infeasible   31       277.50000  189.50000  31.7%   7.6  120s
 456015 63017 infeasible   36       277.50000  189.50000  31.7%   7.6  125s
 475643 63710 infeasible   30       277.50000  189.50000  31.7%   7.6  130s
 494859 65245  189.50000   42   13  277.50000  189.50000  31.7%   7.6  135s
 514198 67329 infeasible   51       277.50000  189.50000  31.7%   7.6  140s
 533687 69393  203.50000   41   24  277.50000  189.50000  31.7%   7.5  145s
 554013 71672  195.50000   38   19  277.50000  189.50000  31.7%   7.5  150s
 573387 74321  189.50000   34   21  277.50000  189.50000  31.7%   7.5  155s
 591186 75964  194.50000   47   16  277.50000  189.50000  31.7%   7.5  160s
 609270 77612 infeasible   36       277.50000  189.50000  31.7%   7.5  165s
 625351 79013  210.00000   36    6  277.50000  189.50000  31.7%   7.5  170s
 645748 80990  189.50000   34   13  277.50000  189.50000  31.7%   7.5  175s
 665225 83043 infeasible   45       277.50000  189.50000  31.7%   7.5  180s
 682019 84438 infeasible   38       277.50000  189.50000  31.7%   7.5  185s
 698390 85662  189.50000   42   16  277.50000  189.50000  31.7%   7.5  190s
 718314 87579  211.50000   49   10  277.50000  189.50000  31.7%   7.6  195s
 739189 89946  189.50000   30   15  277.50000  189.50000  31.7%   7.6  200s

Cutting planes:
  Gomory: 4
  Cover: 2
  Implied bound: 1
  MIR: 36
  Flow cover: 52

Explored 739856 nodes (5649502 simplex iterations) in 100.03 seconds
Thread count was 4 (of 4 available processors)

Solution count 3: 277.5 277.5 277.5 
Pool objective bound 189.5

Time limit reached
Best objective 2.774999999443e+02, best bound 1.895000000000e+02, gap 31.7117%

#######################################
GN: iteration 1 at stage 1
Added demands: [0, 6, 2, 5, 9]
Fixed demands: [4, 3, 8, 7, 1]

Gurobi 7.0.2 (win64) logging started 03/16/17 15:59:57

Parameter LogFile unchanged
   Value: log-prop-13.log  Default: 
Parameter presolve unchanged
   Value: 2  Min: -1  Max: 2  Default: -1
Parameter mipgap unchanged
   Value: 0.001  Min: 0.0  Max: 1e+100  Default: 0.0001
Parameter method unchanged
   Value: -1  Min: -1  Max: 4  Default: -1
Parameter timelimit unchanged
   Value: 100.0  Min: 0.0  Max: 1e+100  Default: 1e+100
Parameter mipfocus unchanged
   Value: 1  Min: 0  Max: 3  Default: 0
Optimize a model with 13161 rows, 3742 columns and 39793 nonzeros
Variable types: 1530 continuous, 2212 integer (2206 binary)
Coefficient statistics:
  Matrix range     [6e-01, 2e+04]
  Objective range  [1e+00, 1e+00]
  Bounds range     [1e+00, 1e+04]
  RHS range        [1e+00, 6e+04]
Found heuristic solution: objective 374.5
Presolve removed 11136 rows and 2979 columns
Presolve time: 0.08s
Presolved: 2025 rows, 763 columns, 6809 nonzeros

Loaded MIP start with objective 277.5

Variable types: 415 continuous, 348 integer (348 binary)
Presolve removed 188 rows and 92 columns
Presolved: 1837 rows, 671 columns, 6263 nonzeros


Root relaxation: objective 1.055000e+02, 88 iterations, 0.02 seconds

    Nodes    |    Current Node    |     Objective Bounds      |     Work
 Expl Unexpl |  Obj  Depth IntInf | Incumbent    BestBd   Gap | It/Node Time

     0     0  105.50000    0   11  277.50000  105.50000  62.0%     -    0s
     0     0  105.50000    0   40  277.50000  105.50000  62.0%     -    0s
     0     0  105.50000    0   37  277.50000  105.50000  62.0%     -    0s
     0     0  105.50000    0   48  277.50000  105.50000  62.0%     -    0s
     0     0  105.50000    0   48  277.50000  105.50000  62.0%     -    0s
     0     0  105.50000    0   47  277.50000  105.50000  62.0%     -    0s
     0     0  112.86208    0   42  277.50000  112.86208  59.3%     -    0s
     0     0  112.86208    0   43  277.50000  112.86208  59.3%     -    0s
     0     0  112.86208    0   34  277.50000  112.86208  59.3%     -    0s
     0     0  112.86208    0   20  277.50000  112.86208  59.3%     -    0s
     0     2  112.86208    0   19  277.50000  112.86208  59.3%     -    0s
H   85    72                     277.5000000  140.05848  49.5%  17.7    0s
  2778   966  150.50000   22   96  277.50000  150.50000  45.8%  29.8    5s
  7931  1664  170.50000   41   14  277.50000  170.50000  38.6%  28.9   10s
 15070  2776 infeasible   32       277.50000  170.50000  38.6%  25.2   15s
 23075  4173 infeasible   57       277.50000  170.50000  38.6%  23.0   20s
 30944  5528  202.50000   50   27  277.50000  170.50000  38.6%  22.0   25s
H35259  6192                     277.4999995  170.50000  38.6%  21.7   27s
 38924  6591  202.50000   41   45  277.50000  170.50000  38.6%  21.6   30s
 45978  7423  190.50000   44   21  277.50000  171.50000  38.2%  21.5   35s
 52877  8176  185.50000   47   44  277.50000  171.50000  38.2%  21.3   40s
 60132  8909  204.50000   58   25  277.50000  171.50000  38.2%  21.1   45s
 68559  9873  171.50000   45   18  277.50000  171.50000  38.2%  20.6   50s
 76324 10873 infeasible   51       277.50000  171.50000  38.2%  20.2   55s
 82864 11754  191.50000   42   21  277.50000  171.50000  38.2%  20.6   60s
 91604 12717  171.50000   44   24  277.50000  171.50000  38.2%  20.3   65s
 99803 13414  172.50000   58   14  277.50000  171.50000  38.2%  19.9   70s
 107856 14113 infeasible   63       277.50000  171.50000  38.2%  19.6   75s
 116565 14885 infeasible   49       277.50000  171.50000  38.2%  19.3   80s
 124753 15606  172.50000   50   38  277.50000  171.50000  38.2%  19.1   85s
 132071 16528  172.83259   55   36  277.50000  171.50000  38.2%  19.1   90s
 138172 17249 infeasible   54       277.50000  171.50000  38.2%  19.0   95s
 145557 17751 infeasible   49       277.50000  171.50000  38.2%  18.9  100s

Cutting planes:
  Gomory: 3
  Cover: 2
  MIR: 37
  Flow cover: 48
  Zero half: 7

Explored 145707 nodes (2749353 simplex iterations) in 100.03 seconds
Thread count was 4 (of 4 available processors)

Solution count 3: 277.5 277.5 277.5 
Pool objective bound 171.5

Time limit reached
Best objective 2.774999995164e+02, best bound 1.715000000000e+02, gap 38.1982%

Gurobi 7.0.2 (win64) logging started 03/16/17 16:01:37

Parameter LogFile unchanged
   Value: log-prop-13.log  Default: 
Parameter presolve unchanged
   Value: 2  Min: -1  Max: 2  Default: -1
Parameter mipgap unchanged
   Value: 0.001  Min: 0.0  Max: 1e+100  Default: 0.0001
Parameter method unchanged
   Value: -1  Min: -1  Max: 4  Default: -1
Parameter timelimit unchanged
   Value: 100.0  Min: 0.0  Max: 1e+100  Default: 1e+100
Parameter mipfocus unchanged
   Value: 1  Min: 0  Max: 3  Default: 0
Optimize a model with 13161 rows, 3742 columns and 39793 nonzeros
Variable types: 1530 continuous, 2212 integer (2206 binary)
Coefficient statistics:
  Matrix range     [6e-01, 2e+04]
  Objective range  [1e+00, 1e+00]
  Bounds range     [1e+00, 1e+04]
  RHS range        [1e+00, 6e+04]
Presolved: 2025 rows, 763 columns, 6809 nonzeros

Continuing optimization...

 145707 17735  171.50000   47   36  277.50000  171.50000  38.2%  18.9  100s
 151895 18411 infeasible   54       277.50000  171.50000  38.2%  18.8  105s
 160970 19273 infeasible   49       277.50000  171.50000  38.2%  18.6  110s
 170214 20210  204.50000   45   11  277.50000  171.50000  38.2%  18.4  115s
 179655 21300  172.50000   42   48  277.50000  171.50000  38.2%  18.2  120s
 187150 21930 infeasible   46       277.50000  171.66893  38.1%  18.4  125s
 193994 21951  172.50000   47   11  277.50000  172.50000  37.8%  18.4  130s
 202182 22127 infeasible   47       277.50000  172.50000  37.8%  18.4  135s
 209891 23102 infeasible   54       277.50000  172.50000  37.8%  18.4  140s
 216491 23478  196.50000   54   22  277.50000  172.50000  37.8%  18.4  145s
 224723 24239 infeasible   61       277.50000  172.50000  37.8%  18.3  150s
 231977 25041 infeasible   55       277.50000  172.50000  37.8%  18.2  155s
 240200 25706 infeasible   66       277.50000  172.50000  37.8%  18.1  160s
 246856 26109  172.50000   49    9  277.50000  172.50000  37.8%  18.1  165s
 255528 26701  187.50000   48   16  277.50000  172.50000  37.8%  17.9  170s
 263742 27213  191.50000   49   25  277.50000  172.50000  37.8%  17.8  175s
 271333 27745  196.50000   43   37  277.50000  172.50000  37.8%  17.8  180s
 279945 28390 infeasible   58       277.50000  172.50000  37.8%  17.6  185s
 288061 28843 infeasible   52       277.50000  172.50000  37.8%  17.5  190s
 297674 29544  204.50000   52   15  277.50000  172.50000  37.8%  17.4  195s
 307041 30115 infeasible   53       277.50000  172.50000  37.8%  17.2  200s

Cutting planes:
  Gomory: 4
  Cover: 2
  MIR: 48
  Flow cover: 55
  Zero half: 7

Explored 307178 nodes (5294683 simplex iterations) in 100.02 seconds
Thread count was 4 (of 4 available processors)

Solution count 3: 277.5 277.5 277.5 
Pool objective bound 172.5

Time limit reached
Best objective 2.774999995164e+02, best bound 1.725000000000e+02, gap 37.8378%

#######################################
TR: iteration 2 at stage 1
Added demands: [3, 4, 7]
Fixed demands: [9, 6, 2, 1, 8, 0, 5]

Gurobi 7.0.2 (win64) logging started 03/16/17 16:03:17

Parameter LogFile unchanged
   Value: log-prop-13.log  Default: 
Parameter presolve unchanged
   Value: 2  Min: -1  Max: 2  Default: -1
Parameter mipgap unchanged
   Value: 0.001  Min: 0.0  Max: 1e+100  Default: 0.0001
Parameter method unchanged
   Value: -1  Min: -1  Max: 4  Default: -1
Parameter timelimit unchanged
   Value: 100.0  Min: 0.0  Max: 1e+100  Default: 1e+100
Parameter mipfocus unchanged
   Value: 1  Min: 0  Max: 3  Default: 0
Optimize a model with 4803 rows, 844 columns and 20095 nonzeros
Variable types: 432 continuous, 412 integer (406 binary)
Coefficient statistics:
  Matrix range     [1e+00, 2e+04]
  Objective range  [1e+00, 1e+00]
  Bounds range     [1e+00, 1e+04]
  RHS range        [1e+00, 6e+04]
Found heuristic solution: objective 282.5
Presolve removed 4178 rows and 587 columns
Presolve time: 0.00s
Presolved: 625 rows, 257 columns, 2177 nonzeros

Loaded MIP start with objective 277.5

Variable types: 142 continuous, 115 integer (113 binary)
Presolve removed 19 rows and 4 columns
Presolved: 606 rows, 253 columns, 2131 nonzeros


Root relaxation: objective 2.580000e+02, 78 iterations, 0.00 seconds

    Nodes    |    Current Node    |     Objective Bounds      |     Work
 Expl Unexpl |  Obj  Depth IntInf | Incumbent    BestBd   Gap | It/Node Time

     0     0  258.00000    0    1  277.50000  258.00000  7.03%     -    0s
     0     0  258.00000    0    2  277.50000  258.00000  7.03%     -    0s
     0     0  258.00000    0    5  277.50000  258.00000  7.03%     -    0s
     0     0  258.00000    0    6  277.50000  258.00000  7.03%     -    0s
     0     0  258.00000    0    4  277.50000  258.00000  7.03%     -    0s
H    0     0                     277.5000000  258.00000  7.03%     -    0s
     0     0  258.00000    0    4  277.50000  258.00000  7.03%     -    0s
     0     0  258.00000    0    4  277.50000  258.00000  7.03%     -    0s
     0     0  258.00000    0    1  277.50000  258.00000  7.03%     -    0s
     0     0  258.00000    0    2  277.50000  258.00000  7.03%     -    0s
     0     0  258.00000    0    6  277.50000  258.00000  7.03%     -    0s
     0     0  259.00000    0    6  277.50000  259.00000  6.67%     -    0s
     0     0  276.50000    0    6  277.50000  276.50000  0.36%     -    0s
     0     0  276.50000    0   11  277.50000  276.50000  0.36%     -    0s
     0     0  276.50000    0   10  277.50000  276.50000  0.36%     -    0s
     0     0  276.50000    0    7  277.50000  276.50000  0.36%     -    0s
     0     0  276.50000    0    7  277.50000  276.50000  0.36%     -    0s
     0     0  276.50000    0    1  277.50000  276.50000  0.36%     -    0s
     0     2  276.50000    0    1  277.50000  276.50000  0.36%     -    0s

Cutting planes:
  Implied bound: 2
  MIR: 4
  Flow cover: 6

Explored 21 nodes (852 simplex iterations) in 0.20 seconds
Thread count was 4 (of 4 available processors)

Solution count 3: 277.5 277.5 277.5 
Pool objective bound 277.5

Optimal solution found (tolerance 1.00e-03)
Best objective 2.774999999721e+02, best bound 2.774999999721e+02, gap 0.0000%

#######################################
GN: iteration 2 at stage 1
Added demands: [3, 4, 7]
Fixed demands: [9, 6, 2, 1, 8, 0, 5]

Gurobi 7.0.2 (win64) logging started 03/16/17 16:03:17

Parameter LogFile unchanged
   Value: log-prop-13.log  Default: 
Parameter presolve unchanged
   Value: 2  Min: -1  Max: 2  Default: -1
Parameter mipgap unchanged
   Value: 0.001  Min: 0.0  Max: 1e+100  Default: 0.0001
Parameter method unchanged
   Value: -1  Min: -1  Max: 4  Default: -1
Parameter timelimit unchanged
   Value: 100.0  Min: 0.0  Max: 1e+100  Default: 1e+100
Parameter mipfocus unchanged
   Value: 1  Min: 0  Max: 3  Default: 0
Optimize a model with 13161 rows, 3742 columns and 39793 nonzeros
Variable types: 1530 continuous, 2212 integer (2206 binary)
Coefficient statistics:
  Matrix range     [6e-01, 2e+04]
  Objective range  [1e+00, 1e+00]
  Bounds range     [1e+00, 1e+04]
  RHS range        [1e+00, 6e+04]
Found heuristic solution: objective 381
Presolve removed 12329 rows and 3409 columns
Presolve time: 0.05s
Presolved: 832 rows, 333 columns, 2764 nonzeros

Loaded MIP start with objective 277.5

Variable types: 168 continuous, 165 integer (165 binary)
Presolve removed 55 rows and 26 columns
Presolved: 777 rows, 307 columns, 2593 nonzeros


Root relaxation: objective 2.580000e+02, 58 iterations, 0.00 seconds

    Nodes    |    Current Node    |     Objective Bounds      |     Work
 Expl Unexpl |  Obj  Depth IntInf | Incumbent    BestBd   Gap | It/Node Time

     0     0  258.00000    0    1  277.50000  258.00000  7.03%     -    0s
     0     0  258.00000    0    1  277.50000  258.00000  7.03%     -    0s
     0     0  258.00000    0    1  277.50000  258.00000  7.03%     -    0s
H    0     0                     277.5000000  258.00000  7.03%     -    0s
     0     2  258.00000    0    1  277.50000  258.00000  7.03%     -    0s

Cutting planes:
  MIR: 2

Explored 18 nodes (609 simplex iterations) in 0.16 seconds
Thread count was 4 (of 4 available processors)

Solution count 2: 277.5 277.5 
Pool objective bound 277.5

Optimal solution found (tolerance 1.00e-03)
Best objective 2.774999999721e+02, best bound 2.774999999721e+02, gap 0.0000%

#######################################
TR: iteration 0 at stage 2
Added demands: [8, 9, 10, 11, 12, 13, 14]
Fixed demands: [0, 1, 2, 3, 4, 5, 6, 7]

Gurobi 7.0.2 (win64) logging started 03/16/17 16:03:21

Changed value of parameter LogFile to log-prop-13.log
   Prev: gurobi.log  Default: 
Changed value of parameter presolve to 2
   Prev: -1  Min: -1  Max: 2  Default: -1
Changed value of parameter mipgap to 0.001
   Prev: 0.0001  Min: 0.0  Max: 1e+100  Default: 0.0001
Parameter method unchanged
   Value: -1  Min: -1  Max: 4  Default: -1
Changed value of parameter timelimit to 100.0
   Prev: 1e+100  Min: 0.0  Max: 1e+100  Default: 1e+100
Changed value of parameter mipfocus to 1
   Prev: 0  Min: 0  Max: 3  Default: 0
Optimize a model with 9973 rows, 1334 columns and 43780 nonzeros
Variable types: 647 continuous, 687 integer (681 binary)
Coefficient statistics:
  Matrix range     [1e+00, 2e+04]
  Objective range  [1e+00, 1e+00]
  Bounds range     [1e+00, 1e+04]
  RHS range        [1e+00, 6e+04]
Found heuristic solution: objective 305.5
Presolve removed 8014 rows and 751 columns
Presolve time: 0.02s
Presolved: 1959 rows, 583 columns, 7653 nonzeros
Variable types: 313 continuous, 270 integer (265 binary)
Presolve removed 27 rows and 4 columns
Presolved: 1932 rows, 579 columns, 7583 nonzeros


Root relaxation: objective 2.775000e+02, 165 iterations, 0.01 seconds

    Nodes    |    Current Node    |     Objective Bounds      |     Work
 Expl Unexpl |  Obj  Depth IntInf | Incumbent    BestBd   Gap | It/Node Time

     0     0  277.50000    0    1  305.50000  277.50000  9.17%     -    0s
H    0     0                     294.0000000  277.50000  5.61%     -    0s
     0     0  277.50000    0    6  294.00000  277.50000  5.61%     -    0s
H    0     0                     277.5000000  277.50000  0.00%     -    0s

Cutting planes:
  MIR: 5
  Flow cover: 3

Explored 0 nodes (513 simplex iterations) in 0.13 seconds
Thread count was 4 (of 4 available processors)

Solution count 3: 277.5 294 305.5 
Pool objective bound 277.5

Optimal solution found (tolerance 1.00e-03)
Best objective 2.774999999999e+02, best bound 2.774999999999e+02, gap 0.0000%

#######################################
GN: iteration 0 at stage 2
Added demands: [8, 9, 10, 11, 12, 13, 14]
Fixed demands: [0, 1, 2, 3, 4, 5, 6, 7]

Gurobi 7.0.2 (win64) logging started 03/16/17 16:03:21

Changed value of parameter LogFile to log-prop-13.log
   Prev: gurobi.log  Default: 
Changed value of parameter presolve to 2
   Prev: -1  Min: -1  Max: 2  Default: -1
Changed value of parameter mipgap to 0.001
   Prev: 0.0001  Min: 0.0  Max: 1e+100  Default: 0.0001
Parameter method unchanged
   Value: -1  Min: -1  Max: 4  Default: -1
Changed value of parameter timelimit to 100.0
   Prev: 1e+100  Min: 0.0  Max: 1e+100  Default: 1e+100
Changed value of parameter mipfocus to 1
   Prev: 0  Min: 0  Max: 3  Default: 0
Optimize a model with 26551 rows, 7022 columns and 84118 nonzeros
Variable types: 2285 continuous, 4737 integer (4731 binary)
Coefficient statistics:
  Matrix range     [6e-01, 2e+04]
  Objective range  [1e+00, 1e+00]
  Bounds range     [1e+00, 1e+04]
  RHS range        [1e+00, 6e+04]
Found heuristic solution: objective 415
Presolve removed 22958 rows and 5795 columns
Presolve time: 0.14s
Presolved: 3593 rows, 1227 columns, 12320 nonzeros
Variable types: 586 continuous, 641 integer (641 binary)
Presolve removed 261 rows and 126 columns
Presolved: 3332 rows, 1101 columns, 11573 nonzeros


Root relaxation: objective 2.775000e+02, 177 iterations, 0.02 seconds

    Nodes    |    Current Node    |     Objective Bounds      |     Work
 Expl Unexpl |  Obj  Depth IntInf | Incumbent    BestBd   Gap | It/Node Time

     0     0  277.50000    0    1  415.00000  277.50000  33.1%     -    0s
H    0     0                     278.5000000  277.50000  0.36%     -    0s
H    0     0                     277.5000000  277.50000  0.00%     -    0s

Explored 0 nodes (789 simplex iterations) in 0.26 seconds
Thread count was 4 (of 4 available processors)

Solution count 3: 277.5 278.5 415 
Pool objective bound 277.5

Optimal solution found (tolerance 1.00e-03)
Best objective 2.774999999999e+02, best bound 2.774999999999e+02, gap 0.0000%

#######################################
TR: iteration 1 at stage 2
Added demands: [4, 13, 9, 1, 0, 10, 12]
Fixed demands: [2, 6, 14, 7, 11, 5, 8, 3]

Gurobi 7.0.2 (win64) logging started 03/16/17 16:03:21

Parameter LogFile unchanged
   Value: log-prop-13.log  Default: 
Parameter presolve unchanged
   Value: 2  Min: -1  Max: 2  Default: -1
Parameter mipgap unchanged
   Value: 0.001  Min: 0.0  Max: 1e+100  Default: 0.0001
Parameter method unchanged
   Value: -1  Min: -1  Max: 4  Default: -1
Parameter timelimit unchanged
   Value: 100.0  Min: 0.0  Max: 1e+100  Default: 1e+100
Parameter mipfocus unchanged
   Value: 1  Min: 0  Max: 3  Default: 0
Optimize a model with 9973 rows, 1334 columns and 43780 nonzeros
Variable types: 647 continuous, 687 integer (681 binary)
Coefficient statistics:
  Matrix range     [1e+00, 2e+04]
  Objective range  [1e+00, 1e+00]
  Bounds range     [1e+00, 1e+04]
  RHS range        [1e+00, 6e+04]
Found heuristic solution: objective 361.5
Presolve removed 8004 rows and 751 columns
Presolve time: 0.02s
Presolved: 1969 rows, 583 columns, 7712 nonzeros

Loaded MIP start with objective 277.5

Variable types: 313 continuous, 270 integer (265 binary)
Presolve removed 38 rows and 10 columns
Presolved: 1931 rows, 573 columns, 7617 nonzeros


Root relaxation: objective 2.550000e+02, 171 iterations, 0.02 seconds

    Nodes    |    Current Node    |     Objective Bounds      |     Work
 Expl Unexpl |  Obj  Depth IntInf | Incumbent    BestBd   Gap | It/Node Time

     0     0  255.00000    0    3  277.50000  255.00000  8.11%     -    0s
     0     0  255.00000    0   10  277.50000  255.00000  8.11%     -    0s
     0     0  255.00000    0    9  277.50000  255.00000  8.11%     -    0s
     0     0  255.00000    0   15  277.50000  255.00000  8.11%     -    0s
     0     0  255.00000    0   15  277.50000  255.00000  8.11%     -    0s
     0     0  255.00000    0   15  277.50000  255.00000  8.11%     -    0s
     0     0  255.00000    0   20  277.50000  255.00000  8.11%     -    0s
     0     0  255.00000    0   16  277.50000  255.00000  8.11%     -    0s
     0     0  255.00000    0    6  277.50000  255.00000  8.11%     -    0s
     0     0  255.00000    0    2  277.50000  255.00000  8.11%     -    0s
     0     0  255.00000    0    2  277.50000  255.00000  8.11%     -    0s
     0     0  255.00000    0    3  277.50000  255.00000  8.11%     -    0s
     0     0  255.00000    0   11  277.50000  255.00000  8.11%     -    0s
     0     0  255.00000    0   18  277.50000  255.00000  8.11%     -    0s
     0     0  255.00000    0   13  277.50000  255.00000  8.11%     -    0s
     0     0  255.00000    0   17  277.50000  255.00000  8.11%     -    0s
     0     0  255.00000    0   18  277.50000  255.00000  8.11%     -    0s
     0     0  255.00787    0   23  277.50000  255.00787  8.11%     -    0s
     0     0  255.01144    0   17  277.50000  255.01144  8.10%     -    0s
     0     0  255.01793    0    5  277.50000  255.01793  8.10%     -    0s
     0     2  255.01793    0    5  277.50000  255.01793  8.10%     -    0s
H 2435   395                     277.5000000  256.50000  7.57%   5.1    0s

Cutting planes:
  Gomory: 1
  Cover: 1
  Implied bound: 1
  MIR: 3
  Flow cover: 14

Explored 8617 nodes (49021 simplex iterations) in 2.01 seconds
Thread count was 4 (of 4 available processors)

Solution count 4: 277.5 277.5 277.5 277.5 
Pool objective bound 277.5

Optimal solution found (tolerance 1.00e-03)
Best objective 2.774999999721e+02, best bound 2.774999999721e+02, gap 0.0000%

#######################################
GN: iteration 1 at stage 2
Added demands: [4, 13, 9, 1, 0, 10, 12]
Fixed demands: [2, 6, 14, 7, 11, 5, 8, 3]

Gurobi 7.0.2 (win64) logging started 03/16/17 16:03:23

Parameter LogFile unchanged
   Value: log-prop-13.log  Default: 
Parameter presolve unchanged
   Value: 2  Min: -1  Max: 2  Default: -1
Parameter mipgap unchanged
   Value: 0.001  Min: 0.0  Max: 1e+100  Default: 0.0001
Parameter method unchanged
   Value: -1  Min: -1  Max: 4  Default: -1
Parameter timelimit unchanged
   Value: 100.0  Min: 0.0  Max: 1e+100  Default: 1e+100
Parameter mipfocus unchanged
   Value: 1  Min: 0  Max: 3  Default: 0
Optimize a model with 26551 rows, 7022 columns and 84118 nonzeros
Variable types: 2285 continuous, 4737 integer (4731 binary)
Coefficient statistics:
  Matrix range     [6e-01, 2e+04]
  Objective range  [1e+00, 1e+00]
  Bounds range     [1e+00, 1e+04]
  RHS range        [1e+00, 6e+04]
Found heuristic solution: objective 291.5
Presolve removed 22979 rows and 5798 columns
Presolve time: 0.14s
Presolved: 3572 rows, 1224 columns, 12293 nonzeros

Loaded MIP start with objective 277.5

Variable types: 584 continuous, 640 integer (640 binary)
Presolve removed 270 rows and 128 columns
Presolved: 3302 rows, 1096 columns, 11516 nonzeros


Root relaxation: objective 2.470000e+02, 127 iterations, 0.02 seconds

    Nodes    |    Current Node    |     Objective Bounds      |     Work
 Expl Unexpl |  Obj  Depth IntInf | Incumbent    BestBd   Gap | It/Node Time

     0     0  247.00000    0    3  277.50000  247.00000  11.0%     -    0s
     0     0  247.01207    0   17  277.50000  247.01207  11.0%     -    0s
     0     0  258.00000    0   30  277.50000  258.00000  7.03%     -    0s
     0     0  258.00000    0   26  277.50000  258.00000  7.03%     -    0s
     0     0  258.00000    0   25  277.50000  258.00000  7.03%     -    0s
     0     0  258.00000    0   17  277.50000  258.00000  7.03%     -    0s
     0     0  258.00000    0   10  277.50000  258.00000  7.03%     -    0s
     0     0  258.00000    0   11  277.50000  258.00000  7.03%     -    0s
     0     0  258.00000    0    3  277.50000  258.00000  7.03%     -    0s
     0     0  258.00000    0    1  277.50000  258.00000  7.03%     -    0s
     0     0  258.00000    0    5  277.50000  258.00000  7.03%     -    0s
     0     0  258.00000    0    5  277.50000  258.00000  7.03%     -    0s
     0     0  258.00000    0    7  277.50000  258.00000  7.03%     -    0s
     0     0  258.00000    0    2  277.50000  258.00000  7.03%     -    0s
     0     0  258.00000    0    2  277.50000  258.00000  7.03%     -    0s
     0     0  258.00000    0    3  277.50000  258.00000  7.03%     -    0s
     0     0  258.00000    0    1  277.50000  258.00000  7.03%     -    0s
     0     0  258.00000    0    1  277.50000  258.00000  7.03%     -    0s
     0     2  258.00000    0    1  277.50000  258.00000  7.03%     -    0s

Cutting planes:
  Cover: 1
  Implied bound: 2
  MIR: 3
  Flow cover: 2

Explored 9 nodes (2446 simplex iterations) in 0.84 seconds
Thread count was 4 (of 4 available processors)

Solution count 1: 277.5 
Pool objective bound 277.5

Optimal solution found (tolerance 1.00e-03)
Best objective 2.775000000000e+02, best bound 2.775000000000e+02, gap 0.0000%

#######################################
TR: iteration 2 at stage 2
Added demands: [14, 0, 4, 3, 13, 10, 6, 1]
Fixed demands: [9, 8, 5, 7, 11, 12, 2]

Gurobi 7.0.2 (win64) logging started 03/16/17 16:03:24

Parameter LogFile unchanged
   Value: log-prop-13.log  Default: 
Parameter presolve unchanged
   Value: 2  Min: -1  Max: 2  Default: -1
Parameter mipgap unchanged
   Value: 0.001  Min: 0.0  Max: 1e+100  Default: 0.0001
Parameter method unchanged
   Value: -1  Min: -1  Max: 4  Default: -1
Parameter timelimit unchanged
   Value: 100.0  Min: 0.0  Max: 1e+100  Default: 1e+100
Parameter mipfocus unchanged
   Value: 1  Min: 0  Max: 3  Default: 0
Optimize a model with 9973 rows, 1334 columns and 43780 nonzeros
Variable types: 647 continuous, 687 integer (681 binary)
Coefficient statistics:
  Matrix range     [1e+00, 2e+04]
  Objective range  [1e+00, 1e+00]
  Bounds range     [1e+00, 1e+04]
  RHS range        [1e+00, 6e+04]
Found heuristic solution: objective 370.5
Presolve removed 7640 rows and 681 columns
Presolve time: 0.02s
Presolved: 2333 rows, 653 columns, 9306 nonzeros

Loaded MIP start with objective 277.5

Variable types: 355 continuous, 298 integer (294 binary)
Presolve removed 40 rows and 12 columns
Presolved: 2293 rows, 641 columns, 9204 nonzeros


Root relaxation: objective 1.915000e+02, 203 iterations, 0.02 seconds

    Nodes    |    Current Node    |     Objective Bounds      |     Work
 Expl Unexpl |  Obj  Depth IntInf | Incumbent    BestBd   Gap | It/Node Time

     0     0  191.50000    0   13  277.50000  191.50000  31.0%     -    0s
     0     0  191.50000    0   35  277.50000  191.50000  31.0%     -    0s
     0     0  191.50000    0   33  277.50000  191.50000  31.0%     -    0s
     0     0  191.50000    0   32  277.50000  191.50000  31.0%     -    0s
     0     0  191.50000    0   30  277.50000  191.50000  31.0%     -    0s
     0     0  191.50000    0   22  277.50000  191.50000  31.0%     -    0s
     0     0  191.50000    0   24  277.50000  191.50000  31.0%     -    0s
     0     0  191.50000    0   31  277.50000  191.50000  31.0%     -    0s
     0     0  191.50000    0   33  277.50000  191.50000  31.0%     -    0s
     0     0  191.50000    0    7  277.50000  191.50000  31.0%     -    0s
H    0     0                     277.5000000  191.50000  31.0%     -    0s
     0     2  191.50000    0    7  277.50000  191.50000  31.0%     -    0s
H 1358   633                     273.0000000  191.50000  29.9%   6.8    1s
H 1493   673                     271.0000000  191.50000  29.3%   6.8    1s
H 2054   853                     271.0000000  191.50000  29.3%   6.6    2s
  3429   882  258.00000   26    2  271.00000  191.50000  29.3%  11.8    5s
H 4898   808                     270.9999205  191.50000  29.3%  13.2    9s
  4899   813  251.00000   42   12  270.99992  191.50000  29.3%  13.2   10s
  7055  1220  258.00000   33    2  270.99992  191.50000  29.3%  13.8   15s
 14652  2150  256.00000   33   15  270.99992  192.50000  29.0%  14.6   20s
 22674  3249 infeasible   26       270.99992  192.50000  29.0%  15.0   25s
 27272  3880  256.00000   44    9  270.99992  192.50000  29.0%  15.1   30s
 30860  4170 infeasible   36       270.99992  192.75141  28.9%  15.4   35s
 35809  4409  257.00000   42   22  270.99992  193.50000  28.6%  15.5   40s
 40029  4566  194.50000   28   31  270.99992  193.50000  28.6%  15.7   45s
 43434  4696 infeasible   41       270.99992  193.50000  28.6%  15.9   50s
 48195  4859  261.00000   40    1  270.99992  193.50000  28.6%  16.0   55s
H49621  4952                     270.9999205  193.50000  28.6%  16.0   56s
 53411  4999  260.00000   37   11  270.99992  193.50000  28.6%  16.2   60s
 57003  5115  195.50000   36   18  270.99992  193.50000  28.6%  16.3   65s
 60510  5035  253.00000   38    9  270.99992  194.50000  28.2%  16.5   70s
 63847  4850  194.50000   34   37  270.99992  194.50000  28.2%  16.7   75s
 72421  5171 infeasible   33       270.99992  201.50000  25.6%  16.4   80s
 82112  5235 infeasible   42       270.99992  202.50000  25.3%  16.1   85s
 90905  5531  255.00000   32    7  270.99992  209.50000  22.7%  15.8   90s
 101525  5730  220.23894   46   15  270.99992  219.00000  19.2%  15.4   95s
 111714  6015 infeasible   31       270.99992  230.00000  15.1%  15.3  100s

Cutting planes:
  Gomory: 19
  Cover: 11
  Implied bound: 8
  MIR: 63
  Flow cover: 128

Explored 112088 nodes (1711039 simplex iterations) in 100.02 seconds
Thread count was 4 (of 4 available processors)

Solution count 7: 271 271 271 ... 277.5
Pool objective bound 230

Time limit reached
Best objective 2.709999205002e+02, best bound 2.300000000000e+02, gap 15.1291%

#######################################
GN: iteration 2 at stage 2
Added demands: [14, 0, 4, 3, 13, 10, 6, 1]
Fixed demands: [9, 8, 5, 7, 11, 12, 2]

Gurobi 7.0.2 (win64) logging started 03/16/17 16:05:04

Parameter LogFile unchanged
   Value: log-prop-13.log  Default: 
Parameter presolve unchanged
   Value: 2  Min: -1  Max: 2  Default: -1
Parameter mipgap unchanged
   Value: 0.001  Min: 0.0  Max: 1e+100  Default: 0.0001
Parameter method unchanged
   Value: -1  Min: -1  Max: 4  Default: -1
Parameter timelimit unchanged
   Value: 100.0  Min: 0.0  Max: 1e+100  Default: 1e+100
Parameter mipfocus unchanged
   Value: 1  Min: 0  Max: 3  Default: 0
Optimize a model with 26551 rows, 7022 columns and 84118 nonzeros
Variable types: 2285 continuous, 4737 integer (4731 binary)
Coefficient statistics:
  Matrix range     [6e-01, 2e+04]
  Objective range  [1e+00, 1e+00]
  Bounds range     [1e+00, 1e+04]
  RHS range        [1e+00, 6e+04]
Found heuristic solution: objective 361
Presolve removed 22139 rows and 5563 columns
Presolve time: 0.17s
Presolved: 4412 rows, 1459 columns, 15359 nonzeros

Loaded MIP start with objective 277.5

Variable types: 662 continuous, 797 integer (797 binary)
Presolve removed 306 rows and 147 columns
Presolved: 4106 rows, 1312 columns, 14462 nonzeros


Root relaxation: objective 1.835000e+02, 172 iterations, 0.02 seconds

    Nodes    |    Current Node    |     Objective Bounds      |     Work
 Expl Unexpl |  Obj  Depth IntInf | Incumbent    BestBd   Gap | It/Node Time

     0     0  183.50000    0   11  277.50000  183.50000  33.9%     -    0s
H    0     0                     275.0000000  183.50000  33.3%     -    0s
H    0     0                     273.5000000  183.50000  32.9%     -    0s
H    0     0                     271.0000000  183.50000  32.3%     -    0s
     0     0  183.50000    0   37  271.00000  183.50000  32.3%     -    0s
     0     0  183.50000    0   38  271.00000  183.50000  32.3%     -    0s
     0     0  183.50000    0   45  271.00000  183.50000  32.3%     -    0s
     0     0  183.50000    0   44  271.00000  183.50000  32.3%     -    0s
     0     0  183.50000    0   46  271.00000  183.50000  32.3%     -    0s
     0     0  183.50000    0   50  271.00000  183.50000  32.3%     -    0s
     0     0  183.50000    0   66  271.00000  183.50000  32.3%     -    0s
     0     0  183.50000    0   59  271.00000  183.50000  32.3%     -    0s
     0     0  183.50000    0   21  271.00000  183.50000  32.3%     -    0s
     0     2  183.50000    0   21  271.00000  183.50000  32.3%     -    0s
H  286   188                     271.0000000  183.50000  32.3%   108    2s
   529   340  183.50000    9   58  271.00000  183.50000  32.3%   118    5s
  1111   690  199.50000   11   33  271.00000  199.50000  26.4%   123   10s
H 1337   673                     270.9999723  199.50000  26.4%   117   11s
  1705   692 infeasible   41       270.99997  199.50000  26.4%   115   15s
  2190   705  199.51830   42   79  270.99997  199.50000  26.4%   124   20s
  2709   692  209.50000   38   26  270.99997  199.50000  26.4%   127   26s
  3236   764  201.50000   50   73  270.99997  199.50000  26.4%   131   30s
  3989   970  200.50000   34   91  270.99997  199.50000  26.4%   129   35s
  4929  1199  209.50000   52   36  270.99997  200.50000  26.0%   124   40s
H 5578  1281                     270.9999125  200.50000  26.0%   121   43s
  6224  1405 infeasible   52       270.99991  200.50000  26.0%   116   45s
  7465  1608  202.50000   51  150  270.99991  200.50000  26.0%   116   51s
  9043  1873 infeasible   54       270.99991  200.50000  26.0%   109   56s
 10576  2120  201.50000   48  134  270.99991  200.50000  26.0%   106   61s
 11457  2305  201.50000   43   80  270.99991  200.50000  26.0%   106   65s
 12886  2524  218.25000   57   36  270.99991  200.50000  26.0%   106   71s
 14470  2722  216.25000   57   30  270.99991  200.50000  26.0%   105   76s
 15724  2870  201.50000   48   41  270.99991  200.50000  26.0%   103   80s
 17516  3133  261.00000   47   74  270.99991  200.50000  26.0%   101   86s
 19279  3525     cutoff   48       270.99991  200.50000  26.0%  98.8   91s
 20106  3664 infeasible   52       270.99991  200.50000  26.0%  99.3   95s
 21334  3887  200.50000   45   55  270.99991  200.50000  26.0%  99.4  100s

Cutting planes:
  Gomory: 2
  Cover: 5
  Implied bound: 3
  MIR: 31
  Flow cover: 54
  Zero half: 4

Explored 21743 nodes (2153325 simplex iterations) in 100.02 seconds
Thread count was 4 (of 4 available processors)

Solution count 8: 271 271 271 ... 277.5
Pool objective bound 200.5

Time limit reached
Best objective 2.709999125271e+02, best bound 2.005000000000e+02, gap 26.0147%

#######################################
TR: iteration 0 at stage 3
Added demands: [10, 11, 12, 13, 14, 15, 16, 17, 18, 19]
Fixed demands: [0, 1, 2, 3, 4, 5, 6, 7, 8, 9]

Gurobi 7.0.2 (win64) logging started 03/16/17 16:06:50

Changed value of parameter LogFile to log-prop-13.log
   Prev: gurobi.log  Default: 
Changed value of parameter presolve to 2
   Prev: -1  Min: -1  Max: 2  Default: -1
Changed value of parameter mipgap to 0.001
   Prev: 0.0001  Min: 0.0  Max: 1e+100  Default: 0.0001
Parameter method unchanged
   Value: -1  Min: -1  Max: 4  Default: -1
Changed value of parameter timelimit to 100.0
   Prev: 1e+100  Min: 0.0  Max: 1e+100  Default: 1e+100
Changed value of parameter mipfocus to 1
   Prev: 0  Min: 0  Max: 3  Default: 0
Optimize a model with 16993 rows, 1874 columns and 76565 nonzeros
Variable types: 862 continuous, 1012 integer (1006 binary)
Coefficient statistics:
  Matrix range     [1e+00, 2e+04]
  Objective range  [1e+00, 1e+00]
  Bounds range     [1e+00, 1e+04]
  RHS range        [1e+00, 6e+04]
Found heuristic solution: objective 411
Presolve removed 13545 rows and 1015 columns
Presolve time: 0.05s
Presolved: 3448 rows, 859 columns, 14082 nonzeros
Variable types: 446 continuous, 413 integer (408 binary)
Presolve removed 19 rows and 2 columns
Presolved: 3429 rows, 857 columns, 14023 nonzeros


Root relaxation: objective 2.710000e+02, 269 iterations, 0.02 seconds

    Nodes    |    Current Node    |     Objective Bounds      |     Work
 Expl Unexpl |  Obj  Depth IntInf | Incumbent    BestBd   Gap | It/Node Time

     0     0  271.00000    0    5  411.00000  271.00000  34.1%     -    0s
H    0     0                     362.5000000  271.00000  25.2%     -    0s
     0     0  271.00000    0   14  362.50000  271.00000  25.2%     -    0s
H    0     0                     362.4999085  271.00000  25.2%     -    0s
H    0     0                     322.5000000  271.00000  16.0%     -    0s
     0     0  271.00000    0   19  322.50000  271.00000  16.0%     -    0s
     0     0  271.00000    0   31  322.50000  271.00000  16.0%     -    0s
     0     0  271.00000    0   31  322.50000  271.00000  16.0%     -    0s
     0     0  271.00000    0   37  322.50000  271.00000  16.0%     -    0s
     0     0  271.00000    0   39  322.50000  271.00000  16.0%     -    0s
     0     0  271.00000    0   25  322.50000  271.00000  16.0%     -    0s
     0     0  271.00000    0   32  322.50000  271.00000  16.0%     -    0s
H    0     0                     321.5000000  271.00000  15.7%     -    0s
     0     0  271.00000    0    9  321.50000  271.00000  15.7%     -    0s
H    0     0                     317.5000000  271.00000  14.6%     -    0s
     0     2  271.00000    0    8  317.50000  271.00000  14.6%     -    0s
H  134    58                     317.5000000  271.00000  14.6%   8.0    0s
H  328   134                     313.0000000  271.00000  13.4%   7.4    0s
H  533    91                     298.5000000  271.00000  9.21%   6.6    0s
H 1355   158                     297.5000000  271.00000  8.91%   5.6    1s
H 1704   168                     297.5000000  271.00000  8.91%   5.2    1s
H 3312   308                     297.4999990  271.00000  8.91%   4.8    4s
  3419   305 infeasible   26       297.50000  271.00000  8.91%   4.8    5s
  5176   352 infeasible   21       297.50000  271.00000  8.91%   4.8   10s

Cutting planes:
  Gomory: 3
  Cover: 9
  Implied bound: 4
  MIR: 10
  Flow cover: 16

Explored 5402 nodes (29138 simplex iterations) in 10.58 seconds
Thread count was 4 (of 4 available processors)

Solution count 10: 297.5 297.5 297.5 ... 322.5
Pool objective bound 297.5

Optimal solution found (tolerance 1.00e-03)
Best objective 2.974999990409e+02, best bound 2.974999990409e+02, gap 0.0000%

Gurobi 7.0.2 (win64) logging started 03/16/17 16:07:00

Parameter LogFile unchanged
   Value: log-prop-13.log  Default: 
Parameter presolve unchanged
   Value: 2  Min: -1  Max: 2  Default: -1
Parameter mipgap unchanged
   Value: 0.001  Min: 0.0  Max: 1e+100  Default: 0.0001
Parameter method unchanged
   Value: -1  Min: -1  Max: 4  Default: -1
Parameter timelimit unchanged
   Value: 100.0  Min: 0.0  Max: 1e+100  Default: 1e+100
Parameter mipfocus unchanged
   Value: 1  Min: 0  Max: 3  Default: 0
Optimize a model with 16993 rows, 1874 columns and 76565 nonzeros
Variable types: 862 continuous, 1012 integer (1006 binary)
Coefficient statistics:
  Matrix range     [1e+00, 2e+04]
  Objective range  [1e+00, 1e+00]
  Bounds range     [1e+00, 1e+04]
  RHS range        [1e+00, 6e+04]
Presolved: 3448 rows, 859 columns, 14082 nonzeros

Continuing optimization...


Cutting planes:
  Gomory: 3
  Cover: 9
  Implied bound: 4
  MIR: 10
  Flow cover: 16

Explored 5402 nodes (29138 simplex iterations) in 0.02 seconds
Thread count was 4 (of 4 available processors)

Solution count 10: 297.5 297.5 297.5 ... 322.5
Pool objective bound 297.5

Optimal solution found (tolerance 1.00e-03)
Best objective 2.974999990409e+02, best bound 2.974999990409e+02, gap 0.0000%

#######################################
GN: iteration 0 at stage 3
Added demands: [10, 11, 12, 13, 14, 15, 16, 17, 18, 19]
Fixed demands: [0, 1, 2, 3, 4, 5, 6, 7, 8, 9]

Gurobi 7.0.2 (win64) logging started 03/16/17 16:07:00

Changed value of parameter LogFile to log-prop-13.log
   Prev: gurobi.log  Default: 
Changed value of parameter presolve to 2
   Prev: -1  Min: -1  Max: 2  Default: -1
Changed value of parameter mipgap to 0.001
   Prev: 0.0001  Min: 0.0  Max: 1e+100  Default: 0.0001
Parameter method unchanged
   Value: -1  Min: -1  Max: 4  Default: -1
Changed value of parameter timelimit to 100.0
   Prev: 1e+100  Min: 0.0  Max: 1e+100  Default: 1e+100
Changed value of parameter mipfocus to 1
   Prev: 0  Min: 0  Max: 3  Default: 0
Optimize a model with 44491 rows, 11252 columns and 144743 nonzeros
Variable types: 3040 continuous, 8212 integer (8206 binary)
Coefficient statistics:
  Matrix range     [5e-01, 2e+04]
  Objective range  [1e+00, 1e+00]
  Bounds range     [1e+00, 1e+04]
  RHS range        [1e+00, 6e+04]
Presolve removed 37997 rows and 9214 columns
Presolve time: 0.31s
Presolved: 6494 rows, 2038 columns, 22836 nonzeros
Variable types: 825 continuous, 1213 integer (1213 binary)
Found heuristic solution: objective 488.5000000
Found heuristic solution: objective 486.5000000
Presolve removed 361 rows and 176 columns
Presolved: 6133 rows, 1862 columns, 21768 nonzeros


Root relaxation: objective 2.710000e+02, 260 iterations, 0.03 seconds

    Nodes    |    Current Node    |     Objective Bounds      |     Work
 Expl Unexpl |  Obj  Depth IntInf | Incumbent    BestBd   Gap | It/Node Time

     0     0  271.00000    0    5  486.50000  271.00000  44.3%     -    0s
H    0     0                     458.0000000  271.00000  40.8%     -    0s
H    0     0                     387.5000000  271.00000  30.1%     -    0s
H    0     0                     378.0000000  271.00000  28.3%     -    0s
H    0     0                     377.0000000  271.00000  28.1%     -    0s
     0     0  271.00000    0   20  377.00000  271.00000  28.1%     -    0s
H    0     0                     365.5000000  271.00000  25.9%     -    0s
H    0     0                     363.5000000  271.00000  25.4%     -    0s
H    0     0                     342.5000000  271.00000  20.9%     -    0s
     0     0  271.00000    0   21  342.50000  271.00000  20.9%     -    0s
     0     0  271.00000    0   34  342.50000  271.00000  20.9%     -    0s
H    0     0                     319.0000000  271.00000  15.0%     -    0s
     0     0  271.00000    0   29  319.00000  271.00000  15.0%     -    0s
H    0     0                     317.5000000  271.00000  14.6%     -    0s
     0     0  271.00000    0   29  317.50000  271.00000  14.6%     -    0s
H    0     0                     315.5000000  271.00000  14.1%     -    0s
     0     0  271.00000    0   29  315.50000  271.00000  14.1%     -    0s
     0     0  271.00000    0   12  315.50000  271.00000  14.1%     -    0s
     0     0  271.00000    0   18  315.50000  271.00000  14.1%     -    0s
     0     0  271.00000    0    3  315.50000  271.00000  14.1%     -    0s
H    0     0                     307.5000000  271.00000  11.9%     -    1s
     0     0  271.00000    0   13  307.50000  271.00000  11.9%     -    1s
H    0     0                     303.5000000  271.00000  10.7%     -    1s
     0     0  271.00000    0   22  303.50000  271.00000  10.7%     -    1s
     0     0  271.00000    0   25  303.50000  271.00000  10.7%     -    1s
H    0     0                     300.5000000  271.00000  9.82%     -    1s
     0     0  271.00000    0   23  300.50000  271.00000  9.82%     -    1s
     0     0  271.00000    0   27  300.50000  271.00000  9.82%     -    1s
H    0     0                     299.5000000  271.00000  9.52%     -    1s
     0     0  271.00000    0   18  299.50000  271.00000  9.52%     -    1s
     0     0  271.00000    0   31  299.50000  271.00000  9.52%     -    1s
     0     0  271.00000    0   46  299.50000  271.00000  9.52%     -    1s
     0     0  271.00000    0   44  299.50000  271.00000  9.52%     -    1s
     0     0  271.41008    0   24  299.50000  271.41008  9.38%     -    1s
     0     2  271.41008    0   24  299.50000  271.41008  9.38%     -    1s
*   63    33              18     295.5000000  273.00000  7.61%  36.0    2s
  1154   221  276.00000   17  268  295.50000  274.00000  7.28%  34.0    5s
  4189   592  275.00000   21   71  295.50000  274.00000  7.28%  28.5   10s
  5077   564     cutoff   18       295.50000  274.00000  7.28%  35.6   15s

Cutting planes:
  Learned: 1
  Gomory: 1
  Cover: 9
  Implied bound: 4
  MIR: 2
  Flow cover: 8

Explored 5113 nodes (197479 simplex iterations) in 15.87 seconds
Thread count was 4 (of 4 available processors)

Solution count 10: 295.5 299.5 300.5 ... 342.5
Pool objective bound 295.5

Optimal solution found (tolerance 1.00e-03)
Best objective 2.955000000000e+02, best bound 2.955000000000e+02, gap 0.0000%

Gurobi 7.0.2 (win64) logging started 03/16/17 16:07:16

Parameter LogFile unchanged
   Value: log-prop-13.log  Default: 
Parameter presolve unchanged
   Value: 2  Min: -1  Max: 2  Default: -1
Parameter mipgap unchanged
   Value: 0.001  Min: 0.0  Max: 1e+100  Default: 0.0001
Parameter method unchanged
   Value: -1  Min: -1  Max: 4  Default: -1
Parameter timelimit unchanged
   Value: 100.0  Min: 0.0  Max: 1e+100  Default: 1e+100
Parameter mipfocus unchanged
   Value: 1  Min: 0  Max: 3  Default: 0
Optimize a model with 44491 rows, 11252 columns and 144743 nonzeros
Variable types: 3040 continuous, 8212 integer (8206 binary)
Coefficient statistics:
  Matrix range     [5e-01, 2e+04]
  Objective range  [1e+00, 1e+00]
  Bounds range     [1e+00, 1e+04]
  RHS range        [1e+00, 6e+04]
Presolved: 6494 rows, 2038 columns, 22836 nonzeros

Continuing optimization...


Cutting planes:
  Learned: 1
  Gomory: 1
  Cover: 9
  Implied bound: 4
  MIR: 2
  Flow cover: 8

Explored 5113 nodes (197479 simplex iterations) in 0.06 seconds
Thread count was 4 (of 4 available processors)

Solution count 10: 295.5 299.5 300.5 ... 342.5
Pool objective bound 295.5

Optimal solution found (tolerance 1.00e-03)
Best objective 2.955000000000e+02, best bound 2.955000000000e+02, gap 0.0000%

#######################################
TR: iteration 1 at stage 3
Added demands: [7, 9, 12, 11, 14, 1, 19, 3]
Fixed demands: [0, 4, 8, 10, 16, 6, 2, 5, 13, 17, 15, 18]

Gurobi 7.0.2 (win64) logging started 03/16/17 16:07:16

Parameter LogFile unchanged
   Value: log-prop-13.log  Default: 
Parameter presolve unchanged
   Value: 2  Min: -1  Max: 2  Default: -1
Parameter mipgap unchanged
   Value: 0.001  Min: 0.0  Max: 1e+100  Default: 0.0001
Parameter method unchanged
   Value: -1  Min: -1  Max: 4  Default: -1
Parameter timelimit unchanged
   Value: 100.0  Min: 0.0  Max: 1e+100  Default: 1e+100
Parameter mipfocus unchanged
   Value: 1  Min: 0  Max: 3  Default: 0
Optimize a model with 16993 rows, 1874 columns and 76565 nonzeros
Variable types: 862 continuous, 1012 integer (1006 binary)
Coefficient statistics:
  Matrix range     [1e+00, 2e+04]
  Objective range  [1e+00, 1e+00]
  Bounds range     [1e+00, 1e+04]
  RHS range        [1e+00, 6e+04]
Found heuristic solution: objective 491.5
Presolve removed 14403 rows and 1167 columns
Presolve time: 0.03s
Presolved: 2590 rows, 707 columns, 10275 nonzeros

Loaded MIP start with objective 297.5

Variable types: 366 continuous, 341 integer (339 binary)

Explored 0 nodes (0 simplex iterations) in 0.08 seconds
Thread count was 4 (of 4 available processors)

Solution count 1: 297.5 
Pool objective bound 297.5

Optimal solution found (tolerance 1.00e-03)
Best objective 2.975000000000e+02, best bound 2.974999999999e+02, gap 0.0000%

#######################################
GN: iteration 1 at stage 3
Added demands: [7, 9, 12, 11, 14, 1, 19, 3]
Fixed demands: [0, 4, 8, 10, 16, 6, 2, 5, 13, 17, 15, 18]

Gurobi 7.0.2 (win64) logging started 03/16/17 16:07:16

Parameter LogFile unchanged
   Value: log-prop-13.log  Default: 
Parameter presolve unchanged
   Value: 2  Min: -1  Max: 2  Default: -1
Parameter mipgap unchanged
   Value: 0.001  Min: 0.0  Max: 1e+100  Default: 0.0001
Parameter method unchanged
   Value: -1  Min: -1  Max: 4  Default: -1
Parameter timelimit unchanged
   Value: 100.0  Min: 0.0  Max: 1e+100  Default: 1e+100
Parameter mipfocus unchanged
   Value: 1  Min: 0  Max: 3  Default: 0
Optimize a model with 44491 rows, 11252 columns and 144743 nonzeros
Variable types: 3040 continuous, 8212 integer (8206 binary)
Coefficient statistics:
  Matrix range     [5e-01, 2e+04]
  Objective range  [1e+00, 1e+00]
  Bounds range     [1e+00, 1e+04]
  RHS range        [1e+00, 6e+04]
Found heuristic solution: objective 489.5
Presolve removed 39921 rows and 9739 columns
Presolve time: 0.22s
Presolved: 4570 rows, 1513 columns, 15898 nonzeros

Loaded MIP start with objective 295.5

Variable types: 673 continuous, 840 integer (840 binary)
Presolve removed 305 rows and 141 columns
Presolved: 4265 rows, 1372 columns, 15024 nonzeros


Root relaxation: objective 2.935000e+02, 204 iterations, 0.02 seconds

    Nodes    |    Current Node    |     Objective Bounds      |     Work
 Expl Unexpl |  Obj  Depth IntInf | Incumbent    BestBd   Gap | It/Node Time

     0     0  293.50000    0    2  295.50000  293.50000  0.68%     -    0s
     0     0  293.50000    0   26  295.50000  293.50000  0.68%     -    0s
     0     0  293.50000    0   22  295.50000  293.50000  0.68%     -    0s
     0     0  293.50000    0   16  295.50000  293.50000  0.68%     -    0s
     0     0  293.50000    0   17  295.50000  293.50000  0.68%     -    0s
     0     0  293.50000    0   17  295.50000  293.50000  0.68%     -    0s
     0     0  293.50000    0   17  295.50000  293.50000  0.68%     -    0s
     0     0  293.50000    0   25  295.50000  293.50000  0.68%     -    0s
     0     0  293.50000    0    3  295.50000  293.50000  0.68%     -    0s
     0     0  293.50000    0    1  295.50000  293.50000  0.68%     -    1s
H    0     0                     295.4999980  293.50000  0.68%     -    1s
     0     0  293.50000    0    2  295.50000  293.50000  0.68%     -    1s
     0     0  293.54854    0    4  295.50000  293.54854  0.66%     -    1s

Cutting planes:
  Gomory: 1
  Cover: 1
  Implied bound: 1
  MIR: 1

Explored 0 nodes (2350 simplex iterations) in 1.06 seconds
Thread count was 4 (of 4 available processors)

Solution count 3: 295.5 295.5 295.5 
Pool objective bound 295.5

Optimal solution found (tolerance 1.00e-03)
Warning: max constraint violation (1.9704e-06) exceeds tolerance
Best objective 2.954999980295e+02, best bound 2.954999980295e+02, gap 0.0000%

#######################################
TR: iteration 2 at stage 3
Added demands: [1, 6, 0, 17, 11, 18, 14, 12, 5, 2]
Fixed demands: [4, 15, 3, 7, 10, 16, 13, 9, 19, 8]

Gurobi 7.0.2 (win64) logging started 03/16/17 16:07:17

Parameter LogFile unchanged
   Value: log-prop-13.log  Default: 
Parameter presolve unchanged
   Value: 2  Min: -1  Max: 2  Default: -1
Parameter mipgap unchanged
   Value: 0.001  Min: 0.0  Max: 1e+100  Default: 0.0001
Parameter method unchanged
   Value: -1  Min: -1  Max: 4  Default: -1
Parameter timelimit unchanged
   Value: 100.0  Min: 0.0  Max: 1e+100  Default: 1e+100
Parameter mipfocus unchanged
   Value: 1  Min: 0  Max: 3  Default: 0
Optimize a model with 16993 rows, 1874 columns and 76565 nonzeros
Variable types: 862 continuous, 1012 integer (1006 binary)
Coefficient statistics:
  Matrix range     [1e+00, 2e+04]
  Objective range  [1e+00, 1e+00]
  Bounds range     [1e+00, 1e+04]
  RHS range        [1e+00, 6e+04]
Found heuristic solution: objective 498.5
Presolve removed 13526 rows and 1017 columns
Presolve time: 0.05s
Presolved: 3467 rows, 857 columns, 14174 nonzeros

Loaded MIP start with objective 297.5

Variable types: 445 continuous, 412 integer (407 binary)
Presolve removed 45 rows and 10 columns
Presolved: 3422 rows, 847 columns, 14059 nonzeros


Root relaxation: objective 2.950000e+02, 240 iterations, 0.02 seconds

    Nodes    |    Current Node    |     Objective Bounds      |     Work
 Expl Unexpl |  Obj  Depth IntInf | Incumbent    BestBd   Gap | It/Node Time

     0     0  295.00000    0    4  297.50000  295.00000  0.84%     -    0s
     0     0  295.00000    0    9  297.50000  295.00000  0.84%     -    0s
     0     0  295.00000    0   11  297.50000  295.00000  0.84%     -    0s
     0     0  295.00000    0    4  297.50000  295.00000  0.84%     -    0s
     0     0  295.00000    0    2  297.50000  295.00000  0.84%     -    0s
     0     0  295.00000    0    2  297.50000  295.00000  0.84%     -    0s
     0     0  295.00000    0    7  297.50000  295.00000  0.84%     -    0s
     0     0  295.00000    0    3  297.50000  295.00000  0.84%     -    0s
     0     0  295.00000    0    2  297.50000  295.00000  0.84%     -    0s
     0     2  295.00000    0    2  297.50000  295.00000  0.84%     -    0s
H 3259   504                     297.5000000  295.00000  0.84%   4.9    1s
H 3404   486                     296.5000000  295.00000  0.51%   4.9    2s
  6551   545  295.00000   13    1  296.50000  295.00000  0.51%   5.7    5s
H 7324   369                     296.5000000  295.00000  0.51%   7.0    5s
  9292   182     cutoff   15       296.50000  295.00000  0.51%   9.3   10s
 14138    70 infeasible   31       296.50000  295.00000  0.51%  11.1   15s

Cutting planes:
  Learned: 12
  Gomory: 3
  Cover: 18
  Implied bound: 3
  Clique: 1
  MIR: 30
  Flow cover: 23

Explored 15931 nodes (183215 simplex iterations) in 15.91 seconds
Thread count was 4 (of 4 available processors)

Solution count 5: 296.5 296.5 296.5 ... 297.5
Pool objective bound 296.5

Optimal solution found (tolerance 1.00e-03)
Best objective 2.964999999698e+02, best bound 2.964999999698e+02, gap 0.0000%

#######################################
GN: iteration 2 at stage 3
Added demands: [1, 6, 0, 17, 11, 18, 14, 12, 5, 2]
Fixed demands: [4, 15, 3, 7, 10, 16, 13, 9, 19, 8]

Gurobi 7.0.2 (win64) logging started 03/16/17 16:07:33

Parameter LogFile unchanged
   Value: log-prop-13.log  Default: 
Parameter presolve unchanged
   Value: 2  Min: -1  Max: 2  Default: -1
Parameter mipgap unchanged
   Value: 0.001  Min: 0.0  Max: 1e+100  Default: 0.0001
Parameter method unchanged
   Value: -1  Min: -1  Max: 4  Default: -1
Parameter timelimit unchanged
   Value: 100.0  Min: 0.0  Max: 1e+100  Default: 1e+100
Parameter mipfocus unchanged
   Value: 1  Min: 0  Max: 3  Default: 0
Optimize a model with 44491 rows, 11252 columns and 144743 nonzeros
Variable types: 3040 continuous, 8212 integer (8206 binary)
Coefficient statistics:
  Matrix range     [5e-01, 2e+04]
  Objective range  [1e+00, 1e+00]
  Bounds range     [1e+00, 1e+04]
  RHS range        [1e+00, 6e+04]
Found heuristic solution: objective 464.5
Presolve removed 37995 rows and 9214 columns
Presolve time: 0.33s
Presolved: 6496 rows, 2038 columns, 22927 nonzeros

Loaded MIP start with objective 295.5

Variable types: 825 continuous, 1213 integer (1213 binary)
Presolve removed 376 rows and 177 columns
Presolved: 6120 rows, 1861 columns, 21847 nonzeros


Root relaxation: objective 2.755000e+02, 273 iterations, 0.05 seconds

    Nodes    |    Current Node    |     Objective Bounds      |     Work
 Expl Unexpl |  Obj  Depth IntInf | Incumbent    BestBd   Gap | It/Node Time

     0     0  275.50000    0    3  295.50000  275.50000  6.77%     -    0s
     0     0  275.50000    0   14  295.50000  275.50000  6.77%     -    0s
     0     0  275.50000    0   20  295.50000  275.50000  6.77%     -    0s
     0     0  275.50000    0   35  295.50000  275.50000  6.77%     -    0s
     0     0  275.50000    0   35  295.50000  275.50000  6.77%     -    0s
     0     0  275.50000    0   48  295.50000  275.50000  6.77%     -    0s
     0     0  275.50000    0   57  295.50000  275.50000  6.77%     -    0s
     0     0  275.50000    0    2  295.50000  275.50000  6.77%     -    1s
     0     2  275.50000    0    2  295.50000  275.50000  6.77%     -    1s
   194   131  275.50000    7   55  295.50000  275.50000  6.77%   197    5s
H  359   203                     295.5000000  275.50000  6.77%   179    6s
   858   393  277.50000   13   95  295.50000  275.50000  6.77%   141   10s
  1240   542 infeasible   23       295.50000  275.50000  6.77%   156   15s
  1608   704  290.50000   26  141  295.50000  275.50000  6.77%   171   20s
  2253   960  275.50000   19   52  295.50000  275.50000  6.77%   153   25s
  3100   933 infeasible   35       295.50000  275.50000  6.77%   136   30s
  3481   898 infeasible   27       295.50000  275.50000  6.77%   141   35s
  4060   858  276.50000   36   10  295.50000  275.50000  6.77%   144   40s
  4589   758  279.50000   38   14  295.50000  275.50000  6.77%   146   46s
  4861   765  275.50000   33   25  295.50000  275.50000  6.77%   149   50s
  5052   742  276.50000   34   66  295.50000  275.50000  6.77%   152   56s
H 5166   678                     291.0000000  275.50000  5.33%   157   57s
  5461   725  280.50000   24  115  291.00000  275.50000  5.33%   158   61s
H 5712   767                     290.9999877  275.50000  5.33%   159   64s
  5813   781  281.50000   31   85  290.99999  275.50000  5.33%   158   65s
H 6202   785                     289.0000000  275.50000  4.67%   156   69s
  6533   839 infeasible   35       289.00000  275.50000  4.67%   154   71s
H 6628   873                     289.0000000  275.50000  4.67%   153   71s
  7100   911  275.52905   30   61  289.00000  275.50000  4.67%   152   75s
H 7373   925                     288.9999865  275.50000  4.67%   152   77s
  7834  1021 infeasible   29       288.99999  275.50000  4.67%   154   82s
  8053   991  275.52125   25   54  288.99999  275.50000  4.67%   156   87s
  8352  1028  276.50000   31   65  288.99999  275.50000  4.67%   156   90s
  9460  1189  275.50000   20   40  288.99999  275.50000  4.67%   150   95s

Cutting planes:
  Implied bound: 3
  MIR: 3
  Flow cover: 12

Explored 10444 nodes (1541577 simplex iterations) in 100.03 seconds
Thread count was 4 (of 4 available processors)

Solution count 8: 289 289 289 ... 295.5
Pool objective bound 275.5

Time limit reached
Best objective 2.889999865000e+02, best bound 2.754999999999e+02, gap 4.6713%
