
#######################################
TR: iteration 0 at stage 0
Added demands: [0, 1, 2, 3, 4]
Fixed demands: []

Gurobi 7.0.2 (win64) logging started 03/16/17 20:10:53

Changed value of parameter LogFile to log-opt-4.log
   Prev: gurobi.log  Default: 
Changed value of parameter presolve to 2
   Prev: -1  Min: -1  Max: 2  Default: -1
Changed value of parameter mipgap to 0.001
   Prev: 0.0001  Min: 0.0  Max: 1e+100  Default: 0.0001
Parameter method unchanged
   Value: -1  Min: -1  Max: 4  Default: -1
Changed value of parameter timelimit to 300.0
   Prev: 1e+100  Min: 0.0  Max: 1e+100  Default: 1e+100
Changed value of parameter mipfocus to 1
   Prev: 0  Min: 0  Max: 3  Default: 0
Optimize a model with 1483 rows, 404 columns and 5504 nonzeros
Variable types: 217 continuous, 187 integer (181 binary)
Coefficient statistics:
  Matrix range     [1e+00, 2e+04]
  Objective range  [1e+00, 1e+00]
  Bounds range     [1e+00, 1e+04]
  RHS range        [1e+00, 6e+04]
Presolve removed 921 rows and 224 columns
Presolve time: 0.01s
Presolved: 562 rows, 180 columns, 2330 nonzeros
Variable types: 98 continuous, 82 integer (82 binary)
Found heuristic solution: objective 261.0000000
Found heuristic solution: objective 257.0000000
Presolve removed 25 rows and 0 columns
Presolved: 537 rows, 200 columns, 2227 nonzeros


Root relaxation: objective 9.600000e+01, 33 iterations, 0.01 seconds

    Nodes    |    Current Node    |     Objective Bounds      |     Work
 Expl Unexpl |  Obj  Depth IntInf | Incumbent    BestBd   Gap | It/Node Time

     0     0   96.00000    0    5  257.00000   96.00000  62.6%     -    0s
H    0     0                     252.0000000   96.00000  61.9%     -    0s
     0     0   96.00000    0   12  252.00000   96.00000  61.9%     -    0s
     0     0   96.00000    0   11  252.00000   96.00000  61.9%     -    0s
     0     0   96.00000    0   10  252.00000   96.00000  61.9%     -    0s
     0     0   96.00000    0   12  252.00000   96.00000  61.9%     -    0s
     0     0   96.00000    0   14  252.00000   96.00000  61.9%     -    0s
     0     0   96.00000    0    4  252.00000   96.00000  61.9%     -    0s
H    0     0                     252.0000000   96.00000  61.9%     -    0s
     0     2   96.00000    0    4  252.00000   96.00000  61.9%     -    0s

Cutting planes:
  Gomory: 2
  MIR: 9
  Flow cover: 4

Explored 649 nodes (2187 simplex iterations) in 0.20 seconds
Thread count was 4 (of 4 available processors)

Solution count 4: 252 252 257 261 
Pool objective bound 252

Optimal solution found (tolerance 1.00e-03)
Best objective 2.519999999747e+02, best bound 2.519999999747e+02, gap 0.0000%

#######################################
GN: iteration 0 at stage 0
Added demands: [0, 1, 2, 3, 4]
Fixed demands: []

Gurobi 7.0.2 (win64) logging started 03/16/17 20:10:53

Changed value of parameter LogFile to log-opt-4.log
   Prev: gurobi.log  Default: 
Changed value of parameter presolve to 2
   Prev: -1  Min: -1  Max: 2  Default: -1
Changed value of parameter mipgap to 0.001
   Prev: 0.0001  Min: 0.0  Max: 1e+100  Default: 0.0001
Parameter method unchanged
   Value: -1  Min: -1  Max: 4  Default: -1
Changed value of parameter timelimit to 300.0
   Prev: 1e+100  Min: 0.0  Max: 1e+100  Default: 1e+100
Changed value of parameter mipfocus to 1
   Prev: 0  Min: 0  Max: 3  Default: 0
Optimize a model with 4321 rows, 1412 columns and 11762 nonzeros
Variable types: 775 continuous, 637 integer (631 binary)
Coefficient statistics:
  Matrix range     [7e-01, 2e+04]
  Objective range  [1e+00, 1e+00]
  Bounds range     [1e+00, 1e+04]
  RHS range        [1e+00, 6e+04]
Found heuristic solution: objective 298
Presolve removed 2999 rows and 931 columns
Presolve time: 0.04s
Presolved: 1322 rows, 481 columns, 4617 nonzeros
Variable types: 247 continuous, 234 integer (234 binary)
Presolve removed 139 rows and 58 columns
Presolved: 1183 rows, 423 columns, 4224 nonzeros


Root relaxation: objective 9.600000e+01, 78 iterations, 0.01 seconds

    Nodes    |    Current Node    |     Objective Bounds      |     Work
 Expl Unexpl |  Obj  Depth IntInf | Incumbent    BestBd   Gap | It/Node Time

     0     0   96.00000    0    5  298.00000   96.00000  67.8%     -    0s
H    0     0                     261.0000000   96.00000  63.2%     -    0s
H    0     0                     257.0000000   96.00000  62.6%     -    0s
     0     0   96.00000    0   24  257.00000   96.00000  62.6%     -    0s
H    0     0                     252.0000000   96.00000  61.9%     -    0s
     0     0   96.00000    0   24  252.00000   96.00000  61.9%     -    0s
     0     0   96.00000    0   20  252.00000   96.00000  61.9%     -    0s
     0     0   96.00000    0   20  252.00000   96.00000  61.9%     -    0s
     0     0   96.00000    0   18  252.00000   96.00000  61.9%     -    0s
     0     0   96.00000    0   23  252.00000   96.00000  61.9%     -    0s
     0     0   96.00000    0   22  252.00000   96.00000  61.9%     -    0s
     0     0   96.00000    0   23  252.00000   96.00000  61.9%     -    0s
     0     0   96.00000    0    4  252.00000   96.00000  61.9%     -    0s
     0     2   96.00000    0    4  252.00000   96.00000  61.9%     -    0s
H  763    49                     252.0000000   96.00000  61.9%   5.1    0s

Cutting planes:
  Gomory: 5
  Implied bound: 14
  MIR: 20
  Flow cover: 11
  Zero half: 2

Explored 1608 nodes (7610 simplex iterations) in 0.63 seconds
Thread count was 4 (of 4 available processors)

Solution count 5: 252 252 257 ... 298
Pool objective bound 252

Optimal solution found (tolerance 1.00e-03)
Best objective 2.519999999747e+02, best bound 2.519999999747e+02, gap 0.0000%

#######################################
TR: iteration 0 at stage 1
Added demands: [0, 1, 2, 3, 4, 5, 6, 7, 8, 9]
Fixed demands: []

Gurobi 7.0.2 (win64) logging started 03/16/17 20:10:55

Changed value of parameter LogFile to log-opt-4.log
   Prev: gurobi.log  Default: 
Changed value of parameter presolve to 2
   Prev: -1  Min: -1  Max: 2  Default: -1
Changed value of parameter mipgap to 0.001
   Prev: 0.0001  Min: 0.0  Max: 1e+100  Default: 0.0001
Parameter method unchanged
   Value: -1  Min: -1  Max: 4  Default: -1
Changed value of parameter timelimit to 300.0
   Prev: 1e+100  Min: 0.0  Max: 1e+100  Default: 1e+100
Changed value of parameter mipfocus to 1
   Prev: 0  Min: 0  Max: 3  Default: 0
Optimize a model with 4803 rows, 844 columns and 20089 nonzeros
Variable types: 432 continuous, 412 integer (406 binary)
Coefficient statistics:
  Matrix range     [1e+00, 2e+04]
  Objective range  [1e+00, 1e+00]
  Bounds range     [1e+00, 1e+04]
  RHS range        [1e+00, 6e+04]
Found heuristic solution: objective 261
Presolve removed 2809 rows and 420 columns
Presolve time: 0.03s
Presolved: 1994 rows, 424 columns, 8868 nonzeros
Variable types: 220 continuous, 204 integer (204 binary)
Presolve removed 30 rows and 0 columns
Presolved: 1964 rows, 444 columns, 8745 nonzeros


Root relaxation: objective 9.600000e+01, 71 iterations, 0.01 seconds

    Nodes    |    Current Node    |     Objective Bounds      |     Work
 Expl Unexpl |  Obj  Depth IntInf | Incumbent    BestBd   Gap | It/Node Time

     0     0   96.00000    0    8  261.00000   96.00000  63.2%     -    0s
H    0     0                     252.0000000   96.00000  61.9%     -    0s
     0     0   96.00000    0   18  252.00000   96.00000  61.9%     -    0s
     0     0   96.00000    0   18  252.00000   96.00000  61.9%     -    0s
     0     0   96.00000    0   34  252.00000   96.00000  61.9%     -    0s
     0     0   96.00000    0   31  252.00000   96.00000  61.9%     -    0s
     0     0   96.00000    0   35  252.00000   96.00000  61.9%     -    0s
     0     0   96.00000    0   32  252.00000   96.00000  61.9%     -    0s
     0     0   96.00000    0   37  252.00000   96.00000  61.9%     -    0s
     0     0   96.00000    0   37  252.00000   96.00000  61.9%     -    0s
     0     0   96.00000    0    7  252.00000   96.00000  61.9%     -    0s
     0     2   96.00000    0    6  252.00000   96.00000  61.9%     -    0s
H  144   103                     252.0000000   96.00000  61.9%   9.5    0s
 10505   649  180.50000   33    5  252.00000  180.50000  28.4%   6.0    5s
H12564   673                     251.9998440  180.50000  28.4%   6.2    5s
 27301   455 infeasible   38       251.99984  189.50000  24.8%   7.0   10s
 44479   654 infeasible   33       251.99984  194.50000  22.8%   6.9   15s

Cutting planes:
  Gomory: 6
  Cover: 1
  MIR: 42
  Flow cover: 70

Explored 56897 nodes (398809 simplex iterations) in 18.99 seconds
Thread count was 4 (of 4 available processors)

Solution count 4: 252 252 252 261 
Pool objective bound 252

Optimal solution found (tolerance 1.00e-03)
Best objective 2.520000000000e+02, best bound 2.520000000000e+02, gap 0.0000%

#######################################
GN: iteration 0 at stage 1
Added demands: [0, 1, 2, 3, 4, 5, 6, 7, 8, 9]
Fixed demands: []

Gurobi 7.0.2 (win64) logging started 03/16/17 20:11:14

Changed value of parameter LogFile to log-opt-4.log
   Prev: gurobi.log  Default: 
Changed value of parameter presolve to 2
   Prev: -1  Min: -1  Max: 2  Default: -1
Changed value of parameter mipgap to 0.001
   Prev: 0.0001  Min: 0.0  Max: 1e+100  Default: 0.0001
Parameter method unchanged
   Value: -1  Min: -1  Max: 4  Default: -1
Changed value of parameter timelimit to 300.0
   Prev: 1e+100  Min: 0.0  Max: 1e+100  Default: 1e+100
Changed value of parameter mipfocus to 1
   Prev: 0  Min: 0  Max: 3  Default: 0
Optimize a model with 13161 rows, 3742 columns and 39787 nonzeros
Variable types: 1530 continuous, 2212 integer (2206 binary)
Coefficient statistics:
  Matrix range     [5e-01, 2e+04]
  Objective range  [1e+00, 1e+00]
  Bounds range     [1e+00, 1e+04]
  RHS range        [1e+00, 6e+04]
Presolve removed 8391 rows and 2280 columns
Presolve time: 0.20s
Presolved: 4770 rows, 1462 columns, 17092 nonzeros
Variable types: 554 continuous, 908 integer (908 binary)
Found heuristic solution: objective 622.0000000
Found heuristic solution: objective 426.0000000
Presolve removed 324 rows and 152 columns
Presolved: 4446 rows, 1310 columns, 16249 nonzeros


Root relaxation: objective 9.600000e+01, 191 iterations, 0.03 seconds

    Nodes    |    Current Node    |     Objective Bounds      |     Work
 Expl Unexpl |  Obj  Depth IntInf | Incumbent    BestBd   Gap | It/Node Time

     0     0   96.00000    0    8  426.00000   96.00000  77.5%     -    0s
H    0     0                     252.0000000   96.00000  61.9%     -    0s
     0     0   96.00000    0   31  252.00000   96.00000  61.9%     -    0s
     0     0   96.00000    0   51  252.00000   96.00000  61.9%     -    0s
     0     0   96.00000    0   47  252.00000   96.00000  61.9%     -    0s
     0     0   96.00000    0   41  252.00000   96.00000  61.9%     -    0s
     0     0   96.00000    0   49  252.00000   96.00000  61.9%     -    0s
     0     0   96.00000    0   40  252.00000   96.00000  61.9%     -    0s
     0     0   96.00000    0   38  252.00000   96.00000  61.9%     -    0s
     0     0   96.00000    0   12  252.00000   96.00000  61.9%     -    0s
     0     2   96.00000    0   12  252.00000   96.00000  61.9%     -    0s
H   30    20                     252.0000000   96.00000  61.9%   198    1s
   539   196 infeasible   19       252.00000   96.00000  61.9%   107    5s
H 1072   295                     251.9998440   96.00000  61.9%  78.1    6s
  3097   517   96.00000   13   35  251.99984   96.00000  61.9%  40.2   10s
  9283   310 infeasible   42       251.99984  190.50000  24.4%   8.1   15s
 18827   533 infeasible   35       251.99984  190.50000  24.4%  11.1   20s
 26560  1249  190.50000   39    6  251.99984  190.50000  24.4%  13.2   25s
 34399  1408  190.50000   39    1  251.99984  190.50000  24.4%  14.4   30s
 42736  1713 infeasible   43       251.99984  190.50000  24.4%  15.0   35s
 50911  1511  190.50000   34    2  251.99984  190.50000  24.4%  15.2   40s
 59938  1881 infeasible   36       251.99984  190.50000  24.4%  14.9   45s
 67089  2435  199.50000   39    5  251.99984  199.50000  20.8%  15.4   50s
 73776  2707 infeasible   41       251.99984  199.50000  20.8%  15.7   55s
 81100  3218 infeasible   39       251.99984  199.50000  20.8%  16.0   60s
 86734  3624  199.50000   36    5  251.99984  199.50000  20.8%  16.4   65s
 92677  4013  199.50000   47    9  251.99984  199.50000  20.8%  16.6   70s
 99487  4316  199.50000   23    3  251.99984  199.50000  20.8%  16.8   75s
 105207  4710  249.00000   33    1  251.99984  199.50000  20.8%  16.9   80s
 111822  5198  199.50000   43    6  251.99984  199.50000  20.8%  17.0   85s
 118191  5457  199.50000   34    6  251.99984  199.50000  20.8%  17.2   90s
 125570  5681  199.50000   38    1  251.99984  199.50000  20.8%  17.2   95s
 133274  5454 infeasible   40       251.99984  202.00000  19.8%  17.3  100s
 141353  3617  228.00000   36    6  251.99984  228.00000  9.52%  17.2  105s
 148646  2246  239.00000   37    3  251.99984  239.00000  5.16%  17.3  110s
 157324  1338 infeasible   34       251.99984  244.00000  3.17%  17.1  115s
 165988   208 infeasible   37       251.99984  249.00000  1.19%  17.0  120s

Cutting planes:
  Gomory: 2
  Cover: 1
  Implied bound: 13
  MIR: 36
  Flow cover: 57
  GUB cover: 1
  Zero half: 6

Explored 167733 nodes (2995591 simplex iterations) in 120.80 seconds
Thread count was 4 (of 4 available processors)

Solution count 5: 252 252 252 ... 622
Pool objective bound 252

Optimal solution found (tolerance 1.00e-03)
Best objective 2.520000000000e+02, best bound 2.520000000000e+02, gap 0.0000%

#######################################
TR: iteration 0 at stage 2
Added demands: [0, 1, 2, 3, 4, 5, 6, 7, 8, 9, 10, 11, 12, 13, 14]
Fixed demands: []

Gurobi 7.0.2 (win64) logging started 03/16/17 20:13:19

Changed value of parameter LogFile to log-opt-4.log
   Prev: gurobi.log  Default: 
Changed value of parameter presolve to 2
   Prev: -1  Min: -1  Max: 2  Default: -1
Changed value of parameter mipgap to 0.001
   Prev: 0.0001  Min: 0.0  Max: 1e+100  Default: 0.0001
Parameter method unchanged
   Value: -1  Min: -1  Max: 4  Default: -1
Changed value of parameter timelimit to 300.0
   Prev: 1e+100  Min: 0.0  Max: 1e+100  Default: 1e+100
Changed value of parameter mipfocus to 1
   Prev: 0  Min: 0  Max: 3  Default: 0
Optimize a model with 9973 rows, 1334 columns and 43774 nonzeros
Variable types: 647 continuous, 687 integer (681 binary)
Coefficient statistics:
  Matrix range     [1e+00, 2e+04]
  Objective range  [1e+00, 1e+00]
  Bounds range     [1e+00, 1e+04]
  RHS range        [1e+00, 6e+04]
Found heuristic solution: objective 261
Presolve removed 5822 rows and 659 columns
Presolve time: 0.06s
Presolved: 4151 rows, 675 columns, 19111 nonzeros
Variable types: 330 continuous, 345 integer (345 binary)
Presolve removed 0 rows and 15 columns
Presolved: 675 rows, 4811 columns, 19714 nonzeros

Presolve removed 675 rows and 4811 columns

Root relaxation: objective 9.600000e+01, 1436 iterations, 0.06 seconds

    Nodes    |    Current Node    |     Objective Bounds      |     Work
 Expl Unexpl |  Obj  Depth IntInf | Incumbent    BestBd   Gap | It/Node Time

     0     0   96.00000    0   13  261.00000   96.00000  63.2%     -    0s
H    0     0                     257.0000000   96.00000  62.6%     -    0s
H    0     0                     252.0000000   96.00000  61.9%     -    0s
     0     0   96.00000    0   35  252.00000   96.00000  61.9%     -    0s
     0     0   96.00000    0   41  252.00000   96.00000  61.9%     -    0s
     0     0   96.00000    0   35  252.00000   96.00000  61.9%     -    0s
     0     0   96.00000    0   45  252.00000   96.00000  61.9%     -    0s
     0     0   96.00000    0   48  252.00000   96.00000  61.9%     -    0s
     0     0   96.00000    0   55  252.00000   96.00000  61.9%     -    0s
H    0     0                     252.0000000   96.00000  61.9%     -    0s
     0     0   96.00000    0   54  252.00000   96.00000  61.9%     -    0s
     0     0   96.00000    0   27  252.00000   96.00000  61.9%     -    0s
     0     2   96.00000    0   16  252.00000   96.00000  61.9%     -    0s
H  705   261                     251.9998440   96.00000  61.9%   4.8    1s
  4276   402  180.50000   48   10  251.99984  180.50000  28.4%   7.2    5s
  9840   644  180.50000   51   14  251.99984  180.50000  28.4%   9.1   10s
 17024  1019  180.50000   48   10  251.99984  180.50000  28.4%   9.7   15s
 23354  1168 infeasible   55       251.99984  180.50000  28.4%   9.9   20s
 29970  1547  180.50000   42    9  251.99984  180.50000  28.4%   9.9   25s
 35686  1802 infeasible   54       251.99984  180.50000  28.4%  10.3   30s
 41238  2045  201.00000   45   10  251.99984  180.50000  28.4%  10.6   35s
 46839  2460 infeasible   54       251.99984  180.50000  28.4%  10.8   40s
 52916  2607 infeasible   50       251.99984  180.50000  28.4%  10.9   45s
 58461  2597  241.00000   50    9  251.99984  180.50000  28.4%  11.0   50s
 64332  2786  235.00000   49   11  251.99984  180.50000  28.4%  11.0   55s
 71034  3349 infeasible   49       251.99984  180.50000  28.4%  10.8   60s
 77927  3558  180.50000   45   13  251.99984  180.50000  28.4%  10.8   65s
 84378  4376  183.50000   47   15  251.99984  180.50000  28.4%  10.8   70s
 90987  4958 infeasible   53       251.99984  180.50000  28.4%  10.8   75s
 97133  5277 infeasible   49       251.99984  180.50000  28.4%  10.8   80s
 103539  5374 infeasible   51       251.99984  180.50000  28.4%  10.8   85s
 109548  5659  180.50000   48   13  251.99984  180.50000  28.4%  10.8   90s
 115456  5865  222.00000   51    5  251.99984  180.50000  28.4%  10.9   95s
 121459  5919  233.00000   55    7  251.99984  180.50000  28.4%  10.9  100s
 128615  6281 infeasible   47       251.99984  180.50000  28.4%  10.8  105s
 134865  6701  249.00000   48   10  251.99984  180.50000  28.4%  10.8  110s
 141191  6974 infeasible   50       251.99984  180.50000  28.4%  10.8  115s
 147367  7349  249.00000   50    6  251.99984  180.50000  28.4%  10.8  120s
 153845  7488  180.50000   41   10  251.99984  180.50000  28.4%  10.8  125s
 159669  7514  180.50000   44   13  251.99984  180.50000  28.4%  10.8  130s
 166309  7834  180.50000   45   13  251.99984  180.50000  28.4%  10.7  135s
 172840  8554  180.50000   43   15  251.99984  180.50000  28.4%  10.7  140s
 178664  8491 infeasible   48       251.99984  180.50000  28.4%  10.8  145s
 185019  8571  180.50000   45   15  251.99984  180.50000  28.4%  10.8  150s
 192010  8890  245.00000   42    5  251.99984  180.50000  28.4%  10.7  155s
 198511  9027 infeasible   48       251.99984  180.50000  28.4%  10.8  160s
 204362  8987  180.50000   46   14  251.99984  180.50000  28.4%  10.8  165s
 210332  9094  180.50000   54   11  251.99984  180.50000  28.4%  10.8  170s
 216697  9506 infeasible   38       251.99984  180.50000  28.4%  10.8  175s
 223228  9527 infeasible   45       251.99984  180.50000  28.4%  10.8  180s
 229443  9671  242.00000   45   12  251.99984  180.50000  28.4%  10.8  185s
 235437 10242 infeasible   52       251.99984  180.50000  28.4%  10.8  190s
 241583 10335 infeasible   49       251.99984  180.50000  28.4%  10.8  195s
 247735 10411 infeasible   50       251.99984  180.50000  28.4%  10.8  200s
 253432 10687 infeasible   43       251.99984  180.50000  28.4%  10.8  205s
 259582 10758 infeasible   52       251.99984  180.50000  28.4%  10.8  210s
 266625 11057  180.50000   45   11  251.99984  180.50000  28.4%  10.8  215s
 272955 11223  244.00000   49    8  251.99984  180.50000  28.4%  10.8  220s
 279988 11370  180.50000   50   12  251.99984  180.50000  28.4%  10.8  225s
 285887 11311  180.50000   50   15  251.99984  180.50000  28.4%  10.8  230s
 291896 11653  228.00000   49    5  251.99984  180.50000  28.4%  10.8  235s
 297896 11745 infeasible   49       251.99984  180.50000  28.4%  10.8  240s
 303781 11912 infeasible   56       251.99984  180.50000  28.4%  10.8  245s
 309143 12003 infeasible   43       251.99984  180.50000  28.4%  10.8  250s
 315397 11983 infeasible   57       251.99984  180.50000  28.4%  10.8  255s
 320670 12115  239.00000   52    7  251.99984  180.50000  28.4%  10.9  260s
 326626 12239  216.00000   44   11  251.99984  180.50000  28.4%  10.9  265s
 332550 12361 infeasible   45       251.99984  180.50000  28.4%  10.9  270s
 338636 12402  180.50000   50   14  251.99984  180.50000  28.4%  10.8  275s
 344360 12664 infeasible   47       251.99984  180.50000  28.4%  10.8  280s
 350941 13105 infeasible   50       251.99984  180.50000  28.4%  10.8  285s
 356984 13180  180.50000   42   12  251.99984  180.50000  28.4%  10.8  290s
 362770 13505 infeasible   52       251.99984  180.50000  28.4%  10.8  295s
 369278 13572  239.00000   54    6  251.99984  180.50000  28.4%  10.8  300s

Cutting planes:
  Gomory: 9
  Implied bound: 1
  MIR: 51
  Flow cover: 77

Explored 369323 nodes (3999181 simplex iterations) in 300.02 seconds
Thread count was 4 (of 4 available processors)

Solution count 5: 252 252 252 ... 261
Pool objective bound 180.5

Time limit reached
Best objective 2.519998440008e+02, best bound 1.805000000000e+02, gap 28.3730%

#######################################
GN: iteration 0 at stage 2
Added demands: [0, 1, 2, 3, 4, 5, 6, 7, 8, 9, 10, 11, 12, 13, 14]
Fixed demands: []

Gurobi 7.0.2 (win64) logging started 03/16/17 20:18:19

Changed value of parameter LogFile to log-opt-4.log
   Prev: gurobi.log  Default: 
Changed value of parameter presolve to 2
   Prev: -1  Min: -1  Max: 2  Default: -1
Changed value of parameter mipgap to 0.001
   Prev: 0.0001  Min: 0.0  Max: 1e+100  Default: 0.0001
Parameter method unchanged
   Value: -1  Min: -1  Max: 4  Default: -1
Changed value of parameter timelimit to 300.0
   Prev: 1e+100  Min: 0.0  Max: 1e+100  Default: 1e+100
Changed value of parameter mipfocus to 1
   Prev: 0  Min: 0  Max: 3  Default: 0
Optimize a model with 26551 rows, 7022 columns and 84112 nonzeros
Variable types: 2285 continuous, 4737 integer (4731 binary)
Coefficient statistics:
  Matrix range     [5e-01, 2e+04]
  Objective range  [1e+00, 1e+00]
  Bounds range     [1e+00, 1e+04]
  RHS range        [1e+00, 6e+04]
Found heuristic solution: objective 252
Presolve removed 16492 rows and 4209 columns
Presolve time: 0.55s
Presolved: 10059 rows, 2813 columns, 36665 nonzeros
Variable types: 832 continuous, 1981 integer (1981 binary)
Presolve removed 488 rows and 230 columns
Presolved: 9571 rows, 2583 columns, 35391 nonzeros


Root relaxation: objective 9.600000e+01, 244 iterations, 0.08 seconds

    Nodes    |    Current Node    |     Objective Bounds      |     Work
 Expl Unexpl |  Obj  Depth IntInf | Incumbent    BestBd   Gap | It/Node Time

     0     0   96.00000    0    9  252.00000   96.00000  61.9%     -    0s
     0     0   96.00000    0   34  252.00000   96.00000  61.9%     -    1s
     0     0   96.00000    0   43  252.00000   96.00000  61.9%     -    1s
     0     0   96.00000    0   47  252.00000   96.00000  61.9%     -    1s
     0     0   96.00000    0   47  252.00000   96.00000  61.9%     -    1s
     0     0   96.00000    0   48  252.00000   96.00000  61.9%     -    1s
H    0     0                     252.0000000   96.00000  61.9%     -    1s
     0     0   96.00000    0   49  252.00000   96.00000  61.9%     -    1s
     0     0   96.00000    0   48  252.00000   96.00000  61.9%     -    1s
     0     0   96.00000    0   53  252.00000   96.00000  61.9%     -    1s
     0     0   96.00000    0   23  252.00000   96.00000  61.9%     -    1s
     0     2   96.00000    0   23  252.00000   96.00000  61.9%     -    2s
   984   474   96.88357   22  107  252.00000   96.00000  61.9%  21.4    5s
  2246   925   96.05268   16   91  252.00000   96.00000  61.9%  18.5   10s
  3313   972  185.50000   21   34  252.00000  137.50389  45.4%  20.6   15s
  6514  1408  199.50000   35   10  252.00000  180.50000  28.4%  17.8   20s
  9829  2237     cutoff   33       252.00000  180.50000  28.4%  16.0   25s
 13035  2710 infeasible   35       252.00000  180.50000  28.4%  15.2   30s
 16737  3290     cutoff   37       252.00000  180.50000  28.4%  14.2   35s
 19947  3768     cutoff   33       252.00000  180.50000  28.4%  14.4   40s
 22682  4130  238.00000   57    3  252.00000  180.50000  28.4%  14.4   45s
 25663  4373 infeasible   32       252.00000  180.50000  28.4%  14.6   50s
 28211  4520  232.00000   39    8  252.00000  180.50000  28.4%  14.9   55s
 30407  4746  199.50000   42    5  252.00000  180.50000  28.4%  15.2   60s
 32082  5170  208.00000   46    3  252.00000  180.50000  28.4%  15.2   65s
 35387  6155  199.50000   44    4  252.00000  180.50000  28.4%  14.9   70s
 39293  7111  199.50000   46    4  252.00000  180.50000  28.4%  14.4   75s
H43011  8090                     251.9999999  180.50000  28.4%  14.0   79s
 43118  8090  199.50000   45   11  252.00000  180.50000  28.4%  14.0   80s
 45639  8770  235.00000   52    1  252.00000  180.50000  28.4%  13.8   85s
 48904  9485     cutoff   45       252.00000  180.50000  28.4%  13.7   90s
 52493 10289  199.50000   53    3  252.00000  180.50000  28.4%  13.5   95s
 56148 11319 infeasible   52       252.00000  180.50000  28.4%  13.4  100s
 59594 11949  228.00000   54   20  252.00000  180.50000  28.4%  13.3  105s
 63231 12755     cutoff   48       252.00000  180.50000  28.4%  13.1  110s
 67153 13557 infeasible   51       252.00000  180.50000  28.4%  13.0  115s
 70219 14256  199.50000   48    3  252.00000  180.50000  28.4%  12.9  120s
 72784 14917  218.00000   47    2  252.00000  180.50000  28.4%  12.8  125s
 76338 15589  199.50000   49   13  252.00000  180.50000  28.4%  12.8  130s
 78853 16209     cutoff   55       252.00000  180.50000  28.4%  12.8  135s
 82139 16710  203.00000   56    6  252.00000  180.50000  28.4%  12.8  140s
 84841 17066  199.50000   51    5  252.00000  180.50000  28.4%  12.9  145s
 88372 17694     cutoff   45       252.00000  180.50000  28.4%  12.9  150s
 91316 18172     cutoff   46       252.00000  180.50000  28.4%  12.8  155s
 94094 18630  199.50000   46   14  252.00000  180.50000  28.4%  12.8  160s
 97266 19224  249.00000   42    1  252.00000  180.50000  28.4%  12.8  166s
 99524 19559  199.50000   43    5  252.00000  180.50000  28.4%  12.8  170s
 102759 20040 infeasible   39       252.00000  180.50000  28.4%  12.9  175s
 105931 20358  180.50000   33   24  252.00000  180.50000  28.4%  13.0  180s
 108620 20591  180.50000   32    9  252.00000  180.50000  28.4%  13.1  185s
 111530 20728  180.50000   30   20  252.00000  180.50000  28.4%  13.3  191s
 113794 20844 infeasible   39       252.00000  180.50000  28.4%  13.4  195s
 116956 21460  199.50000   48   16  252.00000  180.50000  28.4%  13.5  200s
 118769 21742  199.50000   39    5  252.00000  180.50000  28.4%  13.6  205s
 121763 22064  242.00000   41   15  252.00000  180.50000  28.4%  13.8  210s
 124362 22258  199.50000   32   23  252.00000  180.50000  28.4%  13.8  215s
 126125 22360  180.50000   37   12  252.00000  180.50000  28.4%  13.9  220s
 128483 22594 infeasible   39       252.00000  180.50000  28.4%  14.1  225s
 131801 23121 infeasible   33       252.00000  180.50000  28.4%  14.1  230s
 134798 23690 infeasible   37       252.00000  180.50000  28.4%  14.1  236s
 136885 24015  180.50000   33   34  252.00000  180.50000  28.4%  14.2  240s
 140090 24647     cutoff   33       252.00000  180.50000  28.4%  14.3  245s
 141897 24883  180.50000   29   17  252.00000  180.50000  28.4%  14.3  250s
 145232 25564 infeasible   46       252.00000  180.50000  28.4%  14.4  255s
 147982 26116  199.50000   36   15  252.00000  180.50000  28.4%  14.5  260s
 149476 26464  180.50000   33   35  252.00000  180.50000  28.4%  14.6  265s
 152267 27046     cutoff   34       252.00000  180.50000  28.4%  14.7  270s
 154721 27494  180.50000   36   23  252.00000  180.50000  28.4%  14.7  275s
 157240 27825 infeasible   41       252.00000  180.50000  28.4%  14.7  280s
 159852 28173  240.00000   34    7  252.00000  180.50000  28.4%  14.9  285s
 161779 28411     cutoff   33       252.00000  180.50000  28.4%  15.0  290s
 164800 28750     cutoff   37       252.00000  180.50000  28.4%  15.0  295s
 167285 29055 infeasible   32       252.00000  180.50000  28.4%  15.1  300s

Cutting planes:
  Gomory: 6
  Cover: 5
  Implied bound: 17
  MIR: 115
  Flow cover: 123
  GUB cover: 1
  Zero half: 16

Explored 167460 nodes (2531180 simplex iterations) in 300.06 seconds
Thread count was 4 (of 4 available processors)

Solution count 3: 252 252 252 
Pool objective bound 180.5

Time limit reached
Best objective 2.519999999494e+02, best bound 1.805000000000e+02, gap 28.3730%

#######################################
TR: iteration 0 at stage 3
Added demands: [0, 1, 2, 3, 4, 5, 6, 7, 8, 9, 10, 11, 12, 13, 14, 15, 16, 17, 18, 19]
Fixed demands: []

Gurobi 7.0.2 (win64) logging started 03/16/17 20:23:24

Changed value of parameter LogFile to log-opt-4.log
   Prev: gurobi.log  Default: 
Changed value of parameter presolve to 2
   Prev: -1  Min: -1  Max: 2  Default: -1
Changed value of parameter mipgap to 0.001
   Prev: 0.0001  Min: 0.0  Max: 1e+100  Default: 0.0001
Parameter method unchanged
   Value: -1  Min: -1  Max: 4  Default: -1
Changed value of parameter timelimit to 300.0
   Prev: 1e+100  Min: 0.0  Max: 1e+100  Default: 1e+100
Changed value of parameter mipfocus to 1
   Prev: 0  Min: 0  Max: 3  Default: 0
Optimize a model with 16993 rows, 1874 columns and 76559 nonzeros
Variable types: 862 continuous, 1012 integer (1006 binary)
Coefficient statistics:
  Matrix range     [1e+00, 2e+04]
  Objective range  [1e+00, 1e+00]
  Bounds range     [1e+00, 1e+04]
  RHS range        [1e+00, 6e+04]
Found heuristic solution: objective 413
Presolve removed 9725 rows and 907 columns
Presolve time: 0.13s
Presolved: 7268 rows, 967 columns, 34096 nonzeros
Variable types: 450 continuous, 517 integer (517 binary)
Presolve removed 0 rows and 20 columns
Presolved: 967 rows, 8215 columns, 34968 nonzeros

Presolve removed 967 rows and 8215 columns

Root relaxation: objective 9.600000e+01, 5168 iterations, 0.33 seconds

    Nodes    |    Current Node    |     Objective Bounds      |     Work
 Expl Unexpl |  Obj  Depth IntInf | Incumbent    BestBd   Gap | It/Node Time

     0     0   96.00000    0   20  413.00000   96.00000  76.8%     -    0s
H    0     0                     344.5000000   96.00000  72.1%     -    0s
H    0     0                     267.0000000   96.00000  64.0%     -    0s
     0     0   96.00000    0   47  267.00000   96.00000  64.0%     -    0s
     0     0   96.00000    0   45  267.00000   96.00000  64.0%     -    0s
H    0     0                     252.0000000   96.00000  61.9%     -    0s
     0     0   96.00000    0   50  252.00000   96.00000  61.9%     -    0s
     0     0   96.00000    0   45  252.00000   96.00000  61.9%     -    0s
     0     0   96.00000    0   53  252.00000   96.00000  61.9%     -    0s
     0     0   96.00000    0   45  252.00000   96.00000  61.9%     -    0s
     0     0   96.00000    0   40  252.00000   96.00000  61.9%     -    1s
     0     0   96.00000    0   49  252.00000   96.00000  61.9%     -    1s
H    0     0                     252.0000000   96.00000  61.9%     -    1s
     0     0   96.00000    0   31  252.00000   96.00000  61.9%     -    1s
     0     2   96.00000    0   27  252.00000   96.00000  61.9%     -    1s
  1225   630  139.50000   26   85  252.00000   96.00000  61.9%   6.0    5s
H 4089   411                     251.9999285  185.50000  26.4%   9.7    9s
H 4111   414                     251.9998440  185.50000  26.4%   9.7    9s
  4186   419  246.00000   49    4  251.99984  185.50000  26.4%   9.7   10s
  7569   914  185.50000   47    6  251.99984  185.50000  26.4%   9.6   15s
 11555  1347  185.50000   48   12  251.99984  185.50000  26.4%   9.7   20s
 16474  2074  233.00000   53    7  251.99984  185.50000  26.4%   9.6   25s
 21154  2908 infeasible   60       251.99984  185.50000  26.4%   9.4   30s
 25197  3533  247.00000   59    4  251.99984  185.50000  26.4%   9.4   35s
 29492  3956 infeasible   66       251.99984  185.50000  26.4%   9.4   40s
 33593  4366  185.50000   53   13  251.99984  185.50000  26.4%   9.4   45s
 38190  4779  185.50000   42   11  251.99984  185.50000  26.4%   9.4   50s
 41708  5131 infeasible   53       251.99984  185.50000  26.4%   9.5   55s
 45694  5482  233.00000   55   11  251.99984  185.50000  26.4%   9.6   60s
 50744  6021 infeasible   58       251.99984  185.50000  26.4%   9.5   65s
 55038  6305 infeasible   63       251.99984  185.50000  26.4%   9.5   70s
 58401  6702  251.00000   52    6  251.99984  185.50000  26.4%   9.4   75s
 62830  7303  185.50000   49   10  251.99984  185.50000  26.4%   9.5   80s
 66600  7620 infeasible   58       251.99984  185.50000  26.4%   9.6   85s
 70942  8124 infeasible   64       251.99984  185.50000  26.4%   9.6   90s
 75745  8660 infeasible   61       251.99984  185.50000  26.4%   9.6   95s
 79208  8890 infeasible   54       251.99984  185.50000  26.4%   9.6  100s
 83136  9020  246.00000   59    4  251.99984  185.50000  26.4%   9.7  105s
 87648  9400  185.50000   54   12  251.99984  185.50000  26.4%   9.7  110s
 92000  9765  235.00000   54    3  251.99984  185.50000  26.4%   9.7  115s
 95744 10556 infeasible   56       251.99984  185.50000  26.4%   9.8  120s
 99380 11227  185.50000   42   14  251.99984  185.50000  26.4%   9.8  125s
 103796 11746  249.00000   52    7  251.99984  185.50000  26.4%   9.8  130s
 107621 12470  235.00000   50   11  251.99984  185.50000  26.4%   9.8  135s
 111208 12994  185.50000   49   14  251.99984  185.50000  26.4%   9.9  140s
 114971 13409  185.50000   49   14  251.99984  185.50000  26.4%  10.0  145s
 118483 13920 infeasible   57       251.99984  185.50000  26.4%  10.1  150s
 122606 14325 infeasible   51       251.99984  185.50000  26.4%  10.1  155s
 126087 14876 infeasible   55       251.99984  185.50000  26.4%  10.2  160s
 129519 15013  249.00000   51    9  251.99984  185.50000  26.4%  10.3  165s
 132967 15058 infeasible   53       251.99984  185.50000  26.4%  10.3  170s
 137784 15101  185.50000   40   13  251.99984  185.50000  26.4%  10.3  175s
 141979 15459  185.50000   46   14  251.99984  185.50000  26.4%  10.3  180s
 145851 15580  185.50000   54   14  251.99984  185.50000  26.4%  10.3  185s
 149338 15631 infeasible   56       251.99984  185.50000  26.4%  10.3  190s
 153778 15726 infeasible   31       251.99984  185.50000  26.4%  10.3  195s
 158298 17000  185.50000   37   17  251.99984  185.50000  26.4%  10.3  200s
 161983 17899  246.00000   46    9  251.99984  185.50000  26.4%  10.3  205s
 165256 18413 infeasible   57       251.99984  185.50000  26.4%  10.3  210s
 168227 18936  226.00000   49    7  251.99984  185.50000  26.4%  10.3  215s
 172606 19718  185.50000   43   15  251.99984  185.50000  26.4%  10.4  220s
 176916 20549  244.00000   53    5  251.99984  185.50000  26.4%  10.3  225s
 180911 21287  246.00000   54    6  251.99984  185.50000  26.4%  10.4  230s
 185007 21824  185.50000   53   10  251.99984  185.50000  26.4%  10.4  235s
 188697 22454 infeasible   72       251.99984  185.50000  26.4%  10.4  240s
 193069 23163 infeasible   56       251.99984  185.50000  26.4%  10.4  245s
 197012 23906 infeasible   64       251.99984  185.50000  26.4%  10.4  250s
 201236 24743 infeasible   55       251.99984  185.50000  26.4%  10.4  255s
 205201 25541  251.00000   47    9  251.99984  185.50000  26.4%  10.4  260s
 209410 26225  185.50000   53   13  251.99984  185.50000  26.4%  10.4  265s
 213286 26651  225.00000   53   10  251.99984  185.50000  26.4%  10.4  270s
 217645 27467 infeasible   61       251.99984  185.50000  26.4%  10.5  275s
 221456 27970 infeasible   56       251.99984  185.50000  26.4%  10.5  280s
 225212 28380  185.50000   50   12  251.99984  185.50000  26.4%  10.5  285s
 229168 28782 infeasible   57       251.99984  185.50000  26.4%  10.6  290s
 233262 29264 infeasible   53       251.99984  185.50000  26.4%  10.6  295s
 237093 30052  240.00000   54    7  251.99984  185.50000  26.4%  10.6  300s

Cutting planes:
  Gomory: 12
  Cover: 3
  Implied bound: 3
  MIR: 105
  Flow cover: 132

Explored 237512 nodes (2526543 simplex iterations) in 300.04 seconds
Thread count was 4 (of 4 available processors)

Solution count 7: 252 252 252 ... 413
Pool objective bound 185.5

Time limit reached
Best objective 2.519998440002e+02, best bound 1.855000000000e+02, gap 26.3888%

#######################################
GN: iteration 0 at stage 3
Added demands: [0, 1, 2, 3, 4, 5, 6, 7, 8, 9, 10, 11, 12, 13, 14, 15, 16, 17, 18, 19]
Fixed demands: []

Gurobi 7.0.2 (win64) logging started 03/16/17 20:28:24

Changed value of parameter LogFile to log-opt-4.log
   Prev: gurobi.log  Default: 
Changed value of parameter presolve to 2
   Prev: -1  Min: -1  Max: 2  Default: -1
Changed value of parameter mipgap to 0.001
   Prev: 0.0001  Min: 0.0  Max: 1e+100  Default: 0.0001
Parameter method unchanged
   Value: -1  Min: -1  Max: 4  Default: -1
Changed value of parameter timelimit to 300.0
   Prev: 1e+100  Min: 0.0  Max: 1e+100  Default: 1e+100
Changed value of parameter mipfocus to 1
   Prev: 0  Min: 0  Max: 3  Default: 0
Optimize a model with 44491 rows, 11252 columns and 144737 nonzeros
Variable types: 3040 continuous, 8212 integer (8206 binary)
Coefficient statistics:
  Matrix range     [5e-01, 2e+04]
  Objective range  [1e+00, 1e+00]
  Bounds range     [1e+00, 1e+04]
  RHS range        [1e+00, 6e+04]
Presolve removed 26769 rows and 6573 columns
Presolve time: 1.23s
Presolved: 17722 rows, 4679 columns, 65218 nonzeros
Variable types: 1128 continuous, 3551 integer (3551 binary)
Found heuristic solution: objective 1371.5000000
Found heuristic solution: objective 822.5000000
Found heuristic solution: objective 602.5000000
Presolve removed 668 rows and 316 columns
Presolved: 17054 rows, 4363 columns, 63479 nonzeros


Root relaxation: objective 9.600000e+01, 451 iterations, 0.16 seconds

    Nodes    |    Current Node    |     Objective Bounds      |     Work
 Expl Unexpl |  Obj  Depth IntInf | Incumbent    BestBd   Gap | It/Node Time

     0     0   96.00000    0   19  602.50000   96.00000  84.1%     -    2s
H    0     0                     252.0000000   96.00000  61.9%     -    2s
     0     0   96.00000    0   76  252.00000   96.00000  61.9%     -    3s
     0     0   96.00000    0   80  252.00000   96.00000  61.9%     -    3s
     0     0   96.00000    0  116  252.00000   96.00000  61.9%     -    3s
     0     0   96.00000    0  104  252.00000   96.00000  61.9%     -    3s
     0     0   96.00000    0  110  252.00000   96.00000  61.9%     -    3s
     0     0   96.00000    0  113  252.00000   96.00000  61.9%     -    4s
     0     0   96.00000    0  153  252.00000   96.00000  61.9%     -    4s
     0     0   96.00000    0  118  252.00000   96.00000  61.9%     -    4s
     0     0   96.00000    0   43  252.00000   96.00000  61.9%     -    4s
H    0     0                     252.0000000   96.00000  61.9%     -    5s
     0     2   96.00000    0   43  252.00000   96.00000  61.9%     -    5s
   755   448 infeasible   38       252.00000   96.00000  61.9%  18.1   49s
   835   485  199.50000   40  679  252.00000   96.00000  61.9%  97.4   50s
H  926   519                     251.9998440   96.00000  61.9%  89.4   51s
   927   522  199.50000   43  649  251.99984   96.00000  61.9%  89.3   65s
  1033   563  199.50000   53  544  251.99984   96.00000  61.9%   130  139s
  1034   563  157.50000   23  168  251.99984   96.00000  61.9%   130  195s
  1035   564  157.50000   23  184  251.99984   96.00000  61.9%   130  250s

Cutting planes:
  Gomory: 6
  Implied bound: 27
  MIR: 48
  Flow cover: 100
  Zero half: 11

Explored 1035 nodes (282213 simplex iterations) in 300.16 seconds
Thread count was 4 (of 4 available processors)

Solution count 6: 252 252 252 ... 1371.5
Pool objective bound 96

Time limit reached
Best objective 2.519998440253e+02, best bound 9.600000000000e+01, gap 61.9047%
