
#######################################
TR: iteration 0 at stage 0
Added demands: [0, 1, 2, 3, 4]
Fixed demands: []

Gurobi 7.0.2 (win64) logging started 03/16/17 14:08:33

Changed value of parameter LogFile to log-prop-2.log
   Prev: gurobi.log  Default: 
Changed value of parameter presolve to 2
   Prev: -1  Min: -1  Max: 2  Default: -1
Changed value of parameter mipgap to 0.001
   Prev: 0.0001  Min: 0.0  Max: 1e+100  Default: 0.0001
Parameter method unchanged
   Value: -1  Min: -1  Max: 4  Default: -1
Changed value of parameter timelimit to 100.0
   Prev: 1e+100  Min: 0.0  Max: 1e+100  Default: 1e+100
Changed value of parameter mipfocus to 1
   Prev: 0  Min: 0  Max: 3  Default: 0
Optimize a model with 1483 rows, 404 columns and 5510 nonzeros
Variable types: 217 continuous, 187 integer (181 binary)
Coefficient statistics:
  Matrix range     [1e+00, 2e+04]
  Objective range  [1e+00, 1e+00]
  Bounds range     [1e+00, 1e+04]
  RHS range        [1e+00, 6e+04]
Found heuristic solution: objective 169.5
Presolve removed 512 rows and 52 columns
Presolve time: 0.01s
Presolved: 971 rows, 352 columns, 3611 nonzeros
Variable types: 216 continuous, 136 integer (136 binary)
Presolve removed 15 rows and 4 columns
Presolved: 956 rows, 348 columns, 3569 nonzeros


Root relaxation: objective 9.700000e+01, 85 iterations, 0.01 seconds

    Nodes    |    Current Node    |     Objective Bounds      |     Work
 Expl Unexpl |  Obj  Depth IntInf | Incumbent    BestBd   Gap | It/Node Time

     0     0   97.00000    0    4  169.50000   97.00000  42.8%     -    0s
H    0     0                     167.5000000   97.00000  42.1%     -    0s
H    0     0                     166.5000000   97.00000  41.7%     -    0s
     0     0   97.00000    0    9  166.50000   97.00000  41.7%     -    0s
H    0     0                      98.0000000   97.00000  1.02%     -    0s
     0     0   97.00000    0    9   98.00000   97.00000  1.02%     -    0s
H    0     0                      97.0000000   97.00000  0.00%     -    0s

Cutting planes:
  Gomory: 3
  MIR: 3
  StrongCG: 1
  Flow cover: 4

Explored 0 nodes (273 simplex iterations) in 0.09 seconds
Thread count was 4 (of 4 available processors)

Solution count 5: 97 98 166.5 ... 169.5
Pool objective bound 97

Optimal solution found (tolerance 1.00e-03)
Best objective 9.700000000000e+01, best bound 9.700000000000e+01, gap 0.0000%

#######################################
GN: iteration 0 at stage 0
Added demands: [0, 1, 2, 3, 4]
Fixed demands: []

Gurobi 7.0.2 (win64) logging started 03/16/17 14:08:33

Changed value of parameter LogFile to log-prop-2.log
   Prev: gurobi.log  Default: 
Changed value of parameter presolve to 2
   Prev: -1  Min: -1  Max: 2  Default: -1
Changed value of parameter mipgap to 0.001
   Prev: 0.0001  Min: 0.0  Max: 1e+100  Default: 0.0001
Parameter method unchanged
   Value: -1  Min: -1  Max: 4  Default: -1
Changed value of parameter timelimit to 100.0
   Prev: 1e+100  Min: 0.0  Max: 1e+100  Default: 1e+100
Changed value of parameter mipfocus to 1
   Prev: 0  Min: 0  Max: 3  Default: 0
Optimize a model with 4321 rows, 1412 columns and 11768 nonzeros
Variable types: 775 continuous, 637 integer (631 binary)
Coefficient statistics:
  Matrix range     [6e-01, 2e+04]
  Objective range  [1e+00, 1e+00]
  Bounds range     [1e+00, 1e+04]
  RHS range        [1e+00, 6e+04]
Found heuristic solution: objective 279
Presolve removed 2450 rows and 700 columns
Presolve time: 0.05s
Presolved: 1871 rows, 712 columns, 6098 nonzeros
Variable types: 396 continuous, 316 integer (316 binary)
Presolve removed 185 rows and 92 columns
Presolved: 1686 rows, 620 columns, 5610 nonzeros


Root relaxation: objective 9.700000e+01, 60 iterations, 0.01 seconds

    Nodes    |    Current Node    |     Objective Bounds      |     Work
 Expl Unexpl |  Obj  Depth IntInf | Incumbent    BestBd   Gap | It/Node Time

     0     0   97.00000    0    3  279.00000   97.00000  65.2%     -    0s
H    0     0                     205.5000000   97.00000  52.8%     -    0s
H    0     0                     163.5000000   97.00000  40.7%     -    0s
     0     0   97.00000    0   19  163.50000   97.00000  40.7%     -    0s
H    0     0                      97.0000000   97.00000  0.00%     -    0s

Cutting planes:
  Gomory: 3
  Implied bound: 3
  MIR: 7
  Flow cover: 5

Explored 0 nodes (329 simplex iterations) in 0.16 seconds
Thread count was 4 (of 4 available processors)

Solution count 4: 97 163.5 205.5 279 
Pool objective bound 97

Optimal solution found (tolerance 1.00e-03)
Best objective 9.700000000000e+01, best bound 9.700000000000e+01, gap 0.0000%

#######################################
TR: iteration 1 at stage 0
Added demands: [1]
Fixed demands: [2, 3, 0, 4]

Gurobi 7.0.2 (win64) logging started 03/16/17 14:08:33

Parameter LogFile unchanged
   Value: log-prop-2.log  Default: 
Parameter presolve unchanged
   Value: 2  Min: -1  Max: 2  Default: -1
Parameter mipgap unchanged
   Value: 0.001  Min: 0.0  Max: 1e+100  Default: 0.0001
Parameter method unchanged
   Value: -1  Min: -1  Max: 4  Default: -1
Parameter timelimit unchanged
   Value: 100.0  Min: 0.0  Max: 1e+100  Default: 1e+100
Parameter mipfocus unchanged
   Value: 1  Min: 0  Max: 3  Default: 0
Optimize a model with 1483 rows, 404 columns and 5510 nonzeros
Variable types: 217 continuous, 187 integer (181 binary)
Coefficient statistics:
  Matrix range     [1e+00, 2e+04]
  Objective range  [1e+00, 1e+00]
  Bounds range     [1e+00, 1e+04]
  RHS range        [1e+00, 6e+04]
Found heuristic solution: objective 209.5
Presolve removed 1339 rows and 323 columns
Presolve time: 0.00s
Presolved: 144 rows, 81 columns, 425 nonzeros

Loaded MIP start with objective 97

Variable types: 48 continuous, 33 integer (32 binary)

Explored 0 nodes (0 simplex iterations) in 0.03 seconds
Thread count was 4 (of 4 available processors)

Solution count 1: 97 
Pool objective bound 97

Optimal solution found (tolerance 1.00e-03)
Best objective 9.700000000000e+01, best bound 9.700000000000e+01, gap 0.0000%

#######################################
GN: iteration 1 at stage 0
Added demands: [1]
Fixed demands: [2, 3, 0, 4]

Gurobi 7.0.2 (win64) logging started 03/16/17 14:08:33

Parameter LogFile unchanged
   Value: log-prop-2.log  Default: 
Parameter presolve unchanged
   Value: 2  Min: -1  Max: 2  Default: -1
Parameter mipgap unchanged
   Value: 0.001  Min: 0.0  Max: 1e+100  Default: 0.0001
Parameter method unchanged
   Value: -1  Min: -1  Max: 4  Default: -1
Parameter timelimit unchanged
   Value: 100.0  Min: 0.0  Max: 1e+100  Default: 1e+100
Parameter mipfocus unchanged
   Value: 1  Min: 0  Max: 3  Default: 0
Optimize a model with 4321 rows, 1412 columns and 11768 nonzeros
Variable types: 775 continuous, 637 integer (631 binary)
Coefficient statistics:
  Matrix range     [6e-01, 2e+04]
  Objective range  [1e+00, 1e+00]
  Bounds range     [1e+00, 1e+04]
  RHS range        [1e+00, 6e+04]
Found heuristic solution: objective 211.5
Presolve removed 4164 rows and 1324 columns
Presolve time: 0.01s
Presolved: 157 rows, 88 columns, 471 nonzeros

Loaded MIP start with objective 97

Variable types: 52 continuous, 36 integer (36 binary)

Explored 0 nodes (0 simplex iterations) in 0.03 seconds
Thread count was 4 (of 4 available processors)

Solution count 1: 97 
Pool objective bound 97

Optimal solution found (tolerance 1.00e-03)
Best objective 9.700000000000e+01, best bound 9.700000000000e+01, gap 0.0000%

#######################################
TR: iteration 2 at stage 0
Added demands: [4, 3, 2]
Fixed demands: [0, 1]

Gurobi 7.0.2 (win64) logging started 03/16/17 14:08:33

Parameter LogFile unchanged
   Value: log-prop-2.log  Default: 
Parameter presolve unchanged
   Value: 2  Min: -1  Max: 2  Default: -1
Parameter mipgap unchanged
   Value: 0.001  Min: 0.0  Max: 1e+100  Default: 0.0001
Parameter method unchanged
   Value: -1  Min: -1  Max: 4  Default: -1
Parameter timelimit unchanged
   Value: 100.0  Min: 0.0  Max: 1e+100  Default: 1e+100
Parameter mipfocus unchanged
   Value: 1  Min: 0  Max: 3  Default: 0
Optimize a model with 1483 rows, 404 columns and 5510 nonzeros
Variable types: 217 continuous, 187 integer (181 binary)
Coefficient statistics:
  Matrix range     [1e+00, 2e+04]
  Objective range  [1e+00, 1e+00]
  Bounds range     [1e+00, 1e+04]
  RHS range        [1e+00, 6e+04]
Found heuristic solution: objective 169.5
Presolve removed 971 rows and 182 columns
Presolve time: 0.00s
Presolved: 512 rows, 222 columns, 1760 nonzeros

Loaded MIP start with objective 97

Variable types: 132 continuous, 90 integer (89 binary)

Explored 0 nodes (0 simplex iterations) in 0.02 seconds
Thread count was 4 (of 4 available processors)

Solution count 1: 97 
Pool objective bound 97

Optimal solution found (tolerance 1.00e-03)
Best objective 9.700000000000e+01, best bound 9.700000000000e+01, gap 0.0000%

#######################################
GN: iteration 2 at stage 0
Added demands: [4, 3, 2]
Fixed demands: [0, 1]

Gurobi 7.0.2 (win64) logging started 03/16/17 14:08:33

Parameter LogFile unchanged
   Value: log-prop-2.log  Default: 
Parameter presolve unchanged
   Value: 2  Min: -1  Max: 2  Default: -1
Parameter mipgap unchanged
   Value: 0.001  Min: 0.0  Max: 1e+100  Default: 0.0001
Parameter method unchanged
   Value: -1  Min: -1  Max: 4  Default: -1
Parameter timelimit unchanged
   Value: 100.0  Min: 0.0  Max: 1e+100  Default: 1e+100
Parameter mipfocus unchanged
   Value: 1  Min: 0  Max: 3  Default: 0
Optimize a model with 4321 rows, 1412 columns and 11768 nonzeros
Variable types: 775 continuous, 637 integer (631 binary)
Coefficient statistics:
  Matrix range     [6e-01, 2e+04]
  Objective range  [1e+00, 1e+00]
  Bounds range     [1e+00, 1e+04]
  RHS range        [1e+00, 6e+04]
Found heuristic solution: objective 100
Presolve removed 3524 rows and 1093 columns
Presolve time: 0.02s
Presolved: 797 rows, 319 columns, 2571 nonzeros

Loaded MIP start with objective 97

Variable types: 176 continuous, 143 integer (143 binary)

Explored 0 nodes (0 simplex iterations) in 0.04 seconds
Thread count was 4 (of 4 available processors)

Solution count 1: 97 
Pool objective bound 97

Optimal solution found (tolerance 1.00e-03)
Best objective 9.700000000000e+01, best bound 9.700000000000e+01, gap 0.0000%

#######################################
TR: iteration 0 at stage 1
Added demands: [5, 6, 7, 8, 9]
Fixed demands: [0, 1, 2, 3, 4]

Gurobi 7.0.2 (win64) logging started 03/16/17 14:08:35

Changed value of parameter LogFile to log-prop-2.log
   Prev: gurobi.log  Default: 
Changed value of parameter presolve to 2
   Prev: -1  Min: -1  Max: 2  Default: -1
Changed value of parameter mipgap to 0.001
   Prev: 0.0001  Min: 0.0  Max: 1e+100  Default: 0.0001
Parameter method unchanged
   Value: -1  Min: -1  Max: 4  Default: -1
Changed value of parameter timelimit to 100.0
   Prev: 1e+100  Min: 0.0  Max: 1e+100  Default: 1e+100
Changed value of parameter mipfocus to 1
   Prev: 0  Min: 0  Max: 3  Default: 0
Optimize a model with 4803 rows, 844 columns and 20095 nonzeros
Variable types: 432 continuous, 412 integer (406 binary)
Coefficient statistics:
  Matrix range     [1e+00, 2e+04]
  Objective range  [1e+00, 1e+00]
  Bounds range     [1e+00, 1e+04]
  RHS range        [1e+00, 6e+04]
Found heuristic solution: objective 201.5
Presolve removed 3734 rows and 459 columns
Presolve time: 0.02s
Presolved: 1069 rows, 385 columns, 3993 nonzeros
Variable types: 221 continuous, 164 integer (163 binary)
Presolve removed 10 rows and 2 columns
Presolved: 1059 rows, 383 columns, 3962 nonzeros


Root relaxation: objective 9.700000e+01, 92 iterations, 0.00 seconds

    Nodes    |    Current Node    |     Objective Bounds      |     Work
 Expl Unexpl |  Obj  Depth IntInf | Incumbent    BestBd   Gap | It/Node Time

     0     0   97.00000    0    4  201.50000   97.00000  51.9%     -    0s
H    0     0                     199.5000000   97.00000  51.4%     -    0s
H    0     0                     198.5000000   97.00000  51.1%     -    0s
     0     0   97.00000    0   12  198.50000   97.00000  51.1%     -    0s
     0     0   97.00000    0   15  198.50000   97.00000  51.1%     -    0s
     0     0     cutoff    0       198.50000  198.50000  0.00%     -    0s

Cutting planes:
  Gomory: 3
  Implied bound: 2
  MIR: 10
  Flow cover: 6

Explored 0 nodes (337 simplex iterations) in 0.09 seconds
Thread count was 4 (of 4 available processors)

Solution count 3: 198.5 199.5 201.5 
Pool objective bound 198.5

Optimal solution found (tolerance 1.00e-03)
Best objective 1.985000000000e+02, best bound 1.985000000000e+02, gap 0.0000%

Gurobi 7.0.2 (win64) logging started 03/16/17 14:08:35

Parameter LogFile unchanged
   Value: log-prop-2.log  Default: 
Parameter presolve unchanged
   Value: 2  Min: -1  Max: 2  Default: -1
Parameter mipgap unchanged
   Value: 0.001  Min: 0.0  Max: 1e+100  Default: 0.0001
Parameter method unchanged
   Value: -1  Min: -1  Max: 4  Default: -1
Parameter timelimit unchanged
   Value: 100.0  Min: 0.0  Max: 1e+100  Default: 1e+100
Parameter mipfocus unchanged
   Value: 1  Min: 0  Max: 3  Default: 0
Optimize a model with 4803 rows, 844 columns and 20095 nonzeros
Variable types: 432 continuous, 412 integer (406 binary)
Coefficient statistics:
  Matrix range     [1e+00, 2e+04]
  Objective range  [1e+00, 1e+00]
  Bounds range     [1e+00, 1e+04]
  RHS range        [1e+00, 6e+04]
Presolved: 1069 rows, 385 columns, 3993 nonzeros

Continuing optimization...


Cutting planes:
  Gomory: 3
  Implied bound: 2
  MIR: 10
  Flow cover: 6

Explored 0 nodes (337 simplex iterations) in 0.02 seconds
Thread count was 4 (of 4 available processors)

Solution count 3: 198.5 199.5 201.5 
Pool objective bound 198.5

Optimal solution found (tolerance 1.00e-03)
Best objective 1.985000000000e+02, best bound 1.985000000000e+02, gap 0.0000%

#######################################
GN: iteration 0 at stage 1
Added demands: [5, 6, 7, 8, 9]
Fixed demands: [0, 1, 2, 3, 4]

Gurobi 7.0.2 (win64) logging started 03/16/17 14:08:35

Changed value of parameter LogFile to log-prop-2.log
   Prev: gurobi.log  Default: 
Changed value of parameter presolve to 2
   Prev: -1  Min: -1  Max: 2  Default: -1
Changed value of parameter mipgap to 0.001
   Prev: 0.0001  Min: 0.0  Max: 1e+100  Default: 0.0001
Parameter method unchanged
   Value: -1  Min: -1  Max: 4  Default: -1
Changed value of parameter timelimit to 100.0
   Prev: 1e+100  Min: 0.0  Max: 1e+100  Default: 1e+100
Changed value of parameter mipfocus to 1
   Prev: 0  Min: 0  Max: 3  Default: 0
Optimize a model with 13161 rows, 3742 columns and 39793 nonzeros
Variable types: 1530 continuous, 2212 integer (2206 binary)
Coefficient statistics:
  Matrix range     [5e-01, 2e+04]
  Objective range  [1e+00, 1e+00]
  Bounds range     [1e+00, 1e+04]
  RHS range        [1e+00, 6e+04]
Found heuristic solution: objective 316
Presolve removed 11165 rows and 2985 columns
Presolve time: 0.07s
Presolved: 1996 rows, 757 columns, 6625 nonzeros
Variable types: 411 continuous, 346 integer (346 binary)
Presolve removed 176 rows and 88 columns
Presolved: 1820 rows, 669 columns, 6110 nonzeros


Root relaxation: objective 9.700000e+01, 123 iterations, 0.01 seconds

    Nodes    |    Current Node    |     Objective Bounds      |     Work
 Expl Unexpl |  Obj  Depth IntInf | Incumbent    BestBd   Gap | It/Node Time

     0     0   97.00000    0    5  316.00000   97.00000  69.3%     -    0s
H    0     0                     203.5000000   97.00000  52.3%     -    0s
     0     0   97.00000    0   28  203.50000   97.00000  52.3%     -    0s
H    0     0                     199.5000000   97.00000  51.4%     -    0s
H    0     0                     198.5000000   97.00000  51.1%     -    0s
     0     0   97.00000    0   13  198.50000   97.00000  51.1%     -    0s
     0     0  167.50000    0    7  198.50000  167.50000  15.6%     -    0s
     0     0     cutoff    0       198.50000  198.50000  0.00%     -    0s

Cutting planes:
  Cover: 2
  Implied bound: 1
  MIR: 9
  Flow cover: 6
  Zero half: 1

Explored 0 nodes (707 simplex iterations) in 0.23 seconds
Thread count was 4 (of 4 available processors)

Solution count 4: 198.5 199.5 203.5 316 
Pool objective bound 198.5

Optimal solution found (tolerance 1.00e-03)
Best objective 1.985000000000e+02, best bound 1.985000000000e+02, gap 0.0000%

Gurobi 7.0.2 (win64) logging started 03/16/17 14:08:35

Parameter LogFile unchanged
   Value: log-prop-2.log  Default: 
Parameter presolve unchanged
   Value: 2  Min: -1  Max: 2  Default: -1
Parameter mipgap unchanged
   Value: 0.001  Min: 0.0  Max: 1e+100  Default: 0.0001
Parameter method unchanged
   Value: -1  Min: -1  Max: 4  Default: -1
Parameter timelimit unchanged
   Value: 100.0  Min: 0.0  Max: 1e+100  Default: 1e+100
Parameter mipfocus unchanged
   Value: 1  Min: 0  Max: 3  Default: 0
Optimize a model with 13161 rows, 3742 columns and 39793 nonzeros
Variable types: 1530 continuous, 2212 integer (2206 binary)
Coefficient statistics:
  Matrix range     [5e-01, 2e+04]
  Objective range  [1e+00, 1e+00]
  Bounds range     [1e+00, 1e+04]
  RHS range        [1e+00, 6e+04]
Presolved: 1996 rows, 757 columns, 6625 nonzeros

Continuing optimization...


Cutting planes:
  Cover: 2
  Implied bound: 1
  MIR: 9
  Flow cover: 6
  Zero half: 1

Explored 0 nodes (707 simplex iterations) in 0.02 seconds
Thread count was 4 (of 4 available processors)

Solution count 4: 198.5 199.5 203.5 316 
Pool objective bound 198.5

Optimal solution found (tolerance 1.00e-03)
Best objective 1.985000000000e+02, best bound 1.985000000000e+02, gap 0.0000%

#######################################
TR: iteration 1 at stage 1
Added demands: [5, 9, 7, 4, 2]
Fixed demands: [3, 0, 6, 1, 8]

Gurobi 7.0.2 (win64) logging started 03/16/17 14:08:36

Parameter LogFile unchanged
   Value: log-prop-2.log  Default: 
Parameter presolve unchanged
   Value: 2  Min: -1  Max: 2  Default: -1
Parameter mipgap unchanged
   Value: 0.001  Min: 0.0  Max: 1e+100  Default: 0.0001
Parameter method unchanged
   Value: -1  Min: -1  Max: 4  Default: -1
Parameter timelimit unchanged
   Value: 100.0  Min: 0.0  Max: 1e+100  Default: 1e+100
Parameter mipfocus unchanged
   Value: 1  Min: 0  Max: 3  Default: 0
Optimize a model with 4803 rows, 844 columns and 20095 nonzeros
Variable types: 432 continuous, 412 integer (406 binary)
Coefficient statistics:
  Matrix range     [1e+00, 2e+04]
  Objective range  [1e+00, 1e+00]
  Bounds range     [1e+00, 1e+04]
  RHS range        [1e+00, 6e+04]
Found heuristic solution: objective 202.5
Presolve removed 3744 rows and 459 columns
Presolve time: 0.01s
Presolved: 1059 rows, 385 columns, 3952 nonzeros

Loaded MIP start with objective 198.5

Variable types: 221 continuous, 164 integer (163 binary)
Presolve removed 10 rows and 2 columns
Presolved: 1049 rows, 383 columns, 3921 nonzeros


Root relaxation: objective 9.700000e+01, 101 iterations, 0.01 seconds

    Nodes    |    Current Node    |     Objective Bounds      |     Work
 Expl Unexpl |  Obj  Depth IntInf | Incumbent    BestBd   Gap | It/Node Time

     0     0   97.00000    0    4  198.50000   97.00000  51.1%     -    0s
     0     0   97.00000    0   14  198.50000   97.00000  51.1%     -    0s
     0     0   97.00000    0   12  198.50000   97.00000  51.1%     -    0s
     0     0   97.00000    0   18  198.50000   97.00000  51.1%     -    0s
     0     0   97.00000    0   18  198.50000   97.00000  51.1%     -    0s
     0     0   97.00000    0   24  198.50000   97.00000  51.1%     -    0s
     0     0   97.00000    0   26  198.50000   97.00000  51.1%     -    0s
     0     0   97.06858    0   19  198.50000   97.06858  51.1%     -    0s
     0     0   97.07496    0    7  198.50000   97.07496  51.1%     -    0s
     0     2   97.07496    0    6  198.50000   97.07496  51.1%     -    0s
H  200    40                     198.5000000  151.50000  23.7%   5.9    0s

Cutting planes:
  Gomory: 2
  Implied bound: 1
  MIR: 29
  Flow cover: 17

Explored 4329 nodes (13662 simplex iterations) in 0.69 seconds
Thread count was 4 (of 4 available processors)

Solution count 2: 198.5 198.5 
Pool objective bound 198.5

Optimal solution found (tolerance 1.00e-03)
Best objective 1.984999999800e+02, best bound 1.984999999800e+02, gap 0.0000%

#######################################
GN: iteration 1 at stage 1
Added demands: [5, 9, 7, 4, 2]
Fixed demands: [3, 0, 6, 1, 8]

Gurobi 7.0.2 (win64) logging started 03/16/17 14:08:36

Parameter LogFile unchanged
   Value: log-prop-2.log  Default: 
Parameter presolve unchanged
   Value: 2  Min: -1  Max: 2  Default: -1
Parameter mipgap unchanged
   Value: 0.001  Min: 0.0  Max: 1e+100  Default: 0.0001
Parameter method unchanged
   Value: -1  Min: -1  Max: 4  Default: -1
Parameter timelimit unchanged
   Value: 100.0  Min: 0.0  Max: 1e+100  Default: 1e+100
Parameter mipfocus unchanged
   Value: 1  Min: 0  Max: 3  Default: 0
Optimize a model with 13161 rows, 3742 columns and 39793 nonzeros
Variable types: 1530 continuous, 2212 integer (2206 binary)
Coefficient statistics:
  Matrix range     [5e-01, 2e+04]
  Objective range  [1e+00, 1e+00]
  Bounds range     [1e+00, 1e+04]
  RHS range        [1e+00, 6e+04]
Found heuristic solution: objective 206.5
Presolve removed 11193 rows and 2991 columns
Presolve time: 0.06s
Presolved: 1968 rows, 751 columns, 6509 nonzeros

Loaded MIP start with objective 198.5

Variable types: 407 continuous, 344 integer (344 binary)
Presolve removed 176 rows and 88 columns
Presolved: 1792 rows, 663 columns, 6006 nonzeros


Root relaxation: objective 9.700000e+01, 86 iterations, 0.01 seconds

    Nodes    |    Current Node    |     Objective Bounds      |     Work
 Expl Unexpl |  Obj  Depth IntInf | Incumbent    BestBd   Gap | It/Node Time

     0     0   97.00000    0    5  198.50000   97.00000  51.1%     -    0s
     0     0   97.00000    0   27  198.50000   97.00000  51.1%     -    0s
     0     0   97.00000    0   24  198.50000   97.00000  51.1%     -    0s
     0     0   97.00000    0   29  198.50000   97.00000  51.1%     -    0s
     0     0   97.00000    0   31  198.50000   97.00000  51.1%     -    0s
     0     0   97.00000    0   37  198.50000   97.00000  51.1%     -    0s
     0     0   97.00000    0   37  198.50000   97.00000  51.1%     -    0s
     0     0   97.00000    0   31  198.50000   97.00000  51.1%     -    0s
     0     0   97.00000    0   35  198.50000   97.00000  51.1%     -    0s
     0     0   97.00000    0    9  198.50000   97.00000  51.1%     -    0s
     0     2   97.00000    0    9  198.50000   97.00000  51.1%     -    0s
H 2674   262                     198.4999990  156.50000  21.2%  23.4    1s
  7779    68  166.50000   24   19  198.50000  166.50000  16.1%  25.1    5s

Cutting planes:
  Gomory: 10
  Cover: 2
  Implied bound: 5
  MIR: 30
  Flow cover: 52
  Inf proof: 1
  Zero half: 1

Explored 8813 nodes (223733 simplex iterations) in 5.88 seconds
Thread count was 4 (of 4 available processors)

Solution count 3: 198.5 198.5 198.5 
Pool objective bound 198.5

Optimal solution found (tolerance 1.00e-03)
Best objective 1.984999990200e+02, best bound 1.984999990200e+02, gap 0.0000%

#######################################
TR: iteration 2 at stage 1
Added demands: [5, 6, 7, 4, 9, 0, 1]
Fixed demands: [3, 2, 8]

Gurobi 7.0.2 (win64) logging started 03/16/17 14:08:42

Parameter LogFile unchanged
   Value: log-prop-2.log  Default: 
Parameter presolve unchanged
   Value: 2  Min: -1  Max: 2  Default: -1
Parameter mipgap unchanged
   Value: 0.001  Min: 0.0  Max: 1e+100  Default: 0.0001
Parameter method unchanged
   Value: -1  Min: -1  Max: 4  Default: -1
Parameter timelimit unchanged
   Value: 100.0  Min: 0.0  Max: 1e+100  Default: 1e+100
Parameter mipfocus unchanged
   Value: 1  Min: 0  Max: 3  Default: 0
Optimize a model with 4803 rows, 844 columns and 20095 nonzeros
Variable types: 432 continuous, 412 integer (406 binary)
Coefficient statistics:
  Matrix range     [1e+00, 2e+04]
  Objective range  [1e+00, 1e+00]
  Bounds range     [1e+00, 1e+04]
  RHS range        [1e+00, 6e+04]
Found heuristic solution: objective 207.5
Presolve removed 3135 rows and 323 columns
Presolve time: 0.02s
Presolved: 1668 rows, 521 columns, 6547 nonzeros

Loaded MIP start with objective 198.5

Variable types: 305 continuous, 216 integer (216 binary)
Presolve removed 22 rows and 6 columns
Presolved: 1646 rows, 515 columns, 6486 nonzeros


Root relaxation: objective 9.700000e+01, 141 iterations, 0.02 seconds

    Nodes    |    Current Node    |     Objective Bounds      |     Work
 Expl Unexpl |  Obj  Depth IntInf | Incumbent    BestBd   Gap | It/Node Time

     0     0   97.00000    0    7  198.50000   97.00000  51.1%     -    0s
     0     0  124.76676    0   13  198.50000  124.76676  37.1%     -    0s
     0     0  167.50000    0    7  198.50000  167.50000  15.6%     -    0s
     0     0  167.50000    0    6  198.50000  167.50000  15.6%     -    0s
     0     0  167.50000    0    8  198.50000  167.50000  15.6%     -    0s
     0     0  167.50000    0    8  198.50000  167.50000  15.6%     -    0s
H    0     0                     198.5000000  167.50000  15.6%     -    0s
     0     0  174.43863    0    8  198.50000  174.43863  12.1%     -    0s
     0     0  183.00074    0    1  198.50000  183.00074  7.81%     -    0s

Explored 0 nodes (698 simplex iterations) in 0.25 seconds
Thread count was 4 (of 4 available processors)

Solution count 3: 198.5 198.5 198.5 
Pool objective bound 198.5

Optimal solution found (tolerance 1.00e-03)
Best objective 1.984999999800e+02, best bound 1.984999999800e+02, gap 0.0000%

#######################################
GN: iteration 2 at stage 1
Added demands: [5, 6, 7, 4, 9, 0, 1]
Fixed demands: [3, 2, 8]

Gurobi 7.0.2 (win64) logging started 03/16/17 14:08:42

Parameter LogFile unchanged
   Value: log-prop-2.log  Default: 
Parameter presolve unchanged
   Value: 2  Min: -1  Max: 2  Default: -1
Parameter mipgap unchanged
   Value: 0.001  Min: 0.0  Max: 1e+100  Default: 0.0001
Parameter method unchanged
   Value: -1  Min: -1  Max: 4  Default: -1
Parameter timelimit unchanged
   Value: 100.0  Min: 0.0  Max: 1e+100  Default: 1e+100
Parameter mipfocus unchanged
   Value: 1  Min: 0  Max: 3  Default: 0
Optimize a model with 13161 rows, 3742 columns and 39793 nonzeros
Variable types: 1530 continuous, 2212 integer (2206 binary)
Coefficient statistics:
  Matrix range     [5e-01, 2e+04]
  Objective range  [1e+00, 1e+00]
  Bounds range     [1e+00, 1e+04]
  RHS range        [1e+00, 6e+04]
Found heuristic solution: objective 260
Presolve removed 9851 rows and 2588 columns
Presolve time: 0.10s
Presolved: 3310 rows, 1154 columns, 11211 nonzeros

Loaded MIP start with objective 198.5

Variable types: 559 continuous, 595 integer (595 binary)
Presolve removed 252 rows and 124 columns
Presolved: 3058 rows, 1030 columns, 10517 nonzeros


Root relaxation: objective 9.700000e+01, 137 iterations, 0.03 seconds

    Nodes    |    Current Node    |     Objective Bounds      |     Work
 Expl Unexpl |  Obj  Depth IntInf | Incumbent    BestBd   Gap | It/Node Time

     0     0   97.00000    0    3  198.50000   97.00000  51.1%     -    0s
     0     0  147.25488    0    3  198.50000  147.25488  25.8%     -    0s

Cutting planes:
  Gomory: 4
  MIR: 5

Explored 0 nodes (569 simplex iterations) in 0.24 seconds
Thread count was 4 (of 4 available processors)

Solution count 1: 198.5 
Pool objective bound 198.5

Optimal solution found (tolerance 1.00e-03)
Best objective 1.985000000000e+02, best bound 1.985000000000e+02, gap 0.0000%

#######################################
TR: iteration 0 at stage 2
Added demands: [8, 9, 10, 11, 12, 13, 14]
Fixed demands: [0, 1, 2, 3, 4, 5, 6, 7]

Gurobi 7.0.2 (win64) logging started 03/16/17 14:08:46

Changed value of parameter LogFile to log-prop-2.log
   Prev: gurobi.log  Default: 
Changed value of parameter presolve to 2
   Prev: -1  Min: -1  Max: 2  Default: -1
Changed value of parameter mipgap to 0.001
   Prev: 0.0001  Min: 0.0  Max: 1e+100  Default: 0.0001
Parameter method unchanged
   Value: -1  Min: -1  Max: 4  Default: -1
Changed value of parameter timelimit to 100.0
   Prev: 1e+100  Min: 0.0  Max: 1e+100  Default: 1e+100
Changed value of parameter mipfocus to 1
   Prev: 0  Min: 0  Max: 3  Default: 0
Optimize a model with 9973 rows, 1334 columns and 43780 nonzeros
Variable types: 647 continuous, 687 integer (681 binary)
Coefficient statistics:
  Matrix range     [1e+00, 2e+04]
  Objective range  [1e+00, 1e+00]
  Bounds range     [1e+00, 1e+04]
  RHS range        [1e+00, 6e+04]
Found heuristic solution: objective 295
Presolve removed 8156 rows and 770 columns
Presolve time: 0.02s
Presolved: 1817 rows, 564 columns, 7133 nonzeros
Variable types: 310 continuous, 254 integer (253 binary)
Presolve removed 32 rows and 10 columns
Presolved: 1785 rows, 554 columns, 7050 nonzeros


Root relaxation: objective 1.675000e+02, 150 iterations, 0.02 seconds

    Nodes    |    Current Node    |     Objective Bounds      |     Work
 Expl Unexpl |  Obj  Depth IntInf | Incumbent    BestBd   Gap | It/Node Time

     0     0  167.50000    0    3  295.00000  167.50000  43.2%     -    0s
H    0     0                     271.0000000  167.50000  38.2%     -    0s
H    0     0                     265.0000000  167.50000  36.8%     -    0s
     0     0  167.50000    0   16  265.00000  167.50000  36.8%     -    0s
H    0     0                     263.0000000  167.50000  36.3%     -    0s
H    0     0                     261.0000000  167.50000  35.8%     -    0s
     0     0  167.50000    0   25  261.00000  167.50000  35.8%     -    0s
     0     0  198.50000    0   29  261.00000  198.50000  23.9%     -    0s
     0     0  198.50000    0   29  261.00000  198.50000  23.9%     -    0s
H    0     0                     256.0000000  198.50000  22.5%     -    0s
     0     0  198.50000    0   32  256.00000  198.50000  22.5%     -    0s
     0     0  198.50000    0   29  256.00000  198.50000  22.5%     -    0s
H    0     0                     245.0000000  198.50000  19.0%     -    0s
     0     0  198.50000    0    5  245.00000  198.50000  19.0%     -    0s
     0     2  198.50000    0    3  245.00000  198.50000  19.0%     -    0s
*  513   159              24     244.0000000  198.50000  18.6%   6.1    0s
H  682   224                     244.0000000  198.50000  18.6%   6.3    0s
H  696   235                     241.0000000  198.50000  17.6%   6.3    0s
H  833   276                     240.0000000  198.50000  17.3%   6.4    0s
H 1581   468                     240.0000000  198.50000  17.3%   6.0    0s
  4269   758  198.50000   21   16  240.00000  198.50000  17.3%   8.3    5s
  5945   383 infeasible   22       240.00000  198.50000  17.3%  11.3   10s
 13755   109  236.00000   24   19  240.00000  203.50000  15.2%  15.0   15s

Cutting planes:
  Learned: 1
  Gomory: 4
  Cover: 20
  Implied bound: 8
  MIR: 38
  Flow cover: 59

Explored 15865 nodes (243553 simplex iterations) in 15.82 seconds
Thread count was 4 (of 4 available processors)

Solution count 10: 240 240 241 ... 265
Pool objective bound 240

Optimal solution found (tolerance 1.00e-03)
Best objective 2.399999999759e+02, best bound 2.399999999759e+02, gap 0.0000%

Gurobi 7.0.2 (win64) logging started 03/16/17 14:09:02

Parameter LogFile unchanged
   Value: log-prop-2.log  Default: 
Parameter presolve unchanged
   Value: 2  Min: -1  Max: 2  Default: -1
Parameter mipgap unchanged
   Value: 0.001  Min: 0.0  Max: 1e+100  Default: 0.0001
Parameter method unchanged
   Value: -1  Min: -1  Max: 4  Default: -1
Parameter timelimit unchanged
   Value: 100.0  Min: 0.0  Max: 1e+100  Default: 1e+100
Parameter mipfocus unchanged
   Value: 1  Min: 0  Max: 3  Default: 0
Optimize a model with 9973 rows, 1334 columns and 43780 nonzeros
Variable types: 647 continuous, 687 integer (681 binary)
Coefficient statistics:
  Matrix range     [1e+00, 2e+04]
  Objective range  [1e+00, 1e+00]
  Bounds range     [1e+00, 1e+04]
  RHS range        [1e+00, 6e+04]
Presolved: 1817 rows, 564 columns, 7133 nonzeros

Continuing optimization...


Cutting planes:
  Learned: 1
  Gomory: 4
  Cover: 20
  Implied bound: 8
  MIR: 38
  Flow cover: 59

Explored 15865 nodes (243553 simplex iterations) in 0.01 seconds
Thread count was 4 (of 4 available processors)

Solution count 10: 240 240 241 ... 265
Pool objective bound 240

Optimal solution found (tolerance 1.00e-03)
Best objective 2.399999999759e+02, best bound 2.399999999759e+02, gap 0.0000%

#######################################
GN: iteration 0 at stage 2
Added demands: [8, 9, 10, 11, 12, 13, 14]
Fixed demands: [0, 1, 2, 3, 4, 5, 6, 7]

Gurobi 7.0.2 (win64) logging started 03/16/17 14:09:02

Changed value of parameter LogFile to log-prop-2.log
   Prev: gurobi.log  Default: 
Changed value of parameter presolve to 2
   Prev: -1  Min: -1  Max: 2  Default: -1
Changed value of parameter mipgap to 0.001
   Prev: 0.0001  Min: 0.0  Max: 1e+100  Default: 0.0001
Parameter method unchanged
   Value: -1  Min: -1  Max: 4  Default: -1
Changed value of parameter timelimit to 100.0
   Prev: 1e+100  Min: 0.0  Max: 1e+100  Default: 1e+100
Changed value of parameter mipfocus to 1
   Prev: 0  Min: 0  Max: 3  Default: 0
Optimize a model with 26551 rows, 7022 columns and 84118 nonzeros
Variable types: 2285 continuous, 4737 integer (4731 binary)
Coefficient statistics:
  Matrix range     [5e-01, 2e+04]
  Objective range  [1e+00, 1e+00]
  Bounds range     [1e+00, 1e+04]
  RHS range        [1e+00, 6e+04]
Found heuristic solution: objective 276
Presolve removed 23056 rows and 5810 columns
Presolve time: 0.14s
Presolved: 3495 rows, 1212 columns, 12023 nonzeros
Variable types: 576 continuous, 636 integer (636 binary)
Presolve removed 262 rows and 128 columns
Presolved: 3233 rows, 1084 columns, 11255 nonzeros


Root relaxation: objective 1.675000e+02, 128 iterations, 0.02 seconds

    Nodes    |    Current Node    |     Objective Bounds      |     Work
 Expl Unexpl |  Obj  Depth IntInf | Incumbent    BestBd   Gap | It/Node Time

     0     0  167.50000    0    6  276.00000  167.50000  39.3%     -    0s
H    0     0                     256.0000000  167.50000  34.6%     -    0s
     0     0  167.50000    0   40  256.00000  167.50000  34.6%     -    0s
     0     0  174.64498    0   37  256.00000  174.64498  31.8%     -    0s
     0     0  198.50000    0   37  256.00000  198.50000  22.5%     -    0s
     0     0  198.50000    0   41  256.00000  198.50000  22.5%     -    0s
     0     0  198.50000    0   38  256.00000  198.50000  22.5%     -    0s
     0     0  198.50000    0   40  256.00000  198.50000  22.5%     -    0s
     0     0  198.50000    0   34  256.00000  198.50000  22.5%     -    0s
     0     0  198.50000    0   34  256.00000  198.50000  22.5%     -    0s
     0     0  198.50000    0    6  256.00000  198.50000  22.5%     -    0s
     0     2  198.50000    0    5  256.00000  198.50000  22.5%     -    0s
H  170    83                     255.9999994  198.50000  22.5%  30.7    0s
H 1656   518                     255.9999692  198.50000  22.5%  50.9    3s
* 1929   594              17     255.9999691  198.50000  22.5%  49.9    4s
  2056   658  201.50000   32   25  255.99997  198.50000  22.5%  54.8    5s
  2968   635 infeasible   26       255.99997  198.50000  22.5%  68.0   10s
  3926   559  236.00000   24   27  255.99997  198.50000  22.5%  75.4   15s
  4372   577  199.50000   19   67  255.99997  198.50000  22.5%  77.8   20s
  4753   625 infeasible   26       255.99997  198.73895  22.4%  82.7   25s
  5245   652 infeasible   20       255.99997  199.50000  22.1%  83.0   30s
  6004   716  237.00000   31    6  255.99997  199.50000  22.1%  86.3   35s
  6870   824  199.76261   27   40  255.99997  199.50000  22.1%  86.7   40s
H 7066   847                     255.9999115  199.50000  22.1%  86.8   41s
  7908   937  238.00000   28   42  255.99991  199.50000  22.1%  86.7   45s
H 8978  1053                     255.9999115  200.50000  21.7%  87.3   49s
  9054  1031  200.50000   31   21  255.99991  200.50000  21.7%  87.2   52s
  9690  1016 infeasible   25       255.99991  200.50000  21.7%  89.2   55s
 11344  1074  200.50000   28   19  255.99991  200.50000  21.7%  89.0   61s
 12336  1098  201.50000   26   28  255.99991  200.50000  21.7%  88.3   65s
 13633  1202 infeasible   32       255.99991  200.50000  21.7%  89.0   71s
 14768  1246  201.50000   27   20  255.99991  200.50000  21.7%  90.4   76s
 15590  1262 infeasible   35       255.99991  200.50000  21.7%  92.0   81s
 17008  1216  201.50000   31   19  255.99991  201.50000  21.3%  90.3   85s
 18344  1194 infeasible   42       255.99991  201.50000  21.3%  89.7   90s
 20410  1067  207.50000   45   63  255.99991  202.50000  20.9%  89.8   96s
 22075  1072 infeasible   22       255.99991  207.50000  18.9%  89.9  100s

Cutting planes:
  Gomory: 4
  Cover: 13
  Implied bound: 6
  MIR: 60
  Flow cover: 67
  Zero half: 7

Explored 22407 nodes (2012346 simplex iterations) in 100.01 seconds
Thread count was 4 (of 4 available processors)

Solution count 8: 256 256 256 ... 276
Pool objective bound 229

Time limit reached
Best objective 2.559999115000e+02, best bound 2.290000000000e+02, gap 10.5468%

Gurobi 7.0.2 (win64) logging started 03/16/17 14:10:42

Parameter LogFile unchanged
   Value: log-prop-2.log  Default: 
Parameter presolve unchanged
   Value: 2  Min: -1  Max: 2  Default: -1
Parameter mipgap unchanged
   Value: 0.001  Min: 0.0  Max: 1e+100  Default: 0.0001
Parameter method unchanged
   Value: -1  Min: -1  Max: 4  Default: -1
Parameter timelimit unchanged
   Value: 100.0  Min: 0.0  Max: 1e+100  Default: 1e+100
Parameter mipfocus unchanged
   Value: 1  Min: 0  Max: 3  Default: 0
Optimize a model with 26551 rows, 7022 columns and 84118 nonzeros
Variable types: 2285 continuous, 4737 integer (4731 binary)
Coefficient statistics:
  Matrix range     [5e-01, 2e+04]
  Objective range  [1e+00, 1e+00]
  Bounds range     [1e+00, 1e+04]
  RHS range        [1e+00, 6e+04]
Presolved: 3495 rows, 1212 columns, 12023 nonzeros

Continuing optimization...

 22407  1036 infeasible   31       255.99991  229.00000  10.5%  89.7  101s
 25859  1249  237.00000   22   35  255.99991  236.00000  7.81%  84.5  105s
 29769  1517  237.00000   27   10  255.99991  236.14562  7.76%  79.9  110s
 34651  1368 infeasible   26       255.99991  237.00000  7.42%  74.3  115s
 38896  1334  238.00000   29   28  255.99991  237.00000  7.42%  71.0  120s
 43675  1358  237.00000   32    4  255.99991  237.00000  7.42%  66.8  125s
 48426  1346  252.00000   30    4  255.99991  237.00000  7.42%  64.2  130s
 52050  1167 infeasible   29       255.99991  238.00000  7.03%  63.3  135s
 56162   870  238.00000   28   44  255.99991  238.00000  7.03%  61.4  140s
 60596   592 infeasible   40       255.99991  238.00000  7.03%  59.8  145s
 64859   254 infeasible   49       255.99991  239.00000  6.64%  58.8  150s

Cutting planes:
  Gomory: 6
  Cover: 15
  Implied bound: 6
  MIR: 69
  Flow cover: 77
  Zero half: 10

Explored 66910 nodes (3879260 simplex iterations) in 51.68 seconds
Thread count was 4 (of 4 available processors)

Solution count 8: 256 256 256 ... 276
Pool objective bound 256

Optimal solution found (tolerance 1.00e-03)
Best objective 2.560000000000e+02, best bound 2.560000000000e+02, gap 0.0000%

#######################################
I AM CHEATING!!! at stage 2

Gurobi 7.0.2 (win64) logging started 03/16/17 14:11:34

Parameter LogFile unchanged
   Value: log-prop-2.log  Default: 
Parameter presolve unchanged
   Value: 2  Min: -1  Max: 2  Default: -1
Parameter mipgap unchanged
   Value: 0.001  Min: 0.0  Max: 1e+100  Default: 0.0001
Parameter method unchanged
   Value: -1  Min: -1  Max: 4  Default: -1
Parameter timelimit unchanged
   Value: 100.0  Min: 0.0  Max: 1e+100  Default: 1e+100
Parameter mipfocus unchanged
   Value: 1  Min: 0  Max: 3  Default: 0
Optimize a model with 26551 rows, 7022 columns and 84118 nonzeros
Variable types: 2285 continuous, 4737 integer (4731 binary)
Coefficient statistics:
  Matrix range     [5e-01, 2e+04]
  Objective range  [1e+00, 1e+00]
  Bounds range     [1e+00, 1e+04]
  RHS range        [1e+00, 6e+04]
Found heuristic solution: objective 244
Presolve removed 26546 rows and 7016 columns
Presolve time: 0.02s
Presolved: 5 rows, 6 columns, 13 nonzeros

MIP start did not produce a new incumbent solution

Variable types: 2 continuous, 4 integer (3 binary)
Presolve removed 2 rows and 3 columns
Presolved: 3 rows, 3 columns, 8 nonzeros


Root relaxation: objective 2.400000e+02, 1 iterations, 0.00 seconds

    Nodes    |    Current Node    |     Objective Bounds      |     Work
 Expl Unexpl |  Obj  Depth IntInf | Incumbent    BestBd   Gap | It/Node Time

*    0     0               0     240.0000000  240.00000  0.00%     -    0s

Explored 0 nodes (1 simplex iterations) in 0.06 seconds
Thread count was 4 (of 4 available processors)

Solution count 2: 240 244 
Pool objective bound 240

Optimal solution found (tolerance 1.00e-03)
Best objective 2.399999999999e+02, best bound 2.399999999999e+02, gap 0.0000%

#######################################
TR: iteration 1 at stage 2
Added demands: [3, 14, 11, 13, 4, 8, 1]
Fixed demands: [12, 5, 0, 10, 6, 2, 9, 7]

Gurobi 7.0.2 (win64) logging started 03/16/17 14:11:34

Parameter LogFile unchanged
   Value: log-prop-2.log  Default: 
Parameter presolve unchanged
   Value: 2  Min: -1  Max: 2  Default: -1
Parameter mipgap unchanged
   Value: 0.001  Min: 0.0  Max: 1e+100  Default: 0.0001
Parameter method unchanged
   Value: -1  Min: -1  Max: 4  Default: -1
Parameter timelimit unchanged
   Value: 100.0  Min: 0.0  Max: 1e+100  Default: 1e+100
Parameter mipfocus unchanged
   Value: 1  Min: 0  Max: 3  Default: 0
Optimize a model with 9973 rows, 1334 columns and 43780 nonzeros
Variable types: 647 continuous, 687 integer (681 binary)
Coefficient statistics:
  Matrix range     [1e+00, 2e+04]
  Objective range  [1e+00, 1e+00]
  Bounds range     [1e+00, 1e+04]
  RHS range        [1e+00, 6e+04]
Found heuristic solution: objective 275
Presolve removed 8103 rows and 765 columns
Presolve time: 0.02s
Presolved: 1870 rows, 569 columns, 7322 nonzeros

Loaded MIP start with objective 240

Variable types: 312 continuous, 257 integer (256 binary)

Explored 0 nodes (0 simplex iterations) in 0.06 seconds
Thread count was 4 (of 4 available processors)

Solution count 1: 240 
Pool objective bound 240

Optimal solution found (tolerance 1.00e-03)
Best objective 2.400000000000e+02, best bound 2.399999999999e+02, gap 0.0000%

#######################################
GN: iteration 1 at stage 2
Added demands: [3, 14, 11, 13, 4, 8, 1]
Fixed demands: [12, 5, 0, 10, 6, 2, 9, 7]

Gurobi 7.0.2 (win64) logging started 03/16/17 14:11:34

Parameter LogFile unchanged
   Value: log-prop-2.log  Default: 
Parameter presolve unchanged
   Value: 2  Min: -1  Max: 2  Default: -1
Parameter mipgap unchanged
   Value: 0.001  Min: 0.0  Max: 1e+100  Default: 0.0001
Parameter method unchanged
   Value: -1  Min: -1  Max: 4  Default: -1
Parameter timelimit unchanged
   Value: 100.0  Min: 0.0  Max: 1e+100  Default: 1e+100
Parameter mipfocus unchanged
   Value: 1  Min: 0  Max: 3  Default: 0
Optimize a model with 26551 rows, 7022 columns and 84118 nonzeros
Variable types: 2285 continuous, 4737 integer (4731 binary)
Coefficient statistics:
  Matrix range     [5e-01, 2e+04]
  Objective range  [1e+00, 1e+00]
  Bounds range     [1e+00, 1e+04]
  RHS range        [1e+00, 6e+04]
Found heuristic solution: objective 380.5
Presolve removed 23016 rows and 5804 columns
Presolve time: 0.14s
Presolved: 3535 rows, 1218 columns, 12107 nonzeros

Loaded MIP start with objective 240

Variable types: 580 continuous, 638 integer (638 binary)

Explored 0 nodes (0 simplex iterations) in 0.20 seconds
Thread count was 4 (of 4 available processors)

Solution count 1: 240 
Pool objective bound 240

Optimal solution found (tolerance 1.00e-03)
Best objective 2.400000000000e+02, best bound 2.399999999999e+02, gap 0.0000%

#######################################
TR: iteration 2 at stage 2
Added demands: [0, 12, 1, 6, 2]
Fixed demands: [3, 14, 10, 8, 11, 9, 13, 5, 4, 7]

Gurobi 7.0.2 (win64) logging started 03/16/17 14:11:34

Parameter LogFile unchanged
   Value: log-prop-2.log  Default: 
Parameter presolve unchanged
   Value: 2  Min: -1  Max: 2  Default: -1
Parameter mipgap unchanged
   Value: 0.001  Min: 0.0  Max: 1e+100  Default: 0.0001
Parameter method unchanged
   Value: -1  Min: -1  Max: 4  Default: -1
Parameter timelimit unchanged
   Value: 100.0  Min: 0.0  Max: 1e+100  Default: 1e+100
Parameter mipfocus unchanged
   Value: 1  Min: 0  Max: 3  Default: 0
Optimize a model with 9973 rows, 1334 columns and 43780 nonzeros
Variable types: 647 continuous, 687 integer (681 binary)
Coefficient statistics:
  Matrix range     [1e+00, 2e+04]
  Objective range  [1e+00, 1e+00]
  Bounds range     [1e+00, 1e+04]
  RHS range        [1e+00, 6e+04]
Found heuristic solution: objective 347.5
Presolve removed 8809 rows and 917 columns
Presolve time: 0.02s
Presolved: 1164 rows, 417 columns, 4349 nonzeros

Loaded MIP start with objective 240

Variable types: 228 continuous, 189 integer (189 binary)
Presolve removed 26 rows and 6 columns
Presolved: 1138 rows, 411 columns, 4284 nonzeros


Root relaxation: objective 2.360000e+02, 86 iterations, 0.02 seconds

    Nodes    |    Current Node    |     Objective Bounds      |     Work
 Expl Unexpl |  Obj  Depth IntInf | Incumbent    BestBd   Gap | It/Node Time

     0     0  236.00000    0    1  240.00000  236.00000  1.67%     -    0s
     0     0  236.00000    0    1  240.00000  236.00000  1.67%     -    0s
     0     1  236.00000    0    1  240.00000  236.00000  1.67%     -    0s

Explored 2 nodes (348 simplex iterations) in 0.09 seconds
Thread count was 4 (of 4 available processors)

Solution count 1: 240 
Pool objective bound 240

Optimal solution found (tolerance 1.00e-03)
Best objective 2.400000000000e+02, best bound 2.400000000000e+02, gap 0.0000%

#######################################
GN: iteration 2 at stage 2
Added demands: [0, 12, 1, 6, 2]
Fixed demands: [3, 14, 10, 8, 11, 9, 13, 5, 4, 7]

Gurobi 7.0.2 (win64) logging started 03/16/17 14:11:34

Parameter LogFile unchanged
   Value: log-prop-2.log  Default: 
Parameter presolve unchanged
   Value: 2  Min: -1  Max: 2  Default: -1
Parameter mipgap unchanged
   Value: 0.001  Min: 0.0  Max: 1e+100  Default: 0.0001
Parameter method unchanged
   Value: -1  Min: -1  Max: 4  Default: -1
Parameter timelimit unchanged
   Value: 100.0  Min: 0.0  Max: 1e+100  Default: 1e+100
Parameter mipfocus unchanged
   Value: 1  Min: 0  Max: 3  Default: 0
Optimize a model with 26551 rows, 7022 columns and 84118 nonzeros
Variable types: 2285 continuous, 4737 integer (4731 binary)
Coefficient statistics:
  Matrix range     [5e-01, 2e+04]
  Objective range  [1e+00, 1e+00]
  Bounds range     [1e+00, 1e+04]
  RHS range        [1e+00, 6e+04]
Found heuristic solution: objective 372.5
Presolve removed 24465 rows and 6229 columns
Presolve time: 0.12s
Presolved: 2086 rows, 793 columns, 6962 nonzeros

Loaded MIP start with objective 240

Variable types: 420 continuous, 373 integer (373 binary)
Presolve removed 192 rows and 92 columns
Presolved: 1894 rows, 701 columns, 6406 nonzeros


Root relaxation: objective 2.360000e+02, 53 iterations, 0.01 seconds

    Nodes    |    Current Node    |     Objective Bounds      |     Work
 Expl Unexpl |  Obj  Depth IntInf | Incumbent    BestBd   Gap | It/Node Time

     0     0  236.00000    0    1  240.00000  236.00000  1.67%     -    0s
     0     0     cutoff    0       240.00000  240.00000  0.00%     -    0s

Explored 0 nodes (340 simplex iterations) in 0.24 seconds
Thread count was 4 (of 4 available processors)

Solution count 1: 240 
Pool objective bound 240

Optimal solution found (tolerance 1.00e-03)
Best objective 2.400000000000e+02, best bound 2.400000000000e+02, gap 0.0000%

#######################################
TR: iteration 0 at stage 3
Added demands: [10, 11, 12, 13, 14, 15, 16, 17, 18, 19]
Fixed demands: [0, 1, 2, 3, 4, 5, 6, 7, 8, 9]

Gurobi 7.0.2 (win64) logging started 03/16/17 14:11:41

Changed value of parameter LogFile to log-prop-2.log
   Prev: gurobi.log  Default: 
Changed value of parameter presolve to 2
   Prev: -1  Min: -1  Max: 2  Default: -1
Changed value of parameter mipgap to 0.001
   Prev: 0.0001  Min: 0.0  Max: 1e+100  Default: 0.0001
Parameter method unchanged
   Value: -1  Min: -1  Max: 4  Default: -1
Changed value of parameter timelimit to 100.0
   Prev: 1e+100  Min: 0.0  Max: 1e+100  Default: 1e+100
Changed value of parameter mipfocus to 1
   Prev: 0  Min: 0  Max: 3  Default: 0
Optimize a model with 16993 rows, 1874 columns and 76565 nonzeros
Variable types: 862 continuous, 1012 integer (1006 binary)
Coefficient statistics:
  Matrix range     [1e+00, 2e+04]
  Objective range  [1e+00, 1e+00]
  Bounds range     [1e+00, 1e+04]
  RHS range        [1e+00, 6e+04]
Found heuristic solution: objective 460
Presolve removed 13754 rows and 1034 columns
Presolve time: 0.05s
Presolved: 3239 rows, 840 columns, 13289 nonzeros
Variable types: 443 continuous, 397 integer (396 binary)
Presolve removed 30 rows and 8 columns
Presolved: 3209 rows, 832 columns, 13205 nonzeros


Root relaxation: objective 1.995000e+02, 164 iterations, 0.01 seconds

    Nodes    |    Current Node    |     Objective Bounds      |     Work
 Expl Unexpl |  Obj  Depth IntInf | Incumbent    BestBd   Gap | It/Node Time

     0     0  199.50000    0    5  460.00000  199.50000  56.6%     -    0s
H    0     0                     290.0000000  199.50000  31.2%     -    0s
H    0     0                     273.0000000  199.50000  26.9%     -    0s
H    0     0                     268.0000000  199.50000  25.6%     -    0s
     0     0  258.00000    0    9  268.00000  258.00000  3.73%     -    0s
H    0     0                     267.0000000  258.00000  3.37%     -    0s
     0     0  258.00000    0    9  267.00000  258.00000  3.37%     -    0s
     0     0  258.00000    0   11  267.00000  258.00000  3.37%     -    0s
     0     0  258.00000    0   11  267.00000  258.00000  3.37%     -    0s
     0     0  258.00000    0   10  267.00000  258.00000  3.37%     -    0s
     0     0  258.00000    0   12  267.00000  258.00000  3.37%     -    0s
     0     0  258.00000    0   10  267.00000  258.00000  3.37%     -    0s
     0     0  258.00000    0   10  267.00000  258.00000  3.37%     -    0s
     0     0  258.00000    0    2  267.00000  258.00000  3.37%     -    0s
     0     2  258.00000    0    2  267.00000  258.00000  3.37%     -    0s
H 1814   532                     267.0000000  258.00000  3.37%   5.4    1s
H 1895   544                     266.9999837  258.00000  3.37%   5.3    2s
H 4133   877                     266.9999836  262.50000  1.69%   5.4    4s

Cutting planes:
  Gomory: 1
  Cover: 3
  Implied bound: 4
  MIR: 3
  Flow cover: 14

Explored 4145 nodes (24537 simplex iterations) in 4.73 seconds
Thread count was 4 (of 4 available processors)

Solution count 9: 267 267 267 ... 460
Pool objective bound 267

Optimal solution found (tolerance 1.00e-03)
Best objective 2.669999836437e+02, best bound 2.669999836437e+02, gap 0.0000%

Gurobi 7.0.2 (win64) logging started 03/16/17 14:11:45

Parameter LogFile unchanged
   Value: log-prop-2.log  Default: 
Parameter presolve unchanged
   Value: 2  Min: -1  Max: 2  Default: -1
Parameter mipgap unchanged
   Value: 0.001  Min: 0.0  Max: 1e+100  Default: 0.0001
Parameter method unchanged
   Value: -1  Min: -1  Max: 4  Default: -1
Parameter timelimit unchanged
   Value: 100.0  Min: 0.0  Max: 1e+100  Default: 1e+100
Parameter mipfocus unchanged
   Value: 1  Min: 0  Max: 3  Default: 0
Optimize a model with 16993 rows, 1874 columns and 76565 nonzeros
Variable types: 862 continuous, 1012 integer (1006 binary)
Coefficient statistics:
  Matrix range     [1e+00, 2e+04]
  Objective range  [1e+00, 1e+00]
  Bounds range     [1e+00, 1e+04]
  RHS range        [1e+00, 6e+04]
Presolved: 3239 rows, 840 columns, 13289 nonzeros

Continuing optimization...


Cutting planes:
  Gomory: 1
  Cover: 3
  Implied bound: 4
  MIR: 3
  Flow cover: 14

Explored 4145 nodes (24537 simplex iterations) in 0.02 seconds
Thread count was 4 (of 4 available processors)

Solution count 9: 267 267 267 ... 460
Pool objective bound 267

Optimal solution found (tolerance 1.00e-03)
Best objective 2.669999836437e+02, best bound 2.669999836437e+02, gap 0.0000%

#######################################
GN: iteration 0 at stage 3
Added demands: [10, 11, 12, 13, 14, 15, 16, 17, 18, 19]
Fixed demands: [0, 1, 2, 3, 4, 5, 6, 7, 8, 9]

Gurobi 7.0.2 (win64) logging started 03/16/17 14:11:45

Changed value of parameter LogFile to log-prop-2.log
   Prev: gurobi.log  Default: 
Changed value of parameter presolve to 2
   Prev: -1  Min: -1  Max: 2  Default: -1
Changed value of parameter mipgap to 0.001
   Prev: 0.0001  Min: 0.0  Max: 1e+100  Default: 0.0001
Parameter method unchanged
   Value: -1  Min: -1  Max: 4  Default: -1
Changed value of parameter timelimit to 100.0
   Prev: 1e+100  Min: 0.0  Max: 1e+100  Default: 1e+100
Changed value of parameter mipfocus to 1
   Prev: 0  Min: 0  Max: 3  Default: 0
Optimize a model with 44491 rows, 11252 columns and 144743 nonzeros
Variable types: 3040 continuous, 8212 integer (8206 binary)
Coefficient statistics:
  Matrix range     [5e-01, 2e+04]
  Objective range  [1e+00, 1e+00]
  Bounds range     [1e+00, 1e+04]
  RHS range        [1e+00, 6e+04]
Found heuristic solution: objective 536.5
Presolve removed 38075 rows and 9223 columns
Presolve time: 0.30s
Presolved: 6416 rows, 2029 columns, 22569 nonzeros
Variable types: 819 continuous, 1210 integer (1210 binary)
Presolve removed 368 rows and 178 columns
Presolved: 6048 rows, 1851 columns, 21495 nonzeros


Root relaxation: objective 1.995000e+02, 200 iterations, 0.04 seconds

    Nodes    |    Current Node    |     Objective Bounds      |     Work
 Expl Unexpl |  Obj  Depth IntInf | Incumbent    BestBd   Gap | It/Node Time

     0     0  199.50000    0    7  536.50000  199.50000  62.8%     -    0s
H    0     0                     308.0000000  199.50000  35.2%     -    0s
H    0     0                     291.0000000  199.50000  31.4%     -    0s
     0     0  199.50000    0   73  291.00000  199.50000  31.4%     -    0s
H    0     0                     290.0000000  199.50000  31.2%     -    0s
H    0     0                     289.0000000  199.50000  31.0%     -    1s
     0     0  199.50000    0  248  289.00000  199.50000  31.0%     -    1s
     0     0  199.50000    0  103  289.00000  199.50000  31.0%     -    1s
H    0     0                     277.5000000  199.50000  28.1%     -    1s
     0     0  199.50000    0   75  277.50000  199.50000  28.1%     -    1s
     0     0  199.50000    0   47  277.50000  199.50000  28.1%     -    1s
     0     0  199.50000    0   43  277.50000  199.50000  28.1%     -    1s
H    0     0                     268.0000000  199.50000  25.6%     -    1s
     0     0  199.50000    0   56  268.00000  199.50000  25.6%     -    1s
     0     0  199.50000    0   52  268.00000  199.50000  25.6%     -    1s
H    0     0                     267.0000000  199.50000  25.3%     -    1s
     0     0  199.50000    0    4  267.00000  199.50000  25.3%     -    2s
H    0     0                     267.0000000  199.50000  25.3%     -    2s
     0     2  199.50000    0    4  267.00000  199.50000  25.3%     -    2s
   245   134  260.00000   33   95  267.00000  199.50000  25.3%   112    5s
   805   353     cutoff   15       267.00000  199.50000  25.3%  89.3   10s
  2108   786  265.00000   24    2  267.00000  258.00000  3.37%  63.4   15s

Cutting planes:
  Cover: 3
  MIR: 5
  Flow cover: 4

Explored 2119 nodes (141863 simplex iterations) in 15.62 seconds
Thread count was 4 (of 4 available processors)

Solution count 10: 267 267 267 ... 536.5
Pool objective bound 267

Optimal solution found (tolerance 1.00e-03)
Best objective 2.669999999732e+02, best bound 2.669999999732e+02, gap 0.0000%

Gurobi 7.0.2 (win64) logging started 03/16/17 14:12:01

Parameter LogFile unchanged
   Value: log-prop-2.log  Default: 
Parameter presolve unchanged
   Value: 2  Min: -1  Max: 2  Default: -1
Parameter mipgap unchanged
   Value: 0.001  Min: 0.0  Max: 1e+100  Default: 0.0001
Parameter method unchanged
   Value: -1  Min: -1  Max: 4  Default: -1
Parameter timelimit unchanged
   Value: 100.0  Min: 0.0  Max: 1e+100  Default: 1e+100
Parameter mipfocus unchanged
   Value: 1  Min: 0  Max: 3  Default: 0
Optimize a model with 44491 rows, 11252 columns and 144743 nonzeros
Variable types: 3040 continuous, 8212 integer (8206 binary)
Coefficient statistics:
  Matrix range     [5e-01, 2e+04]
  Objective range  [1e+00, 1e+00]
  Bounds range     [1e+00, 1e+04]
  RHS range        [1e+00, 6e+04]
Presolved: 6416 rows, 2029 columns, 22569 nonzeros

Continuing optimization...


Cutting planes:
  Cover: 3
  MIR: 5
  Flow cover: 4

Explored 2119 nodes (141863 simplex iterations) in 0.02 seconds
Thread count was 4 (of 4 available processors)

Solution count 10: 267 267 267 ... 536.5
Pool objective bound 267

Optimal solution found (tolerance 1.00e-03)
Best objective 2.669999999732e+02, best bound 2.669999999732e+02, gap 0.0000%

#######################################
TR: iteration 1 at stage 3
Added demands: [13, 17, 16, 7, 14, 1, 0, 3, 2, 12]
Fixed demands: [8, 10, 15, 9, 6, 11, 19, 5, 4, 18]

Gurobi 7.0.2 (win64) logging started 03/16/17 14:12:01

Parameter LogFile unchanged
   Value: log-prop-2.log  Default: 
Parameter presolve unchanged
   Value: 2  Min: -1  Max: 2  Default: -1
Parameter mipgap unchanged
   Value: 0.001  Min: 0.0  Max: 1e+100  Default: 0.0001
Parameter method unchanged
   Value: -1  Min: -1  Max: 4  Default: -1
Parameter timelimit unchanged
   Value: 100.0  Min: 0.0  Max: 1e+100  Default: 1e+100
Parameter mipfocus unchanged
   Value: 1  Min: 0  Max: 3  Default: 0
Optimize a model with 16993 rows, 1874 columns and 76565 nonzeros
Variable types: 862 continuous, 1012 integer (1006 binary)
Coefficient statistics:
  Matrix range     [1e+00, 2e+04]
  Objective range  [1e+00, 1e+00]
  Bounds range     [1e+00, 1e+04]
  RHS range        [1e+00, 6e+04]
Found heuristic solution: objective 273
Presolve removed 13795 rows and 1037 columns
Presolve time: 0.03s
Presolved: 3198 rows, 837 columns, 13129 nonzeros

Loaded MIP start with objective 267

Variable types: 443 continuous, 394 integer (394 binary)
Presolve removed 34 rows and 8 columns
Presolved: 3164 rows, 829 columns, 13037 nonzeros


Root relaxation: objective 1.995000e+02, 183 iterations, 0.02 seconds

    Nodes    |    Current Node    |     Objective Bounds      |     Work
 Expl Unexpl |  Obj  Depth IntInf | Incumbent    BestBd   Gap | It/Node Time

     0     0  199.50000    0    8  267.00000  199.50000  25.3%     -    0s
     0     0  199.50000    0   18  267.00000  199.50000  25.3%     -    0s
     0     0  258.00000    0    9  267.00000  258.00000  3.37%     -    0s
     0     0  258.00000    0   19  267.00000  258.00000  3.37%     -    0s
     0     0  258.00000    0   18  267.00000  258.00000  3.37%     -    0s
     0     0  258.00000    0   13  267.00000  258.00000  3.37%     -    0s
     0     0  258.00000    0   12  267.00000  258.00000  3.37%     -    0s
     0     0  258.00000    0   12  267.00000  258.00000  3.37%     -    0s
     0     0  258.00000    0   13  267.00000  258.00000  3.37%     -    0s
     0     0  258.00000    0    2  267.00000  258.00000  3.37%     -    0s
     0     0  258.00000    0    1  267.00000  258.00000  3.37%     -    0s
     0     0  258.00000    0    4  267.00000  258.00000  3.37%     -    0s
     0     0  258.00000    0    7  267.00000  258.00000  3.37%     -    0s
     0     0  258.00000    0    5  267.00000  258.00000  3.37%     -    0s
     0     0  258.00000    0    9  267.00000  258.00000  3.37%     -    0s
     0     0  258.00000    0    6  267.00000  258.00000  3.37%     -    0s
     0     0  258.00000    0    6  267.00000  258.00000  3.37%     -    0s
     0     0  258.00000    0    6  267.00000  258.00000  3.37%     -    0s
     0     0  258.00000    0    3  267.00000  258.00000  3.37%     -    0s
     0     2  258.00000    0    3  267.00000  258.00000  3.37%     -    0s

Cutting planes:
  Learned: 2
  Gomory: 1
  Cover: 2
  Implied bound: 2
  MIR: 6
  Flow cover: 4

Explored 25 nodes (1683 simplex iterations) in 0.69 seconds
Thread count was 4 (of 4 available processors)

Solution count 2: 267 267 
Pool objective bound 267

Optimal solution found (tolerance 1.00e-03)
Best objective 2.670000000000e+02, best bound 2.670000000000e+02, gap 0.0000%

#######################################
GN: iteration 1 at stage 3
Added demands: [13, 17, 16, 7, 14, 1, 0, 3, 2, 12]
Fixed demands: [8, 10, 15, 9, 6, 11, 19, 5, 4, 18]

Gurobi 7.0.2 (win64) logging started 03/16/17 14:12:02

Parameter LogFile unchanged
   Value: log-prop-2.log  Default: 
Parameter presolve unchanged
   Value: 2  Min: -1  Max: 2  Default: -1
Parameter mipgap unchanged
   Value: 0.001  Min: 0.0  Max: 1e+100  Default: 0.0001
Parameter method unchanged
   Value: -1  Min: -1  Max: 4  Default: -1
Parameter timelimit unchanged
   Value: 100.0  Min: 0.0  Max: 1e+100  Default: 1e+100
Parameter mipfocus unchanged
   Value: 1  Min: 0  Max: 3  Default: 0
Optimize a model with 44491 rows, 11252 columns and 144743 nonzeros
Variable types: 3040 continuous, 8212 integer (8206 binary)
Coefficient statistics:
  Matrix range     [5e-01, 2e+04]
  Objective range  [1e+00, 1e+00]
  Bounds range     [1e+00, 1e+04]
  RHS range        [1e+00, 6e+04]
Found heuristic solution: objective 331.5
Presolve removed 38123 rows and 9229 columns
Presolve time: 0.30s
Presolved: 6368 rows, 2023 columns, 22384 nonzeros

Loaded MIP start with objective 267

Variable types: 815 continuous, 1208 integer (1208 binary)
Presolve removed 362 rows and 174 columns
Presolved: 6006 rows, 1849 columns, 21332 nonzeros


Root relaxation: objective 1.995000e+02, 240 iterations, 0.06 seconds

    Nodes    |    Current Node    |     Objective Bounds      |     Work
 Expl Unexpl |  Obj  Depth IntInf | Incumbent    BestBd   Gap | It/Node Time

     0     0  199.50000    0    9  267.00000  199.50000  25.3%     -    0s
     0     0  199.50000    0   43  267.00000  199.50000  25.3%     -    0s
     0     0  199.50000    0   90  267.00000  199.50000  25.3%     -    0s
     0     0  222.46812    0   10  267.00000  222.46812  16.7%     -    0s
     0     0  258.00000    0    2  267.00000  258.00000  3.37%     -    1s
     0     0  258.00000    0    4  267.00000  258.00000  3.37%     -    1s
     0     0  258.00000    0    7  267.00000  258.00000  3.37%     -    1s
     0     0  258.00000    0    9  267.00000  258.00000  3.37%     -    1s
     0     0  258.00000    0   11  267.00000  258.00000  3.37%     -    1s
     0     0  258.00000    0   16  267.00000  258.00000  3.37%     -    1s
     0     0  258.00000    0   16  267.00000  258.00000  3.37%     -    1s
     0     0  258.00000    0    8  267.00000  258.00000  3.37%     -    1s
     0     0  258.00000    0    6  267.00000  258.00000  3.37%     -    1s
     0     2  258.00000    0    2  267.00000  258.00000  3.37%     -    1s

Cutting planes:
  Gomory: 2
  Cover: 5
  Implied bound: 2
  MIR: 11
  Flow cover: 2

Explored 38 nodes (5198 simplex iterations) in 1.66 seconds
Thread count was 4 (of 4 available processors)

Solution count 2: 267 267 
Pool objective bound 267

Optimal solution found (tolerance 1.00e-03)
Best objective 2.670000000000e+02, best bound 2.670000000000e+02, gap 0.0000%

#######################################
TR: iteration 2 at stage 3
Added demands: [12, 4, 19, 8, 11, 13, 9, 17, 6, 5, 14, 0]
Fixed demands: [16, 18, 2, 7, 1, 3, 15, 10]

Gurobi 7.0.2 (win64) logging started 03/16/17 14:12:03

Parameter LogFile unchanged
   Value: log-prop-2.log  Default: 
Parameter presolve unchanged
   Value: 2  Min: -1  Max: 2  Default: -1
Parameter mipgap unchanged
   Value: 0.001  Min: 0.0  Max: 1e+100  Default: 0.0001
Parameter method unchanged
   Value: -1  Min: -1  Max: 4  Default: -1
Parameter timelimit unchanged
   Value: 100.0  Min: 0.0  Max: 1e+100  Default: 1e+100
Parameter mipfocus unchanged
   Value: 1  Min: 0  Max: 3  Default: 0
Optimize a model with 16993 rows, 1874 columns and 76565 nonzeros
Variable types: 862 continuous, 1012 integer (1006 binary)
Coefficient statistics:
  Matrix range     [1e+00, 2e+04]
  Objective range  [1e+00, 1e+00]
  Bounds range     [1e+00, 1e+04]
  RHS range        [1e+00, 6e+04]
Found heuristic solution: objective 369.5
Presolve removed 12837 rows and 893 columns
Presolve time: 0.03s
Presolved: 4156 rows, 981 columns, 17486 nonzeros

Loaded MIP start with objective 267

Variable types: 525 continuous, 456 integer (456 binary)
Presolve removed 37 rows and 10 columns
Presolved: 4119 rows, 971 columns, 17383 nonzeros


Root relaxation: objective 1.495000e+02, 254 iterations, 0.03 seconds

    Nodes    |    Current Node    |     Objective Bounds      |     Work
 Expl Unexpl |  Obj  Depth IntInf | Incumbent    BestBd   Gap | It/Node Time

     0     0  149.50000    0   18  267.00000  149.50000  44.0%     -    0s
     0     0  149.50000    0   38  267.00000  149.50000  44.0%     -    0s
     0     0  149.50000    0   39  267.00000  149.50000  44.0%     -    0s
     0     0  149.50000    0   47  267.00000  149.50000  44.0%     -    0s
     0     0  149.50000    0   45  267.00000  149.50000  44.0%     -    0s
     0     0  150.13290    0   36  267.00000  150.13290  43.8%     -    0s
     0     0  150.13290    0   32  267.00000  150.13290  43.8%     -    0s
     0     0  150.13290    0   48  267.00000  150.13290  43.8%     -    0s
     0     0  150.13290    0   52  267.00000  150.13290  43.8%     -    0s
     0     0  150.13290    0   23  267.00000  150.13290  43.8%     -    0s
     0     2  150.13290    0   22  267.00000  150.13290  43.8%     -    0s
*  204    68              33     267.0000000  161.04936  39.7%   8.7    0s
  3709   829  203.50000   27   24  267.00000  198.50000  25.7%   9.6    5s
  9720  2529 infeasible   46       267.00000  198.50000  25.7%  11.6   10s
 14615  4049  202.50000   38   22  267.00000  198.50000  25.7%  11.4   15s
 20099  5786  202.50000   24   31  267.00000  198.50000  25.7%  11.3   20s
 24683  7031 infeasible   38       267.00000  198.50000  25.7%  11.1   25s
 31211  9311 infeasible   42       267.00000  198.50000  25.7%  11.1   30s
 35923 10916 infeasible   56       267.00000  198.50000  25.7%  11.2   35s
 40885 12388 infeasible   41       267.00000  198.50000  25.7%  11.2   40s
 44617 13555  198.69888   28   51  267.00000  198.50000  25.7%  11.4   45s
 50535 15747  199.50000   44   35  267.00000  198.50000  25.7%  11.5   50s
 54815 16975 infeasible   44       267.00000  198.50000  25.7%  11.6   55s
 59763 18415 infeasible   40       267.00000  198.50000  25.7%  11.7   60s
 64711 19646     cutoff   40       267.00000  198.50000  25.7%  11.9   65s
 71399 21483 infeasible   44       267.00000  198.50000  25.7%  11.7   70s
 76422 22955 infeasible   58       267.00000  198.50000  25.7%  11.7   75s
 83158 25233 infeasible   40       267.00000  198.50000  25.7%  11.7   80s
 87459 26309 infeasible   63       267.00000  198.50000  25.7%  11.7   85s
 96758 28781 infeasible   55       267.00000  198.50000  25.7%  11.5   90s
 101413 29997  205.50000   43   36  267.00000  198.50000  25.7%  11.6   95s
 107509 31526  201.50000   52   44  267.00000  198.50000  25.7%  11.6  100s

Cutting planes:
  Gomory: 17
  Cover: 2
  Implied bound: 1
  MIR: 94
  Flow cover: 132

Explored 107816 nodes (1250568 simplex iterations) in 100.05 seconds
Thread count was 4 (of 4 available processors)

Solution count 2: 267 267 
Pool objective bound 198.5

Time limit reached
Best objective 2.669999999732e+02, best bound 1.985000000000e+02, gap 25.6554%

#######################################
GN: iteration 2 at stage 3
Added demands: [12, 4, 19, 8, 11, 13, 9, 17, 6, 5, 14, 0]
Fixed demands: [16, 18, 2, 7, 1, 3, 15, 10]

Gurobi 7.0.2 (win64) logging started 03/16/17 14:13:44

Parameter LogFile unchanged
   Value: log-prop-2.log  Default: 
Parameter presolve unchanged
   Value: 2  Min: -1  Max: 2  Default: -1
Parameter mipgap unchanged
   Value: 0.001  Min: 0.0  Max: 1e+100  Default: 0.0001
Parameter method unchanged
   Value: -1  Min: -1  Max: 4  Default: -1
Parameter timelimit unchanged
   Value: 100.0  Min: 0.0  Max: 1e+100  Default: 1e+100
Parameter mipfocus unchanged
   Value: 1  Min: 0  Max: 3  Default: 0
Optimize a model with 44491 rows, 11252 columns and 144743 nonzeros
Variable types: 3040 continuous, 8212 integer (8206 binary)
Coefficient statistics:
  Matrix range     [5e-01, 2e+04]
  Objective range  [1e+00, 1e+00]
  Bounds range     [1e+00, 1e+04]
  RHS range        [1e+00, 6e+04]
Found heuristic solution: objective 541.5
Presolve removed 35887 rows and 8636 columns
Presolve time: 0.44s
Presolved: 8604 rows, 2616 columns, 30490 nonzeros

Loaded MIP start with objective 267

Variable types: 967 continuous, 1649 integer (1649 binary)
Presolve removed 435 rows and 208 columns
Presolved: 8169 rows, 2408 columns, 29271 nonzeros


Root relaxation: objective 2.060000e+02, 266 iterations, 0.09 seconds

    Nodes    |    Current Node    |     Objective Bounds      |     Work
 Expl Unexpl |  Obj  Depth IntInf | Incumbent    BestBd   Gap | It/Node Time

     0     0  206.00000    0   11  267.00000  206.00000  22.8%     -    0s
     0     0  206.00000    0   38  267.00000  206.00000  22.8%     -    0s
     0     0  206.00000    0   53  267.00000  206.00000  22.8%     -    1s
     0     0  206.00000    0   58  267.00000  206.00000  22.8%     -    1s
     0     0  206.00000    0   58  267.00000  206.00000  22.8%     -    1s
     0     0  206.00000    0   61  267.00000  206.00000  22.8%     -    1s
     0     0  206.00000    0   54  267.00000  206.00000  22.8%     -    1s
     0     0  206.00000    0   57  267.00000  206.00000  22.8%     -    1s
     0     0  206.00000    0   39  267.00000  206.00000  22.8%     -    1s
     0     0  206.00000    0    8  267.00000  206.00000  22.8%     -    1s
     0     2  206.00000    0    6  267.00000  206.00000  22.8%     -    2s
H   67    55                     267.0000000  206.00000  22.8%  80.3    2s
   326   166  218.02328   28  100  267.00000  206.00000  22.8%  67.3    5s
   455   216  219.00000   35   74  267.00000  206.00000  22.8%  82.9   11s
  1089   392 infeasible   22       267.00000  206.00000  22.8%  67.1   15s
  1481   469  219.01656   26   64  267.00000  206.00000  22.8%  68.7   21s
  1652   518  207.00000   26    9  267.00000  206.00000  22.8%  66.8   26s
  1851   575  257.00000   20  126  267.00000  206.00000  22.8%  72.7   32s
  2271   712  257.00000   22  105  267.00000  206.00000  22.8%  70.3   37s
  2378   777  207.00000   17   65  267.00000  206.00000  22.8%  71.3   40s
  2609   767 infeasible   21       267.00000  206.00000  22.8%  75.1   45s
  2851   762 infeasible   32       267.00000  206.00000  22.8%  83.6   50s
  2879   763  259.00000   20   60  267.00000  206.00000  22.8%  89.2   55s
  3027   762  261.00000   37   72  267.00000  206.00000  22.8%  98.5   60s
  3092   760  261.00000   41   57  267.00000  206.00000  22.8%   104   68s
  3142   747  259.00000   33   55  267.00000  206.00000  22.8%   105   72s
  3176   745 infeasible   43       267.00000  207.00000  22.5%   107   77s
  3261   726  259.00000   38    8  267.00000  207.00000  22.5%   109   85s
  3646   686     cutoff   33       267.00000  218.01567  18.3%   110   90s
  3946   656  259.00000   23   83  267.00000  219.00000  18.0%   118   95s
  4770   605  220.00000   58   42  267.00000  219.00000  18.0%   117  100s

Cutting planes:
  Learned: 1
  Gomory: 6
  Cover: 32
  Implied bound: 6
  MIR: 77
  Flow cover: 69
  Inf proof: 1
  Zero half: 1

Explored 4960 nodes (574153 simplex iterations) in 100.02 seconds
Thread count was 4 (of 4 available processors)

Solution count 3: 267 267 267 
Pool objective bound 219

Time limit reached
Best objective 2.669999999732e+02, best bound 2.190000000000e+02, gap 17.9775%
