
#######################################
TR: iteration 0 at stage 0
Added demands: [0, 1, 2, 3, 4]
Fixed demands: []

Gurobi 7.0.2 (win64) logging started 03/16/17 22:04:20

Changed value of parameter LogFile to log-opt-8.log
   Prev: gurobi.log  Default: 
Changed value of parameter presolve to 2
   Prev: -1  Min: -1  Max: 2  Default: -1
Changed value of parameter mipgap to 0.001
   Prev: 0.0001  Min: 0.0  Max: 1e+100  Default: 0.0001
Parameter method unchanged
   Value: -1  Min: -1  Max: 4  Default: -1
Changed value of parameter timelimit to 300.0
   Prev: 1e+100  Min: 0.0  Max: 1e+100  Default: 1e+100
Changed value of parameter mipfocus to 1
   Prev: 0  Min: 0  Max: 3  Default: 0
Optimize a model with 1483 rows, 404 columns and 5504 nonzeros
Variable types: 217 continuous, 187 integer (181 binary)
Coefficient statistics:
  Matrix range     [1e+00, 2e+04]
  Objective range  [1e+00, 1e+00]
  Bounds range     [1e+00, 1e+04]
  RHS range        [1e+00, 6e+04]
Found heuristic solution: objective 281
Presolve removed 940 rows and 230 columns
Presolve time: 0.02s
Presolved: 543 rows, 174 columns, 2242 nonzeros
Variable types: 95 continuous, 79 integer (79 binary)
Presolve removed 27 rows and 0 columns
Presolved: 516 rows, 196 columns, 2128 nonzeros


Root relaxation: objective 9.200000e+01, 54 iterations, 0.00 seconds

    Nodes    |    Current Node    |     Objective Bounds      |     Work
 Expl Unexpl |  Obj  Depth IntInf | Incumbent    BestBd   Gap | It/Node Time

     0     0   92.00000    0    6  281.00000   92.00000  67.3%     -    0s
H    0     0                     258.0000000   92.00000  64.3%     -    0s
H    0     0                     254.0000000   92.00000  63.8%     -    0s
     0     0   92.00000    0   18  254.00000   92.00000  63.8%     -    0s
     0     0   92.00000    0   19  254.00000   92.00000  63.8%     -    0s
     0     0   92.00000    0   29  254.00000   92.00000  63.8%     -    0s
H    0     0                     246.0000000   92.00000  62.6%     -    0s
     0     0   92.00000    0   27  246.00000   92.00000  62.6%     -    0s
     0     0   92.00000    0   29  246.00000   92.00000  62.6%     -    0s
     0     0   92.00000    0   29  246.00000   92.00000  62.6%     -    0s
     0     0   92.00000    0   27  246.00000   92.00000  62.6%     -    0s
     0     0   92.00000    0   27  246.00000   92.00000  62.6%     -    0s
     0     0   92.00000    0    4  246.00000   92.00000  62.6%     -    0s
     0     2   92.00000    0    4  246.00000   92.00000  62.6%     -    0s
H  433    64                     246.0000000   92.00000  62.6%   3.7    0s
H 4162   109                     245.9998460  180.50000  26.6%   2.7    0s

Cutting planes:
  Gomory: 3
  MIR: 47
  Flow cover: 23

Explored 5450 nodes (14404 simplex iterations) in 0.60 seconds
Thread count was 4 (of 4 available processors)

Solution count 6: 246 246 246 ... 281
Pool objective bound 246

Optimal solution found (tolerance 1.00e-03)
Best objective 2.459998460250e+02, best bound 2.459998460250e+02, gap 0.0000%

#######################################
GN: iteration 0 at stage 0
Added demands: [0, 1, 2, 3, 4]
Fixed demands: []

Gurobi 7.0.2 (win64) logging started 03/16/17 22:04:21

Changed value of parameter LogFile to log-opt-8.log
   Prev: gurobi.log  Default: 
Changed value of parameter presolve to 2
   Prev: -1  Min: -1  Max: 2  Default: -1
Changed value of parameter mipgap to 0.001
   Prev: 0.0001  Min: 0.0  Max: 1e+100  Default: 0.0001
Parameter method unchanged
   Value: -1  Min: -1  Max: 4  Default: -1
Changed value of parameter timelimit to 300.0
   Prev: 1e+100  Min: 0.0  Max: 1e+100  Default: 1e+100
Changed value of parameter mipfocus to 1
   Prev: 0  Min: 0  Max: 3  Default: 0
Optimize a model with 4321 rows, 1412 columns and 11762 nonzeros
Variable types: 775 continuous, 637 integer (631 binary)
Coefficient statistics:
  Matrix range     [7e-01, 2e+04]
  Objective range  [1e+00, 1e+00]
  Bounds range     [1e+00, 1e+04]
  RHS range        [1e+00, 6e+04]
Found heuristic solution: objective 270
Presolve removed 3042 rows and 944 columns
Presolve time: 0.05s
Presolved: 1279 rows, 468 columns, 4454 nonzeros
Variable types: 243 continuous, 225 integer (225 binary)
Presolve removed 140 rows and 62 columns
Presolved: 1139 rows, 406 columns, 4068 nonzeros


Root relaxation: objective 9.200000e+01, 102 iterations, 0.02 seconds

    Nodes    |    Current Node    |     Objective Bounds      |     Work
 Expl Unexpl |  Obj  Depth IntInf | Incumbent    BestBd   Gap | It/Node Time

     0     0   92.00000    0    5  270.00000   92.00000  65.9%     -    0s
H    0     0                     254.0000000   92.00000  63.8%     -    0s
     0     0   92.00000    0   37  254.00000   92.00000  63.8%     -    0s
     0     0   92.00000    0   36  254.00000   92.00000  63.8%     -    0s
     0     0   92.00000    0   39  254.00000   92.00000  63.8%     -    0s
     0     0   92.00000    0   32  254.00000   92.00000  63.8%     -    0s
H    0     0                     246.0000000   92.00000  62.6%     -    0s
     0     0   92.00000    0   44  246.00000   92.00000  62.6%     -    0s
     0     0   92.00000    0   43  246.00000   92.00000  62.6%     -    0s
     0     0   92.00000    0   36  246.00000   92.00000  62.6%     -    0s
     0     0   92.00000    0   42  246.00000   92.00000  62.6%     -    0s
     0     0   92.00000    0   19  246.00000   92.00000  62.6%     -    0s
     0     2   92.00000    0   14  246.00000   92.00000  62.6%     -    0s
H   45    39                     246.0000000   92.00000  62.6%  63.8    0s
  6194   160 infeasible   27       246.00000  176.50000  28.3%  12.1    5s

Cutting planes:
  Gomory: 12
  Cover: 3
  Implied bound: 14
  MIR: 71
  Flow cover: 85
  Zero half: 16

Explored 10423 nodes (130539 simplex iterations) in 6.50 seconds
Thread count was 4 (of 4 available processors)

Solution count 4: 246 246 254 270 
Pool objective bound 246

Optimal solution found (tolerance 1.00e-03)
Best objective 2.459999999753e+02, best bound 2.459999999753e+02, gap 0.0000%

#######################################
TR: iteration 0 at stage 1
Added demands: [0, 1, 2, 3, 4, 5, 6, 7, 8, 9]
Fixed demands: []

Gurobi 7.0.2 (win64) logging started 03/16/17 22:04:29

Changed value of parameter LogFile to log-opt-8.log
   Prev: gurobi.log  Default: 
Changed value of parameter presolve to 2
   Prev: -1  Min: -1  Max: 2  Default: -1
Changed value of parameter mipgap to 0.001
   Prev: 0.0001  Min: 0.0  Max: 1e+100  Default: 0.0001
Parameter method unchanged
   Value: -1  Min: -1  Max: 4  Default: -1
Changed value of parameter timelimit to 300.0
   Prev: 1e+100  Min: 0.0  Max: 1e+100  Default: 1e+100
Changed value of parameter mipfocus to 1
   Prev: 0  Min: 0  Max: 3  Default: 0
Optimize a model with 4803 rows, 844 columns and 20089 nonzeros
Variable types: 432 continuous, 412 integer (406 binary)
Coefficient statistics:
  Matrix range     [1e+00, 2e+04]
  Objective range  [1e+00, 1e+00]
  Bounds range     [1e+00, 1e+04]
  RHS range        [1e+00, 6e+04]
Found heuristic solution: objective 360.5
Presolve removed 2943 rows and 448 columns
Presolve time: 0.02s
Presolved: 1860 rows, 396 columns, 8268 nonzeros
Variable types: 204 continuous, 192 integer (192 binary)
Presolve removed 56 rows and 0 columns
Presolved: 1804 rows, 442 columns, 8038 nonzeros


Root relaxation: objective 9.200000e+01, 75 iterations, 0.02 seconds

    Nodes    |    Current Node    |     Objective Bounds      |     Work
 Expl Unexpl |  Obj  Depth IntInf | Incumbent    BestBd   Gap | It/Node Time

     0     0   92.00000    0   12  360.50000   92.00000  74.5%     -    0s
H    0     0                     327.5000000   92.00000  71.9%     -    0s
H    0     0                     301.5000000   92.00000  69.5%     -    0s
     0     0   92.00000    0   26  301.50000   92.00000  69.5%     -    0s
     0     0   92.00000    0   28  301.50000   92.00000  69.5%     -    0s
H    0     0                     300.5000000   92.00000  69.4%     -    0s
     0     0   92.00000    0   37  300.50000   92.00000  69.4%     -    0s
     0     0   92.00000    0   30  300.50000   92.00000  69.4%     -    0s
     0     0   92.00000    0   34  300.50000   92.00000  69.4%     -    0s
     0     0   92.00000    0   35  300.50000   92.00000  69.4%     -    0s
     0     0   92.00000    0   39  300.50000   92.00000  69.4%     -    0s
     0     0   92.00000    0   40  300.50000   92.00000  69.4%     -    0s
     0     0   92.00000    0   20  300.50000   92.00000  69.4%     -    0s
     0     2   92.00000    0   15  300.50000   92.00000  69.4%     -    0s
H  727   399                     300.5000000   92.00000  69.4%   4.7    0s
 12392  1893  183.50000   34    8  300.50000  180.50000  39.9%   6.0    5s
 28854  3030  192.50000   25    8  300.50000  180.50000  39.9%   6.2   10s
 41035  4066  269.00000   34    5  300.50000  180.50000  39.9%   6.8   15s
 54666  5723  203.76917   31   13  300.50000  180.50000  39.9%   6.9   20s
 68335  6676  272.00000   35    3  300.50000  183.50000  38.9%   7.1   25s
H78957  7145                     300.4999999  183.50000  38.9%   7.1   28s
 83662  7341  236.00000   35    7  300.50000  183.50000  38.9%   7.1   30s
 99257  8496  272.00000   33    8  300.50000  183.50000  38.9%   7.1   35s
 115040  9572  183.50000   36    6  300.50000  183.50000  38.9%   7.1   40s
 129156 10349 infeasible   33       300.50000  183.50000  38.9%   7.1   45s
 143316 11270  192.50000   39    8  300.50000  183.50000  38.9%   7.1   50s
 157532 12297 infeasible   36       300.50000  183.50000  38.9%   7.1   55s
H166752 12974                     300.4999997  183.50000  38.9%   7.1   57s
 174279 13468  183.50000   28    7  300.50000  183.50000  38.9%   7.1   60s
 191488 14384 infeasible   33       300.50000  183.50000  38.9%   7.2   65s
 208971 16367 infeasible   28       300.50000  184.50000  38.6%   7.2   70s
 225547 17778  221.00000   30    4  300.50000  184.50000  38.6%   7.2   75s
 242402 19117  184.50000   31   11  300.50000  184.50000  38.6%   7.3   80s
 258070 20467  192.50000   35    8  300.50000  184.50000  38.6%   7.3   85s
 273116 21421 infeasible   32       300.50000  184.50000  38.6%   7.3   90s
 287626 22283  257.00000   34    5  300.50000  184.50000  38.6%   7.3   95s
 301954 23220     cutoff   39       300.50000  192.50000  35.9%   7.3  100s
 316872 24311 infeasible   32       300.50000  192.50000  35.9%   7.4  105s
 331611 25276  192.50000   35   10  300.50000  192.50000  35.9%   7.4  110s
 346466 26281  276.00000   31    2  300.50000  192.50000  35.9%   7.4  115s
 360375 26825 infeasible   41       300.50000  192.50000  35.9%   7.4  120s
 374355 27509  192.50000   33   10  300.50000  192.50000  35.9%   7.4  125s
 388617 28163  276.00000   31    3  300.50000  192.50000  35.9%   7.5  130s
 403424 28652  192.50000   28    8  300.50000  192.50000  35.9%   7.5  135s
 419127 29441 infeasible   39       300.50000  192.50000  35.9%   7.5  140s
 437195 31713  270.00000   38    1  300.50000  192.50000  35.9%   7.4  145s
 452988 33309  192.50000   31    5  300.50000  192.50000  35.9%   7.5  150s
 466838 34135  192.50000   33    8  300.50000  192.50000  35.9%   7.5  155s
 480642 34355 infeasible   40       300.50000  192.50000  35.9%   7.5  160s
 494973 34571 infeasible   34       300.50000  192.50000  35.9%   7.5  165s
 509983 35152  192.50000   33    8  300.50000  192.50000  35.9%   7.5  170s
 525629 35869 infeasible   35       300.50000  192.50000  35.9%   7.5  175s
 540248 36840  192.50000   33    6  300.50000  192.50000  35.9%   7.5  180s
 554245 37325 infeasible   31       300.50000  192.50000  35.9%   7.5  185s
 568712 37907  192.50000   26   10  300.50000  192.50000  35.9%   7.5  190s
H571925 38166                     300.4999995  192.50000  35.9%   7.5  191s
 582278 39174  192.50000   29    9  300.50000  192.50000  35.9%   7.5  195s
 593865 40079  192.50000   39    7  300.50000  192.50000  35.9%   7.5  200s
 606449 40998  192.50000   34    6  300.50000  192.50000  35.9%   7.5  205s
 621089 41795 infeasible   31       300.50000  192.50000  35.9%   7.5  210s
 637094 42292  200.38898   34   13  300.50000  200.38898  33.3%   7.4  215s
 648554 42146  203.76917   33   14  300.50000  203.76917  32.2%   7.5  220s
 661644 42149  203.76917   33   10  300.50000  203.76917  32.2%   7.5  225s
 674086 42693 infeasible   38       300.50000  203.76917  32.2%   7.5  230s
 685783 43064 infeasible   37       300.50000  209.00000  30.4%   7.5  235s
 700314 43288  212.00000   41    5  300.50000  212.00000  29.5%   7.5  240s
 713201 43426  221.00000   40   11  300.50000  221.00000  26.5%   7.4  245s
 727538 43813  223.00000   39    3  300.50000  223.00000  25.8%   7.4  250s
 743785 43653  272.00000   42    1  300.50000  225.00000  25.1%   7.4  255s
 761110 43278  236.00000   42    4  300.50000  236.00000  21.5%   7.4  260s
 776056 42540 infeasible   29       300.50000  245.00000  18.5%   7.4  265s
 796869 42743     cutoff   47       300.50000  245.00000  18.5%   7.3  270s
 814645 42122 infeasible   38       300.50000  248.00000  17.5%   7.3  275s
 831798 41602  254.00000   42    3  300.50000  254.00000  15.5%   7.3  280s
 848349 40504 infeasible   35       300.50000  258.00000  14.1%   7.3  285s
 866514 39933  270.00000   34    2  300.50000  260.00000  13.5%   7.3  290s
 889545 40230  260.00000   32    8  300.50000  260.00000  13.5%   7.2  295s
 907060 39228 infeasible   42       300.50000  263.00000  12.5%   7.2  300s

Cutting planes:
  Gomory: 4
  MIR: 104
  Flow cover: 135

Explored 907067 nodes (6571967 simplex iterations) in 300.02 seconds
Thread count was 4 (of 4 available processors)

Solution count 8: 300.5 300.5 300.5 ... 360.5
Pool objective bound 263

Time limit reached
Best objective 3.004999995372e+02, best bound 2.630000000000e+02, gap 12.4792%

Gurobi 7.0.2 (win64) logging started 03/16/17 22:09:29

Parameter LogFile unchanged
   Value: log-opt-8.log  Default: 
Parameter presolve unchanged
   Value: 2  Min: -1  Max: 2  Default: -1
Parameter mipgap unchanged
   Value: 0.001  Min: 0.0  Max: 1e+100  Default: 0.0001
Parameter method unchanged
   Value: -1  Min: -1  Max: 4  Default: -1
Parameter timelimit unchanged
   Value: 300.0  Min: 0.0  Max: 1e+100  Default: 1e+100
Parameter mipfocus unchanged
   Value: 1  Min: 0  Max: 3  Default: 0
Optimize a model with 4803 rows, 844 columns and 20089 nonzeros
Variable types: 432 continuous, 412 integer (406 binary)
Coefficient statistics:
  Matrix range     [1e+00, 2e+04]
  Objective range  [1e+00, 1e+00]
  Bounds range     [1e+00, 1e+04]
  RHS range        [1e+00, 6e+04]
Presolved: 1860 rows, 396 columns, 8268 nonzeros

Continuing optimization...

 907067 39153  263.00000   41    3  300.50000  263.00000  12.5%   7.2  300s
 926256 38483  268.00000   35    5  300.50000  268.00000  10.8%   7.2  305s
 943985 37691  268.00000   38    5  300.50000  268.00000  10.8%   7.2  310s
 960418 37243  268.00000   31   12  300.50000  268.00000  10.8%   7.2  315s
 980031 36837  269.00000   39    1  300.50000  269.00000  10.5%   7.2  320s
 1002224 36658  269.00000   37    5  300.50000  269.00000  10.5%   7.2  325s
 1022243 36334  269.00000   42    4  300.50000  269.00000  10.5%   7.1  330s
 1043205 35681  272.00000   41    1  300.50000  269.00000  10.5%   7.1  335s
 1062554 35278  279.00000   48    1  300.50000  269.00000  10.5%   7.1  340s
 1082542 35195  269.00000   45    5  300.50000  269.00000  10.5%   7.1  345s
 1103773 34793  269.00000   41    4  300.50000  269.00000  10.5%   7.1  350s
 1126399 33855  270.00000   40    3  300.50000  270.00000  10.1%   7.1  355s
 1151646 32586 infeasible   42       300.50000  270.00000  10.1%   7.0  360s
 1175793 31517  272.00000   34    2  300.50000  272.00000  9.48%   7.0  365s
 1195492 30697 infeasible   40       300.50000  272.00000  9.48%   7.0  370s
 1215843 29568  272.00000   37    7  300.50000  272.00000  9.48%   7.0  375s
 1234677 28465  272.00000   39    8  300.50000  272.00000  9.48%   6.9  380s
 1252220 27454 infeasible   34       300.50000  272.00000  9.48%   6.9  385s
 1269697 26217 infeasible   48       300.50000  273.00000  9.15%   6.9  390s
 1290992 24656 infeasible   40       300.50000  275.00000  8.49%   6.9  395s
 1309089 23678  276.00000   37    6  300.50000  276.00000  8.15%   6.9  400s
 1329111 22764  276.00000   42    8  300.50000  276.00000  8.15%   6.9  405s
 1348451 21735  276.00000   44    4  300.50000  276.00000  8.15%   6.9  410s
 1371057 20242 infeasible   32       300.50000  281.00000  6.49%   6.9  415s
 1390580 18931 infeasible   44       300.50000  281.00000  6.49%   6.9  420s
 1412174 17803  284.00000   36    4  300.50000  281.00000  6.49%   6.9  425s
 1433202 16368  284.00000   39    5  300.50000  284.00000  5.49%   6.8  430s
 1456362 15955  285.00000   44    7  300.50000  285.00000  5.16%   6.8  435s
 1476064 16226     cutoff   41       300.50000  285.00000  5.16%   6.8  440s
 1496384 15870  285.00000   40    2  300.50000  285.00000  5.16%   6.8  445s
 1517324 15070  285.00000   38    2  300.50000  285.00000  5.16%   6.7  450s
 1535665 14352     cutoff   47       300.50000  285.00000  5.16%   6.7  455s
 1556886 13906  285.00000   48    1  300.50000  285.00000  5.16%   6.7  460s
 1576671 13381  285.00000   39    1  300.50000  285.00000  5.16%   6.7  465s
 1596933 13138     cutoff   39       300.50000  285.00000  5.16%   6.7  470s
 1616447 12760  285.00000   45    1  300.50000  285.00000  5.16%   6.6  475s
 1637623 12273  285.00000   48    2  300.50000  285.00000  5.16%   6.6  480s
 1657267 12053     cutoff   42       300.50000  285.00000  5.16%   6.6  485s
 1675680 11667  285.00000   35    3  300.50000  285.00000  5.16%   6.6  490s
 1698150 11394  285.00000   44    1  300.50000  285.00000  5.16%   6.6  495s
 1713373 11287  285.00000   37    2  300.50000  285.00000  5.16%   6.6  500s
 1727353 11165  285.00000   36    3  300.50000  285.00000  5.16%   6.6  505s
 1741303 10849     cutoff   42       300.50000  285.00000  5.16%   6.5  510s
 1755664 10628     cutoff   48       300.50000  285.00000  5.16%   6.5  515s
 1768761 10434  285.00000   44    1  300.50000  285.00000  5.16%   6.5  520s
 1789557 10496 infeasible   38       300.50000  285.00000  5.16%   6.5  525s
 1815611 10687  285.00000   39    1  300.50000  285.00000  5.16%   6.5  530s
H1832940 10138                     300.4999994  285.00000  5.16%   6.5  533s
 1840158  9915     cutoff   47       300.50000  285.00000  5.16%   6.5  535s
 1864420  9161  285.00000   38    2  300.50000  285.00000  5.16%   6.4  540s
 1888357  8585     cutoff   44       300.50000  285.00000  5.16%   6.4  545s
 1911811  7710  285.00000   39    2  300.50000  285.00000  5.16%   6.4  550s
 1934589  6877     cutoff   32       300.50000  285.00000  5.16%   6.4  555s
 1957642  6323  285.00000   40    1  300.50000  285.00000  5.16%   6.4  560s
 1981068  5714     cutoff   44       300.50000  285.00000  5.16%   6.4  565s
 2004993  5283  285.00000   41    1  300.50000  285.00000  5.16%   6.4  570s
 2025691  4599  285.00000   41    1  300.50000  285.00000  5.16%   6.3  575s
 2045130  4062  285.00000   35    3  300.50000  285.00000  5.16%   6.3  580s
 2064633  3827     cutoff   43       300.50000  285.00000  5.16%   6.3  585s
 2081324  3405  285.00000   38    2  300.50000  285.00000  5.16%   6.3  590s
 2098113  2988     cutoff   50       300.50000  285.00000  5.16%   6.3  595s
 2118955  1951  287.00000   44    1  300.50000  287.00000  4.49%   6.3  600s

Cutting planes:
  Gomory: 4
  MIR: 109
  Flow cover: 140

Explored 2119307 nodes (13336039 simplex iterations) in 300.02 seconds
Thread count was 4 (of 4 available processors)

Solution count 9: 300.5 300.5 300.5 ... 360.5
Pool objective bound 287

Time limit reached
Best objective 3.004999994132e+02, best bound 2.870000000000e+02, gap 4.4925%

#######################################
GN: iteration 0 at stage 1
Added demands: [0, 1, 2, 3, 4, 5, 6, 7, 8, 9]
Fixed demands: []

Gurobi 7.0.2 (win64) logging started 03/16/17 22:14:29

Changed value of parameter LogFile to log-opt-8.log
   Prev: gurobi.log  Default: 
Changed value of parameter presolve to 2
   Prev: -1  Min: -1  Max: 2  Default: -1
Changed value of parameter mipgap to 0.001
   Prev: 0.0001  Min: 0.0  Max: 1e+100  Default: 0.0001
Parameter method unchanged
   Value: -1  Min: -1  Max: 4  Default: -1
Changed value of parameter timelimit to 300.0
   Prev: 1e+100  Min: 0.0  Max: 1e+100  Default: 1e+100
Changed value of parameter mipfocus to 1
   Prev: 0  Min: 0  Max: 3  Default: 0
Optimize a model with 13161 rows, 3742 columns and 39787 nonzeros
Variable types: 1530 continuous, 2212 integer (2206 binary)
Coefficient statistics:
  Matrix range     [6e-01, 2e+04]
  Objective range  [1e+00, 1e+00]
  Bounds range     [1e+00, 1e+04]
  RHS range        [1e+00, 6e+04]
Presolve removed 8701 rows and 2374 columns
Presolve time: 0.19s
Presolved: 4460 rows, 1368 columns, 16060 nonzeros
Variable types: 518 continuous, 850 integer (850 binary)
Presolve removed 305 rows and 136 columns
Presolved: 4155 rows, 1232 columns, 15240 nonzeros


Root relaxation: objective 9.200000e+01, 214 iterations, 0.03 seconds

    Nodes    |    Current Node    |     Objective Bounds      |     Work
 Expl Unexpl |  Obj  Depth IntInf | Incumbent    BestBd   Gap | It/Node Time

     0     0   92.00000    0   14          -   92.00000      -     -    0s
H    0     0                     598.0000000   92.00000  84.6%     -    0s
H    0     0                     401.0000000   92.00000  77.1%     -    0s
H    0     0                     339.5000000   92.00000  72.9%     -    0s
H    0     0                     309.5000000   92.00000  70.3%     -    0s
     0     0   92.00000    0   56  309.50000   92.00000  70.3%     -    0s
H    0     0                     301.5000000   92.00000  69.5%     -    0s
     0     0   92.00000    0   56  301.50000   92.00000  69.5%     -    0s
     0     0   92.00000    0   62  301.50000   92.00000  69.5%     -    0s
     0     0   92.00000    0   54  301.50000   92.00000  69.5%     -    0s
H    0     0                     300.5000000   92.00000  69.4%     -    0s
     0     0   92.00000    0   59  300.50000   92.00000  69.4%     -    0s
     0     0   92.00000    0   57  300.50000   92.00000  69.4%     -    0s
     0     0   92.00000    0   54  300.50000   92.00000  69.4%     -    0s
     0     0   92.00000    0   52  300.50000   92.00000  69.4%     -    0s
     0     0   92.00000    0    9  300.50000   92.00000  69.4%     -    0s
     0     2   92.00000    0    9  300.50000   92.00000  69.4%     -    1s
H   93    58                     300.5000000   92.00000  69.4%  47.4    1s
H  393   201                     300.4999999   92.00000  69.4%  50.1    3s
H  458   216                     300.4999998   92.00000  69.4%  52.4    3s
  1019   474  126.25000   20   38  300.50000   92.00000  69.4%  46.2    5s
  2716  1141  179.50000   21    8  300.50000  132.72473  55.8%  37.1   10s
  7133  1471 infeasible   32       300.50000  167.50000  44.3%  26.5   15s
 11862  2374 infeasible   33       300.50000  167.50000  44.3%  23.4   20s
 17230  3555  248.00000   38    6  300.50000  171.50000  42.9%  21.9   25s
 22915  5084 infeasible   35       300.50000  171.50000  42.9%  21.0   30s
 28106  6108  180.50000   26   17  300.50000  171.50000  42.9%  20.7   35s
 32628  6806 infeasible   43       300.50000  171.50000  42.9%  20.8   40s
 38607  7744 infeasible   38       300.50000  171.50000  42.9%  20.1   45s
 43149  8300 infeasible   44       300.50000  175.50000  41.6%  20.1   50s
 47583  8900 infeasible   38       300.50000  176.50000  41.3%  20.3   55s
 52941  9502 infeasible   31       300.50000  176.50000  41.3%  19.9   60s
 58182 10493 infeasible   29       300.50000  176.50000  41.3%  19.8   65s
 63662 11336 infeasible   40       300.50000  176.50000  41.3%  19.7   70s
 68926 12015 infeasible   41       300.50000  176.50000  41.3%  19.5   75s
 74331 12576 infeasible   25       300.50000  176.50000  41.3%  19.2   80s
 78785 12998 infeasible   36       300.50000  176.50000  41.3%  19.5   85s
 84357 13636  270.00000   39    1  300.50000  177.50000  40.9%  19.3   90s
 89264 14146 infeasible   25       300.50000  179.50000  40.3%  19.3   95s
 94528 14636  179.50000   25    7  300.50000  179.50000  40.3%  19.3  100s
 99910 15111 infeasible   29       300.50000  179.50000  40.3%  19.3  105s
 104432 15853  179.50000   27   24  300.50000  179.50000  40.3%  19.2  110s
 109773 16250  180.50000   38   24  300.50000  180.50000  39.9%  19.1  115s
 115244 16648 infeasible   39       300.50000  180.50000  39.9%  18.9  120s
 120981 16955 infeasible   39       300.50000  180.50000  39.9%  18.8  125s
 127005 17377  257.00000   32    2  300.50000  180.50000  39.9%  18.6  130s
 133397 17858  180.50000   27   18  300.50000  180.50000  39.9%  18.5  135s
 139151 18265 infeasible   32       300.50000  180.50000  39.9%  18.3  140s
 144605 18530  183.50000   22    6  300.50000  180.50000  39.9%  18.2  145s
 150154 18973  269.00000   35    1  300.50000  180.50000  39.9%  18.2  150s
 156168 19472  236.00000   27    3  300.50000  180.50000  39.9%  18.1  155s
 161581 19752 infeasible   32       300.50000  180.50000  39.9%  18.0  160s
 168112 20059  180.50000   38   13  300.50000  180.50000  39.9%  17.9  165s
 173922 20408 infeasible   32       300.50000  180.50000  39.9%  17.8  170s
 179975 20747 infeasible   47       300.50000  180.50000  39.9%  17.8  175s
 185364 21231 infeasible   38       300.50000  180.50000  39.9%  17.8  180s
 191101 21727  184.50000   19   38  300.50000  180.50000  39.9%  17.7  185s
 197228 22141  180.50000   29   14  300.50000  180.50000  39.9%  17.6  190s
 202711 22432 infeasible   30       300.50000  180.50000  39.9%  17.6  195s
 208154 22661 infeasible   34       300.50000  180.50000  39.9%  17.5  200s
 213508 23351  269.00000   30    3  300.50000  180.50000  39.9%  17.5  205s
 218553 24053  180.50000   31   20  300.50000  180.50000  39.9%  17.5  210s
 223704 24775  269.00000   29    5  300.50000  180.50000  39.9%  17.5  215s
 229280 25491 infeasible   34       300.50000  180.50000  39.9%  17.5  220s
 234375 26102  286.00000   36    3  300.50000  180.50000  39.9%  17.5  225s
 239664 26638  180.50000   37   16  300.50000  180.50000  39.9%  17.5  230s
 244828 27109  192.50000   30   15  300.50000  180.50000  39.9%  17.6  235s
 250123 27526  180.50000   31   14  300.50000  180.50000  39.9%  17.6  240s
 255701 28043  180.50000   32   14  300.50000  180.50000  39.9%  17.6  245s
 261191 28522  269.00000   28    4  300.50000  180.50000  39.9%  17.5  250s
 266853 28925 infeasible   31       300.50000  180.50000  39.9%  17.5  255s
 272221 29066  180.50000   27   11  300.50000  180.50000  39.9%  17.5  260s
 277010 29346  285.00000   32    3  300.50000  180.50000  39.9%  17.5  265s
 282823 29759  272.00000   27    3  300.50000  180.50000  39.9%  17.5  270s
 288305 30748  192.50000   28    5  300.50000  180.50000  39.9%  17.5  275s
 294440 31435 infeasible   31       300.50000  180.50000  39.9%  17.5  280s
 300139 32194 infeasible   32       300.50000  180.50000  39.9%  17.5  285s
 305796 32963  192.50000   38    7  300.50000  180.50000  39.9%  17.5  290s
 310703 33295  248.00000   31   11  300.50000  181.50000  39.6%  17.5  295s
 316509 33752 infeasible   32       300.50000  183.50000  38.9%  17.5  300s

Cutting planes:
  Gomory: 15
  Cover: 1
  Implied bound: 25
  MIR: 179
  Flow cover: 191
  Zero half: 27

Explored 316755 nodes (5532354 simplex iterations) in 300.02 seconds
Thread count was 4 (of 4 available processors)

Solution count 9: 300.5 300.5 300.5 ... 598
Pool objective bound 183.5

Time limit reached
Best objective 3.004999997840e+02, best bound 1.835000000000e+02, gap 38.9351%

Gurobi 7.0.2 (win64) logging started 03/16/17 22:19:29

Parameter LogFile unchanged
   Value: log-opt-8.log  Default: 
Parameter presolve unchanged
   Value: 2  Min: -1  Max: 2  Default: -1
Parameter mipgap unchanged
   Value: 0.001  Min: 0.0  Max: 1e+100  Default: 0.0001
Parameter method unchanged
   Value: -1  Min: -1  Max: 4  Default: -1
Parameter timelimit unchanged
   Value: 300.0  Min: 0.0  Max: 1e+100  Default: 1e+100
Parameter mipfocus unchanged
   Value: 1  Min: 0  Max: 3  Default: 0
Optimize a model with 13161 rows, 3742 columns and 39787 nonzeros
Variable types: 1530 continuous, 2212 integer (2206 binary)
Coefficient statistics:
  Matrix range     [6e-01, 2e+04]
  Objective range  [1e+00, 1e+00]
  Bounds range     [1e+00, 1e+04]
  RHS range        [1e+00, 6e+04]
Presolved: 4460 rows, 1368 columns, 16060 nonzeros

Continuing optimization...

 316755 33727 infeasible   39       300.50000  183.50000  38.9%  17.5  300s
 322164 34014 infeasible   34       300.50000  183.50000  38.9%  17.4  305s
 327757 34373 infeasible   29       300.50000  183.50000  38.9%  17.4  310s
 333242 34615 infeasible   36       300.50000  183.50000  38.9%  17.4  315s
 339561 35071 infeasible   44       300.50000  183.50000  38.9%  17.4  320s
 345374 35433  284.00000   41    1  300.50000  183.50000  38.9%  17.4  325s
 351379 35756  183.50000   25   17  300.50000  183.50000  38.9%  17.3  330s
 357127 36064 infeasible   34       300.50000  183.50000  38.9%  17.3  335s
 362936 36250  192.50000   35   22  300.50000  183.50000  38.9%  17.3  340s
 368298 36595  183.50000   23   18  300.50000  183.50000  38.9%  17.3  345s
 374853 36818  261.00000   32    4  300.50000  183.50000  38.9%  17.2  350s
 380536 37041 infeasible   34       300.50000  183.50000  38.9%  17.2  355s
 386455 37437 infeasible   32       300.50000  183.50000  38.9%  17.2  360s
 392126 37905 infeasible   39       300.50000  183.50000  38.9%  17.2  365s
 397513 38150  183.50000   43   15  300.50000  183.50000  38.9%  17.2  370s
 403319 38465  261.00000   36    5  300.50000  183.50000  38.9%  17.2  375s
 409122 38880  183.50000   25   29  300.50000  183.50000  38.9%  17.2  380s
 414613 39346  183.50000   32   15  300.50000  183.50000  38.9%  17.2  385s
 420456 39626  183.50000   34   25  300.50000  183.50000  38.9%  17.2  390s
 425670 39943  183.50000   34   14  300.50000  183.50000  38.9%  17.2  395s
 430414 40267 infeasible   30       300.50000  183.50000  38.9%  17.2  400s
 435512 40511  183.50000   33   16  300.50000  183.50000  38.9%  17.2  405s
 440376 40968  236.00000   35    4  300.50000  183.50000  38.9%  17.3  410s
 445005 40994  261.00000   34    2  300.50000  183.50000  38.9%  17.3  415s
 450212 41197  183.50000   30   15  300.50000  183.50000  38.9%  17.3  420s
 455921 41353 infeasible   31       300.50000  183.50000  38.9%  17.3  425s
 461521 41622 infeasible   32       300.50000  183.50000  38.9%  17.3  430s
 466838 42036 infeasible   42       300.50000  183.50000  38.9%  17.3  435s
 472033 42527  183.50000   26   14  300.50000  183.50000  38.9%  17.3  440s
 477696 43120  272.00000   28    2  300.50000  183.50000  38.9%  17.3  445s
 482528 43527  183.50000   34    8  300.50000  183.50000  38.9%  17.3  450s
 487787 43716  261.00000   33    1  300.50000  183.50000  38.9%  17.3  455s
 493972 43946  257.00000   27   12  300.50000  184.50000  38.6%  17.3  460s
 499180 44243  194.50000   32    6  300.50000  184.50000  38.6%  17.3  465s
 505178 44540  184.50000   28    6  300.50000  184.50000  38.6%  17.3  470s
 511224 44961 infeasible   42       300.50000  184.50000  38.6%  17.3  475s
 516212 45329  184.50000   30   17  300.50000  184.50000  38.6%  17.3  480s
 521274 45529  262.00000   33    4  300.50000  184.50000  38.6%  17.3  485s
 527241 45955  184.50000   27   10  300.50000  184.50000  38.6%  17.3  490s
 533280 46276  270.00000   28    6  300.50000  184.50000  38.6%  17.3  495s
 538982 46745  184.50000   27    5  300.50000  184.50000  38.6%  17.3  500s
 544005 46898 infeasible   33       300.50000  184.50000  38.6%  17.3  505s
 549246 47167  184.50000   33    6  300.50000  184.50000  38.6%  17.3  510s
 555547 47498 infeasible   30       300.50000  184.50000  38.6%  17.3  515s
 560059 47619 infeasible   33       300.50000  184.50000  38.6%  17.3  520s
 565414 47678  184.50000   30   31  300.50000  184.50000  38.6%  17.3  525s
 570903 47878  254.00000   30    2  300.50000  184.50000  38.6%  17.3  530s
 576645 48034  262.00000   35    4  300.50000  184.50000  38.6%  17.3  535s
 582076 48588 infeasible   33       300.50000  184.50000  38.6%  17.3  540s
 586809 48799 infeasible   33       300.50000  184.50000  38.6%  17.3  545s
 591830 48925  184.50000   34   15  300.50000  184.50000  38.6%  17.4  550s
 596451 49018 infeasible   38       300.50000  184.50000  38.6%  17.4  555s
 601623 49319 infeasible   36       300.50000  184.50000  38.6%  17.4  560s
 607267 49541 infeasible   31       300.50000  184.50000  38.6%  17.4  565s
 613002 50115  273.00000   35    3  300.50000  184.50000  38.6%  17.4  570s
 618436 50606  285.00000   34    1  300.50000  184.50000  38.6%  17.4  575s
 624447 51242  184.50000   37    5  300.50000  184.50000  38.6%  17.4  580s
H625210 51376                     300.4999994  184.50000  38.6%  17.4  580s
 629697 51881 infeasible   34       300.50000  184.50000  38.6%  17.4  585s
 635011 52390 infeasible   39       300.50000  184.50000  38.6%  17.3  590s
 641989 52871  221.00000   37    5  300.50000  184.50000  38.6%  17.3  595s
 647900 53312  184.50000   29    5  300.50000  184.50000  38.6%  17.3  600s

Cutting planes:
  Gomory: 15
  Cover: 1
  Implied bound: 27
  MIR: 188
  Flow cover: 200
  Zero half: 32

Explored 648245 nodes (11213599 simplex iterations) in 300.02 seconds
Thread count was 4 (of 4 available processors)

Solution count 10: 300.5 300.5 300.5 ... 598
Pool objective bound 184.5

Time limit reached
Best objective 3.004999994151e+02, best bound 1.845000000000e+02, gap 38.6023%

#######################################
TR: iteration 0 at stage 2
Added demands: [0, 1, 2, 3, 4, 5, 6, 7, 8, 9, 10, 11, 12, 13, 14]
Fixed demands: []

Gurobi 7.0.2 (win64) logging started 03/16/17 22:24:33

Changed value of parameter LogFile to log-opt-8.log
   Prev: gurobi.log  Default: 
Changed value of parameter presolve to 2
   Prev: -1  Min: -1  Max: 2  Default: -1
Changed value of parameter mipgap to 0.001
   Prev: 0.0001  Min: 0.0  Max: 1e+100  Default: 0.0001
Parameter method unchanged
   Value: -1  Min: -1  Max: 4  Default: -1
Changed value of parameter timelimit to 300.0
   Prev: 1e+100  Min: 0.0  Max: 1e+100  Default: 1e+100
Changed value of parameter mipfocus to 1
   Prev: 0  Min: 0  Max: 3  Default: 0
Optimize a model with 9973 rows, 1334 columns and 43774 nonzeros
Variable types: 647 continuous, 687 integer (681 binary)
Coefficient statistics:
  Matrix range     [1e+00, 2e+04]
  Objective range  [1e+00, 1e+00]
  Bounds range     [1e+00, 1e+04]
  RHS range        [1e+00, 6e+04]
Found heuristic solution: objective 317.5
Presolve removed 6036 rows and 687 columns
Presolve time: 0.06s
Presolved: 3937 rows, 647 columns, 18113 nonzeros
Variable types: 314 continuous, 333 integer (333 binary)
Presolve removed 0 rows and 15 columns
Presolved: 647 rows, 4569 columns, 18685 nonzeros

Presolve removed 647 rows and 4569 columns

Root relaxation: objective 9.200000e+01, 1436 iterations, 0.06 seconds

    Nodes    |    Current Node    |     Objective Bounds      |     Work
 Expl Unexpl |  Obj  Depth IntInf | Incumbent    BestBd   Gap | It/Node Time

     0     0   92.00000    0   30  317.50000   92.00000  71.0%     -    0s
H    0     0                     300.5000000   92.00000  69.4%     -    0s
     0     0   92.00000    0   42  300.50000   92.00000  69.4%     -    0s
     0     0   92.00000    0   41  300.50000   92.00000  69.4%     -    0s
     0     0   92.00000    0   40  300.50000   92.00000  69.4%     -    0s
     0     0   92.00000    0   41  300.50000   92.00000  69.4%     -    0s
     0     0   92.00000    0   52  300.50000   92.00000  69.4%     -    0s
     0     0   92.00000    0   49  300.50000   92.00000  69.4%     -    0s
     0     0   92.00000    0   48  300.50000   92.00000  69.4%     -    0s
     0     0   92.00000    0   48  300.50000   92.00000  69.4%     -    0s
     0     0   92.00000    0   24  300.50000   92.00000  69.4%     -    0s
     0     2   92.00000    0   16  300.50000   92.00000  69.4%     -    0s
H  194   142                     300.5000000   92.00000  69.4%   8.0    1s
  3435  1128 infeasible   40       300.50000  169.50000  43.6%   8.3    5s
  9369  1657  192.50000   40    9  300.50000  171.50000  42.9%   7.8   10s
 16136  2430  184.50000   37   16  300.50000  171.50000  42.9%   7.2   15s
 23804  3302  184.50000   42   20  300.50000  171.50000  42.9%   7.0   20s
 31357  4259  171.50000   44   16  300.50000  171.50000  42.9%   6.9   25s
 38031  5129  184.50000   36   17  300.50000  171.50000  42.9%   6.9   30s
 45485  5868  184.50000   40   28  300.50000  171.50000  42.9%   6.9   35s
H45881  5966                     300.4999994  171.50000  42.9%   6.8   35s
 52538  6893  248.00000   49    6  300.50000  171.50000  42.9%   6.9   40s
H53569  7229                     300.4999510  171.50000  42.9%   6.9   40s
H56378  7964                     300.4999510  171.50000  42.9%   6.9   42s
 60802  8740  184.50000   52   20  300.49995  171.50000  42.9%   6.9   45s
 69878 10544 infeasible   37       300.49995  171.50000  42.9%   6.9   50s
 78032 11580  184.50000   45   21  300.49995  171.50000  42.9%   6.8   55s
 87103 12520 infeasible   42       300.49995  171.50000  42.9%   6.7   60s
 94732 13476 infeasible   46       300.49995  171.50000  42.9%   6.7   65s
 101251 14081  214.00000   43   16  300.49995  171.50000  42.9%   6.7   70s
 109807 14959  192.50000   36   18  300.49995  171.50000  42.9%   6.6   75s
 118362 16323  184.50000   38   26  300.49995  171.50000  42.9%   6.6   80s
 126719 17174  184.50000   40   22  300.49995  171.50000  42.9%   6.5   85s
 136112 18587  236.00000   48   15  300.49995  171.50000  42.9%   6.5   90s
 145160 19796  184.50000   40   20  300.49995  171.50000  42.9%   6.5   95s
 153738 21055  184.50000   42   16  300.49995  171.50000  42.9%   6.5  100s
 162635 22262 infeasible   46       300.49995  171.50000  42.9%   6.5  105s
 170855 23304  184.50000   42   24  300.49995  171.50000  42.9%   6.6  110s
 179665 24652  184.50000   41   19  300.49995  171.50000  42.9%   6.6  115s
 187879 25984  184.50000   45   13  300.49995  171.50000  42.9%   6.6  120s
 196486 26864  270.00000   33   13  300.49995  171.50000  42.9%   6.6  125s
 204117 27613  184.50000   38   35  300.49995  171.50000  42.9%   6.6  130s
 211908 28680 infeasible   43       300.49995  171.50000  42.9%   6.6  135s
 221497 31400  192.50000   41   17  300.49995  171.50000  42.9%   6.6  140s
 230996 32963  192.50000   39   12  300.49995  171.50000  42.9%   6.7  145s
 238769 34239 infeasible   56       300.49995  171.50000  42.9%   6.7  150s
 244830 35244  196.52315   42    8  300.49995  171.50000  42.9%   6.7  155s
 252487 36461  194.83624   45   10  300.49995  171.50000  42.9%   6.8  160s
 260880 38032  192.50000   41   15  300.49995  171.50000  42.9%   6.8  165s
 269484 39457 infeasible   49       300.49995  171.50000  42.9%   6.8  170s
 277299 40676  192.50000   47   21  300.49995  171.50000  42.9%   6.8  175s
 284856 41271  195.95244   39    9  300.49995  173.50000  42.3%   6.8  180s
 291590 42055  192.50000   35   18  300.49995  173.50000  42.3%   6.8  185s
 299548 43513  173.50000   39   19  300.49995  173.50000  42.3%   6.8  190s
 307639 44624 infeasible   50       300.49995  174.50000  41.9%   6.8  195s
 315532 45130  174.50000   47   18  300.49995  174.50000  41.9%   6.8  200s
 323428 46079  270.00000   40   10  300.49995  174.50000  41.9%   6.8  205s
 329833 45931  225.00000   47    6  300.49995  176.50000  41.3%   6.8  210s
 336743 46289 infeasible   50       300.49995  176.50000  41.3%   6.9  215s
 343311 46598  229.00000   47    8  300.49995  176.50000  41.3%   6.9  220s
 350738 47088  183.50000   45   15  300.49995  176.50000  41.3%   7.0  225s
 358820 48949 infeasible   43       300.49995  176.50000  41.3%   7.0  230s
 367636 50293  176.50000   35   18  300.49995  176.50000  41.3%   7.0  235s
 376658 52364  184.50000   38   17  300.49995  176.50000  41.3%   7.0  240s
 385078 54203  184.50000   40   14  300.49995  176.50000  41.3%   7.0  245s
 393423 55680  184.50000   48   11  300.49995  176.50000  41.3%   7.0  250s
 401054 56861  184.50000   41   12  300.49995  176.50000  41.3%   7.0  255s
 409219 58343  232.00000   54    8  300.49995  176.50000  41.3%   7.1  260s
 416823 59474  190.50000   38   17  300.49995  176.50000  41.3%   7.1  265s
 425931 61457 infeasible   43       300.49995  176.50000  41.3%   7.1  270s
 433254 63144  192.50000   35   18  300.49995  176.50000  41.3%   7.1  275s
 442631 64940  193.50000   51   19  300.49995  176.50000  41.3%   7.1  280s
 451268 66473  258.00000   42   13  300.49995  176.50000  41.3%   7.1  285s
 459270 68272 infeasible   41       300.49995  176.50000  41.3%   7.1  290s
 467526 69913  184.50000   35   18  300.49995  176.50000  41.3%   7.1  295s
 475285 71581 infeasible   40       300.49995  176.50000  41.3%   7.1  300s

Cutting planes:
  Gomory: 11
  Implied bound: 5
  MIR: 109
  Flow cover: 182

Explored 475573 nodes (3388382 simplex iterations) in 300.03 seconds
Thread count was 4 (of 4 available processors)

Solution count 6: 300.5 300.5 300.5 ... 317.5
Pool objective bound 176.5

Time limit reached
Best objective 3.004999509977e+02, best bound 1.765000000000e+02, gap 41.2645%

#######################################
GN: iteration 0 at stage 2
Added demands: [0, 1, 2, 3, 4, 5, 6, 7, 8, 9, 10, 11, 12, 13, 14]
Fixed demands: []

Gurobi 7.0.2 (win64) logging started 03/16/17 22:29:33

Changed value of parameter LogFile to log-opt-8.log
   Prev: gurobi.log  Default: 
Changed value of parameter presolve to 2
   Prev: -1  Min: -1  Max: 2  Default: -1
Changed value of parameter mipgap to 0.001
   Prev: 0.0001  Min: 0.0  Max: 1e+100  Default: 0.0001
Parameter method unchanged
   Value: -1  Min: -1  Max: 4  Default: -1
Changed value of parameter timelimit to 300.0
   Prev: 1e+100  Min: 0.0  Max: 1e+100  Default: 1e+100
Changed value of parameter mipfocus to 1
   Prev: 0  Min: 0  Max: 3  Default: 0
Optimize a model with 26551 rows, 7022 columns and 84112 nonzeros
Variable types: 2285 continuous, 4737 integer (4731 binary)
Coefficient statistics:
  Matrix range     [6e-01, 2e+04]
  Objective range  [1e+00, 1e+00]
  Bounds range     [1e+00, 1e+04]
  RHS range        [1e+00, 6e+04]
Presolve removed 16996 rows and 4337 columns
Presolve time: 0.55s
Presolved: 9555 rows, 2685 columns, 34885 nonzeros
Variable types: 802 continuous, 1883 integer (1883 binary)
Found heuristic solution: objective 670.5000000
Presolve removed 469 rows and 214 columns
Presolved: 9086 rows, 2471 columns, 33636 nonzeros


Root relaxation: objective 9.200000e+01, 286 iterations, 0.08 seconds

    Nodes    |    Current Node    |     Objective Bounds      |     Work
 Expl Unexpl |  Obj  Depth IntInf | Incumbent    BestBd   Gap | It/Node Time

     0     0   92.00000    0   20  670.50000   92.00000  86.3%     -    0s
H    0     0                     382.0000000   92.00000  75.9%     -    0s
H    0     0                     336.5000000   92.00000  72.7%     -    0s
     0     0   92.00000    0   84  336.50000   92.00000  72.7%     -    1s
     0     0   92.00000    0   81  336.50000   92.00000  72.7%     -    1s
H    0     0                     312.5000000   92.00000  70.6%     -    1s
     0     0   92.00000    0   77  312.50000   92.00000  70.6%     -    1s
H    0     0                     300.5000000   92.00000  69.4%     -    1s
     0     0   92.00000    0   71  300.50000   92.00000  69.4%     -    1s
     0     0   92.00000    0  108  300.50000   92.00000  69.4%     -    1s
     0     0   92.00000    0   92  300.50000   92.00000  69.4%     -    1s
     0     0   92.00000    0  113  300.50000   92.00000  69.4%     -    1s
     0     0   92.00000    0  107  300.50000   92.00000  69.4%     -    1s
     0     0   92.00000    0   36  300.50000   92.00000  69.4%     -    2s
     0     2   92.00000    0   36  300.50000   92.00000  69.4%     -    2s
H   40    39                     300.5000000   92.00000  69.4%   107    3s
   189    99  192.50000   19   45  300.50000   92.00000  69.4%  79.9    5s
  1395   681  240.00000   37   36  300.50000   92.00000  69.4%  44.3   10s
  1605   739  184.50000   19   74  300.50000  135.50000  54.9%  49.6   15s
  2855   784  180.50000   27   42  300.50000  147.50000  50.9%  42.9   20s
  4723  1407  180.50000   35    7  300.50000  157.50000  47.6%  36.8   25s
  6993  2240 infeasible   46       300.50000  157.50000  47.6%  33.4   30s
  9386  2995 infeasible   33       300.50000  157.50000  47.6%  31.2   35s
 11428  3757  294.00000   49    1  300.50000  157.50000  47.6%  30.1   40s
 13963  4615  157.50000   28   81  300.50000  157.50000  47.6%  29.3   45s
 16389  5476 infeasible   39       300.50000  157.50000  47.6%  28.8   50s
 18352  6037 infeasible   37       300.50000  165.50000  44.9%  29.0   55s
 20552  6727  184.50000   39   31  300.50000  167.50000  44.3%  28.6   60s
 22919  7193 infeasible   43       300.50000  167.50000  44.3%  28.0   65s
 26631  8216  183.50000   38   33  300.50000  167.50000  44.3%  26.2   70s
 29121  8678  192.50000   39   44  300.50000  167.50000  44.3%  25.8   75s
 31302  9306  192.50000   50   13  300.50000  167.50000  44.3%  25.6   80s
 34076 10059 infeasible   45       300.50000  167.50000  44.3%  24.9   85s
 36548 10551  180.50000   40   43  300.50000  167.50000  44.3%  24.9   90s
 38638 11087 infeasible   46       300.50000  167.50000  44.3%  24.8   95s
 41240 11599 infeasible   43       300.50000  167.50000  44.3%  24.7  100s
 43268 12036 infeasible   42       300.50000  167.50000  44.3%  24.8  105s
 45506 12540  192.50000   40   25  300.50000  167.50000  44.3%  25.1  110s
 48607 13369 infeasible   48       300.50000  167.50000  44.3%  24.6  115s
H50345 13668                     300.4997915  167.50000  44.3%  24.6  119s
 50698 13742  192.50000   44   14  300.49979  167.50000  44.3%  24.6  120s
 54030 14618 infeasible   45       300.49979  167.50000  44.3%  24.2  125s
 56428 15016  191.50000   48   26  300.49979  167.50000  44.3%  24.2  130s
 58196 15375  190.50000   62   15  300.49979  167.50000  44.3%  24.4  135s
 59762 15601  184.50000   47   21  300.49979  167.50000  44.3%  24.7  140s
 62119 16115  245.00000   56   18  300.49979  167.50000  44.3%  24.8  147s
 63738 16521  183.50000   34   12  300.49979  167.50000  44.3%  24.6  150s
 66005 16834  184.50000   36   27  300.49979  167.50000  44.3%  24.7  155s
 68238 17280 infeasible   53       300.49979  168.50000  43.9%  24.8  160s
 70250 17804  190.50000   37   25  300.49979  168.50000  43.9%  24.8  165s
 72655 18423  278.00000   54    8  300.49979  168.50000  43.9%  24.8  170s
 74989 19143  189.50000   43    9  300.49979  168.50000  43.9%  24.9  176s
 76876 19681  190.50000   35    8  300.49979  168.50000  43.9%  24.9  180s
 79290 20379  183.50000   52   12  300.49979  168.50000  43.9%  24.9  185s
 81565 20972  168.50000   39   11  300.49979  168.50000  43.9%  25.0  190s
 83917 21549  168.50000   40   44  300.49979  168.50000  43.9%  24.9  196s
 86201 22055  168.50000   38   15  300.49979  168.50000  43.9%  24.9  200s
 88387 22536  168.50000   40   19  300.49979  168.50000  43.9%  24.9  205s
 91130 23270 infeasible   40       300.49979  168.50000  43.9%  24.7  210s
 93674 23871 infeasible   52       300.49979  168.50000  43.9%  24.6  215s
 95591 24361 infeasible   61       300.49979  168.50000  43.9%  24.5  220s
 98111 25025  168.50000   32   19  300.49979  168.50000  43.9%  24.4  225s
 100520 25793 infeasible   49       300.49979  168.50000  43.9%  24.4  230s
 102961 26663  180.50000   45    9  300.49979  168.50000  43.9%  24.4  235s
 106483 27875  192.50000   54   26  300.49979  168.50000  43.9%  24.2  240s
 109848 28948  180.50000   49   39  300.49979  168.50000  43.9%  24.0  245s
 112092 29462  180.50000   41   11  300.49979  168.50000  43.9%  24.0  250s
 114099 30138  168.50000   32   34  300.49979  168.50000  43.9%  24.0  255s
 117049 31111 infeasible   38       300.49979  168.50000  43.9%  23.9  260s
 119282 31731  168.50000   47   21  300.49979  168.50000  43.9%  24.0  265s
 121284 32233  177.50000   44   22  300.49979  168.50000  43.9%  24.1  270s
 123301 32728  192.50000   49   35  300.49979  168.50000  43.9%  24.2  275s
 126445 33538 infeasible   44       300.49979  168.50000  43.9%  24.2  281s
 128386 33997  180.50000   46   27  300.49979  168.50000  43.9%  24.2  285s
 130626 34540  180.50000   42   36  300.49979  168.50000  43.9%  24.2  290s
 133580 35346 infeasible   41       300.49979  168.50000  43.9%  24.1  295s
 137179 36564 infeasible   46       300.49979  168.50000  43.9%  23.8  300s

Cutting planes:
  Gomory: 19
  Implied bound: 36
  MIR: 169
  Flow cover: 190
  Zero half: 18

Explored 137274 nodes (3275083 simplex iterations) in 300.04 seconds
Thread count was 4 (of 4 available processors)

Solution count 7: 300.5 300.5 300.5 ... 670.5
Pool objective bound 168.5

Time limit reached
Best objective 3.004997915307e+02, best bound 1.685000000000e+02, gap 43.9267%

#######################################
TR: iteration 0 at stage 3
Added demands: [0, 1, 2, 3, 4, 5, 6, 7, 8, 9, 10, 11, 12, 13, 14, 15, 16, 17, 18, 19]
Fixed demands: []

Gurobi 7.0.2 (win64) logging started 03/16/17 22:34:38

Changed value of parameter LogFile to log-opt-8.log
   Prev: gurobi.log  Default: 
Changed value of parameter presolve to 2
   Prev: -1  Min: -1  Max: 2  Default: -1
Changed value of parameter mipgap to 0.001
   Prev: 0.0001  Min: 0.0  Max: 1e+100  Default: 0.0001
Parameter method unchanged
   Value: -1  Min: -1  Max: 4  Default: -1
Changed value of parameter timelimit to 300.0
   Prev: 1e+100  Min: 0.0  Max: 1e+100  Default: 1e+100
Changed value of parameter mipfocus to 1
   Prev: 0  Min: 0  Max: 3  Default: 0
Optimize a model with 16993 rows, 1874 columns and 76559 nonzeros
Variable types: 862 continuous, 1012 integer (1006 binary)
Coefficient statistics:
  Matrix range     [1e+00, 2e+04]
  Objective range  [1e+00, 1e+00]
  Bounds range     [1e+00, 1e+04]
  RHS range        [1e+00, 6e+04]
Presolve removed 9941 rows and 927 columns
Presolve time: 0.11s
Presolved: 7052 rows, 947 columns, 33060 nonzeros
Variable types: 439 continuous, 508 integer (508 binary)
Found heuristic solution: objective 725.0000000
Found heuristic solution: objective 704.5000000
Presolve removed 0 rows and 20 columns
Presolved: 947 rows, 7979 columns, 33912 nonzeros

Presolve removed 947 rows and 7979 columns

Root relaxation: objective 9.200000e+01, 3595 iterations, 0.22 seconds

    Nodes    |    Current Node    |     Objective Bounds      |     Work
 Expl Unexpl |  Obj  Depth IntInf | Incumbent    BestBd   Gap | It/Node Time

     0     0   92.00000    0   32  704.50000   92.00000  86.9%     -    0s
H    0     0                     358.0000000   92.00000  74.3%     -    0s
H    0     0                     323.5000000   92.00000  71.6%     -    0s
     0     0   92.00000    0   46  323.50000   92.00000  71.6%     -    0s
H    0     0                     302.5000000   92.00000  69.6%     -    0s
H    0     0                     301.5000000   92.00000  69.5%     -    0s
     0     0   92.00000    0   46  301.50000   92.00000  69.5%     -    0s
     0     0   92.00000    0   57  301.50000   92.00000  69.5%     -    0s
H    0     0                     300.5000000   92.00000  69.4%     -    0s
     0     0   92.00000    0   53  300.50000   92.00000  69.4%     -    0s
     0     0   92.00000    0   53  300.50000   92.00000  69.4%     -    0s
     0     0   92.00000    0   54  300.50000   92.00000  69.4%     -    0s
     0     0   92.00000    0   53  300.50000   92.00000  69.4%     -    1s
     0     0   92.00000    0   59  300.50000   92.00000  69.4%     -    1s
     0     0   92.00000    0   27  300.50000   92.00000  69.4%     -    1s
     0     2   92.00000    0   25  300.50000   92.00000  69.4%     -    1s
  1032   635  180.50000   10   42  300.50000   92.00000  69.4%   5.6    5s
H 1281   675                     300.5000000   92.00000  69.4%  14.7    7s
  3296  1112  192.50000   32   24  300.50000  134.50000  55.2%  11.8   10s
  7153  2710  184.50000   35   12  300.50000  135.50000  54.9%  10.0   15s
 11009  3571  181.50000   52   21  300.50000  135.50000  54.9%   9.6   20s
 15905  4837 infeasible   39       300.50000  135.50000  54.9%   9.2   25s
 20274  5834  180.50000   43   17  300.50000  135.50000  54.9%   9.1   30s
 24629  6972  190.50000   51   41  300.50000  135.50000  54.9%   8.9   35s
 29214  8039  193.50000   55   27  300.50000  135.50000  54.9%   8.7   40s
 33613  9011 infeasible   53       300.50000  135.50000  54.9%   8.7   45s
 38051 10222  192.50000   43   15  300.50000  135.50000  54.9%   8.7   50s
 41811 11011  192.50000   45   21  300.50000  135.50000  54.9%   8.8   55s
 46088 12083  180.50000   39   15  300.50000  135.50000  54.9%   8.8   60s
 49333 12359  180.50000   41   20  300.50000  135.50000  54.9%   8.9   65s
 53162 13085  183.50000   47   19  300.50000  135.50000  54.9%   8.9   70s
 57129 13813 infeasible   54       300.50000  135.50000  54.9%   8.9   75s
 60264 14218 infeasible   57       300.50000  135.50000  54.9%   9.0   80s
 64180 14936 infeasible   43       300.50000  135.50000  54.9%   9.0   85s
 67628 15206 infeasible   62       300.50000  135.50000  54.9%   9.0   90s
 70657 15547 infeasible   57       300.50000  135.50000  54.9%   9.0   95s
 74223 15950  184.50000   46   21  300.50000  135.50000  54.9%   9.1  100s
 77555 16434  184.50000   41   31  300.50000  135.50000  54.9%   9.1  105s
 81315 17464 infeasible   52       300.50000  135.50000  54.9%   9.1  110s
 85364 18654  192.50000   38   21  300.50000  135.50000  54.9%   9.0  115s
 89306 19836 infeasible   51       300.50000  135.50000  54.9%   9.0  120s
 93409 20535  192.50000   47   26  300.50000  135.50000  54.9%   8.9  125s
 97349 21251 infeasible   35       300.50000  135.50000  54.9%   8.9  130s
 101204 22175  183.50000   43   17  300.50000  135.50000  54.9%   8.9  135s
 105223 22739 infeasible   55       300.50000  135.50000  54.9%   8.9  140s
 109073 23145 infeasible   52       300.50000  135.50000  54.9%   8.9  145s
 113514 23912  180.50000   49   20  300.50000  135.50000  54.9%   8.8  150s
 117459 24586 infeasible   47       300.50000  135.50000  54.9%   8.8  155s
 121294 25265  183.50000   38   30  300.50000  135.50000  54.9%   8.8  160s
 125123 25806  183.50000   40   27  300.50000  135.50000  54.9%   8.8  165s
 129241 26636 infeasible   58       300.50000  135.50000  54.9%   8.8  170s
 133101 27231  183.50000   36   22  300.50000  135.50000  54.9%   8.8  175s
 136831 27675  192.50000   45   14  300.50000  135.50000  54.9%   8.8  180s
 140347 28292  183.50000   40   21  300.50000  135.50000  54.9%   8.7  185s
 144035 29004 infeasible   54       300.50000  135.50000  54.9%   8.7  190s
 147509 29751  180.50000   48   19  300.50000  135.50000  54.9%   8.7  195s
 151533 30587 infeasible   44       300.50000  135.50000  54.9%   8.6  200s
 154888 31042  192.50000   60   30  300.50000  135.50000  54.9%   8.6  205s
 158180 31803 infeasible   61       300.50000  135.50000  54.9%   8.6  210s
H159100 31882                     300.4999999  135.50000  54.9%   8.6  211s
 162128 32667 infeasible   45       300.50000  135.50000  54.9%   8.6  215s
 165856 33622 infeasible   55       300.50000  135.50000  54.9%   8.5  220s
 169606 34397 infeasible   36       300.50000  135.50000  54.9%   8.6  225s
 173771 35094  191.50000   56   27  300.50000  135.50000  54.9%   8.6  230s
 177374 35845  181.50000   46   22  300.50000  135.50000  54.9%   8.6  235s
 180864 36207  184.50000   45   36  300.50000  135.50000  54.9%   8.6  240s
 183583 36404  181.50000   45   15  300.50000  135.50000  54.9%   8.6  245s
 187398 37201  191.50000   51   17  300.50000  135.50000  54.9%   8.6  250s
 191252 37594  194.50000   57   27  300.50000  135.50000  54.9%   8.6  255s
 195617 38483  183.50000   43   20  300.50000  135.50000  54.9%   8.6  260s
 199419 39056 infeasible   51       300.50000  135.50000  54.9%   8.6  265s
 203927 39942 infeasible   72       300.50000  135.50000  54.9%   8.5  270s
 207648 40395 infeasible   54       300.50000  135.50000  54.9%   8.5  275s
 211886 41073 infeasible   51       300.50000  135.50000  54.9%   8.5  280s
 215075 41472  192.50000   53   26  300.50000  135.50000  54.9%   8.5  285s
 219786 42144 infeasible   55       300.50000  135.50000  54.9%   8.5  290s
 223517 42811  192.50000   49   22  300.50000  135.50000  54.9%   8.5  295s
 227246 43378  218.34357   56   32  300.50000  135.50000  54.9%   8.5  300s

Cutting planes:
  Gomory: 4
  Implied bound: 4
  MIR: 189
  Flow cover: 178

Explored 227460 nodes (1950238 simplex iterations) in 300.04 seconds
Thread count was 4 (of 4 available processors)

Solution count 9: 300.5 300.5 300.5 ... 725
Pool objective bound 135.5

Time limit reached
Best objective 3.004999999396e+02, best bound 1.355000000000e+02, gap 54.9085%

#######################################
GN: iteration 0 at stage 3
Added demands: [0, 1, 2, 3, 4, 5, 6, 7, 8, 9, 10, 11, 12, 13, 14, 15, 16, 17, 18, 19]
Fixed demands: []

Gurobi 7.0.2 (win64) logging started 03/16/17 22:39:39

Changed value of parameter LogFile to log-opt-8.log
   Prev: gurobi.log  Default: 
Changed value of parameter presolve to 2
   Prev: -1  Min: -1  Max: 2  Default: -1
Changed value of parameter mipgap to 0.001
   Prev: 0.0001  Min: 0.0  Max: 1e+100  Default: 0.0001
Parameter method unchanged
   Value: -1  Min: -1  Max: 4  Default: -1
Changed value of parameter timelimit to 300.0
   Prev: 1e+100  Min: 0.0  Max: 1e+100  Default: 1e+100
Changed value of parameter mipfocus to 1
   Prev: 0  Min: 0  Max: 3  Default: 0
Optimize a model with 44491 rows, 11252 columns and 144737 nonzeros
Variable types: 3040 continuous, 8212 integer (8206 binary)
Coefficient statistics:
  Matrix range     [5e-01, 2e+04]
  Objective range  [1e+00, 1e+00]
  Bounds range     [1e+00, 1e+04]
  RHS range        [1e+00, 6e+04]
Presolve removed 27291 rows and 6697 columns
Presolve time: 1.22s
Presolved: 17200 rows, 4555 columns, 63332 nonzeros
Variable types: 1107 continuous, 3448 integer (3448 binary)
Found heuristic solution: objective 889.0000000
Found heuristic solution: objective 875.0000000
Found heuristic solution: objective 866.5000000
Presolve removed 654 rows and 304 columns
Presolved: 16546 rows, 4251 columns, 61613 nonzeros


Root relaxation: objective 9.200000e+01, 406 iterations, 0.16 seconds

    Nodes    |    Current Node    |     Objective Bounds      |     Work
 Expl Unexpl |  Obj  Depth IntInf | Incumbent    BestBd   Gap | It/Node Time

     0     0   92.00000    0   24  866.50000   92.00000  89.4%     -    2s
H    0     0                     340.5000000   92.00000  73.0%     -    2s
H    0     0                     300.5000000   92.00000  69.4%     -    2s
     0     0   92.00000    0  103  300.50000   92.00000  69.4%     -    2s
     0     0   92.00000    0  116  300.50000   92.00000  69.4%     -    3s
     0     0   92.00000    0  129  300.50000   92.00000  69.4%     -    3s
     0     0   92.00000    0  111  300.50000   92.00000  69.4%     -    3s
     0     0   92.00000    0  145  300.50000   92.00000  69.4%     -    3s
     0     0   92.00000    0  122  300.50000   92.00000  69.4%     -    3s
     0     0   92.00000    0  161  300.50000   92.00000  69.4%     -    4s
     0     0   92.00000    0  134  300.50000   92.00000  69.4%     -    4s
     0     0   92.00000    0   26  300.50000   92.00000  69.4%     -    5s
     0     2   92.00000    0   26  300.50000   92.00000  69.4%     -    6s
    19    20   92.00000    6  127  300.50000   92.00000  69.4%   138   15s
    30    30   92.00000    9  110  300.50000   92.00000  69.4%  1290   63s
    39    35  192.50000   11  440  300.50000   92.00000  69.4%  3798  120s
H   80    64                     300.5000000   92.00000  69.4%  3125  180s
   113    81  192.50000   14  174  300.50000   92.00000  69.4%  3212  233s
   156   105 infeasible   18       300.50000   92.00000  69.4%  3440  282s
H  167   106                     300.4999999   92.00000  69.4%  3545  282s
   237   160  192.50000   19  148  300.50000   92.00000  69.4%  2764  300s

Cutting planes:
  Gomory: 11
  Implied bound: 25
  MIR: 70
  Flow cover: 32
  Zero half: 3

Explored 328 nodes (664925 simplex iterations) in 300.02 seconds
Thread count was 4 (of 4 available processors)

Solution count 7: 300.5 300.5 300.5 ... 889
Pool objective bound 92

Time limit reached
Best objective 3.004999999292e+02, best bound 9.200000000000e+01, gap 69.3844%

Gurobi 7.0.2 (win64) logging started 03/16/17 22:44:39

Parameter LogFile unchanged
   Value: log-opt-8.log  Default: 
Parameter presolve unchanged
   Value: 2  Min: -1  Max: 2  Default: -1
Parameter mipgap unchanged
   Value: 0.001  Min: 0.0  Max: 1e+100  Default: 0.0001
Parameter method unchanged
   Value: -1  Min: -1  Max: 4  Default: -1
Parameter timelimit unchanged
   Value: 300.0  Min: 0.0  Max: 1e+100  Default: 1e+100
Parameter mipfocus unchanged
   Value: 1  Min: 0  Max: 3  Default: 0
Optimize a model with 44491 rows, 11252 columns and 144737 nonzeros
Variable types: 3040 continuous, 8212 integer (8206 binary)
Coefficient statistics:
  Matrix range     [5e-01, 2e+04]
  Objective range  [1e+00, 1e+00]
  Bounds range     [1e+00, 1e+04]
  RHS range        [1e+00, 6e+04]
Presolved: 17200 rows, 4555 columns, 63332 nonzeros

Continuing optimization...

   328   209  192.50000   20  135  300.50000   92.00000  69.4%  2009  324s
   456   293   92.00000    6  915  300.50000   92.00000  69.4%  1865  344s
   595   378   92.00000    7  896  300.50000   92.00000  69.4%  1517  368s
   777   473  169.50000   22   42  300.50000   92.00000  69.4%  1388  444s
   984   597   92.00000    5  112  300.50000   92.00000  69.4%  1270  507s
  1165   708  141.26951    6  152  300.50000   92.00000  69.4%  1233  510s
  1174   715   92.00000   10   93  300.50000   92.00000  69.4%  1233  515s
  1525   789  179.50000   17  111  300.50000  120.50000  59.9%   959  558s
  1548   793 infeasible   46       300.50000  120.50000  59.9%   983  600s

Cutting planes:
  Gomory: 9
  Implied bound: 24
  MIR: 74
  Flow cover: 92
  Zero half: 18

Explored 1554 nodes (1527268 simplex iterations) in 300.02 seconds
Thread count was 4 (of 4 available processors)

Solution count 7: 300.5 300.5 300.5 ... 889
Pool objective bound 120.5

Time limit reached
Best objective 3.004999999292e+02, best bound 1.205000000000e+02, gap 59.9002%
