
#######################################
TR: iteration 0 at stage 0
Added demands: [0, 1, 2, 3, 4]
Fixed demands: []

Gurobi 7.0.2 (win64) logging started 03/17/17 03:07:12

Changed value of parameter LogFile to log-opt-17.log
   Prev: gurobi.log  Default: 
Changed value of parameter presolve to 2
   Prev: -1  Min: -1  Max: 2  Default: -1
Changed value of parameter mipgap to 0.001
   Prev: 0.0001  Min: 0.0  Max: 1e+100  Default: 0.0001
Parameter method unchanged
   Value: -1  Min: -1  Max: 4  Default: -1
Changed value of parameter timelimit to 300.0
   Prev: 1e+100  Min: 0.0  Max: 1e+100  Default: 1e+100
Changed value of parameter mipfocus to 1
   Prev: 0  Min: 0  Max: 3  Default: 0
Optimize a model with 1483 rows, 404 columns and 5504 nonzeros
Variable types: 217 continuous, 187 integer (181 binary)
Coefficient statistics:
  Matrix range     [1e+00, 2e+04]
  Objective range  [1e+00, 1e+00]
  Bounds range     [1e+00, 1e+04]
  RHS range        [1e+00, 6e+04]
Presolve removed 926 rows and 222 columns
Presolve time: 0.02s
Presolved: 557 rows, 182 columns, 2283 nonzeros
Variable types: 100 continuous, 82 integer (82 binary)
Found heuristic solution: objective 288.0000000
Found heuristic solution: objective 276.0000000
Found heuristic solution: objective 245.0000000
Presolve removed 19 rows and 0 columns
Presolved: 538 rows, 196 columns, 2201 nonzeros


Root relaxation: objective 9.800000e+01, 40 iterations, 0.00 seconds

    Nodes    |    Current Node    |     Objective Bounds      |     Work
 Expl Unexpl |  Obj  Depth IntInf | Incumbent    BestBd   Gap | It/Node Time

     0     0   98.00000    0    2  245.00000   98.00000  60.0%     -    0s
H    0     0                     176.5000000   98.00000  44.5%     -    0s
     0     0   98.00000    0   11  176.50000   98.00000  44.5%     -    0s
     0     0   98.00000    0   11  176.50000   98.00000  44.5%     -    0s
     0     0   98.00000    0   12  176.50000   98.00000  44.5%     -    0s
     0     0   98.00000    0   11  176.50000   98.00000  44.5%     -    0s
     0     0   98.00000    0   15  176.50000   98.00000  44.5%     -    0s
     0     0   98.00000    0   16  176.50000   98.00000  44.5%     -    0s
     0     0   98.00000    0   20  176.50000   98.00000  44.5%     -    0s
     0     0   98.00000    0   19  176.50000   98.00000  44.5%     -    0s
     0     0   98.00000    0    2  176.50000   98.00000  44.5%     -    0s
     0     2   98.00000    0    2  176.50000   98.00000  44.5%     -    0s

Cutting planes:
  MIR: 4
  Flow cover: 6

Explored 22 nodes (376 simplex iterations) in 0.13 seconds
Thread count was 4 (of 4 available processors)

Solution count 4: 176.5 245 276 288 
Pool objective bound 176.5

Optimal solution found (tolerance 1.00e-03)
Best objective 1.765000000000e+02, best bound 1.765000000000e+02, gap 0.0000%

#######################################
GN: iteration 0 at stage 0
Added demands: [0, 1, 2, 3, 4]
Fixed demands: []

Gurobi 7.0.2 (win64) logging started 03/17/17 03:07:12

Changed value of parameter LogFile to log-opt-17.log
   Prev: gurobi.log  Default: 
Changed value of parameter presolve to 2
   Prev: -1  Min: -1  Max: 2  Default: -1
Changed value of parameter mipgap to 0.001
   Prev: 0.0001  Min: 0.0  Max: 1e+100  Default: 0.0001
Parameter method unchanged
   Value: -1  Min: -1  Max: 4  Default: -1
Changed value of parameter timelimit to 300.0
   Prev: 1e+100  Min: 0.0  Max: 1e+100  Default: 1e+100
Changed value of parameter mipfocus to 1
   Prev: 0  Min: 0  Max: 3  Default: 0
Optimize a model with 4321 rows, 1412 columns and 11762 nonzeros
Variable types: 775 continuous, 637 integer (631 binary)
Coefficient statistics:
  Matrix range     [6e-01, 2e+04]
  Objective range  [1e+00, 1e+00]
  Bounds range     [1e+00, 1e+04]
  RHS range        [1e+00, 6e+04]
Found heuristic solution: objective 245
Presolve removed 3028 rows and 936 columns
Presolve time: 0.05s
Presolved: 1293 rows, 476 columns, 4471 nonzeros
Variable types: 248 continuous, 228 integer (228 binary)
Presolve removed 140 rows and 64 columns
Presolved: 1153 rows, 412 columns, 4091 nonzeros


Root relaxation: objective 9.800000e+01, 87 iterations, 0.00 seconds

    Nodes    |    Current Node    |     Objective Bounds      |     Work
 Expl Unexpl |  Obj  Depth IntInf | Incumbent    BestBd   Gap | It/Node Time

     0     0   98.00000    0    2  245.00000   98.00000  60.0%     -    0s
H    0     0                     177.5000000   98.00000  44.8%     -    0s
     0     0   98.00000    0    9  177.50000   98.00000  44.8%     -    0s
H    0     0                     176.5000000   98.00000  44.5%     -    0s
     0     0   98.00000    0   15  176.50000   98.00000  44.5%     -    0s
     0     0   98.00000    0   18  176.50000   98.00000  44.5%     -    0s
     0     0   98.00000    0   19  176.50000   98.00000  44.5%     -    0s
     0     0   98.00000    0   18  176.50000   98.00000  44.5%     -    0s
     0     0   98.00000    0   19  176.50000   98.00000  44.5%     -    0s
     0     0   98.00000    0   14  176.50000   98.00000  44.5%     -    0s
     0     0   98.00000    0    3  176.50000   98.00000  44.5%     -    0s
     0     2   98.00000    0    3  176.50000   98.00000  44.5%     -    0s

Cutting planes:
  Gomory: 2
  Implied bound: 18
  Clique: 1
  MIR: 7
  Flow cover: 6

Explored 1500 nodes (13685 simplex iterations) in 0.70 seconds
Thread count was 4 (of 4 available processors)

Solution count 3: 176.5 177.5 245 
Pool objective bound 176.5

Optimal solution found (tolerance 1.00e-03)
Best objective 1.765000000000e+02, best bound 1.765000000000e+02, gap 0.0000%

#######################################
TR: iteration 0 at stage 1
Added demands: [0, 1, 2, 3, 4, 5, 6, 7, 8, 9]
Fixed demands: []

Gurobi 7.0.2 (win64) logging started 03/17/17 03:07:14

Changed value of parameter LogFile to log-opt-17.log
   Prev: gurobi.log  Default: 
Changed value of parameter presolve to 2
   Prev: -1  Min: -1  Max: 2  Default: -1
Changed value of parameter mipgap to 0.001
   Prev: 0.0001  Min: 0.0  Max: 1e+100  Default: 0.0001
Parameter method unchanged
   Value: -1  Min: -1  Max: 4  Default: -1
Changed value of parameter timelimit to 300.0
   Prev: 1e+100  Min: 0.0  Max: 1e+100  Default: 1e+100
Changed value of parameter mipfocus to 1
   Prev: 0  Min: 0  Max: 3  Default: 0
Optimize a model with 4803 rows, 844 columns and 20089 nonzeros
Variable types: 432 continuous, 412 integer (406 binary)
Coefficient statistics:
  Matrix range     [1e+00, 2e+04]
  Objective range  [1e+00, 1e+00]
  Bounds range     [1e+00, 1e+04]
  RHS range        [1e+00, 6e+04]
Found heuristic solution: objective 194
Presolve removed 2899 rows and 432 columns
Presolve time: 0.03s
Presolved: 1904 rows, 412 columns, 8431 nonzeros
Variable types: 214 continuous, 198 integer (198 binary)
Presolve removed 28 rows and 0 columns
Presolved: 1876 rows, 430 columns, 8307 nonzeros


Root relaxation: objective 9.800000e+01, 83 iterations, 0.00 seconds

    Nodes    |    Current Node    |     Objective Bounds      |     Work
 Expl Unexpl |  Obj  Depth IntInf | Incumbent    BestBd   Gap | It/Node Time

     0     0   98.00000    0    5  194.00000   98.00000  49.5%     -    0s
H    0     0                     190.5000000   98.00000  48.6%     -    0s
H    0     0                     188.5000000   98.00000  48.0%     -    0s
     0     0   98.00000    0   12  188.50000   98.00000  48.0%     -    0s
H    0     0                     177.5000000   98.00000  44.8%     -    0s
     0     0   98.00000    0   16  177.50000   98.00000  44.8%     -    0s
     0     0   98.00000    0   25  177.50000   98.00000  44.8%     -    0s
     0     0   98.00000    0   23  177.50000   98.00000  44.8%     -    0s
     0     0   98.00000    0   26  177.50000   98.00000  44.8%     -    0s
     0     0   98.00000    0   26  177.50000   98.00000  44.8%     -    0s
     0     0   98.00000    0   30  177.50000   98.00000  44.8%     -    0s
H    0     0                     176.5000000   98.00000  44.5%     -    0s
     0     0   98.00000    0   10  176.50000   98.00000  44.5%     -    0s
     0     2   98.00000    0    9  176.50000   98.00000  44.5%     -    0s
H 1985   475                     176.4999994   98.00000  44.5%   4.3    1s

Cutting planes:
  Learned: 3
  Gomory: 12
  Cover: 1
  Implied bound: 2
  MIR: 6
  Flow cover: 24

Explored 4312 nodes (18780 simplex iterations) in 3.08 seconds
Thread count was 4 (of 4 available processors)

Solution count 6: 176.5 176.5 177.5 ... 194
Pool objective bound 176.5

Optimal solution found (tolerance 1.00e-03)
Best objective 1.764999994331e+02, best bound 1.764999994331e+02, gap 0.0000%

#######################################
GN: iteration 0 at stage 1
Added demands: [0, 1, 2, 3, 4, 5, 6, 7, 8, 9]
Fixed demands: []

Gurobi 7.0.2 (win64) logging started 03/17/17 03:07:18

Changed value of parameter LogFile to log-opt-17.log
   Prev: gurobi.log  Default: 
Changed value of parameter presolve to 2
   Prev: -1  Min: -1  Max: 2  Default: -1
Changed value of parameter mipgap to 0.001
   Prev: 0.0001  Min: 0.0  Max: 1e+100  Default: 0.0001
Parameter method unchanged
   Value: -1  Min: -1  Max: 4  Default: -1
Changed value of parameter timelimit to 300.0
   Prev: 1e+100  Min: 0.0  Max: 1e+100  Default: 1e+100
Changed value of parameter mipfocus to 1
   Prev: 0  Min: 0  Max: 3  Default: 0
Optimize a model with 13161 rows, 3742 columns and 39787 nonzeros
Variable types: 1530 continuous, 2212 integer (2206 binary)
Coefficient statistics:
  Matrix range     [5e-01, 2e+04]
  Objective range  [1e+00, 1e+00]
  Bounds range     [1e+00, 1e+04]
  RHS range        [1e+00, 6e+04]
Presolve removed 8611 rows and 2336 columns
Presolve time: 0.20s
Presolved: 4550 rows, 1406 columns, 16265 nonzeros
Variable types: 542 continuous, 864 integer (864 binary)
Found heuristic solution: objective 547.5000000
Presolve removed 307 rows and 144 columns
Presolved: 4243 rows, 1262 columns, 15457 nonzeros


Root relaxation: objective 9.800000e+01, 212 iterations, 0.03 seconds

    Nodes    |    Current Node    |     Objective Bounds      |     Work
 Expl Unexpl |  Obj  Depth IntInf | Incumbent    BestBd   Gap | It/Node Time

     0     0   98.00000    0    5  547.50000   98.00000  82.1%     -    0s
H    0     0                     276.0000000   98.00000  64.5%     -    0s
H    0     0                     190.5000000   98.00000  48.6%     -    0s
H    0     0                     179.5000000   98.00000  45.4%     -    0s
     0     0   98.00000    0   23  179.50000   98.00000  45.4%     -    0s
H    0     0                     178.5000000   98.00000  45.1%     -    0s
     0     0   98.00000    0   30  178.50000   98.00000  45.1%     -    0s
     0     0   98.00000    0   41  178.50000   98.00000  45.1%     -    0s
     0     0   98.00000    0   30  178.50000   98.00000  45.1%     -    0s
     0     0   98.00000    0   44  178.50000   98.00000  45.1%     -    0s
H    0     0                     177.5000000   98.00000  44.8%     -    0s
     0     0   98.00000    0   50  177.50000   98.00000  44.8%     -    0s
     0     0   98.00000    0   54  177.50000   98.00000  44.8%     -    0s
     0     0   98.00000    0   55  177.50000   98.00000  44.8%     -    0s
     0     0   98.00000    0   19  177.50000   98.00000  44.8%     -    0s
     0     2   98.00000    0   19  177.50000   98.00000  44.8%     -    0s
H  356   102                     176.5000000   98.00000  44.5%  57.7    2s
  3134   519   98.00000   14   23  176.50000   98.00000  44.5%  20.7    5s

Explored 4367 nodes (89728 simplex iterations) in 6.47 seconds
Thread count was 4 (of 4 available processors)

Solution count 8: 176.5 176.5 177.5 ... 547.5
Pool objective bound 176.5

Optimal solution found (tolerance 1.00e-03)
Best objective 1.764999999822e+02, best bound 1.764999999822e+02, gap 0.0000%

#######################################
TR: iteration 0 at stage 2
Added demands: [0, 1, 2, 3, 4, 5, 6, 7, 8, 9, 10, 11, 12, 13, 14]
Fixed demands: []

Gurobi 7.0.2 (win64) logging started 03/17/17 03:07:27

Changed value of parameter LogFile to log-opt-17.log
   Prev: gurobi.log  Default: 
Changed value of parameter presolve to 2
   Prev: -1  Min: -1  Max: 2  Default: -1
Changed value of parameter mipgap to 0.001
   Prev: 0.0001  Min: 0.0  Max: 1e+100  Default: 0.0001
Parameter method unchanged
   Value: -1  Min: -1  Max: 4  Default: -1
Changed value of parameter timelimit to 300.0
   Prev: 1e+100  Min: 0.0  Max: 1e+100  Default: 1e+100
Changed value of parameter mipfocus to 1
   Prev: 0  Min: 0  Max: 3  Default: 0
Optimize a model with 9973 rows, 1334 columns and 43774 nonzeros
Variable types: 647 continuous, 687 integer (681 binary)
Coefficient statistics:
  Matrix range     [1e+00, 2e+04]
  Objective range  [1e+00, 1e+00]
  Bounds range     [1e+00, 1e+04]
  RHS range        [1e+00, 6e+04]
Found heuristic solution: objective 276
Presolve removed 5940 rows and 671 columns
Presolve time: 0.06s
Presolved: 4033 rows, 663 columns, 18532 nonzeros
Variable types: 324 continuous, 339 integer (339 binary)
Presolve removed 0 rows and 15 columns
Presolved: 663 rows, 4681 columns, 19116 nonzeros

Presolve removed 663 rows and 4681 columns

Root relaxation: objective 9.800000e+01, 1864 iterations, 0.08 seconds

    Nodes    |    Current Node    |     Objective Bounds      |     Work
 Expl Unexpl |  Obj  Depth IntInf | Incumbent    BestBd   Gap | It/Node Time

     0     0   98.00000    0   18  276.00000   98.00000  64.5%     -    0s
H    0     0                     273.0000000   98.00000  64.1%     -    0s
H    0     0                     259.0000000   98.00000  62.2%     -    0s
H    0     0                     243.0000000   98.00000  59.7%     -    0s
H    0     0                     231.0000000   98.00000  57.6%     -    0s
H    0     0                     206.0000000   98.00000  52.4%     -    0s
     0     0   98.00000    0   37  206.00000   98.00000  52.4%     -    0s
     0     0   98.00000    0   43  206.00000   98.00000  52.4%     -    0s
     0     0   98.00000    0   43  206.00000   98.00000  52.4%     -    0s
     0     0   98.00000    0   41  206.00000   98.00000  52.4%     -    0s
H    0     0                     190.5000000   98.00000  48.6%     -    0s
     0     0   98.00000    0   39  190.50000   98.00000  48.6%     -    0s
     0     0   98.00000    0   48  190.50000   98.00000  48.6%     -    0s
     0     0   98.00000    0   46  190.50000   98.00000  48.6%     -    0s
     0     0   98.00000    0   35  190.50000   98.00000  48.6%     -    0s
H    0     0                     185.5000000   98.00000  47.2%     -    0s
     0     0   98.00000    0   11  185.50000   98.00000  47.2%     -    0s
H    0     0                     179.5000000   98.00000  45.4%     -    0s
     0     2   98.00000    0   11  179.50000   98.00000  45.4%     -    0s
H   45    46                     177.5000000   98.00000  44.8%  11.3    0s
H 1447   475                     177.5000000   98.00000  44.8%   5.6    3s
  1643   507  132.15050   28   22  177.50000   98.00000  44.8%   5.4    5s
H 1833   523                     177.4999998   98.00000  44.8%   5.5    6s
H 1930   529                     177.4999992   98.00000  44.8%   5.4    7s
  2817   619 infeasible   34       177.50000   98.00000  44.8%   5.1   10s
  3357   662   98.00000   38   19  177.50000   98.00000  44.8%   5.0   15s
* 4349   719              43     176.5000000  176.50000  0.00%   7.3   17s

Cutting planes:
  Learned: 1
  Implied bound: 1
  MIR: 5
  Flow cover: 32

Explored 4375 nodes (35634 simplex iterations) in 17.27 seconds
Thread count was 4 (of 4 available processors)

Solution count 10: 176.5 177.5 177.5 ... 231
Pool objective bound 176.5

Optimal solution found (tolerance 1.00e-03)
Best objective 1.765000000000e+02, best bound 1.765000000000e+02, gap 0.0000%

#######################################
GN: iteration 0 at stage 2
Added demands: [0, 1, 2, 3, 4, 5, 6, 7, 8, 9, 10, 11, 12, 13, 14]
Fixed demands: []

Gurobi 7.0.2 (win64) logging started 03/17/17 03:07:45

Changed value of parameter LogFile to log-opt-17.log
   Prev: gurobi.log  Default: 
Changed value of parameter presolve to 2
   Prev: -1  Min: -1  Max: 2  Default: -1
Changed value of parameter mipgap to 0.001
   Prev: 0.0001  Min: 0.0  Max: 1e+100  Default: 0.0001
Parameter method unchanged
   Value: -1  Min: -1  Max: 4  Default: -1
Changed value of parameter timelimit to 300.0
   Prev: 1e+100  Min: 0.0  Max: 1e+100  Default: 1e+100
Changed value of parameter mipfocus to 1
   Prev: 0  Min: 0  Max: 3  Default: 0
Optimize a model with 26551 rows, 7022 columns and 84112 nonzeros
Variable types: 2285 continuous, 4737 integer (4731 binary)
Coefficient statistics:
  Matrix range     [5e-01, 2e+04]
  Objective range  [1e+00, 1e+00]
  Bounds range     [1e+00, 1e+04]
  RHS range        [1e+00, 6e+04]
Presolve removed 16782 rows and 4279 columns
Presolve time: 0.56s
Presolved: 9769 rows, 2743 columns, 35588 nonzeros
Variable types: 820 continuous, 1923 integer (1923 binary)
Found heuristic solution: objective 509.0000000
Presolve removed 474 rows and 222 columns
Presolved: 9295 rows, 2521 columns, 34339 nonzeros


Root relaxation: objective 9.800000e+01, 338 iterations, 0.09 seconds

    Nodes    |    Current Node    |     Objective Bounds      |     Work
 Expl Unexpl |  Obj  Depth IntInf | Incumbent    BestBd   Gap | It/Node Time

     0     0   98.00000    0   15  509.00000   98.00000  80.7%     -    0s
H    0     0                     250.0000000   98.00000  60.8%     -    0s
     0     0   98.00000    0   54  250.00000   98.00000  60.8%     -    1s
     0     0   98.00000    0   48  250.00000   98.00000  60.8%     -    1s
H    0     0                     237.5000000   98.00000  58.7%     -    1s
     0     0   98.00000    0   43  237.50000   98.00000  58.7%     -    1s
H    0     0                     204.0000000   98.00000  52.0%     -    1s
H    0     0                     190.5000000   98.00000  48.6%     -    1s
     0     0   98.00000    0   52  190.50000   98.00000  48.6%     -    1s
     0     0   98.00000    0   45  190.50000   98.00000  48.6%     -    1s
     0     0   98.00000    0   61  190.50000   98.00000  48.6%     -    1s
     0     0   98.00000    0   57  190.50000   98.00000  48.6%     -    1s
     0     0   98.00000    0   55  190.50000   98.00000  48.6%     -    1s
     0     0   98.00000    0   21  190.50000   98.00000  48.6%     -    1s
H    0     0                     179.5000000   98.00000  45.4%     -    2s
     0     2   98.00000    0   21  179.50000   98.00000  45.4%     -    2s
H  278   142                     178.5000000   98.00000  45.1%  82.8    4s
   443   199   98.00000   16   98  178.50000   98.00000  45.1%  81.5    5s
H 1335   399                     176.5000000   98.00000  44.5%  71.9    8s
  1389   387   98.00000   13  122  176.50000   98.00000  44.5%  70.7   10s

Explored 2715 nodes (138494 simplex iterations) in 12.08 seconds
Thread count was 4 (of 4 available processors)

Solution count 9: 176.5 176.5 178.5 ... 509
Pool objective bound 176.5

Optimal solution found (tolerance 1.00e-03)
Best objective 1.764999999823e+02, best bound 1.764999999823e+02, gap 0.0000%

#######################################
TR: iteration 0 at stage 3
Added demands: [0, 1, 2, 3, 4, 5, 6, 7, 8, 9, 10, 11, 12, 13, 14, 15, 16, 17, 18, 19]
Fixed demands: []

Gurobi 7.0.2 (win64) logging started 03/17/17 03:08:02

Changed value of parameter LogFile to log-opt-17.log
   Prev: gurobi.log  Default: 
Changed value of parameter presolve to 2
   Prev: -1  Min: -1  Max: 2  Default: -1
Changed value of parameter mipgap to 0.001
   Prev: 0.0001  Min: 0.0  Max: 1e+100  Default: 0.0001
Parameter method unchanged
   Value: -1  Min: -1  Max: 4  Default: -1
Changed value of parameter timelimit to 300.0
   Prev: 1e+100  Min: 0.0  Max: 1e+100  Default: 1e+100
Changed value of parameter mipfocus to 1
   Prev: 0  Min: 0  Max: 3  Default: 0
Optimize a model with 16993 rows, 1874 columns and 76559 nonzeros
Variable types: 862 continuous, 1012 integer (1006 binary)
Coefficient statistics:
  Matrix range     [1e+00, 2e+04]
  Objective range  [1e+00, 1e+00]
  Bounds range     [1e+00, 1e+04]
  RHS range        [1e+00, 6e+04]
Found heuristic solution: objective 277
Presolve removed 9943 rows and 923 columns
Presolve time: 0.11s
Presolved: 7050 rows, 951 columns, 33002 nonzeros
Variable types: 443 continuous, 508 integer (508 binary)
Presolve removed 0 rows and 20 columns
Presolved: 951 rows, 7981 columns, 33846 nonzeros

Presolve removed 951 rows and 7981 columns

Root relaxation: objective 9.800000e+01, 2616 iterations, 0.14 seconds

    Nodes    |    Current Node    |     Objective Bounds      |     Work
 Expl Unexpl |  Obj  Depth IntInf | Incumbent    BestBd   Gap | It/Node Time

     0     0   98.00000    0   20  277.00000   98.00000  64.6%     -    0s
H    0     0                     228.0000000   98.00000  57.0%     -    0s
     0     0   98.00000    0   38  228.00000   98.00000  57.0%     -    0s
H    0     0                     222.0000000   98.00000  55.9%     -    0s
     0     0   98.00000    0   41  222.00000   98.00000  55.9%     -    0s
     0     0   98.00000    0   45  222.00000   98.00000  55.9%     -    0s
     0     0   98.00000    0   45  222.00000   98.00000  55.9%     -    0s
     0     0   98.00000    0   43  222.00000   98.00000  55.9%     -    0s
H    0     0                     201.0000000   98.00000  51.2%     -    0s
     0     0   98.00000    0   40  201.00000   98.00000  51.2%     -    0s
H    0     0                     190.5000000   98.00000  48.6%     -    0s
     0     0   98.00000    0   43  190.50000   98.00000  48.6%     -    0s
     0     0   98.00000    0   39  190.50000   98.00000  48.6%     -    0s
     0     0   98.00000    0   22  190.50000   98.00000  48.6%     -    1s
H    0     0                     190.0000000   98.00000  48.4%     -    1s
     0     2   98.00000    0   17  190.00000   98.00000  48.4%     -    1s
H  634   348                     190.0000000   98.00000  48.4%   7.0    1s
  2123   889  176.50000   38   68  190.00000   98.00000  48.4%   5.9    5s
  3184  1113  130.50000   26   42  190.00000   98.00000  48.4%  10.5   10s
  6111  1615 infeasible   38       190.00000  112.50000  40.8%  11.4   15s
 10268  2932 infeasible   37       190.00000  129.50000  31.8%  11.3   20s
 14054  4065  176.50000   34   20  190.00000  129.50000  31.8%  11.2   25s
 18006  5343 infeasible   42       190.00000  133.50000  29.7%  11.5   30s
 21819  6697  176.50000   25   20  190.00000  135.50000  28.7%  11.6   35s
 25961  7658  185.50000   32   13  190.00000  136.50000  28.2%  11.9   40s
 29810  8261  186.50000   32    8  190.00000  137.50000  27.6%  12.2   45s
 33414  8894  188.50000   31   13  190.00000  140.50000  26.1%  12.4   50s
 37094  9469  143.50000   33   22  190.00000  143.50000  24.5%  12.5   55s
 40501  9933 infeasible   37       190.00000  143.50000  24.5%  12.4   60s
H43864 10268                     190.0000000  144.50000  23.9%  12.3   64s
 44079 10245  152.50000   33   28  190.00000  144.50000  23.9%  12.3   65s
 46887 10546  145.50000   28   21  190.00000  145.50000  23.4%  12.3   70s
 50935 10973 infeasible   28       190.00000  145.50000  23.4%  12.2   75s
 54859 11120  183.50000   34   10  190.00000  146.50000  22.9%  12.2   80s
 58423 11401 infeasible   33       190.00000  148.50000  21.8%  12.3   85s
 62795 11700  149.50000   34   24  190.00000  148.50000  21.8%  12.2   90s
 66514 12395  186.50000   35   13  190.00000  149.50000  21.3%  12.1   95s
 70715 13056 infeasible   28       190.00000  150.50000  20.8%  12.1  100s
 73842 13518  150.50000   31   21  190.00000  150.50000  20.8%  12.1  105s
 77938 13973 infeasible   37       190.00000  151.50000  20.3%  12.2  110s
 81331 14321 infeasible   39       190.00000  151.50000  20.3%  12.2  115s
 84634 14622  186.50000   28   14  190.00000  151.50000  20.3%  12.2  120s
 88538 14988 infeasible   42       190.00000  151.50000  20.3%  12.2  125s
 91881 15350  186.50000   37   21  190.00000  151.50000  20.3%  12.2  130s
 95713 15761 infeasible   40       190.00000  151.50000  20.3%  12.1  135s
 99638 16086 infeasible   41       190.00000  152.50000  19.7%  12.1  140s
 103449 16296 infeasible   40       190.00000  152.50000  19.7%  12.0  145s
 107012 16884 infeasible   32       190.00000  154.50000  18.7%  12.0  150s
 111454 17873 infeasible   35       190.00000  154.50000  18.7%  11.9  155s
 114973 18447  179.50000   30   11  190.00000  154.50000  18.7%  11.9  160s
 119177 19176 infeasible   40       190.00000  154.50000  18.7%  11.8  165s
 123588 20074  186.50000   37   24  190.00000  155.50000  18.2%  11.7  170s
 127692 20795 infeasible   29       190.00000  155.50000  18.2%  11.7  175s
 131702 21518 infeasible   31       190.00000  155.50000  18.2%  11.6  180s
 135914 22387  179.50000   28   22  190.00000  155.50000  18.2%  11.6  185s
 140130 23058  176.50000   31   19  190.00000  155.50000  18.2%  11.5  190s
 144046 23700  155.50000   34   32  190.00000  155.50000  18.2%  11.5  195s
 147532 23865 infeasible   37       190.00000  156.50000  17.6%  11.5  200s
 151327 24216 infeasible   39       190.00000  156.50000  17.6%  11.5  205s
 155108 24713 infeasible   45       190.00000  158.50000  16.6%  11.5  210s
 158594 24841  176.50000   36   17  190.00000  160.50000  15.5%  11.5  215s
 162509 24976 infeasible   38       190.00000  161.50000  15.0%  11.5  220s
 166377 25297  186.50000   29   20  190.00000  163.50000  13.9%  11.5  225s
 169876 25356  167.50000   39   19  190.00000  167.50000  11.8%  11.4  230s
 173784 25658  186.50000   39   15  190.00000  167.50000  11.8%  11.4  235s
 177587 25854 infeasible   43       190.00000  167.50000  11.8%  11.4  240s
 181301 25776 infeasible   41       190.00000  167.50000  11.8%  11.4  245s
 184348 25713 infeasible   48       190.00000  168.50000  11.3%  11.4  250s
 187970 25600  168.50000   36   23  190.00000  168.50000  11.3%  11.5  255s
 191282 25558 infeasible   36       190.00000  169.50000  10.8%  11.5  260s
 194897 25572 infeasible   45       190.00000  170.50000  10.3%  11.5  265s
 198248 25585 infeasible   37       190.00000  171.50000  9.74%  11.5  270s
 201693 25639 infeasible   46       190.00000  171.50000  9.74%  11.6  275s
 205781 25677 infeasible   41       190.00000  171.50000  9.74%  11.6  280s
 209009 25630 infeasible   38       190.00000  175.50000  7.63%  11.6  285s
 212254 25629  177.50000   34   13  190.00000  175.50000  7.63%  11.7  290s
 214769 25608 infeasible   36       190.00000  175.50000  7.63%  11.7  295s
 218834 25681  186.50000   33   12  190.00000  175.50000  7.63%  11.7  300s

Cutting planes:
  Learned: 19
  Gomory: 20
  Cover: 8
  Implied bound: 1
  Clique: 1
  MIR: 135
  Flow cover: 140
  Inf proof: 3

Explored 218939 nodes (2562241 simplex iterations) in 300.05 seconds
Thread count was 4 (of 4 available processors)

Solution count 8: 190 190 190 ... 277
Pool objective bound 175.5

Time limit reached
Best objective 1.899999999618e+02, best bound 1.755000000000e+02, gap 7.6316%

Gurobi 7.0.2 (win64) logging started 03/17/17 03:13:02

Parameter LogFile unchanged
   Value: log-opt-17.log  Default: 
Parameter presolve unchanged
   Value: 2  Min: -1  Max: 2  Default: -1
Parameter mipgap unchanged
   Value: 0.001  Min: 0.0  Max: 1e+100  Default: 0.0001
Parameter method unchanged
   Value: -1  Min: -1  Max: 4  Default: -1
Parameter timelimit unchanged
   Value: 300.0  Min: 0.0  Max: 1e+100  Default: 1e+100
Parameter mipfocus unchanged
   Value: 1  Min: 0  Max: 3  Default: 0
Optimize a model with 16993 rows, 1874 columns and 76559 nonzeros
Variable types: 862 continuous, 1012 integer (1006 binary)
Coefficient statistics:
  Matrix range     [1e+00, 2e+04]
  Objective range  [1e+00, 1e+00]
  Bounds range     [1e+00, 1e+04]
  RHS range        [1e+00, 6e+04]
Presolved: 7050 rows, 951 columns, 33002 nonzeros

Continuing optimization...

 218939 25632  175.50000   42   59  190.00000  175.50000  7.63%  11.7  300s
 222276 25659  175.50000   38   25  190.00000  175.50000  7.63%  11.7  305s
 226169 25736  175.50000   37   12  190.00000  175.50000  7.63%  11.7  310s
 229860 25888 infeasible   41       190.00000  175.50000  7.63%  11.7  315s
 233986 26044 infeasible   37       190.00000  175.50000  7.63%  11.6  320s
 238044 26174 infeasible   37       190.00000  175.50000  7.63%  11.6  325s
 241414 26208  175.50000   37   15  190.00000  175.50000  7.63%  11.6  330s
 245630 26381  175.50000   31   30  190.00000  175.50000  7.63%  11.6  335s
 249287 26509  175.50000   38   24  190.00000  175.50000  7.63%  11.6  340s
 252424 26504 infeasible   37       190.00000  175.50000  7.63%  11.6  345s
 256289 26665 infeasible   39       190.00000  175.50000  7.63%  11.6  350s
 259836 26669 infeasible   39       190.00000  176.50000  7.11%  11.6  355s
 263338 26944  186.50000   33   16  190.00000  176.50000  7.11%  11.7  360s
 266674 27110  178.50000   35   12  190.00000  176.50000  7.11%  11.7  365s
 270069 27298 infeasible   35       190.00000  176.50000  7.11%  11.8  370s
 273460 27461  183.50000   38   18  190.00000  176.50000  7.11%  11.8  375s
 276684 27652  183.50000   37   11  190.00000  176.50000  7.11%  11.8  380s
 280520 27854  186.50000   31   19  190.00000  176.50000  7.11%  11.9  385s
 284408 27861 infeasible   31       190.00000  176.50000  7.11%  11.9  390s
 288183 27994 infeasible   35       190.00000  176.50000  7.11%  11.9  395s
 291131 28213  183.50000   30   10  190.00000  176.50000  7.11%  11.9  400s
 295035 28722 infeasible   35       190.00000  176.50000  7.11%  11.9  405s
 299185 28904  176.50000   34   13  190.00000  176.50000  7.11%  11.9  410s
 302974 29112 infeasible   32       190.00000  176.50000  7.11%  11.9  415s
 306717 29333 infeasible   40       190.00000  176.50000  7.11%  11.9  420s
 310422 29626  176.50000   29   13  190.00000  176.50000  7.11%  11.9  425s
 313437 29848  178.50000   35    5  190.00000  176.50000  7.11%  11.9  430s
 316960 29898 infeasible   38       190.00000  176.50000  7.11%  11.9  435s
 321163 30106 infeasible   30       190.00000  176.50000  7.11%  11.9  440s
 324504 30300  186.50000   35    8  190.00000  176.50000  7.11%  11.9  445s
 327993 30346  176.50000   39   22  190.00000  176.50000  7.11%  12.0  450s
 331893 30672 infeasible   29       190.00000  176.50000  7.11%  12.0  455s
 335641 30914  186.50000   40    7  190.00000  176.50000  7.11%  12.0  460s
 338993 31239 infeasible   31       190.00000  176.50000  7.11%  12.0  465s
 343137 31565 infeasible   36       190.00000  176.50000  7.11%  12.0  470s
 347097 31676  176.50000   39   10  190.00000  176.50000  7.11%  12.0  475s
 350447 31742  183.50000   34   14  190.00000  176.50000  7.11%  12.0  480s
 354199 31911  176.50000   33   12  190.00000  176.50000  7.11%  12.0  485s
 358252 31961 infeasible   34       190.00000  176.50000  7.11%  12.0  490s
 362423 32187  176.50000   25   18  190.00000  176.50000  7.11%  12.0  495s
 365802 32268  176.50000   32   19  190.00000  176.50000  7.11%  12.0  500s
 370141 32440  176.50000   41   17  190.00000  176.50000  7.11%  12.0  505s
 373605 32628 infeasible   39       190.00000  176.50000  7.11%  12.0  510s
 376835 32693  183.50000   40   16  190.00000  176.50000  7.11%  12.0  515s
 381089 33050  183.50000   34    8  190.00000  176.50000  7.11%  12.0  520s
 384732 33145 infeasible   44       190.00000  176.50000  7.11%  12.0  525s
 388256 33067  176.50000   43   10  190.00000  176.50000  7.11%  11.9  530s
 392296 33274  176.50000   36    9  190.00000  176.50000  7.11%  11.9  535s
 396716 33527 infeasible   42       190.00000  176.50000  7.11%  11.9  540s
 401102 33802 infeasible   51       190.00000  176.50000  7.11%  11.9  545s
 404840 33739 infeasible   36       190.00000  176.50000  7.11%  11.9  550s
 409394 33824 infeasible   32       190.00000  176.50000  7.11%  11.9  555s
 413206 33881  186.50000   26   29  190.00000  176.50000  7.11%  11.8  560s
 416369 34049 infeasible   45       190.00000  176.50000  7.11%  11.8  565s
 421048 34282  176.50000   28   33  190.00000  176.50000  7.11%  11.8  570s
 424160 34506  176.50000   46    8  190.00000  176.50000  7.11%  11.8  575s
 428376 34715 infeasible   40       190.00000  176.50000  7.11%  11.8  580s
 432756 34883  176.50000   33   13  190.00000  176.50000  7.11%  11.8  585s
 435548 34992  176.50000   37   20  190.00000  176.50000  7.11%  11.8  590s
 439839 35238 infeasible   40       190.00000  176.50000  7.11%  11.8  595s
 443279 35376  176.50000   39   21  190.00000  176.50000  7.11%  11.8  600s

Cutting planes:
  Learned: 22
  Gomory: 21
  Cover: 11
  Implied bound: 1
  Clique: 1
  MIR: 143
  Flow cover: 156
  Inf proof: 4

Explored 443739 nodes (5251025 simplex iterations) in 300.03 seconds
Thread count was 4 (of 4 available processors)

Solution count 8: 190 190 190 ... 277
Pool objective bound 176.5

Time limit reached
Best objective 1.899999999618e+02, best bound 1.765000000000e+02, gap 7.1053%

#######################################
GN: iteration 0 at stage 3
Added demands: [0, 1, 2, 3, 4, 5, 6, 7, 8, 9, 10, 11, 12, 13, 14, 15, 16, 17, 18, 19]
Fixed demands: []

Gurobi 7.0.2 (win64) logging started 03/17/17 03:18:03

Changed value of parameter LogFile to log-opt-17.log
   Prev: gurobi.log  Default: 
Changed value of parameter presolve to 2
   Prev: -1  Min: -1  Max: 2  Default: -1
Changed value of parameter mipgap to 0.001
   Prev: 0.0001  Min: 0.0  Max: 1e+100  Default: 0.0001
Parameter method unchanged
   Value: -1  Min: -1  Max: 4  Default: -1
Changed value of parameter timelimit to 300.0
   Prev: 1e+100  Min: 0.0  Max: 1e+100  Default: 1e+100
Changed value of parameter mipfocus to 1
   Prev: 0  Min: 0  Max: 3  Default: 0
Optimize a model with 44491 rows, 11252 columns and 144737 nonzeros
Variable types: 3040 continuous, 8212 integer (8206 binary)
Coefficient statistics:
  Matrix range     [5e-01, 2e+04]
  Objective range  [1e+00, 1e+00]
  Bounds range     [1e+00, 1e+04]
  RHS range        [1e+00, 6e+04]
Presolve removed 27317 rows and 6699 columns
Presolve time: 1.25s
Presolved: 17174 rows, 4553 columns, 63180 nonzeros
Variable types: 1113 continuous, 3440 integer (3440 binary)
Found heuristic solution: objective 549.0000000
Presolve removed 650 rows and 304 columns
Presolved: 16524 rows, 4249 columns, 61465 nonzeros


Root relaxation: objective 9.800000e+01, 459 iterations, 0.16 seconds

    Nodes    |    Current Node    |     Objective Bounds      |     Work
 Expl Unexpl |  Obj  Depth IntInf | Incumbent    BestBd   Gap | It/Node Time

     0     0   98.00000    0   21  549.00000   98.00000  82.1%     -    2s
H    0     0                     326.5000000   98.00000  70.0%     -    2s
H    0     0                     246.0000000   98.00000  60.2%     -    2s
     0     0   98.00000    0   78  246.00000   98.00000  60.2%     -    3s
     0     0   98.00000    0   78  246.00000   98.00000  60.2%     -    3s
H    0     0                     228.0000000   98.00000  57.0%     -   65s
H    0     0                     228.0000000   98.00000  57.0%     -   65s
H    0     0                     221.0000000   98.00000  55.7%     -   81s
H    0     0                     206.0000000   98.00000  52.4%     -   81s
H    0     0                     198.0000000   98.00000  50.5%     -   81s
H    0     0                     198.0000000   98.00000  50.5%     -   81s
H    0     0                     198.0000000   98.00000  50.5%     -   81s
H    0     0                     190.5000000   98.00000  48.6%     -   81s
H    0     0                     190.4999998   98.00000  48.6%     -   81s
     0     0   98.00000    0  559  190.50000   98.00000  48.6%     -   81s
H    0     0                     190.0000000   98.00000  48.4%     -  186s
H    0     0                     190.0000000   98.00000  48.4%     -  186s
H    0     0                     190.0000000   98.00000  48.4%     -  186s
H    0     0                     189.9999999   98.00000  48.4%     -  186s
H    0     0                     189.9999999   98.00000  48.4%     -  186s
H    0     0                     189.9999999   98.00000  48.4%     -  186s
H    0     0                     189.9999999   98.00000  48.4%     -  186s
H    0     0                     189.9999999   98.00000  48.4%     -  186s
H    0     0                     189.9999998   98.00000  48.4%     -  186s
H    0     0                     189.9999998   98.00000  48.4%     -  186s
H    0     0                     189.9999248   98.00000  48.4%     -  203s
     0     0   98.00000    0  668  189.99992   98.00000  48.4%     -  203s
H    0     0                     189.9999080   98.00000  48.4%     -  300s
     0     0   98.00000    0  523  189.99991   98.00000  48.4%     -  300s

Cutting planes:
  Gomory: 3
  Cover: 1
  Implied bound: 127
  Clique: 19
  MIR: 13
  Flow cover: 23
  Zero half: 3

Explored 0 nodes (200153 simplex iterations) in 300.05 seconds
Thread count was 4 (of 4 available processors)

Solution count 10: 190 190 190 ... 190
Pool objective bound 98

Time limit reached
Best objective 1.899999080191e+02, best bound 9.800000000000e+01, gap 48.4210%

Gurobi 7.0.2 (win64) logging started 03/17/17 03:23:03

Parameter LogFile unchanged
   Value: log-opt-17.log  Default: 
Parameter presolve unchanged
   Value: 2  Min: -1  Max: 2  Default: -1
Parameter mipgap unchanged
   Value: 0.001  Min: 0.0  Max: 1e+100  Default: 0.0001
Parameter method unchanged
   Value: -1  Min: -1  Max: 4  Default: -1
Parameter timelimit unchanged
   Value: 300.0  Min: 0.0  Max: 1e+100  Default: 1e+100
Parameter mipfocus unchanged
   Value: 1  Min: 0  Max: 3  Default: 0
Optimize a model with 44491 rows, 11252 columns and 144737 nonzeros
Variable types: 3040 continuous, 8212 integer (8206 binary)
Coefficient statistics:
  Matrix range     [5e-01, 2e+04]
  Objective range  [1e+00, 1e+00]
  Bounds range     [1e+00, 1e+04]
  RHS range        [1e+00, 6e+04]
Presolved: 17174 rows, 4553 columns, 63180 nonzeros

Continuing optimization...

     0     2   98.00000    0   28  189.99991   98.00000  48.4%     -  301s
    11    10   98.00000    4  217  189.99991   98.00000  48.4%  6059  345s
    19     7   98.00000    6  193  189.99991   98.00000  48.4%  3593  350s
    23    13   98.00000    7  251  189.99991   98.00000  48.4%  5988  397s
    43    18   98.00000   10  168  189.99991   98.00000  48.4%  3238  400s
    55    28   98.00000   13  108  189.99991   98.00000  48.4%  3118  423s
    80    46   98.00000   14  193  189.99991   98.00000  48.4%  2849  480s
   132    79   98.00000   15  154  189.99991   98.00000  48.4%  1737  493s
   264   131   98.00000   18   95  189.99991   98.00000  48.4%   946  501s
   506   145   98.00000   20   89  189.99991   98.00000  48.4%   538  508s
   855   176   98.00000   21  101  189.99991   98.00000  48.4%   374  539s
  1255   248   98.00000   22  155  189.99991   98.00000  48.4%   306  583s
  1564   251   98.00000   23  114  189.99991   98.00000  48.4%   248  600s

Cutting planes:
  Gomory: 8
  Cover: 1
  Implied bound: 140
  Clique: 19
  MIR: 60
  Flow cover: 31
  Zero half: 4

Explored 2072 nodes (593130 simplex iterations) in 300.05 seconds
Thread count was 4 (of 4 available processors)

Solution count 10: 190 190 190 ... 190
Pool objective bound 98

Time limit reached
Best objective 1.899999080191e+02, best bound 9.800000000000e+01, gap 48.4210%
