
#######################################
TR: iteration 0 at stage 0
Added demands: [0, 1, 2, 3, 4]
Fixed demands: []

Gurobi 7.0.2 (win64) logging started 03/16/17 18:25:54

Changed value of parameter LogFile to log-opt-1.log
   Prev: gurobi.log  Default: 
Changed value of parameter presolve to 2
   Prev: -1  Min: -1  Max: 2  Default: -1
Changed value of parameter mipgap to 0.001
   Prev: 0.0001  Min: 0.0  Max: 1e+100  Default: 0.0001
Parameter method unchanged
   Value: -1  Min: -1  Max: 4  Default: -1
Changed value of parameter timelimit to 300.0
   Prev: 1e+100  Min: 0.0  Max: 1e+100  Default: 1e+100
Changed value of parameter mipfocus to 1
   Prev: 0  Min: 0  Max: 3  Default: 0
Optimize a model with 1483 rows, 404 columns and 5504 nonzeros
Variable types: 217 continuous, 187 integer (181 binary)
Coefficient statistics:
  Matrix range     [1e+00, 2e+04]
  Objective range  [1e+00, 1e+00]
  Bounds range     [1e+00, 1e+04]
  RHS range        [1e+00, 6e+04]
Presolve removed 898 rows and 218 columns
Presolve time: 0.01s
Presolved: 585 rows, 186 columns, 2442 nonzeros
Variable types: 101 continuous, 85 integer (85 binary)
Found heuristic solution: objective 228.0000000
Found heuristic solution: objective 181.5000000
Found heuristic solution: objective 179.0000000
Presolve removed 25 rows and 0 columns
Presolved: 560 rows, 206 columns, 2342 nonzeros


Root relaxation: objective 9.500000e+01, 38 iterations, 0.01 seconds

    Nodes    |    Current Node    |     Objective Bounds      |     Work
 Expl Unexpl |  Obj  Depth IntInf | Incumbent    BestBd   Gap | It/Node Time

     0     0   95.00000    0    4  179.00000   95.00000  46.9%     -    0s
     0     0   95.00000    0   10  179.00000   95.00000  46.9%     -    0s
     0     0   95.00000    0    9  179.00000   95.00000  46.9%     -    0s
     0     0   95.00000    0    9  179.00000   95.00000  46.9%     -    0s
     0     0   95.00000    0   17  179.00000   95.00000  46.9%     -    0s
     0     0   95.00000    0   17  179.00000   95.00000  46.9%     -    0s
     0     0   95.00000    0   16  179.00000   95.00000  46.9%     -    0s
     0     0   95.00000    0    4  179.00000   95.00000  46.9%     -    0s
H    0     0                     179.0000000   95.00000  46.9%     -    0s
     0     2   95.00000    0    4  179.00000   95.00000  46.9%     -    0s

Cutting planes:
  Gomory: 2
  MIR: 10
  Flow cover: 7

Explored 846 nodes (2447 simplex iterations) in 0.25 seconds
Thread count was 4 (of 4 available processors)

Solution count 4: 179 179 181.5 228 
Pool objective bound 179

Optimal solution found (tolerance 1.00e-03)
Best objective 1.789999999820e+02, best bound 1.789999999820e+02, gap 0.0000%

#######################################
GN: iteration 0 at stage 0
Added demands: [0, 1, 2, 3, 4]
Fixed demands: []

Gurobi 7.0.2 (win64) logging started 03/16/17 18:25:54

Changed value of parameter LogFile to log-opt-1.log
   Prev: gurobi.log  Default: 
Changed value of parameter presolve to 2
   Prev: -1  Min: -1  Max: 2  Default: -1
Changed value of parameter mipgap to 0.001
   Prev: 0.0001  Min: 0.0  Max: 1e+100  Default: 0.0001
Parameter method unchanged
   Value: -1  Min: -1  Max: 4  Default: -1
Changed value of parameter timelimit to 300.0
   Prev: 1e+100  Min: 0.0  Max: 1e+100  Default: 1e+100
Changed value of parameter mipfocus to 1
   Prev: 0  Min: 0  Max: 3  Default: 0
Optimize a model with 4321 rows, 1412 columns and 11762 nonzeros
Variable types: 775 continuous, 637 integer (631 binary)
Coefficient statistics:
  Matrix range     [5e-01, 2e+04]
  Objective range  [1e+00, 1e+00]
  Bounds range     [1e+00, 1e+04]
  RHS range        [1e+00, 6e+04]
Found heuristic solution: objective 228
Presolve removed 2936 rows and 906 columns
Presolve time: 0.04s
Presolved: 1385 rows, 506 columns, 4822 nonzeros
Variable types: 261 continuous, 245 integer (245 binary)
Presolve removed 155 rows and 70 columns
Presolved: 1230 rows, 436 columns, 4412 nonzeros


Root relaxation: objective 9.500000e+01, 71 iterations, 0.01 seconds

    Nodes    |    Current Node    |     Objective Bounds      |     Work
 Expl Unexpl |  Obj  Depth IntInf | Incumbent    BestBd   Gap | It/Node Time

     0     0   95.00000    0    4  228.00000   95.00000  58.3%     -    0s
H    0     0                     179.0000000   95.00000  46.9%     -    0s
     0     0   95.00000    0   21  179.00000   95.00000  46.9%     -    0s
     0     0   95.00000    0   18  179.00000   95.00000  46.9%     -    0s
     0     0   95.00000    0   34  179.00000   95.00000  46.9%     -    0s
     0     0   95.00000    0   28  179.00000   95.00000  46.9%     -    0s
     0     0   95.00000    0   23  179.00000   95.00000  46.9%     -    0s
H    0     0                     178.9999160   95.00000  46.9%     -    0s
     0     0   95.00000    0   15  178.99992   95.00000  46.9%     -    0s
     0     0   95.00000    0   20  178.99992   95.00000  46.9%     -    0s
     0     2   95.00000    0    3  178.99992   95.00000  46.9%     -    0s

Cutting planes:
  Gomory: 5
  Implied bound: 20
  MIR: 21
  Flow cover: 8
  Zero half: 2

Explored 2645 nodes (12926 simplex iterations) in 0.85 seconds
Thread count was 4 (of 4 available processors)

Solution count 3: 179 179 228 
Pool objective bound 179

Optimal solution found (tolerance 1.00e-03)
Best objective 1.789999160181e+02, best bound 1.789999160181e+02, gap 0.0000%

#######################################
TR: iteration 0 at stage 1
Added demands: [0, 1, 2, 3, 4, 5, 6, 7, 8, 9]
Fixed demands: []

Gurobi 7.0.2 (win64) logging started 03/16/17 18:25:57

Changed value of parameter LogFile to log-opt-1.log
   Prev: gurobi.log  Default: 
Changed value of parameter presolve to 2
   Prev: -1  Min: -1  Max: 2  Default: -1
Changed value of parameter mipgap to 0.001
   Prev: 0.0001  Min: 0.0  Max: 1e+100  Default: 0.0001
Parameter method unchanged
   Value: -1  Min: -1  Max: 4  Default: -1
Changed value of parameter timelimit to 300.0
   Prev: 1e+100  Min: 0.0  Max: 1e+100  Default: 1e+100
Changed value of parameter mipfocus to 1
   Prev: 0  Min: 0  Max: 3  Default: 0
Optimize a model with 4803 rows, 844 columns and 20089 nonzeros
Variable types: 432 continuous, 412 integer (406 binary)
Coefficient statistics:
  Matrix range     [1e+00, 2e+04]
  Objective range  [1e+00, 1e+00]
  Bounds range     [1e+00, 1e+04]
  RHS range        [1e+00, 6e+04]
Found heuristic solution: objective 228
Presolve removed 2809 rows and 420 columns
Presolve time: 0.03s
Presolved: 1994 rows, 424 columns, 8870 nonzeros
Variable types: 220 continuous, 204 integer (204 binary)
Presolve removed 30 rows and 0 columns
Presolved: 1964 rows, 444 columns, 8747 nonzeros


Root relaxation: objective 9.500000e+01, 101 iterations, 0.01 seconds

    Nodes    |    Current Node    |     Objective Bounds      |     Work
 Expl Unexpl |  Obj  Depth IntInf | Incumbent    BestBd   Gap | It/Node Time

     0     0   95.00000    0    6  228.00000   95.00000  58.3%     -    0s
H    0     0                     207.0000000   95.00000  54.1%     -    0s
H    0     0                     179.0000000   95.00000  46.9%     -    0s
     0     0   95.00000    0   22  179.00000   95.00000  46.9%     -    0s
     0     0   95.00000    0   25  179.00000   95.00000  46.9%     -    0s
     0     0   95.00000    0   29  179.00000   95.00000  46.9%     -    0s
     0     0   95.00000    0   37  179.00000   95.00000  46.9%     -    0s
     0     0   95.00000    0   38  179.00000   95.00000  46.9%     -    0s
     0     0   95.00000    0   30  179.00000   95.00000  46.9%     -    0s
     0     0   95.00000    0   34  179.00000   95.00000  46.9%     -    0s
     0     0   95.00000    0   10  179.00000   95.00000  46.9%     -    0s
     0     2   95.00000    0    8  179.00000   95.00000  46.9%     -    0s
H 1583   496                     179.0000000   95.00000  46.9%   4.6    0s
H 1848   569                     178.9999160   95.00000  46.9%   4.5    1s
* 3474   764              25     178.9999160  126.50000  29.3%   4.9    2s

Cutting planes:
  Learned: 2
  Cover: 1
  MIR: 10
  Flow cover: 31

Explored 7926 nodes (43015 simplex iterations) in 3.84 seconds
Thread count was 4 (of 4 available processors)

Solution count 6: 179 179 179 ... 228
Pool objective bound 179

Optimal solution found (tolerance 1.00e-03)
Best objective 1.789999160000e+02, best bound 1.789999160000e+02, gap 0.0000%

#######################################
GN: iteration 0 at stage 1
Added demands: [0, 1, 2, 3, 4, 5, 6, 7, 8, 9]
Fixed demands: []

Gurobi 7.0.2 (win64) logging started 03/16/17 18:26:01

Changed value of parameter LogFile to log-opt-1.log
   Prev: gurobi.log  Default: 
Changed value of parameter presolve to 2
   Prev: -1  Min: -1  Max: 2  Default: -1
Changed value of parameter mipgap to 0.001
   Prev: 0.0001  Min: 0.0  Max: 1e+100  Default: 0.0001
Parameter method unchanged
   Value: -1  Min: -1  Max: 4  Default: -1
Changed value of parameter timelimit to 300.0
   Prev: 1e+100  Min: 0.0  Max: 1e+100  Default: 1e+100
Changed value of parameter mipfocus to 1
   Prev: 0  Min: 0  Max: 3  Default: 0
Optimize a model with 13161 rows, 3742 columns and 39787 nonzeros
Variable types: 1530 continuous, 2212 integer (2206 binary)
Coefficient statistics:
  Matrix range     [5e-01, 2e+04]
  Objective range  [1e+00, 1e+00]
  Bounds range     [1e+00, 1e+04]
  RHS range        [1e+00, 6e+04]
Found heuristic solution: objective 314.5
Presolve removed 8391 rows and 2280 columns
Presolve time: 0.20s
Presolved: 4770 rows, 1462 columns, 17094 nonzeros
Variable types: 554 continuous, 908 integer (908 binary)
Presolve removed 324 rows and 152 columns
Presolved: 4446 rows, 1310 columns, 16251 nonzeros


Root relaxation: objective 9.500000e+01, 199 iterations, 0.03 seconds

    Nodes    |    Current Node    |     Objective Bounds      |     Work
 Expl Unexpl |  Obj  Depth IntInf | Incumbent    BestBd   Gap | It/Node Time

     0     0   95.00000    0    4  314.50000   95.00000  69.8%     -    0s
H    0     0                     262.0000000   95.00000  63.7%     -    0s
H    0     0                     179.0000000   95.00000  46.9%     -    0s
     0     0   95.00000    0   30  179.00000   95.00000  46.9%     -    0s
     0     0   95.00000    0   31  179.00000   95.00000  46.9%     -    0s
     0     0   95.00000    0   26  179.00000   95.00000  46.9%     -    0s
     0     0   95.00000    0   42  179.00000   95.00000  46.9%     -    0s
     0     0   95.00000    0   39  179.00000   95.00000  46.9%     -    0s
     0     0   95.00000    0   30  179.00000   95.00000  46.9%     -    0s
     0     0   95.00000    0   41  179.00000   95.00000  46.9%     -    0s
     0     0   95.00000    0   19  179.00000   95.00000  46.9%     -    0s
     0     2   95.00000    0    5  179.00000   95.00000  46.9%     -    0s
H  386   126                     179.0000000  154.50000  13.7%   9.9    1s
H 4519   770                     178.9999160  154.50000  13.7%  12.0    4s
  4961   661  154.50000   25   14  178.99992  154.50000  13.7%  12.3    5s
H10181    18                     178.9999160  175.50000  1.96%  14.2   10s

Cutting planes:
  Gomory: 8
  Implied bound: 14
  MIR: 41
  Flow cover: 50
  Zero half: 4

Explored 10627 nodes (155752 simplex iterations) in 10.42 seconds
Thread count was 4 (of 4 available processors)

Solution count 7: 179 179 179 ... 314.5
Pool objective bound 179

Optimal solution found (tolerance 1.00e-03)
Best objective 1.789999160001e+02, best bound 1.789999160001e+02, gap 0.0000%

#######################################
TR: iteration 0 at stage 2
Added demands: [0, 1, 2, 3, 4, 5, 6, 7, 8, 9, 10, 11, 12, 13, 14]
Fixed demands: []

Gurobi 7.0.2 (win64) logging started 03/16/17 18:26:14

Changed value of parameter LogFile to log-opt-1.log
   Prev: gurobi.log  Default: 
Changed value of parameter presolve to 2
   Prev: -1  Min: -1  Max: 2  Default: -1
Changed value of parameter mipgap to 0.001
   Prev: 0.0001  Min: 0.0  Max: 1e+100  Default: 0.0001
Parameter method unchanged
   Value: -1  Min: -1  Max: 4  Default: -1
Changed value of parameter timelimit to 300.0
   Prev: 1e+100  Min: 0.0  Max: 1e+100  Default: 1e+100
Changed value of parameter mipfocus to 1
   Prev: 0  Min: 0  Max: 3  Default: 0
Optimize a model with 9973 rows, 1334 columns and 43774 nonzeros
Variable types: 647 continuous, 687 integer (681 binary)
Coefficient statistics:
  Matrix range     [1e+00, 2e+04]
  Objective range  [1e+00, 1e+00]
  Bounds range     [1e+00, 1e+04]
  RHS range        [1e+00, 6e+04]
Found heuristic solution: objective 383.5
Presolve removed 5934 rows and 675 columns
Presolve time: 0.06s
Presolved: 4039 rows, 659 columns, 18609 nonzeros
Variable types: 320 continuous, 339 integer (339 binary)
Presolve removed 0 rows and 15 columns
Presolved: 659 rows, 4683 columns, 19190 nonzeros

Presolve removed 659 rows and 4683 columns

Root relaxation: objective 9.500000e+01, 1639 iterations, 0.07 seconds

    Nodes    |    Current Node    |     Objective Bounds      |     Work
 Expl Unexpl |  Obj  Depth IntInf | Incumbent    BestBd   Gap | It/Node Time

     0     0   95.00000    0   20  383.50000   95.00000  75.2%     -    0s
H    0     0                     307.5000000   95.00000  69.1%     -    0s
H    0     0                     279.0000000   95.00000  65.9%     -    0s
H    0     0                     270.5000000   95.00000  64.9%     -    0s
H    0     0                     243.0000000   95.00000  60.9%     -    0s
     0     0   95.00000    0   41  243.00000   95.00000  60.9%     -    0s
H    0     0                     236.0000000   95.00000  59.7%     -    0s
     0     0   95.00000    0   43  236.00000   95.00000  59.7%     -    0s
     0     0   95.00000    0   56  236.00000   95.00000  59.7%     -    0s
     0     0   95.00000    0   50  236.00000   95.00000  59.7%     -    0s
H    0     0                     228.0000000   95.00000  58.3%     -    0s
H    0     0                     205.0000000   95.00000  53.7%     -    0s
     0     0   95.00000    0   44  205.00000   95.00000  53.7%     -    0s
     0     0   95.00000    0   57  205.00000   95.00000  53.7%     -    0s
     0     0   95.00000    0   49  205.00000   95.00000  53.7%     -    0s
     0     0   95.00000    0   51  205.00000   95.00000  53.7%     -    0s
     0     0   95.00000    0   20  205.00000   95.00000  53.7%     -    0s
     0     2   95.00000    0   13  205.00000   95.00000  53.7%     -    0s
H   31    29                     205.0000000   95.00000  53.7%  20.2    1s
H  528   187                     204.0000000   95.00000  53.4%  12.4    1s
H  755   269                     204.0000000   95.00000  53.4%  11.1    1s
  2354   858  185.50000   32   32  204.00000   95.00000  53.4%  14.5    5s
  4037  1088   95.00000   25   42  204.00000   95.00000  53.4%  13.1   10s
  6081  1724  161.50000   30   30  204.00000   95.00000  53.4%  12.0   15s
 11386  3195  167.50000   40   23  204.00000  126.50000  38.0%  10.6   20s
 17973  4721 infeasible   50       204.00000  137.50000  32.6%   9.9   25s
 24878  5922  185.50000   30   25  204.00000  147.50000  27.7%   9.4   30s
 31185  7187  147.50000   29   31  204.00000  147.50000  27.7%   9.2   35s
 38803  8793  147.50000   33   37  204.00000  147.50000  27.7%   8.9   40s
 46997  9737 infeasible   40       204.00000  148.50000  27.2%   8.7   45s
 53943 10243 infeasible   43       204.00000  148.50000  27.2%   8.8   50s
 61564 11183 infeasible   41       204.00000  148.50000  27.2%   8.8   55s
 70143 12255  148.50000   43   20  204.00000  148.50000  27.2%   8.7   60s
 76856 12660  185.50000   45   17  204.00000  148.50000  27.2%   8.7   65s
 85275 13476 infeasible   45       204.00000  148.50000  27.2%   8.6   70s
 92654 13817 infeasible   53       204.00000  149.50000  26.7%   8.6   75s
 99363 13734 infeasible   49       204.00000  150.50000  26.2%   8.7   80s
 106578 14450 infeasible   47       204.00000  150.50000  26.2%   8.6   85s
 115119 15250 infeasible   41       204.00000  150.50000  26.2%   8.5   90s
 122884 15745 infeasible   45       204.00000  150.50000  26.2%   8.5   95s
 130819 16534  173.50000   51    7  204.00000  150.50000  26.2%   8.4  100s
 138768 17433  185.50000   42    9  204.00000  150.50000  26.2%   8.4  105s
 146695 17903 infeasible   48       204.00000  150.50000  26.2%   8.4  110s
 154220 18365 infeasible   44       204.00000  150.50000  26.2%   8.3  115s
 161462 18464 infeasible   43       204.00000  151.50000  25.7%   8.4  120s
 167673 18495 infeasible   55       204.00000  154.50000  24.3%   8.4  125s
 174098 18474 infeasible   46       204.00000  154.50000  24.3%   8.5  130s
 181108 19145 infeasible   44       204.00000  154.50000  24.3%   8.5  135s
 189000 19569  159.50000   47    6  204.00000  159.50000  21.8%   8.5  140s
 195824 19971  185.50000   43    7  204.00000  159.50000  21.8%   8.5  145s
 202884 20411  159.50000   40   18  204.00000  159.50000  21.8%   8.5  150s
 210420 20817  168.50000   46   12  204.00000  159.50000  21.8%   8.5  155s
 216712 21224  185.50000   42    9  204.00000  159.50000  21.8%   8.5  160s
 223782 21560 infeasible   46       204.00000  159.50000  21.8%   8.5  165s
 230567 22194  181.50000   39   22  204.00000  159.50000  21.8%   8.5  170s
 237923 22726 infeasible   47       204.00000  159.50000  21.8%   8.5  175s
 243900 22977  160.50000   40   20  204.00000  159.50000  21.8%   8.5  204s
 243943 23005  159.50000   34   41  204.00000  159.50000  21.8%   8.6  205s
 248074 23158  162.50000   39   28  204.00000  159.50000  21.8%   8.6  210s
 254396 22412  159.50000   43   27  204.00000  159.50000  21.8%   8.6  215s
 261173 21015  159.50000   44   34  204.00000  159.50000  21.8%   8.6  220s
 268306 19524 infeasible   46       204.00000  159.50000  21.8%   8.6  225s
 274779 17860  160.50000   47   21  204.00000  159.50000  21.8%   8.6  230s
 280475 16327 infeasible   43       204.00000  159.50000  21.8%   8.6  235s
 287317 14778 infeasible   51       204.00000  159.50000  21.8%   8.6  240s
 294450 13077 infeasible   50       204.00000  159.50000  21.8%   8.6  245s
 300674 11568  182.50000   50   11  204.00000  159.50000  21.8%   8.7  250s
 306405 10227 infeasible   58       204.00000  159.50000  21.8%   8.7  255s
 311959  8701 infeasible   52       204.00000  159.50000  21.8%   8.7  260s
H319359  8901                     204.0000000  159.50000  21.8%   8.6  264s
 320395  8820 infeasible   54       204.00000  159.50000  21.8%   8.6  265s
 328313  8926 infeasible   53       204.00000  160.50000  21.3%   8.6  270s
 334027  9276 infeasible   46       204.00000  160.50000  21.3%   8.7  275s
 340061  9355  161.50000   49   10  204.00000  161.50000  20.8%   8.7  280s
 347134  9568 infeasible   46       204.00000  161.50000  20.8%   8.8  285s
 352890  9861 infeasible   56       204.00000  161.50000  20.8%   8.8  290s
 360571 10222  173.50000   56    6  204.00000  161.50000  20.8%   8.8  295s
 368410 10542 infeasible   52       204.00000  162.50000  20.3%   8.8  300s

Cutting planes:
  Gomory: 29
  Cover: 7
  Implied bound: 5
  MIR: 180
  Flow cover: 228

Explored 368572 nodes (3236038 simplex iterations) in 300.03 seconds
Thread count was 4 (of 4 available processors)

Solution count 10: 204 204 204 ... 279
Pool objective bound 162.5

Time limit reached
Best objective 2.039999999514e+02, best bound 1.625000000000e+02, gap 20.3431%

Gurobi 7.0.2 (win64) logging started 03/16/17 18:31:15

Parameter LogFile unchanged
   Value: log-opt-1.log  Default: 
Parameter presolve unchanged
   Value: 2  Min: -1  Max: 2  Default: -1
Parameter mipgap unchanged
   Value: 0.001  Min: 0.0  Max: 1e+100  Default: 0.0001
Parameter method unchanged
   Value: -1  Min: -1  Max: 4  Default: -1
Parameter timelimit unchanged
   Value: 300.0  Min: 0.0  Max: 1e+100  Default: 1e+100
Parameter mipfocus unchanged
   Value: 1  Min: 0  Max: 3  Default: 0
Optimize a model with 9973 rows, 1334 columns and 43774 nonzeros
Variable types: 647 continuous, 687 integer (681 binary)
Coefficient statistics:
  Matrix range     [1e+00, 2e+04]
  Objective range  [1e+00, 1e+00]
  Bounds range     [1e+00, 1e+04]
  RHS range        [1e+00, 6e+04]
Presolved: 4039 rows, 659 columns, 18609 nonzeros

Continuing optimization...

 368572 10484 infeasible   53       204.00000  162.50000  20.3%   8.8  300s
 374996 10479  181.50000   49   23  204.00000  167.50000  17.9%   8.8  305s
 383596 10938 infeasible   59       204.00000  168.50000  17.4%   8.7  310s
 390156 11308 infeasible   51       204.00000  170.50000  16.4%   8.7  315s
 398341 11353  175.50000   52   29  204.00000  171.50000  15.9%   8.7  320s
 405973 11131  173.50000   48    9  204.00000  173.50000  15.0%   8.7  325s
 412984 10986  173.50000   48   17  204.00000  173.50000  15.0%   8.7  330s
 420613 10903  185.50000   49   14  204.00000  175.50000  14.0%   8.7  335s
 427083 10762 infeasible   56       204.00000  175.50000  14.0%   8.7  340s
 432755 10984  175.50000   51   11  204.00000  175.50000  14.0%   8.7  345s
 439553 11125  182.00000   49   27  204.00000  175.50000  14.0%   8.7  350s
 445802 11182 infeasible   47       204.00000  175.50000  14.0%   8.7  355s
 452308 11608 infeasible   53       204.00000  175.50000  14.0%   8.7  360s
 457350 11947  175.50000   49   19  204.00000  175.50000  14.0%   8.8  365s
 463159 12226  175.50000   55   27  204.00000  175.50000  14.0%   8.8  370s
 469241 12298 infeasible   43       204.00000  175.50000  14.0%   8.8  375s
 474617 12532 infeasible   52       204.00000  175.50000  14.0%   8.8  380s
 481024 12538 infeasible   50       204.00000  175.50000  14.0%   8.8  385s
 486907 12439  175.50000   50   11  204.00000  175.50000  14.0%   8.9  390s
 493415 12766  175.50000   50    8  204.00000  175.50000  14.0%   8.9  395s
 500140 12923  175.50000   46   19  204.00000  175.50000  14.0%   8.9  400s
 506441 13134 infeasible   56       204.00000  175.50000  14.0%   9.0  405s
H506900 13122                     203.9999693  175.50000  14.0%   9.0  405s
*509411 13196              55     203.9999693  175.50000  14.0%   9.0  407s
 514133 13489 infeasible   51       203.99997  175.50000  14.0%   9.0  410s
 520941 13659 infeasible   44       203.99997  175.50000  14.0%   9.1  415s
 528431 13912 infeasible   59       203.99997  175.50000  14.0%   9.1  420s
 536371 14380 infeasible   48       203.99997  175.50000  14.0%   9.1  425s
 544256 14704 infeasible   49       203.99997  175.50000  14.0%   9.2  430s
 549943 14634 infeasible   57       203.99997  177.00000  13.2%   9.2  435s
 556514 14217  179.50000   54   13  203.99997  179.50000  12.0%   9.3  440s
 561497 14123 infeasible   51       203.99997  179.50000  12.0%   9.3  445s
 568749 14119  179.50000   47   23  203.99997  179.50000  12.0%   9.3  450s
 575155 14331  179.50000   47   33  203.99997  179.50000  12.0%   9.3  455s
 582850 14270  192.00000   49   12  203.99997  179.50000  12.0%   9.3  460s
 589618 13930 infeasible   55       203.99997  181.50000  11.0%   9.3  465s
 597094 14014  181.50000   45   11  203.99997  181.50000  11.0%   9.4  470s
 602991 14124  181.50000   46    7  203.99997  181.50000  11.0%   9.4  475s
 610947 14464 infeasible   47       203.99997  181.50000  11.0%   9.4  480s
 619471 15036  181.50000   45    9  203.99997  181.50000  11.0%   9.4  485s
 625992 15170  181.50000   51    5  203.99997  181.50000  11.0%   9.5  490s
 632384 15266  181.50000   46    6  203.99997  181.50000  11.0%   9.5  495s
 638448 15579  188.00000   66    9  203.99997  181.50000  11.0%   9.6  500s
 643739 15634  181.50000   66   11  203.99997  181.50000  11.0%   9.6  505s
 649415 15343  181.50000   49    9  203.99997  181.50000  11.0%   9.6  510s
 655505 15675  181.50000   61    7  203.99997  181.50000  11.0%   9.7  515s
 662594 15989 infeasible   64       203.99997  181.50000  11.0%   9.7  520s
 668708 15843  181.50000   50   12  203.99997  181.50000  11.0%   9.7  525s
 675075 16175  185.50000   46   10  203.99997  181.50000  11.0%   9.7  530s
 681852 16476  186.50000   57    5  203.99997  181.50000  11.0%   9.7  535s
 689027 16909 infeasible   49       203.99997  181.50000  11.0%   9.7  540s
 695262 16972  181.50000   51   12  203.99997  181.50000  11.0%   9.8  545s
 701096 17008  181.50000   45   11  203.99997  181.50000  11.0%   9.8  550s
 708189 17044  181.50000   45   21  203.99997  181.50000  11.0%   9.8  555s
 715514 17074  181.50000   43   12  203.99997  181.50000  11.0%   9.8  560s
 721321 16764 infeasible   61       203.99997  181.50000  11.0%   9.8  565s
 727418 16512 infeasible   59       203.99997  181.50000  11.0%   9.8  570s
 733732 16516 infeasible   54       203.99997  181.50000  11.0%   9.8  575s
 740194 16283 infeasible   52       203.99997  181.50000  11.0%   9.8  580s
 747210 16372  181.50000   51   13  203.99997  181.50000  11.0%   9.8  585s
 752691 16398  181.50000   46   11  203.99997  181.50000  11.0%   9.8  590s
 759847 16520 infeasible   54       203.99997  181.50000  11.0%   9.8  595s
 766945 16512  181.50000   50   13  203.99997  181.50000  11.0%   9.8  600s

Cutting planes:
  Gomory: 31
  Cover: 9
  Implied bound: 5
  MIR: 205
  Flow cover: 258

Explored 767312 nodes (7507076 simplex iterations) in 300.03 seconds
Thread count was 4 (of 4 available processors)

Solution count 10: 204 204 204 ... 243
Pool objective bound 181.5

Time limit reached
Best objective 2.039999692768e+02, best bound 1.815000000000e+02, gap 11.0294%

#######################################
GN: iteration 0 at stage 2
Added demands: [0, 1, 2, 3, 4, 5, 6, 7, 8, 9, 10, 11, 12, 13, 14]
Fixed demands: []

Gurobi 7.0.2 (win64) logging started 03/16/17 18:36:15

Changed value of parameter LogFile to log-opt-1.log
   Prev: gurobi.log  Default: 
Changed value of parameter presolve to 2
   Prev: -1  Min: -1  Max: 2  Default: -1
Changed value of parameter mipgap to 0.001
   Prev: 0.0001  Min: 0.0  Max: 1e+100  Default: 0.0001
Parameter method unchanged
   Value: -1  Min: -1  Max: 4  Default: -1
Changed value of parameter timelimit to 300.0
   Prev: 1e+100  Min: 0.0  Max: 1e+100  Default: 1e+100
Changed value of parameter mipfocus to 1
   Prev: 0  Min: 0  Max: 3  Default: 0
Optimize a model with 26551 rows, 7022 columns and 84112 nonzeros
Variable types: 2285 continuous, 4737 integer (4731 binary)
Coefficient statistics:
  Matrix range     [5e-01, 2e+04]
  Objective range  [1e+00, 1e+00]
  Bounds range     [1e+00, 1e+04]
  RHS range        [1e+00, 6e+04]
Found heuristic solution: objective 309.5
Presolve removed 16746 rows and 4275 columns
Presolve time: 0.54s
Presolved: 9805 rows, 2747 columns, 35783 nonzeros
Variable types: 814 continuous, 1933 integer (1933 binary)
Presolve removed 479 rows and 222 columns
Presolved: 9326 rows, 2525 columns, 34515 nonzeros


Root relaxation: objective 9.500000e+01, 329 iterations, 0.08 seconds

    Nodes    |    Current Node    |     Objective Bounds      |     Work
 Expl Unexpl |  Obj  Depth IntInf | Incumbent    BestBd   Gap | It/Node Time

     0     0   95.00000    0   15  309.50000   95.00000  69.3%     -    0s
H    0     0                     278.0000000   95.00000  65.8%     -    0s
H    0     0                     253.0000000   95.00000  62.5%     -    0s
H    0     0                     230.0000000   95.00000  58.7%     -    0s
     0     0   95.00000    0   50  230.00000   95.00000  58.7%     -    0s
H    0     0                     217.0000000   95.00000  56.2%     -    1s
     0     0   95.00000    0   50  217.00000   95.00000  56.2%     -    1s
     0     0   95.00000    0   66  217.00000   95.00000  56.2%     -    1s
     0     0   95.00000    0   69  217.00000   95.00000  56.2%     -    1s
     0     0   95.00000    0   79  217.00000   95.00000  56.2%     -    1s
     0     0   95.00000    0   81  217.00000   95.00000  56.2%     -    1s
     0     0   95.00000    0   87  217.00000   95.00000  56.2%     -    1s
     0     0   95.00000    0   93  217.00000   95.00000  56.2%     -    1s
     0     0   95.00000    0   17  217.00000   95.00000  56.2%     -    1s
     0     2   95.00000    0   17  217.00000   95.00000  56.2%     -    2s
H  273   150                     205.0000000   95.00000  53.7%  57.7    3s
H  563   259                     205.0000000   95.00000  53.7%  50.2    4s
   568   261   95.00000   27  116  205.00000   95.00000  53.7%  53.0    5s
  1135   481   95.00000   21   42  205.00000   95.00000  53.7%  66.7   11s
  1607   614 infeasible   24       205.00000   95.00000  53.7%  69.7   15s
  2426   877   95.00000   13   82  205.00000   95.00000  53.7%  67.8   20s
H 2773   876                     204.0000000   95.00000  53.4%  64.8   21s
H 2802   845                     204.0000000   95.00000  53.4%  64.8   22s
  2972   839 infeasible   38       204.00000   95.00000  53.4%  65.0   25s
  3047   834 infeasible   30       204.00000   95.00000  53.4%  68.2   30s
  3440   880  171.50000   19   45  204.00000   95.00000  53.4%  64.7   35s
  3830   899 infeasible   47       204.00000   95.00000  53.4%  62.9   40s
  4438   926  186.50000   41   37  204.00000  128.50000  37.0%  61.1   45s
H 5143  1018                     204.0000000  147.50000  27.7%  57.7   46s
  5956  1276 infeasible   34       204.00000  148.50000  27.2%  56.2   50s
  7662  1634 infeasible   37       204.00000  148.50000  27.2%  53.6   55s
  9496  1898  181.50000   34   42  204.00000  148.50000  27.2%  52.3   60s
 10588  2027  166.50000   38   37  204.00000  148.50000  27.2%  52.8   65s
 12027  2209  150.50000   36   98  204.00000  150.50000  26.2%  53.4   70s
 13404  2396 infeasible   38       204.00000  150.50000  26.2%  53.4   75s
 14784  2613  181.50000   39   25  204.00000  150.50000  26.2%  54.0   81s
 16080  2710  154.50000   31   26  204.00000  154.50000  24.3%  54.0   86s
 17624  2800 infeasible   41       204.00000  154.50000  24.3%  53.9   91s
 19065  2942  154.50000   36   49  204.00000  154.50000  24.3%  53.8   96s
 20583  3079  185.50000   40   47  204.00000  154.50000  24.3%  53.7  102s
 21315  3044 infeasible   42       204.00000  154.50000  24.3%  53.4  105s
 22745  3156  154.50000   37   15  204.00000  154.50000  24.3%  53.3  110s
 23955  3224  185.50000   39   29  204.00000  154.50000  24.3%  53.3  115s
 25420  3197 infeasible   46       204.00000  154.50000  24.3%  53.1  121s
 26681  3264 infeasible   43       204.00000  154.50000  24.3%  52.9  125s
 28095  3392 infeasible   43       204.00000  154.50000  24.3%  53.3  131s
 29279  3400  179.50000   42   13  204.00000  154.50000  24.3%  53.3  136s
 30570  3386  161.50000   32   20  204.00000  154.50000  24.3%  53.1  141s
 31649  3423  154.50000   38   14  204.00000  154.50000  24.3%  53.0  146s
 32859  3459  154.50000   41   22  204.00000  154.50000  24.3%  52.7  151s
 34673  3625  154.50000   31   34  204.00000  154.50000  24.3%  52.2  156s
 35897  3683  179.50000   37   14  204.00000  154.50000  24.3%  51.8  160s
 37324  3779 infeasible   33       204.00000  154.50000  24.3%  51.3  165s
 39149  3885  154.50000   33   63  204.00000  154.50000  24.3%  51.2  171s
 40171  4000 infeasible   38       204.00000  154.50000  24.3%  51.4  176s
 41199  4057  159.50000   35   12  204.00000  154.50000  24.3%  51.5  181s
 42579  4264  185.50000   33   38  204.00000  159.50000  21.8%  51.6  186s
 43405  4374  173.50000   42   37  204.00000  159.50000  21.8%  51.6  191s
 44035  4455  159.50000   32   42  204.00000  159.50000  21.8%  51.6  195s
 45785  4586 infeasible   43       204.00000  159.50000  21.8%  51.6  201s
 47439  4714  159.50000   41   63  204.00000  159.50000  21.8%  51.7  206s
 48675  4754  159.50000   41   25  204.00000  159.50000  21.8%  51.9  211s
 49968  4889  163.33673   45   23  204.00000  159.50000  21.8%  52.0  216s
 51250  5078 infeasible   40       204.00000  159.50000  21.8%  51.9  220s
 52769  5194  185.50000   33   14  204.00000  159.50000  21.8%  51.8  225s
 54286  5245  159.50000   45   11  204.00000  159.50000  21.8%  51.7  232s
 54870  5289  159.50000   38  102  204.00000  159.50000  21.8%  51.8  235s
 56246  5366  159.50000   39   64  204.00000  159.50000  21.8%  52.3  241s
 57689  5456 infeasible   33       204.00000  159.50000  21.8%  52.3  246s
 58939  5555  159.50000   40   43  204.00000  159.50000  21.8%  52.1  250s
 60213  5611  185.50000   36   36  204.00000  159.50000  21.8%  52.1  255s
 61734  5708 infeasible   40       204.00000  159.50000  21.8%  51.9  260s
 63283  5839 infeasible   35       204.00000  159.50000  21.8%  51.9  265s
 64347  6001  159.50000   42   59  204.00000  159.50000  21.8%  52.0  270s
 65700  6116 infeasible   43       204.00000  159.50000  21.8%  52.1  275s
 67364  6316 infeasible   42       204.00000  159.50000  21.8%  52.0  281s
 68972  6363 infeasible   42       204.00000  159.50000  21.8%  51.7  286s
 70061  6425 infeasible   43       204.00000  159.50000  21.8%  51.6  290s
 71276  6540  188.00000   35    9  204.00000  159.50000  21.8%  51.6  295s
 72186  6578  188.00000   44   40  204.00000  159.50000  21.8%  51.7  300s

Cutting planes:
  Gomory: 22
  Cover: 10
  Implied bound: 28
  MIR: 193
  Flow cover: 286
  GUB cover: 2
  Zero half: 69

Explored 72512 nodes (3755121 simplex iterations) in 300.05 seconds
Thread count was 4 (of 4 available processors)

Solution count 10: 204 204 204 ... 309.5
Pool objective bound 159.5

Time limit reached
Best objective 2.039999999590e+02, best bound 1.595000000000e+02, gap 21.8137%

Gurobi 7.0.2 (win64) logging started 03/16/17 18:41:15

Parameter LogFile unchanged
   Value: log-opt-1.log  Default: 
Parameter presolve unchanged
   Value: 2  Min: -1  Max: 2  Default: -1
Parameter mipgap unchanged
   Value: 0.001  Min: 0.0  Max: 1e+100  Default: 0.0001
Parameter method unchanged
   Value: -1  Min: -1  Max: 4  Default: -1
Parameter timelimit unchanged
   Value: 300.0  Min: 0.0  Max: 1e+100  Default: 1e+100
Parameter mipfocus unchanged
   Value: 1  Min: 0  Max: 3  Default: 0
Optimize a model with 26551 rows, 7022 columns and 84112 nonzeros
Variable types: 2285 continuous, 4737 integer (4731 binary)
Coefficient statistics:
  Matrix range     [5e-01, 2e+04]
  Objective range  [1e+00, 1e+00]
  Bounds range     [1e+00, 1e+04]
  RHS range        [1e+00, 6e+04]
Presolved: 9805 rows, 2747 columns, 35783 nonzeros

Continuing optimization...

 72512  6565  188.00000   49   28  204.00000  159.50000  21.8%  51.7  301s
 73516  6592  181.50000   41   42  204.00000  159.50000  21.8%  51.8  306s
 75141  6691  185.50000   46   19  204.00000  159.50000  21.8%  51.8  311s
 76511  6781  160.50000   40   75  204.00000  159.50000  21.8%  51.7  317s
 77462  6924 infeasible   35       204.00000  159.50000  21.8%  51.7  320s
 79316  7136  179.50000   27   36  204.00000  159.50000  21.8%  51.6  325s
 80574  7235  200.50000   43   26  204.00000  159.50000  21.8%  51.5  331s
 81797  7358  185.50000   44   14  204.00000  159.50000  21.8%  51.5  336s
 82875  7399 infeasible   36       204.00000  159.50000  21.8%  51.9  341s
 84283  7593  159.50000   34   20  204.00000  159.50000  21.8%  51.9  346s
 85217  7671  173.50000   38   14  204.00000  159.50000  21.8%  51.9  350s
 86338  7776 infeasible   36       204.00000  159.50000  21.8%  52.0  355s
 87804  7873  159.50000   36   44  204.00000  159.50000  21.8%  51.9  360s
 89388  8028  170.50000   31   10  204.00000  159.50000  21.8%  51.9  366s
 90041  8066 infeasible   39       204.00000  159.50000  21.8%  52.0  370s
 91436  8029  159.50000   39   27  204.00000  159.50000  21.8%  52.0  375s
 92889  8059  160.50000   38   45  204.00000  159.50000  21.8%  52.1  380s
 94056  8092  185.50000   39    5  204.00000  159.50000  21.8%  52.2  385s
 95756  8302 infeasible   36       204.00000  159.50000  21.8%  52.2  392s
 96318  8355  161.50000   28   16  204.00000  161.50000  20.8%  52.2  395s
 97309  8419  197.00000   39   11  204.00000  161.50000  20.8%  52.3  400s
 99168  8618  161.50000   36   24  204.00000  161.50000  20.8%  52.3  405s
 100600  8746  173.50000   35   30  204.00000  161.50000  20.8%  52.3  411s
 101756  8932  161.50000   40   55  204.00000  161.50000  20.8%  52.3  415s
 103105  9056  161.50000   26   25  204.00000  161.50000  20.8%  52.3  420s
 104833  9277  161.50000   32   29  204.00000  161.50000  20.8%  52.3  426s
 105669  9281  161.50000   37   41  204.00000  161.50000  20.8%  52.2  430s
 107394  9496 infeasible   42       204.00000  161.50000  20.8%  52.2  435s
 109043  9636 infeasible   35       204.00000  161.50000  20.8%  52.2  440s
 110271  9728 infeasible   33       204.00000  161.50000  20.8%  52.2  445s
 111804  9819  173.50000   34   16  204.00000  161.50000  20.8%  52.1  450s
 113303  9890  161.50000   32   48  204.00000  161.50000  20.8%  52.0  456s
 114832  9984 infeasible   38       204.00000  161.50000  20.8%  51.9  461s
 116057 10030 infeasible   40       204.00000  161.50000  20.8%  51.9  465s
 117315 10159 infeasible   33       204.00000  161.50000  20.8%  52.0  470s
 118624 10242  181.50000   40   11  204.00000  161.50000  20.8%  52.0  475s
 120026 10308 infeasible   42       204.00000  161.50000  20.8%  52.1  480s
 121569 10428 infeasible   35       204.00000  161.50000  20.8%  52.0  485s
 122796 10513 infeasible   34       204.00000  161.50000  20.8%  52.0  491s
 124653 10729 infeasible   33       204.00000  161.50000  20.8%  51.8  496s
 126161 10808  171.50000   39   24  204.00000  161.50000  20.8%  51.8  500s
 127293 10865  161.50000   37   31  204.00000  161.50000  20.8%  51.8  506s
 128841 11112 infeasible   38       204.00000  161.50000  20.8%  51.7  510s
 130033 11273  185.50000   36  106  204.00000  161.50000  20.8%  51.8  515s
 131530 11397  161.50000   39   92  204.00000  161.50000  20.8%  51.8  521s
 133331 11566  161.50000   30    9  204.00000  161.50000  20.8%  51.6  526s
 134712 11659  200.50000   34   15  204.00000  161.50000  20.8%  51.5  531s
 136407 11807  161.50000   28   18  204.00000  161.50000  20.8%  51.4  536s
 137785 11829  161.50000   30   16  204.00000  161.50000  20.8%  51.3  540s
 139405 11807 infeasible   38       204.00000  161.50000  20.8%  51.3  545s
 140315 11842 infeasible   35       204.00000  162.50000  20.3%  51.3  550s
 141537 11880 infeasible   37       204.00000  166.50000  18.4%  51.3  555s
 143013 11972  166.50000   37   27  204.00000  166.50000  18.4%  51.2  560s
 144154 11937 infeasible   38       204.00000  166.50000  18.4%  51.2  565s
 145692 11858  167.50000   35   49  204.00000  167.50000  17.9%  51.2  570s
 147300 12096  167.50000   38   52  204.00000  167.50000  17.9%  51.2  576s
 148853 12190  167.50000   33   40  204.00000  167.50000  17.9%  51.1  580s
 150389 12213  167.50000   38   33  204.00000  167.50000  17.9%  51.0  585s
 152388 12297 infeasible   43       204.00000  167.50000  17.9%  50.8  591s
 153732 12369 infeasible   37       204.00000  167.50000  17.9%  50.7  595s
 155609 12559 infeasible   44       204.00000  167.50000  17.9%  50.6  600s

Cutting planes:
  Gomory: 22
  Cover: 16
  Implied bound: 30
  MIR: 218
  Flow cover: 305
  GUB cover: 2
  Zero half: 76

Explored 155707 nodes (7882253 simplex iterations) in 300.04 seconds
Thread count was 4 (of 4 available processors)

Solution count 10: 204 204 204 ... 309.5
Pool objective bound 167.5

Time limit reached
Best objective 2.039999999590e+02, best bound 1.675000000000e+02, gap 17.8922%

#######################################
TR: iteration 0 at stage 3
Added demands: [0, 1, 2, 3, 4, 5, 6, 7, 8, 9, 10, 11, 12, 13, 14, 15, 16, 17, 18, 19]
Fixed demands: []

Gurobi 7.0.2 (win64) logging started 03/16/17 18:46:20

Changed value of parameter LogFile to log-opt-1.log
   Prev: gurobi.log  Default: 
Changed value of parameter presolve to 2
   Prev: -1  Min: -1  Max: 2  Default: -1
Changed value of parameter mipgap to 0.001
   Prev: 0.0001  Min: 0.0  Max: 1e+100  Default: 0.0001
Parameter method unchanged
   Value: -1  Min: -1  Max: 4  Default: -1
Changed value of parameter timelimit to 300.0
   Prev: 1e+100  Min: 0.0  Max: 1e+100  Default: 1e+100
Changed value of parameter mipfocus to 1
   Prev: 0  Min: 0  Max: 3  Default: 0
Optimize a model with 16993 rows, 1874 columns and 76559 nonzeros
Variable types: 862 continuous, 1012 integer (1006 binary)
Coefficient statistics:
  Matrix range     [1e+00, 2e+04]
  Objective range  [1e+00, 1e+00]
  Bounds range     [1e+00, 1e+04]
  RHS range        [1e+00, 6e+04]
Found heuristic solution: objective 486.5
Presolve removed 10032 rows and 933 columns
Presolve time: 0.12s
Presolved: 6961 rows, 941 columns, 32608 nonzeros
Variable types: 436 continuous, 505 integer (505 binary)
Presolve removed 0 rows and 20 columns
Presolved: 941 rows, 7882 columns, 33448 nonzeros

Presolve removed 941 rows and 7882 columns

Root relaxation: objective 9.800000e+01, 2670 iterations, 0.16 seconds

    Nodes    |    Current Node    |     Objective Bounds      |     Work
 Expl Unexpl |  Obj  Depth IntInf | Incumbent    BestBd   Gap | It/Node Time

     0     0   98.00000    0   33  486.50000   98.00000  79.9%     -    0s
H    0     0                     296.5000000   98.00000  66.9%     -    0s
H    0     0                     262.0000000   98.00000  62.6%     -    0s
     0     0   98.00000    0   41  262.00000   98.00000  62.6%     -    0s
     0     0   98.00000    0   46  262.00000   98.00000  62.6%     -    0s
H    0     0                     241.0000000   98.00000  59.3%     -    0s
     0     0   98.00000    0   53  241.00000   98.00000  59.3%     -    0s
     0     0   98.00000    0   52  241.00000   98.00000  59.3%     -    0s
H    0     0                     240.0000000   98.00000  59.2%     -    0s
     0     0   98.00000    0   61  240.00000   98.00000  59.2%     -    0s
     0     0   98.00000    0   63  240.00000   98.00000  59.2%     -    0s
     0     0   98.00000    0   65  240.00000   98.00000  59.2%     -    0s
     0     0   98.00000    0   62  240.00000   98.00000  59.2%     -    0s
     0     0   98.00000    0   29  240.00000   98.00000  59.2%     -    1s
H    0     0                     234.0000000   98.00000  58.1%     -    1s
     0     2   98.00000    0   19  234.00000   98.00000  58.1%     -    1s
*  455   263              70     232.5000000   98.00000  57.8%   6.5    1s
H  639   293                     231.0000000   98.00000  57.6%   6.0    2s
H  870   399                     229.0000000   98.00000  57.2%   5.9    2s
H  926   400                     220.0000000   98.00000  55.5%   6.0    2s
  1082   510  145.50000   33   40  220.00000   98.00000  55.5%   5.9    5s
H 1674   687                     220.0000000   98.00000  55.5%  13.6    7s
  2087   743  185.50000   25   30  220.00000   98.00000  55.5%  12.8   10s
  3175  1128  185.50000   28   35  220.00000   98.00000  55.5%  12.1   15s
  5946  2349  166.50000   35   27  220.00000  137.50000  37.5%  11.2   20s
  9809  3569  173.50000   42   14  220.00000  137.50000  37.5%  10.8   25s
 14459  4753  186.50000   32   24  220.00000  147.50000  33.0%  10.4   30s
 18789  5591  161.50000   40   10  220.00000  147.50000  33.0%  10.0   35s
 23847  6774  161.50000   31   28  220.00000  147.50000  33.0%   9.7   40s
 28874  7687 infeasible   31       220.00000  147.50000  33.0%   9.5   45s
 33938  8827 infeasible   37       220.00000  147.50000  33.0%   9.4   50s
 38952  9918  161.50000   33   26  220.00000  147.50000  33.0%   9.2   55s
 44161 10838  163.50000   35   32  220.00000  147.50000  33.0%   9.1   60s
 48459 11532 infeasible   39       220.00000  147.50000  33.0%   9.0   65s
 54149 12791  147.50000   31   26  220.00000  147.50000  33.0%   9.0   70s
 59182 13481 infeasible   38       220.00000  147.50000  33.0%   8.9   75s
 64564 13765  185.50000   39   25  220.00000  147.50000  33.0%   8.8   80s
 69691 14444 infeasible   37       220.00000  148.50000  32.5%   8.8   85s
 73936 15038  150.50000   35   22  220.00000  148.50000  32.5%   8.9   90s
 78905 15522  148.50000   29   27  220.00000  148.50000  32.5%   8.9   95s
 83015 15981 infeasible   39       220.00000  148.50000  32.5%   8.9  100s
 87759 16481 infeasible   38       220.00000  148.50000  32.5%   8.9  105s
 92771 17199 infeasible   30       220.00000  148.50000  32.5%   8.9  110s
 97235 18005  166.50000   34   19  220.00000  148.50000  32.5%   8.9  115s
 101789 18684  150.50000   24   34  220.00000  148.50000  32.5%   8.9  120s
 106696 19399  175.50000   44   17  220.00000  148.50000  32.5%   8.9  125s
H108766 20019                     219.9998780  148.50000  32.5%   8.9  126s
 109733 19762  174.50000   32   29  219.99988  148.50000  32.5%   8.9  130s
 114392 20675  205.00000   43    7  219.99988  148.50000  32.5%   8.9  135s
 119048 21363  154.50000   35   22  219.99988  148.50000  32.5%   8.9  140s
 123129 22109  161.50000   37   23  219.99988  148.50000  32.5%   8.9  145s
 128361 23066 infeasible   43       219.99988  148.50000  32.5%   8.8  150s
 133271 23412 infeasible   47       219.99988  149.50000  32.0%   8.8  155s
 136838 23301 infeasible   40       219.99988  149.50000  32.0%   8.8  160s
 141695 23566  208.00000   30   14  219.99988  150.50000  31.6%   8.8  165s
 145779 24188  154.50000   30   23  219.99988  150.50000  31.6%   8.9  170s
 150187 24897 infeasible   42       219.99988  150.50000  31.6%   8.9  175s
 154620 25419  208.00000   40   13  219.99988  150.50000  31.6%   8.9  180s
 158730 25866  150.50000   30   21  219.99988  150.50000  31.6%   8.9  185s
 162643 26288  168.50000   39   17  219.99988  150.50000  31.6%   8.9  190s
 167084 26674  154.50000   37   21  219.99988  150.50000  31.6%   8.9  195s
 172212 27480  150.50000   38   23  219.99988  150.50000  31.6%   8.9  200s
 175986 28148 infeasible   40       219.99988  150.50000  31.6%   8.9  205s
 180311 28455 infeasible   35       219.99988  150.50000  31.6%   8.9  210s
 185135 29058  176.50000   46   12  219.99988  150.50000  31.6%   9.0  215s
 189283 30236  150.50000   28   38  219.99988  150.50000  31.6%   9.0  220s
 193877 31216 infeasible   50       219.99988  150.50000  31.6%   9.0  225s
 198607 32133  213.00000   45   14  219.99988  150.50000  31.6%   9.0  230s
 203115 32753 infeasible   42       219.99988  150.50000  31.6%   9.0  235s
 206199 32996 infeasible   44       219.99988  150.50000  31.6%   9.0  240s
 210496 33563  150.50000   25   33  219.99988  150.50000  31.6%   9.0  245s
 215348 34388 infeasible   43       219.99988  150.50000  31.6%   9.0  250s
 220030 35436 infeasible   36       219.99988  150.50000  31.6%   9.1  255s
 224632 36075 infeasible   36       219.99988  150.50000  31.6%   9.1  260s
 228098 36751  154.50000   43   22  219.99988  150.50000  31.6%   9.1  265s
 233626 37285 infeasible   35       219.99988  150.50000  31.6%   9.1  270s
 238473 37218  150.50000   30   27  219.99988  150.50000  31.6%   9.0  275s
 242678 37570  150.50000   33   25  219.99988  150.50000  31.6%   9.1  280s
 247647 38038  150.50000   37   19  219.99988  150.50000  31.6%   9.1  285s
 251636 38262  181.50000   34   12  219.99988  150.50000  31.6%   9.1  290s
 256534 38631  150.50000   34   27  219.99988  150.50000  31.6%   9.1  295s
 260187 38751  150.50000   37   17  219.99988  150.50000  31.6%   9.1  300s

Cutting planes:
  Gomory: 14
  Cover: 2
  Implied bound: 4
  MIR: 163
  Flow cover: 175

Explored 260402 nodes (2374030 simplex iterations) in 300.04 seconds
Thread count was 4 (of 4 available processors)

Solution count 10: 220 220 220 ... 262
Pool objective bound 150.5

Time limit reached
Best objective 2.199998779999e+02, best bound 1.505000000000e+02, gap 31.5909%

Gurobi 7.0.2 (win64) logging started 03/16/17 18:51:20

Parameter LogFile unchanged
   Value: log-opt-1.log  Default: 
Parameter presolve unchanged
   Value: 2  Min: -1  Max: 2  Default: -1
Parameter mipgap unchanged
   Value: 0.001  Min: 0.0  Max: 1e+100  Default: 0.0001
Parameter method unchanged
   Value: -1  Min: -1  Max: 4  Default: -1
Parameter timelimit unchanged
   Value: 300.0  Min: 0.0  Max: 1e+100  Default: 1e+100
Parameter mipfocus unchanged
   Value: 1  Min: 0  Max: 3  Default: 0
Optimize a model with 16993 rows, 1874 columns and 76559 nonzeros
Variable types: 862 continuous, 1012 integer (1006 binary)
Coefficient statistics:
  Matrix range     [1e+00, 2e+04]
  Objective range  [1e+00, 1e+00]
  Bounds range     [1e+00, 1e+04]
  RHS range        [1e+00, 6e+04]
Presolved: 6961 rows, 941 columns, 32608 nonzeros

Continuing optimization...

 260402 38720 infeasible   40       219.99988  150.50000  31.6%   9.1  300s
 264583 39184  150.50000   34   37  219.99988  150.50000  31.6%   9.1  305s
 269200 39938  174.50000   41   22  219.99988  150.50000  31.6%   9.1  310s
 273485 40393  150.50000   39   28  219.99988  150.50000  31.6%   9.1  315s
 278198 41061  185.50000   42   33  219.99988  150.50000  31.6%   9.1  320s
 282979 41457 infeasible   46       219.99988  150.50000  31.6%   9.1  325s
 287313 41701 infeasible   39       219.99988  150.50000  31.6%   9.1  330s
 291519 42105  154.50000   37   28  219.99988  150.50000  31.6%   9.1  335s
 295871 42350 infeasible   41       219.99988  150.50000  31.6%   9.1  340s
 299898 42603  150.50000   28   31  219.99988  150.50000  31.6%   9.1  345s
 303656 42945 infeasible   38       219.99988  150.50000  31.6%   9.2  350s
 308446 43330  150.50000   34   35  219.99988  150.50000  31.6%   9.2  355s
 311829 43643  181.50000   41   14  219.99988  150.50000  31.6%   9.2  360s
 315951 44279  181.50000   32    8  219.99988  150.50000  31.6%   9.2  365s
 320161 44881  150.50000   40   32  219.99988  150.50000  31.6%   9.2  370s
 324922 45702 infeasible   46       219.99988  150.50000  31.6%   9.2  375s
 329222 46920 infeasible   48       219.99988  150.50000  31.6%   9.2  380s
 334162 47791 infeasible   46       219.99988  150.50000  31.6%   9.2  385s
 337978 48602  162.50000   36   26  219.99988  150.50000  31.6%   9.2  390s
 342652 49540 infeasible   50       219.99988  150.50000  31.6%   9.2  395s
 346784 50169 infeasible   52       219.99988  150.50000  31.6%   9.2  400s
 351511 51018  150.50000   29   35  219.99988  150.50000  31.6%   9.2  405s
 354985 52027 infeasible   37       219.99988  150.50000  31.6%   9.2  410s
 360018 52994  207.00000   47   11  219.99988  150.50000  31.6%   9.2  415s
 365304 54228 infeasible   48       219.99988  150.50000  31.6%   9.1  420s
 369457 54997 infeasible   46       219.99988  150.50000  31.6%   9.2  425s
 373157 55629  150.50000   21   58  219.99988  150.50000  31.6%   9.2  430s
 378492 56350  150.50000   39   40  219.99988  150.50000  31.6%   9.1  435s
 383721 56696 infeasible   54       219.99988  150.50000  31.6%   9.1  440s
 388365 56917 infeasible   40       219.99988  150.50000  31.6%   9.1  445s
 392862 57139  150.50000   38   19  219.99988  150.50000  31.6%   9.0  450s
 398303 57236  150.50000   42   24  219.99988  150.50000  31.6%   9.0  455s
 402553 57561  150.50000   40   31  219.99988  150.50000  31.6%   9.0  460s
 408554 57943  162.50000   42   25  219.99988  150.50000  31.6%   9.0  465s
 413164 58083 infeasible   43       219.99988  150.50000  31.6%   8.9  470s
 418270 58800 infeasible   42       219.99988  150.50000  31.6%   8.9  475s
 424843 59750  164.50000   48   29  219.99988  150.50000  31.6%   8.9  480s
 428719 60437 infeasible   53       219.99988  150.50000  31.6%   8.9  485s
 433792 61150  186.50000   49   25  219.99988  150.50000  31.6%   8.8  490s
 439831 61694  168.50000   44   36  219.99988  150.50000  31.6%   8.8  495s
 444189 62104 infeasible   42       219.99988  150.50000  31.6%   8.8  500s
 450061 62713  187.50000   49   23  219.99988  150.50000  31.6%   8.7  505s
 454961 63228 infeasible   41       219.99988  150.50000  31.6%   8.7  510s
 459711 63863 infeasible   42       219.99988  150.50000  31.6%   8.7  515s
 465469 64607 infeasible   39       219.99988  150.50000  31.6%   8.7  520s
 471646 65475 infeasible   45       219.99988  150.50000  31.6%   8.7  525s
 475401 65949 infeasible   51       219.99988  150.50000  31.6%   8.6  530s
 480550 66592  150.50000   31   26  219.99988  150.50000  31.6%   8.6  535s
 484099 67260 infeasible   31       219.99988  150.50000  31.6%   8.6  540s
 487849 68205  175.50000   41   13  219.99988  150.50000  31.6%   8.6  545s
 491484 68901  175.50000   49   13  219.99988  150.50000  31.6%   8.7  550s
 495649 69890  184.50000   29   25  219.99988  150.50000  31.6%   8.7  555s
 500298 70627  181.50000   35   18  219.99988  150.50000  31.6%   8.7  560s
 504510 71243 infeasible   42       219.99988  150.50000  31.6%   8.7  565s
 509073 71545  150.50000   34   45  219.99988  150.50000  31.6%   8.7  570s
 513494 71842 infeasible   35       219.99988  150.50000  31.6%   8.7  575s
 518892 72035  150.50000   40   28  219.99988  150.50000  31.6%   8.7  580s
 523395 72160 infeasible   43       219.99988  150.50000  31.6%   8.7  585s
 526860 72257  150.50000   38   34  219.99988  150.50000  31.6%   8.7  590s
 532131 72506  185.50000   40   28  219.99988  150.50000  31.6%   8.7  595s
 535748 72666  150.50000   40   39  219.99988  150.50000  31.6%   8.7  600s

Cutting planes:
  Gomory: 16
  Cover: 4
  Implied bound: 5
  MIR: 180
  Flow cover: 188

Explored 535990 nodes (4654034 simplex iterations) in 300.04 seconds
Thread count was 4 (of 4 available processors)

Solution count 10: 220 220 220 ... 262
Pool objective bound 150.5

Time limit reached
Best objective 2.199998779999e+02, best bound 1.505000000000e+02, gap 31.5909%

#######################################
GN: iteration 0 at stage 3
Added demands: [0, 1, 2, 3, 4, 5, 6, 7, 8, 9, 10, 11, 12, 13, 14, 15, 16, 17, 18, 19]
Fixed demands: []

Gurobi 7.0.2 (win64) logging started 03/16/17 18:56:21

Changed value of parameter LogFile to log-opt-1.log
   Prev: gurobi.log  Default: 
Changed value of parameter presolve to 2
   Prev: -1  Min: -1  Max: 2  Default: -1
Changed value of parameter mipgap to 0.001
   Prev: 0.0001  Min: 0.0  Max: 1e+100  Default: 0.0001
Parameter method unchanged
   Value: -1  Min: -1  Max: 4  Default: -1
Changed value of parameter timelimit to 300.0
   Prev: 1e+100  Min: 0.0  Max: 1e+100  Default: 1e+100
Changed value of parameter mipfocus to 1
   Prev: 0  Min: 0  Max: 3  Default: 0
Optimize a model with 44491 rows, 11252 columns and 144737 nonzeros
Variable types: 3040 continuous, 8212 integer (8206 binary)
Coefficient statistics:
  Matrix range     [5e-01, 2e+04]
  Objective range  [1e+00, 1e+00]
  Bounds range     [1e+00, 1e+04]
  RHS range        [1e+00, 6e+04]
Presolve removed 27516 rows and 6748 columns
Presolve time: 1.26s
Presolved: 16975 rows, 4504 columns, 62469 nonzeros
Variable types: 1101 continuous, 3403 integer (3403 binary)
Found heuristic solution: objective 1171.0000000
Found heuristic solution: objective 1108.5000000
Found heuristic solution: objective 704.0000000
Presolve removed 644 rows and 300 columns
Presolved: 16331 rows, 4204 columns, 60772 nonzeros


Root relaxation: objective 9.800000e+01, 465 iterations, 0.15 seconds

    Nodes    |    Current Node    |     Objective Bounds      |     Work
 Expl Unexpl |  Obj  Depth IntInf | Incumbent    BestBd   Gap | It/Node Time

     0     0   98.00000    0   27  704.00000   98.00000  86.1%     -    2s
H    0     0                     396.0000000   98.00000  75.3%     -    2s
H    0     0                     330.0000000   98.00000  70.3%     -    2s
H    0     0                     326.5000000   98.00000  70.0%     -    2s
H    0     0                     325.5000000   98.00000  69.9%     -    2s
     0     0   98.00000    0  102  325.50000   98.00000  69.9%     -    3s
H    0     0                     298.5000000   98.00000  67.2%     -    3s
     0     0   98.00000    0   90  298.50000   98.00000  67.2%     -    3s
     0     0   98.00000    0  104  298.50000   98.00000  67.2%     -    3s
H    0     0                     283.0000000   98.00000  65.4%     -    3s
     0     0   98.00000    0  101  283.00000   98.00000  65.4%     -    3s
     0     0   98.00000    0  153  283.00000   98.00000  65.4%     -    4s
     0     0   98.00000    0  137  283.00000   98.00000  65.4%     -    4s
H    0     0                     262.0000000   98.00000  62.6%     -    5s
     0     0   98.00000    0  124  262.00000   98.00000  62.6%     -    5s
     0     0   98.00000    0  134  262.00000   98.00000  62.6%     -    5s
     0     0   98.00000    0   69  262.00000   98.00000  62.6%     -    5s
     0     2   98.00000    0   34  262.00000   98.00000  62.6%     -    6s
H    7    12                     252.5000000   98.00000  61.2%   192    7s
H   38    39                     234.0000000   98.00000  58.1%  55.9    7s
   696   434  223.00000   68   19  234.00000   98.00000  58.1%  18.6   10s
  1448   604   98.00000   37   52  234.00000   98.00000  58.1%  16.7   15s
H 1557   637                     234.0000000   98.00000  58.1%  16.5   15s
  1951   699 infeasible   63       234.00000   98.00000  58.1%  15.4   23s
H 1953   691                     232.0000000   98.00000  57.8%  15.4   23s
H 1963   692                     231.9999999   98.00000  57.8%  15.3   23s
  1964   687  150.50000   63   42  232.00000   98.00000  57.8%  15.3   32s
  2413   744 infeasible   58       232.00000   98.00000  57.8%  14.5   38s
  2676   770   98.00000   56   69  232.00000   98.00000  57.8%  14.3   43s
  2961   788 infeasible   43       232.00000   98.00000  57.8%  13.9   51s
  3278   824   98.00000   44   50  232.00000   98.00000  57.8%  14.0   60s
H 4466   959                     231.0000000   98.00000  57.6%  13.4  167s
H 4466   911                     231.0000000   98.00000  57.6%  13.4  167s
H 4466   865                     231.0000000   98.00000  57.6%  13.4  167s
H 4466   822                     230.9999999   98.00000  57.6%  13.4  167s
H 4466   781                     230.9999999   98.00000  57.6%  13.4  167s
H 4466   742                     230.9999999   98.00000  57.6%  13.4  167s
H 4466   705                     230.9999999   98.00000  57.6%  13.4  167s
H 4466   669                     230.9999998   98.00000  57.6%  13.4  167s
H 4466   636                     230.9999998   98.00000  57.6%  13.4  167s
H 4466   604                     230.9999998   98.00000  57.6%  13.4  167s
H 4466   574                     230.9999998   98.00000  57.6%  13.4  167s
H 4466   545                     230.9999997   98.00000  57.6%  13.4  167s
H 4466   517                     230.9999997   98.00000  57.6%  13.4  167s
H 4467   491                     230.9999997   98.00000  57.6%  13.4  236s
H 4467   467                     230.9999997   98.00000  57.6%  13.4  236s
H 4467   443                     229.0000000   98.00000  57.2%  13.4  236s
H 4468   422                     228.0000000   98.00000  57.0%  13.4  300s

Cutting planes:
  Gomory: 4
  Implied bound: 25
  MIR: 25
  Flow cover: 34
  Zero half: 16

Explored 4468 nodes (235626 simplex iterations) in 300.09 seconds
Thread count was 4 (of 4 available processors)

Solution count 10: 228 229 231 ... 231
Pool objective bound 98

Time limit reached
Best objective 2.280000000000e+02, best bound 9.800000000000e+01, gap 57.0175%

Gurobi 7.0.2 (win64) logging started 03/16/17 19:01:21

Parameter LogFile unchanged
   Value: log-opt-1.log  Default: 
Parameter presolve unchanged
   Value: 2  Min: -1  Max: 2  Default: -1
Parameter mipgap unchanged
   Value: 0.001  Min: 0.0  Max: 1e+100  Default: 0.0001
Parameter method unchanged
   Value: -1  Min: -1  Max: 4  Default: -1
Parameter timelimit unchanged
   Value: 300.0  Min: 0.0  Max: 1e+100  Default: 1e+100
Parameter mipfocus unchanged
   Value: 1  Min: 0  Max: 3  Default: 0
Optimize a model with 44491 rows, 11252 columns and 144737 nonzeros
Variable types: 3040 continuous, 8212 integer (8206 binary)
Coefficient statistics:
  Matrix range     [5e-01, 2e+04]
  Objective range  [1e+00, 1e+00]
  Bounds range     [1e+00, 1e+04]
  RHS range        [1e+00, 6e+04]
Presolved: 16975 rows, 4504 columns, 62469 nonzeros

Continuing optimization...

  4469   424   98.00000   14  123  228.00000   98.00000  57.0%  55.1  305s
H 4489   414                     228.0000000   98.00000  57.0%  55.6  306s
H 4508   406                     220.0000000   98.00000  55.5%  55.6  307s
  4554   425 infeasible   42       220.00000   98.00000  55.5%  55.4  310s
H 4560   405                     220.0000000   98.00000  55.5%  55.4  310s
  4568   410  159.50000   23   84  220.00000   98.00000  55.5%  55.4  316s
  4603   413  159.50000   30   61  220.00000   98.00000  55.5%  55.2  320s
  4651   415  159.50000   38   32  220.00000   98.00000  55.5%  55.1  325s
  4704   429   98.00000   21  153  220.00000   98.00000  55.5%  55.1  330s
  4738   433  159.50000   26   92  220.00000   98.00000  55.5%  55.0  347s
  4784   440  181.50000   35   27  220.00000   98.00000  55.5%  54.9  351s
  4805   440  181.50000   36   41  220.00000   98.00000  55.5%  54.8  356s
  4930   470  185.50000   24   38  220.00000   98.00000  55.5%  54.3  367s
  5037   495  154.50000   23   79  220.00000   98.00000  55.5%  54.2  392s
  5198   534  185.50000   29   52  220.00000   98.00000  55.5%  63.6  405s
  5313   551 infeasible   23       220.00000   98.00000  55.5%  63.5  410s
  5481   609  161.50000   22  115  220.00000   98.00000  55.5%  62.6  419s
  5553   618  161.50000   28  145  220.00000   98.00000  55.5%  62.3  426s
  5611   652  161.50000   29   98  220.00000   98.00000  55.5%  62.0  431s
  5616   657  161.50000   30   97  220.00000   98.00000  55.5%  62.0  444s
  5749   726 infeasible   56       220.00000   98.00000  55.5%  69.4  455s
  5839   788  108.50000   22  146  220.00000   98.00000  55.5%  74.0  460s
  5873   803  108.50000   23  150  220.00000   98.00000  55.5%  73.9  482s
  6099   945  161.50000   36   67  220.00000   98.00000  55.5%  80.3  492s
  6144   958  154.50000   20  103  220.00000   98.00000  55.5%  84.6  500s
  6279  1030  148.50000   23  105  220.00000   98.00000  55.5%  87.2  511s
  6431  1106  175.50000   42   22  220.00000   98.00000  55.5%  88.6  533s
  6687  1224 infeasible   42       220.00000   98.00000  55.5%  96.9  539s
  6771  1263  186.50000   52   21  220.00000   98.00000  55.5%  98.7  572s
  7100  1422  150.50000   30   86  220.00000   98.00000  55.5%   105  595s
  7244  1492  159.50000   26   67  220.00000   98.00000  55.5%   120  600s

Cutting planes:
  Gomory: 14
  Cover: 2
  Implied bound: 33
  MIR: 132
  Flow cover: 141
  Zero half: 29

Explored 7288 nodes (889511 simplex iterations) in 300.03 seconds
Thread count was 4 (of 4 available processors)

Solution count 10: 220 220 228 ... 231
Pool objective bound 98

Time limit reached
Best objective 2.199999999779e+02, best bound 9.800000000000e+01, gap 55.4545%
