
#######################################
TR: iteration 0 at stage 0
Added demands: [0, 1, 2, 3, 4]
Fixed demands: []

Gurobi 7.0.2 (win64) logging started 03/16/17 17:53:31

Changed value of parameter LogFile to log-opt-0.log
   Prev: gurobi.log  Default: 
Changed value of parameter presolve to 2
   Prev: -1  Min: -1  Max: 2  Default: -1
Changed value of parameter mipgap to 0.001
   Prev: 0.0001  Min: 0.0  Max: 1e+100  Default: 0.0001
Parameter method unchanged
   Value: -1  Min: -1  Max: 4  Default: -1
Changed value of parameter timelimit to 300.0
   Prev: 1e+100  Min: 0.0  Max: 1e+100  Default: 1e+100
Changed value of parameter mipfocus to 1
   Prev: 0  Min: 0  Max: 3  Default: 0
Optimize a model with 1483 rows, 404 columns and 5504 nonzeros
Variable types: 217 continuous, 187 integer (181 binary)
Coefficient statistics:
  Matrix range     [1e+00, 2e+04]
  Objective range  [1e+00, 1e+00]
  Bounds range     [1e+00, 1e+04]
  RHS range        [1e+00, 6e+04]
Found heuristic solution: objective 246
Presolve removed 898 rows and 218 columns
Presolve time: 0.00s
Presolved: 585 rows, 186 columns, 2441 nonzeros
Variable types: 101 continuous, 85 integer (85 binary)
Presolve removed 25 rows and 0 columns
Presolved: 560 rows, 206 columns, 2341 nonzeros


Root relaxation: objective 8.600000e+01, 33 iterations, 0.00 seconds

    Nodes    |    Current Node    |     Objective Bounds      |     Work
 Expl Unexpl |  Obj  Depth IntInf | Incumbent    BestBd   Gap | It/Node Time

     0     0   86.00000    0    7  246.00000   86.00000  65.0%     -    0s
H    0     0                     238.0000000   86.00000  63.9%     -    0s
     0     0   86.00000    0   11  238.00000   86.00000  63.9%     -    0s
H    0     0                     231.0000000   86.00000  62.8%     -    0s
H    0     0                     230.0000000   86.00000  62.6%     -    0s
     0     0   86.00000    0   12  230.00000   86.00000  62.6%     -    0s
     0     0   86.00000    0   15  230.00000   86.00000  62.6%     -    0s
     0     0   86.00000    0   14  230.00000   86.00000  62.6%     -    0s
     0     0   86.00000    0   16  230.00000   86.00000  62.6%     -    0s
     0     0   86.00000    0   17  230.00000   86.00000  62.6%     -    0s
     0     0   86.00000    0   17  230.00000   86.00000  62.6%     -    0s
     0     0   86.00000    0   11  230.00000   86.00000  62.6%     -    0s
     0     2   86.00000    0   11  230.00000   86.00000  62.6%     -    0s
H   39    27                     230.0000000   86.00000  62.6%   6.1    0s

Cutting planes:
  Gomory: 2
  Implied bound: 1
  MIR: 17
  Flow cover: 10

Explored 2011 nodes (5779 simplex iterations) in 0.43 seconds
Thread count was 4 (of 4 available processors)

Solution count 5: 230 230 231 ... 246
Pool objective bound 230

Optimal solution found (tolerance 1.00e-03)
Best objective 2.299999999769e+02, best bound 2.299999999769e+02, gap 0.0000%

#######################################
GN: iteration 0 at stage 0
Added demands: [0, 1, 2, 3, 4]
Fixed demands: []

Gurobi 7.0.2 (win64) logging started 03/16/17 17:53:31

Changed value of parameter LogFile to log-opt-0.log
   Prev: gurobi.log  Default: 
Changed value of parameter presolve to 2
   Prev: -1  Min: -1  Max: 2  Default: -1
Changed value of parameter mipgap to 0.001
   Prev: 0.0001  Min: 0.0  Max: 1e+100  Default: 0.0001
Parameter method unchanged
   Value: -1  Min: -1  Max: 4  Default: -1
Changed value of parameter timelimit to 300.0
   Prev: 1e+100  Min: 0.0  Max: 1e+100  Default: 1e+100
Changed value of parameter mipfocus to 1
   Prev: 0  Min: 0  Max: 3  Default: 0
Optimize a model with 4321 rows, 1412 columns and 11762 nonzeros
Variable types: 775 continuous, 637 integer (631 binary)
Coefficient statistics:
  Matrix range     [8e-01, 2e+04]
  Objective range  [1e+00, 1e+00]
  Bounds range     [1e+00, 1e+04]
  RHS range        [1e+00, 6e+04]
Found heuristic solution: objective 245
Presolve removed 2936 rows and 906 columns
Presolve time: 0.06s
Presolved: 1385 rows, 506 columns, 4821 nonzeros
Variable types: 261 continuous, 245 integer (245 binary)
Presolve removed 155 rows and 70 columns
Presolved: 1230 rows, 436 columns, 4411 nonzeros


Root relaxation: objective 8.600000e+01, 82 iterations, 0.02 seconds

    Nodes    |    Current Node    |     Objective Bounds      |     Work
 Expl Unexpl |  Obj  Depth IntInf | Incumbent    BestBd   Gap | It/Node Time

     0     0   86.00000    0    4  245.00000   86.00000  64.9%     -    0s
H    0     0                     230.0000000   86.00000  62.6%     -    0s
     0     0   86.00000    0   27  230.00000   86.00000  62.6%     -    0s
     0     0   86.00000    0   27  230.00000   86.00000  62.6%     -    0s
     0     0   86.00000    0   30  230.00000   86.00000  62.6%     -    0s
     0     0   86.00000    0   24  230.00000   86.00000  62.6%     -    0s
     0     0   86.00000    0   17  230.00000   86.00000  62.6%     -    0s
H    0     0                     230.0000000   86.00000  62.6%     -    0s
     0     0   86.00000    0   14  230.00000   86.00000  62.6%     -    0s
     0     0   86.00000    0   26  230.00000   86.00000  62.6%     -    0s
     0     0   86.00000    0   25  230.00000   86.00000  62.6%     -    0s
     0     0   86.00000    0   11  230.00000   86.00000  62.6%     -    0s
     0     2   86.00000    0   11  230.00000   86.00000  62.6%     -    0s
H  781   115                     230.0000000   86.00000  62.6%   5.7    0s
H 2284   267                     229.9998560   86.00000  62.6%   5.7    1s
  4973   403 infeasible   16       229.99986   86.00000  62.6%   5.7    5s

Cutting planes:
  Gomory: 4
  Implied bound: 11
  MIR: 32
  Flow cover: 16

Explored 11312 nodes (58336 simplex iterations) in 6.37 seconds
Thread count was 4 (of 4 available processors)

Solution count 5: 230 230 230 ... 245
Pool objective bound 230

Optimal solution found (tolerance 1.00e-03)
Best objective 2.299998560232e+02, best bound 2.299998560232e+02, gap 0.0000%

#######################################
TR: iteration 0 at stage 1
Added demands: [0, 1, 2, 3, 4, 5, 6, 7, 8, 9]
Fixed demands: []

Gurobi 7.0.2 (win64) logging started 03/16/17 17:53:39

Changed value of parameter LogFile to log-opt-0.log
   Prev: gurobi.log  Default: 
Changed value of parameter presolve to 2
   Prev: -1  Min: -1  Max: 2  Default: -1
Changed value of parameter mipgap to 0.001
   Prev: 0.0001  Min: 0.0  Max: 1e+100  Default: 0.0001
Parameter method unchanged
   Value: -1  Min: -1  Max: 4  Default: -1
Changed value of parameter timelimit to 300.0
   Prev: 1e+100  Min: 0.0  Max: 1e+100  Default: 1e+100
Changed value of parameter mipfocus to 1
   Prev: 0  Min: 0  Max: 3  Default: 0
Optimize a model with 4803 rows, 844 columns and 20089 nonzeros
Variable types: 432 continuous, 412 integer (406 binary)
Coefficient statistics:
  Matrix range     [1e+00, 2e+04]
  Objective range  [1e+00, 1e+00]
  Bounds range     [1e+00, 1e+04]
  RHS range        [1e+00, 6e+04]
Presolve removed 2840 rows and 426 columns
Presolve time: 0.02s
Presolved: 1963 rows, 418 columns, 8719 nonzeros
Variable types: 217 continuous, 201 integer (201 binary)
Found heuristic solution: objective 479.5000000
Found heuristic solution: objective 318.5000000
Found heuristic solution: objective 313.5000000
Presolve removed 36 rows and 0 columns
Presolved: 1927 rows, 444 columns, 8566 nonzeros


Root relaxation: objective 8.600000e+01, 90 iterations, 0.00 seconds

    Nodes    |    Current Node    |     Objective Bounds      |     Work
 Expl Unexpl |  Obj  Depth IntInf | Incumbent    BestBd   Gap | It/Node Time

     0     0   86.00000    0    9  313.50000   86.00000  72.6%     -    0s
H    0     0                     254.0000000   86.00000  66.1%     -    0s
H    0     0                     230.0000000   86.00000  62.6%     -    0s
     0     0   86.00000    0   21  230.00000   86.00000  62.6%     -    0s
     0     0   86.00000    0   22  230.00000   86.00000  62.6%     -    0s
     0     0   86.00000    0   17  230.00000   86.00000  62.6%     -    0s
     0     0   86.00000    0   25  230.00000   86.00000  62.6%     -    0s
     0     0   86.00000    0   32  230.00000   86.00000  62.6%     -    0s
     0     0   86.00000    0   30  230.00000   86.00000  62.6%     -    0s
     0     0   86.00000    0   34  230.00000   86.00000  62.6%     -    0s
     0     0   86.00000    0   31  230.00000   86.00000  62.6%     -    0s
     0     0   86.00000    0   12  230.00000   86.00000  62.6%     -    0s
     0     2   86.00000    0    8  230.00000   86.00000  62.6%     -    0s
H  248   148                     230.0000000   86.00000  62.6%   5.2    0s
  8448  1082 infeasible   35       230.00000  152.50000  33.7%   5.5    5s
 24556  3017  155.50000   25   16  230.00000  155.50000  32.4%   6.9   10s
H33326  3759                     230.0000000  155.50000  32.4%   7.0   12s
 40323  3694 infeasible   35       230.00000  161.50000  29.8%   7.1   15s
 54865  3850 infeasible   32       230.00000  161.50000  29.8%   7.4   20s
H58288  4003                     229.9998560  162.50000  29.3%   7.4   21s
 68101  4274 infeasible   37       229.99986  162.50000  29.3%   7.4   25s
 83363  3765 infeasible   34       229.99986  168.50000  26.7%   7.6   30s
 97562  3340  175.50000   37   12  229.99986  175.50000  23.7%   7.8   35s
 111952  3081 infeasible   38       229.99986  175.50000  23.7%   7.9   40s
 126744  2931  176.50000   37    7  229.99986  176.50000  23.3%   8.0   45s
 139907  2101 infeasible   29       229.99986  177.50000  22.8%   8.1   50s
 152941  2177  177.50000   28   21  229.99986  177.50000  22.8%   8.1   55s
 166837  1969  177.50000   36   12  229.99986  177.50000  22.8%   8.2   60s
 185824  2352 infeasible   35       229.99986  177.50000  22.8%   8.2   65s
 202956   256  229.00000   43    2  229.99986  229.00000  0.43%   8.1   70s

Cutting planes:
  Gomory: 5
  MIR: 55
  Flow cover: 71

Explored 204947 nodes (1668716 simplex iterations) in 70.55 seconds
Thread count was 4 (of 4 available processors)

Solution count 8: 230 230 230 ... 479.5
Pool objective bound 230

Optimal solution found (tolerance 1.00e-03)
Best objective 2.300000000000e+02, best bound 2.300000000000e+02, gap 0.0000%

#######################################
GN: iteration 0 at stage 1
Added demands: [0, 1, 2, 3, 4, 5, 6, 7, 8, 9]
Fixed demands: []

Gurobi 7.0.2 (win64) logging started 03/16/17 17:54:50

Changed value of parameter LogFile to log-opt-0.log
   Prev: gurobi.log  Default: 
Changed value of parameter presolve to 2
   Prev: -1  Min: -1  Max: 2  Default: -1
Changed value of parameter mipgap to 0.001
   Prev: 0.0001  Min: 0.0  Max: 1e+100  Default: 0.0001
Parameter method unchanged
   Value: -1  Min: -1  Max: 4  Default: -1
Changed value of parameter timelimit to 300.0
   Prev: 1e+100  Min: 0.0  Max: 1e+100  Default: 1e+100
Changed value of parameter mipfocus to 1
   Prev: 0  Min: 0  Max: 3  Default: 0
Optimize a model with 13161 rows, 3742 columns and 39787 nonzeros
Variable types: 1530 continuous, 2212 integer (2206 binary)
Coefficient statistics:
  Matrix range     [6e-01, 2e+04]
  Objective range  [1e+00, 1e+00]
  Bounds range     [1e+00, 1e+04]
  RHS range        [1e+00, 6e+04]
Presolve removed 8466 rows and 2301 columns
Presolve time: 0.19s
Presolved: 4695 rows, 1441 columns, 16832 nonzeros
Variable types: 548 continuous, 893 integer (893 binary)
Found heuristic solution: objective 420.0000000
Found heuristic solution: objective 412.0000000
Presolve removed 319 rows and 148 columns
Presolved: 4376 rows, 1293 columns, 15991 nonzeros


Root relaxation: objective 8.600000e+01, 161 iterations, 0.03 seconds

    Nodes    |    Current Node    |     Objective Bounds      |     Work
 Expl Unexpl |  Obj  Depth IntInf | Incumbent    BestBd   Gap | It/Node Time

     0     0   86.00000    0    6  412.00000   86.00000  79.1%     -    0s
H    0     0                     238.0000000   86.00000  63.9%     -    0s
H    0     0                     230.0000000   86.00000  62.6%     -    0s
     0     0   86.00000    0   33  230.00000   86.00000  62.6%     -    0s
     0     0   86.00000    0   28  230.00000   86.00000  62.6%     -    0s
     0     0   86.00000    0   25  230.00000   86.00000  62.6%     -    0s
     0     0   86.00000    0   39  230.00000   86.00000  62.6%     -    0s
     0     0   86.00000    0   38  230.00000   86.00000  62.6%     -    0s
     0     0   86.00000    0   30  230.00000   86.00000  62.6%     -    0s
     0     0   86.00000    0   35  230.00000   86.00000  62.6%     -    0s
     0     0   86.00000    0    8  230.00000   86.00000  62.6%     -    0s
H    0     0                     230.0000000   86.00000  62.6%     -    0s
     0     2   86.00000    0    8  230.00000   86.00000  62.6%     -    0s
  1876   497 infeasible   37       230.00000   86.00000  62.6%  19.6    5s
  4219   892  229.00000   39   21  230.00000   86.00000  62.6%  15.4   10s
  7769   159  177.50000   40    5  230.00000  169.50000  26.3%  17.4   15s
 13751   325  176.50000   42    4  230.00000  176.50000  23.3%  17.2   20s
 19688   407  177.50000   31    3  230.00000  176.50000  23.3%  17.4   25s
H20421   483                     229.9998560  176.50000  23.3%  17.2   25s
 23156   512 infeasible   38       229.99986  177.50000  22.8%  17.5   30s
 28385   705 infeasible   28       229.99986  177.50000  22.8%  17.9   35s
 34242   679 infeasible   30       229.99986  177.50000  22.8%  18.1   40s
 40725   777  177.50000   38    3  229.99986  177.50000  22.8%  18.0   45s
 46978   434 infeasible   45       229.99986  217.00000  5.65%  17.9   50s

Cutting planes:
  Gomory: 4
  Cover: 4
  Implied bound: 17
  MIR: 83
  Flow cover: 91
  GUB cover: 1
  Zero half: 7

Explored 49955 nodes (891890 simplex iterations) in 52.61 seconds
Thread count was 4 (of 4 available processors)

Solution count 6: 230 230 230 ... 420
Pool objective bound 230

Optimal solution found (tolerance 1.00e-03)
Best objective 2.300000000000e+02, best bound 2.300000000000e+02, gap 0.0000%

Gurobi 7.0.2 (win64) logging started 03/16/17 17:55:42

Parameter LogFile unchanged
   Value: log-opt-0.log  Default: 
Parameter presolve unchanged
   Value: 2  Min: -1  Max: 2  Default: -1
Parameter mipgap unchanged
   Value: 0.001  Min: 0.0  Max: 1e+100  Default: 0.0001
Parameter method unchanged
   Value: -1  Min: -1  Max: 4  Default: -1
Parameter timelimit unchanged
   Value: 300.0  Min: 0.0  Max: 1e+100  Default: 1e+100
Parameter mipfocus unchanged
   Value: 1  Min: 0  Max: 3  Default: 0
Optimize a model with 13161 rows, 3742 columns and 39787 nonzeros
Variable types: 1530 continuous, 2212 integer (2206 binary)
Coefficient statistics:
  Matrix range     [6e-01, 2e+04]
  Objective range  [1e+00, 1e+00]
  Bounds range     [1e+00, 1e+04]
  RHS range        [1e+00, 6e+04]
Presolved: 4695 rows, 1441 columns, 16832 nonzeros

Continuing optimization...


Cutting planes:
  Gomory: 4
  Cover: 4
  Implied bound: 17
  MIR: 83
  Flow cover: 91
  GUB cover: 1
  Zero half: 7

Explored 49955 nodes (891890 simplex iterations) in 0.05 seconds
Thread count was 4 (of 4 available processors)

Solution count 6: 230 230 230 ... 420
Pool objective bound 230

Optimal solution found (tolerance 1.00e-03)
Best objective 2.299998560230e+02, best bound 2.299998560230e+02, gap 0.0000%

#######################################
TR: iteration 0 at stage 2
Added demands: [0, 1, 2, 3, 4, 5, 6, 7, 8, 9, 10, 11, 12, 13, 14]
Fixed demands: []

Gurobi 7.0.2 (win64) logging started 03/16/17 17:55:46

Changed value of parameter LogFile to log-opt-0.log
   Prev: gurobi.log  Default: 
Changed value of parameter presolve to 2
   Prev: -1  Min: -1  Max: 2  Default: -1
Changed value of parameter mipgap to 0.001
   Prev: 0.0001  Min: 0.0  Max: 1e+100  Default: 0.0001
Parameter method unchanged
   Value: -1  Min: -1  Max: 4  Default: -1
Changed value of parameter timelimit to 300.0
   Prev: 1e+100  Min: 0.0  Max: 1e+100  Default: 1e+100
Changed value of parameter mipfocus to 1
   Prev: 0  Min: 0  Max: 3  Default: 0
Optimize a model with 9973 rows, 1334 columns and 43774 nonzeros
Variable types: 647 continuous, 687 integer (681 binary)
Coefficient statistics:
  Matrix range     [1e+00, 2e+04]
  Objective range  [1e+00, 1e+00]
  Bounds range     [1e+00, 1e+04]
  RHS range        [1e+00, 6e+04]
Presolve removed 5936 rows and 671 columns
Presolve time: 0.06s
Presolved: 4037 rows, 663 columns, 18554 nonzeros
Variable types: 324 continuous, 339 integer (339 binary)
Found heuristic solution: objective 803.5000000
Found heuristic solution: objective 502.5000000
Found heuristic solution: objective 433.0000000
Presolve removed 0 rows and 15 columns
Presolved: 663 rows, 4685 columns, 19141 nonzeros

Presolve removed 663 rows and 4685 columns

Root relaxation: objective 9.100000e+01, 1325 iterations, 0.06 seconds

    Nodes    |    Current Node    |     Objective Bounds      |     Work
 Expl Unexpl |  Obj  Depth IntInf | Incumbent    BestBd   Gap | It/Node Time

     0     0   91.00000    0   13  433.00000   91.00000  79.0%     -    0s
H    0     0                     268.0000000   91.00000  66.0%     -    0s
H    0     0                     230.0000000   91.00000  60.4%     -    0s
     0     0   91.00000    0   32  230.00000   91.00000  60.4%     -    0s
     0     0   91.00000    0   37  230.00000   91.00000  60.4%     -    0s
     0     0   91.00000    0   38  230.00000   91.00000  60.4%     -    0s
     0     0   91.00000    0   35  230.00000   91.00000  60.4%     -    0s
     0     0   91.00000    0   53  230.00000   91.00000  60.4%     -    0s
     0     0   91.00000    0   50  230.00000   91.00000  60.4%     -    0s
     0     0   91.00000    0   49  230.00000   91.00000  60.4%     -    0s
     0     0   91.00000    0   46  230.00000   91.00000  60.4%     -    0s
     0     0   91.00000    0   19  230.00000   91.00000  60.4%     -    0s
     0     2   91.00000    0   17  230.00000   91.00000  60.4%     -    0s
H  219   150                     230.0000000   91.00000  60.4%   6.4    0s
H 2045   877                     229.9999352   91.00000  60.4%   4.5    2s
  3383   925  162.50000   27    6  229.99994  154.50000  32.8%   7.9    5s
H 7745  1729                     229.9999351  154.50000  32.8%   7.7    7s
 11310  2695  154.50000   29   12  229.99994  154.50000  32.8%   7.8   10s
 19772  4423  159.50000   22   16  229.99994  155.50000  32.4%   7.8   15s
 28740  6208  194.50000   31    5  229.99994  159.50000  30.7%   7.7   20s
 37935  7280 infeasible   39       229.99994  162.50000  29.3%   7.4   25s
 46338  7927  176.50000   32    7  229.99994  168.50000  26.7%   7.4   30s
 55582  9009 infeasible   48       229.99994  175.50000  23.7%   7.4   35s
 63176  9122 infeasible   45       229.99994  175.50000  23.7%   7.4   40s
 71916  9339  175.50000   33    4  229.99994  175.50000  23.7%   7.4   45s
 80507  9481  175.50000   40    6  229.99994  175.50000  23.7%   7.5   50s
 88257 10124  176.50000   38    4  229.99994  176.50000  23.3%   7.5   55s
 96428 11138 infeasible   38       229.99994  176.50000  23.3%   7.5   60s
 104450 12023 infeasible   46       229.99994  176.50000  23.3%   7.5   65s
 113451 12824  176.50000   43   12  229.99994  176.50000  23.3%   7.5   70s
 122164 13797 infeasible   45       229.99994  176.50000  23.3%   7.4   75s
 130725 14723  224.00000   45    4  229.99994  176.50000  23.3%   7.4   80s
 139715 15299  194.50000   43    6  229.99994  176.50000  23.3%   7.4   85s
 147487 15900  229.00000   42    4  229.99994  176.50000  23.3%   7.4   90s
 156249 16643  219.00000   52    1  229.99994  176.50000  23.3%   7.4   95s
 164275 17222  176.50000   39   12  229.99994  176.50000  23.3%   7.4  100s
 171551 17718  176.50000   43    3  229.99994  176.50000  23.3%   7.4  105s
 179691 18222  176.50000   41   11  229.99994  176.50000  23.3%   7.4  110s
 187260 18830  176.50000   41   10  229.99994  176.50000  23.3%   7.5  115s
 196241 19497  217.00000   45    5  229.99994  176.50000  23.3%   7.4  120s
 204930 20072  210.00000   43   10  229.99994  176.50000  23.3%   7.4  125s
 213954 20633  213.00000   48    9  229.99994  176.50000  23.3%   7.4  130s
 221876 21103  221.00000   37    7  229.99994  176.50000  23.3%   7.4  135s
 230757 21483  226.00000   55    6  229.99994  176.50000  23.3%   7.4  140s
 236546 21782  219.00000   41    5  229.99994  176.50000  23.3%   7.4  145s
 241690 22045  176.50000   46    8  229.99994  176.50000  23.3%   7.4  150s
 247458 22283  176.50000   40    5  229.99994  176.50000  23.3%   7.4  155s
 254150 22953  176.50000   44    4  229.99994  176.50000  23.3%   7.4  160s
 260656 23311 infeasible   47       229.99994  176.50000  23.3%   7.4  165s
 268352 23586 infeasible   50       229.99994  176.50000  23.3%   7.4  170s
 276718 23978 infeasible   51       229.99994  176.50000  23.3%   7.4  175s
 284651 24404  176.50000   41    7  229.99994  176.50000  23.3%   7.4  180s
 293346 24838  228.00000   42    4  229.99994  176.50000  23.3%   7.4  185s
 301524 25268  176.50000   34    9  229.99994  176.50000  23.3%   7.4  190s
 309412 25597  176.50000   42    6  229.99994  176.50000  23.3%   7.4  195s
 316277 25946  225.00000   39    6  229.99994  176.50000  23.3%   7.5  200s
 324453 26281 infeasible   45       229.99994  176.50000  23.3%   7.5  205s
 330124 26346 infeasible   45       229.99994  176.50000  23.3%   7.5  210s
 339417 26662  226.00000   40    1  229.99994  176.50000  23.3%   7.5  215s
 348162 26928  224.00000   44    3  229.99994  176.50000  23.3%   7.4  220s
 356078 27160  176.50000   43   13  229.99994  176.50000  23.3%   7.5  225s
 364637 27528  210.00000   45    7  229.99994  176.50000  23.3%   7.5  230s
 373042 27825  176.50000   40    5  229.99994  176.50000  23.3%   7.5  235s
 380750 28079  176.50000   47   10  229.99994  176.50000  23.3%   7.5  240s
 388038 28426  176.50000   51    6  229.99994  176.50000  23.3%   7.5  245s
 396676 28841  176.50000   43    7  229.99994  176.50000  23.3%   7.5  250s
 404393 29078 infeasible   45       229.99994  176.50000  23.3%   7.5  255s
 411210 29399 infeasible   44       229.99994  176.50000  23.3%   7.5  260s
 419645 29745 infeasible   46       229.99994  176.50000  23.3%   7.5  265s
 427433 29980  224.00000   47    8  229.99994  176.50000  23.3%   7.5  270s
 434738 30267  229.00000   50    1  229.99994  176.50000  23.3%   7.5  275s
 441593 30559  176.50000   41    7  229.99994  176.50000  23.3%   7.6  280s
 448651 30841  180.50000   43    7  229.99994  176.50000  23.3%   7.6  285s
 455005 31042  176.50000   50    6  229.99994  176.50000  23.3%   7.6  290s
 460425 31274  176.50000   41    5  229.99994  176.50000  23.3%   7.6  295s
 467244 31482 infeasible   40       229.99994  176.50000  23.3%   7.6  300s

Cutting planes:
  Gomory: 8
  Cover: 4
  Implied bound: 4
  MIR: 119
  Flow cover: 101

Explored 467266 nodes (3546571 simplex iterations) in 300.02 seconds
Thread count was 4 (of 4 available processors)

Solution count 8: 230 230 230 ... 803.5
Pool objective bound 176.5

Time limit reached
Best objective 2.299999351293e+02, best bound 1.765000000000e+02, gap 23.2608%

#######################################
GN: iteration 0 at stage 2
Added demands: [0, 1, 2, 3, 4, 5, 6, 7, 8, 9, 10, 11, 12, 13, 14]
Fixed demands: []

Gurobi 7.0.2 (win64) logging started 03/16/17 18:00:46

Changed value of parameter LogFile to log-opt-0.log
   Prev: gurobi.log  Default: 
Changed value of parameter presolve to 2
   Prev: -1  Min: -1  Max: 2  Default: -1
Changed value of parameter mipgap to 0.001
   Prev: 0.0001  Min: 0.0  Max: 1e+100  Default: 0.0001
Parameter method unchanged
   Value: -1  Min: -1  Max: 4  Default: -1
Changed value of parameter timelimit to 300.0
   Prev: 1e+100  Min: 0.0  Max: 1e+100  Default: 1e+100
Changed value of parameter mipfocus to 1
   Prev: 0  Min: 0  Max: 3  Default: 0
Optimize a model with 26551 rows, 7022 columns and 84112 nonzeros
Variable types: 2285 continuous, 4737 integer (4731 binary)
Coefficient statistics:
  Matrix range     [6e-01, 2e+04]
  Objective range  [1e+00, 1e+00]
  Bounds range     [1e+00, 1e+04]
  RHS range        [1e+00, 6e+04]
Presolve removed 16772 rows and 4277 columns
Presolve time: 0.57s
Presolved: 9779 rows, 2745 columns, 35634 nonzeros
Variable types: 820 continuous, 1925 integer (1925 binary)
Found heuristic solution: objective 893.0000000
Found heuristic solution: objective 883.0000000
Presolve removed 475 rows and 222 columns
Presolved: 9304 rows, 2523 columns, 34384 nonzeros


Root relaxation: objective 9.100000e+01, 275 iterations, 0.06 seconds

    Nodes    |    Current Node    |     Objective Bounds      |     Work
 Expl Unexpl |  Obj  Depth IntInf | Incumbent    BestBd   Gap | It/Node Time

     0     0   91.00000    0   10  883.00000   91.00000  89.7%     -    0s
H    0     0                     265.0000000   91.00000  65.7%     -    0s
H    0     0                     253.0000000   91.00000  64.0%     -    0s
     0     0   91.00000    0   59  253.00000   91.00000  64.0%     -    1s
     0     0   91.00000    0   66  253.00000   91.00000  64.0%     -    1s
H    0     0                     231.0000000   91.00000  60.6%     -    1s
     0     0   91.00000    0   59  231.00000   91.00000  60.6%     -    1s
H    0     0                     230.0000000   91.00000  60.4%     -    1s
     0     0   91.00000    0   58  230.00000   91.00000  60.4%     -    1s
     0     0   91.00000    0   63  230.00000   91.00000  60.4%     -    1s
     0     0   91.00000    0   67  230.00000   91.00000  60.4%     -    1s
     0     0   91.00000    0   79  230.00000   91.00000  60.4%     -    1s
     0     0   91.00000    0   62  230.00000   91.00000  60.4%     -    1s
     0     0   91.00000    0   35  230.00000   91.00000  60.4%     -    1s
     0     2   91.00000    0   31  230.00000   91.00000  60.4%     -    2s
H  539   289                     230.0000000   91.00000  60.4%  14.7    3s
  1828   872  177.50000   36   19  230.00000   91.00000  60.4%  11.7    5s
  2492  1011  177.50000   24   13  230.00000  119.30616  48.1%  16.5   10s
  4727   624  153.50000   27   21  230.00000  153.50000  33.3%  20.2   15s
  6808  1124  177.50000   40    8  230.00000  153.50000  33.3%  22.2   20s
  9049  1757  194.50000   42    3  230.00000  154.50000  32.8%  21.9   25s
 11724  2414     cutoff   51       230.00000  154.50000  32.8%  21.4   30s
 14647  3243     cutoff   50       230.00000  154.50000  32.8%  20.7   35s
 17127  3754  182.50000   40   19  230.00000  154.50000  32.8%  21.3   40s
 19789  4372  221.00000   48    4  230.00000  154.50000  32.8%  21.6   45s
 21643  4729 infeasible   44       230.00000  154.50000  32.8%  22.3   50s
 23856  5232  177.50000   49    8  230.00000  154.50000  32.8%  22.6   55s
 25512  5485     cutoff   51       230.00000  154.50000  32.8%  23.0   60s
 27804  6069 infeasible   50       230.00000  154.50000  32.8%  23.3   65s
 29554  6368  158.50000   43   36  230.00000  154.50000  32.8%  23.4   70s
 32026  6809     cutoff   53       230.00000  154.50000  32.8%  23.6   75s
 34633  7571 infeasible   44       230.00000  154.50000  32.8%  23.5   81s
 36703  7995  160.50000   44   12  230.00000  154.50000  32.8%  23.5   85s
 39324  8774  154.50000   42   16  230.00000  154.50000  32.8%  23.3   90s
 41803  9452  189.50000   50   19  230.00000  154.50000  32.8%  23.2   95s
H42000  9452                     230.0000000  154.50000  32.8%  23.1   95s
 44502 10051  175.50000   49    7  230.00000  154.50000  32.8%  22.9  100s
 46645 10489 infeasible   50       230.00000  154.50000  32.8%  23.0  105s
 48761 10907  154.50000   44   14  230.00000  154.50000  32.8%  23.0  110s
 51245 11272 infeasible   50       230.00000  154.50000  32.8%  22.9  115s
 53724 11979  189.50000   38   13  230.00000  154.50000  32.8%  22.9  120s
 55993 12350     cutoff   37       230.00000  154.50000  32.8%  23.0  125s
 58802 12879  177.50000   43   10  230.00000  154.50000  32.8%  22.9  130s
 60849 13270 infeasible   49       230.00000  154.50000  32.8%  23.1  135s
 62970 13988  177.50000   47    4  230.00000  154.50000  32.8%  23.1  140s
 65292 14712  154.50000   52   24  230.00000  154.50000  32.8%  23.1  145s
 67065 15134     cutoff   42       230.00000  154.50000  32.8%  23.1  150s
 69352 15648  189.50000   55   22  230.00000  154.50000  32.8%  23.3  155s
 72320 16368     cutoff   50       230.00000  154.50000  32.8%  23.0  160s
 74628 16708 infeasible   56       230.00000  154.50000  32.8%  23.0  165s
 77123 17074  189.50000   58   12  230.00000  154.50000  32.8%  23.1  170s
 79862 17736 infeasible   48       230.00000  154.50000  32.8%  22.9  175s
 82433 18240  182.50000   42    8  230.00000  154.50000  32.8%  22.9  180s
 83980 18443  177.50000   52   32  230.00000  154.50000  32.8%  23.0  185s
 85877 18760  154.50000   30   12  230.00000  154.50000  32.8%  23.1  190s
 88467 19293 infeasible   56       230.00000  154.50000  32.8%  23.1  195s
 91028 20127 infeasible   36       230.00000  154.50000  32.8%  23.1  200s
 93471 20826  175.50000   41   27  230.00000  154.50000  32.8%  23.0  205s
 95956 21577  154.50000   37   18  230.00000  154.50000  32.8%  23.0  210s
 98609 22228  182.50000   43   10  230.00000  154.50000  32.8%  23.0  215s
H100158 22604                     229.9999998  154.50000  32.8%  22.9  217s
 100385 22653     cutoff   46       230.00000  154.50000  32.8%  22.9  220s
H100387 22653                     229.9999995  154.50000  32.8%  22.9  220s
 102625 23178     cutoff   42       230.00000  154.50000  32.8%  22.9  225s
 105142 23793     cutoff   46       230.00000  154.50000  32.8%  22.9  230s
 107709 24491  177.50000   43    5  230.00000  154.50000  32.8%  22.8  235s
 108980 24685  154.50000   36   37  230.00000  154.50000  32.8%  22.8  240s
 111527 25183  194.50000   54    8  230.00000  154.50000  32.8%  22.8  245s
 114491 25785     cutoff   44       230.00000  154.50000  32.8%  22.8  250s
 117197 26576 infeasible   41       230.00000  154.50000  32.8%  22.8  255s
 119177 27004 infeasible   45       230.00000  154.50000  32.8%  22.8  260s
 122401 27471  177.50000   42    5  230.00000  154.50000  32.8%  22.8  265s
 124864 27686 infeasible   45       230.00000  154.50000  32.8%  22.8  270s
 127130 27973  177.50000   42   29  230.00000  154.50000  32.8%  22.8  275s
 129065 28253  183.00000   33    7  230.00000  154.50000  32.8%  22.8  280s
 131725 28706  182.50000   34   43  230.00000  154.50000  32.8%  22.9  285s
 133422 29020  194.50000   43    5  230.00000  154.50000  32.8%  22.9  290s
 136526 29506  177.50000   49    2  230.00000  155.50000  32.4%  22.9  295s
 136963 29625  212.00000   46    5  230.00000  155.50000  32.4%  22.9  300s

Cutting planes:
  Gomory: 13
  Cover: 1
  Implied bound: 22
  MIR: 117
  Flow cover: 114
  Zero half: 14

Explored 137001 nodes (3145137 simplex iterations) in 300.05 seconds
Thread count was 4 (of 4 available processors)

Solution count 10: 230 230 230 ... 893
Pool objective bound 155.5

Time limit reached
Best objective 2.299999994975e+02, best bound 1.555000000000e+02, gap 32.3913%

Gurobi 7.0.2 (win64) logging started 03/16/17 18:05:46

Parameter LogFile unchanged
   Value: log-opt-0.log  Default: 
Parameter presolve unchanged
   Value: 2  Min: -1  Max: 2  Default: -1
Parameter mipgap unchanged
   Value: 0.001  Min: 0.0  Max: 1e+100  Default: 0.0001
Parameter method unchanged
   Value: -1  Min: -1  Max: 4  Default: -1
Parameter timelimit unchanged
   Value: 300.0  Min: 0.0  Max: 1e+100  Default: 1e+100
Parameter mipfocus unchanged
   Value: 1  Min: 0  Max: 3  Default: 0
Optimize a model with 26551 rows, 7022 columns and 84112 nonzeros
Variable types: 2285 continuous, 4737 integer (4731 binary)
Coefficient statistics:
  Matrix range     [6e-01, 2e+04]
  Objective range  [1e+00, 1e+00]
  Bounds range     [1e+00, 1e+04]
  RHS range        [1e+00, 6e+04]
Presolved: 9779 rows, 2745 columns, 35634 nonzeros

Continuing optimization...

 137001 29608     cutoff   47       230.00000  155.50000  32.4%  22.9  301s
 138974 29895  182.00000   40   15  230.00000  155.50000  32.4%  23.0  305s
 141194 30027  177.50000   42   54  230.00000  155.50000  32.4%  23.1  310s
 143555 30180  177.50000   42    3  230.00000  155.50000  32.4%  23.1  315s
 145226 30334  177.50000   38    9  230.00000  155.50000  32.4%  23.2  320s
 147426 30709  195.00000   43    8  230.00000  155.50000  32.4%  23.2  325s
 150171 31039  180.50000   41   12  230.00000  156.50000  32.0%  23.2  330s
 152770 31573  223.00000   56    4  230.00000  158.50000  31.1%  23.1  335s
 155178 32271  229.00000   43    4  230.00000  158.50000  31.1%  23.1  340s
 157328 32770  222.00000   49    8  230.00000  158.50000  31.1%  23.1  345s
 160430 33608  168.50000   41   14  230.00000  158.50000  31.1%  23.1  351s
 162225 34016  158.50000   46   11  230.00000  158.50000  31.1%  23.0  355s
 164986 34706  220.00000   46    7  230.00000  158.50000  31.1%  23.0  360s
 167378 35114  212.00000   57    7  230.00000  158.50000  31.1%  23.0  365s
 169691 35665  175.50000   43   30  230.00000  158.50000  31.1%  23.0  370s
 171765 36111  163.50000   43   24  230.00000  158.50000  31.1%  23.0  375s
 174044 36523     cutoff   46       230.00000  158.50000  31.1%  22.9  380s
 176343 37027  177.50000   46   17  230.00000  158.50000  31.1%  22.8  385s
 179224 37733  182.50000   44   26  230.00000  158.50000  31.1%  22.8  390s
 182047 38195  222.00000   41    4  230.00000  158.50000  31.1%  22.8  396s
 183857 38432  225.00000   48   15  230.00000  158.50000  31.1%  22.8  400s
 186858 38917 infeasible   48       230.00000  158.50000  31.1%  22.8  405s
 189044 39447     cutoff   38       230.00000  158.50000  31.1%  22.7  410s
 191146 39924  220.00000   44   14  230.00000  158.50000  31.1%  22.8  415s
 193386 40328  220.00000   44    4  230.00000  158.50000  31.1%  22.7  420s
 195720 40643  220.00000   55   22  230.00000  158.50000  31.1%  22.8  425s
 197849 41117  220.00000   48   24  230.00000  158.50000  31.1%  22.7  431s
 199306 41358 infeasible   50       230.00000  158.50000  31.1%  22.7  435s
 201423 41651 infeasible   52       230.00000  158.50000  31.1%  22.7  440s
 204240 42126  198.00000   43   19  230.00000  158.50000  31.1%  22.7  445s
 207567 42962 infeasible   44       230.00000  158.50000  31.1%  22.6  450s
 210908 43618  168.50000   47   74  230.00000  159.50000  30.7%  22.5  455s
 212094 43807  189.50000   44   13  230.00000  159.50000  30.7%  22.5  460s
 214170 44189  159.50000   45   16  230.00000  159.50000  30.7%  22.5  465s
 216638 44542  220.00000   53    8  230.00000  159.50000  30.7%  22.5  470s
 220621 45326  226.00000   49    2  230.00000  159.50000  30.7%  22.3  475s
 222987 45712  178.00619   46    8  230.00000  159.50000  30.7%  22.3  480s
 224516 46034 infeasible   48       230.00000  159.50000  30.7%  22.3  485s
 227151 46643  177.50000   50    9  230.00000  159.50000  30.7%  22.3  490s
 230943 47228     cutoff   50       230.00000  159.50000  30.7%  22.2  495s
 233901 47718 infeasible   49       230.00000  159.50000  30.7%  22.1  500s
 235343 47983  159.50000   51    9  230.00000  159.50000  30.7%  22.1  505s
 237599 48279  220.00000   42    6  230.00000  159.50000  30.7%  22.1  510s
 240209 48784  178.00619   42   15  230.00000  159.50000  30.7%  22.1  515s
 242916 49093  167.50000   36   27  230.00000  159.50000  30.7%  22.0  520s
 244820 49377  177.50000   46   26  230.00000  159.50000  30.7%  22.0  525s
 247620 49876 infeasible   48       230.00000  160.50000  30.2%  22.0  530s
 250592 50393     cutoff   50       230.00000  160.50000  30.2%  22.0  535s
 252854 50644  220.00000   51   13  230.00000  160.50000  30.2%  22.0  540s
 256097 51101  220.00000   49   14  230.00000  160.50000  30.2%  21.9  545s
 257978 51232  226.00000   58    1  230.00000  160.50000  30.2%  21.9  550s
 260595 51453  160.50000   48   12  230.00000  160.50000  30.2%  21.9  555s
 263363 51967 infeasible   54       230.00000  160.50000  30.2%  21.8  562s
 264315 52064  212.00000   39    4  230.00000  160.50000  30.2%  21.8  565s
 267211 52395 infeasible   51       230.00000  161.50000  29.8%  21.8  570s
 270387 52764  161.50000   49   15  230.00000  161.50000  29.8%  21.8  575s
 273281 52865  161.50000   40   25  230.00000  161.50000  29.8%  21.8  580s
 275914 53020 infeasible   30       230.00000  161.50000  29.8%  21.9  585s
 277472 53220  161.50000   40   19  230.00000  161.50000  29.8%  21.9  590s
 279371 53312 infeasible   35       230.00000  161.50000  29.8%  21.9  595s
 282496 53394 infeasible   45       230.00000  161.50000  29.8%  21.9  600s

Cutting planes:
  Gomory: 13
  Cover: 3
  Implied bound: 23
  MIR: 132
  Flow cover: 126
  Zero half: 14

Explored 282868 nodes (6211660 simplex iterations) in 300.06 seconds
Thread count was 4 (of 4 available processors)

Solution count 10: 230 230 230 ... 893
Pool objective bound 161.5

Time limit reached
Best objective 2.299999994975e+02, best bound 1.615000000000e+02, gap 29.7826%

#######################################
TR: iteration 0 at stage 3
Added demands: [0, 1, 2, 3, 4, 5, 6, 7, 8, 9, 10, 11, 12, 13, 14, 15, 16, 17, 18, 19]
Fixed demands: []

Gurobi 7.0.2 (win64) logging started 03/16/17 18:10:52

Changed value of parameter LogFile to log-opt-0.log
   Prev: gurobi.log  Default: 
Changed value of parameter presolve to 2
   Prev: -1  Min: -1  Max: 2  Default: -1
Changed value of parameter mipgap to 0.001
   Prev: 0.0001  Min: 0.0  Max: 1e+100  Default: 0.0001
Parameter method unchanged
   Value: -1  Min: -1  Max: 4  Default: -1
Changed value of parameter timelimit to 300.0
   Prev: 1e+100  Min: 0.0  Max: 1e+100  Default: 1e+100
Changed value of parameter mipfocus to 1
   Prev: 0  Min: 0  Max: 3  Default: 0
Optimize a model with 16993 rows, 1874 columns and 76559 nonzeros
Variable types: 862 continuous, 1012 integer (1006 binary)
Coefficient statistics:
  Matrix range     [1e+00, 2e+04]
  Objective range  [1e+00, 1e+00]
  Bounds range     [1e+00, 1e+04]
  RHS range        [1e+00, 6e+04]
Presolve removed 9872 rows and 917 columns
Presolve time: 0.11s
Presolved: 7121 rows, 957 columns, 33351 nonzeros
Variable types: 446 continuous, 511 integer (511 binary)
Found heuristic solution: objective 913.0000000
Found heuristic solution: objective 741.0000000
Found heuristic solution: objective 666.0000000
Presolve removed 0 rows and 20 columns
Presolved: 957 rows, 8058 columns, 34207 nonzeros

Presolve removed 957 rows and 8058 columns

Root relaxation: objective 9.100000e+01, 3171 iterations, 0.20 seconds

    Nodes    |    Current Node    |     Objective Bounds      |     Work
 Expl Unexpl |  Obj  Depth IntInf | Incumbent    BestBd   Gap | It/Node Time

     0     0   91.00000    0   34  666.00000   91.00000  86.3%     -    0s
H    0     0                     329.5000000   91.00000  72.4%     -    0s
H    0     0                     326.5000000   91.00000  72.1%     -    0s
H    0     0                     256.0000000   91.00000  64.5%     -    0s
     0     0   91.00000    0   57  256.00000   91.00000  64.5%     -    0s
H    0     0                     254.0000000   91.00000  64.2%     -    0s
     0     0   91.00000    0   54  254.00000   91.00000  64.2%     -    0s
     0     0   91.00000    0   63  254.00000   91.00000  64.2%     -    0s
H    0     0                     253.0000000   91.00000  64.0%     -    0s
     0     0   91.00000    0   56  253.00000   91.00000  64.0%     -    0s
H    0     0                     241.0000000   91.00000  62.2%     -    0s
     0     0   91.00000    0   65  241.00000   91.00000  62.2%     -    0s
H    0     0                     238.0000000   91.00000  61.8%     -    0s
     0     0   91.00000    0   67  238.00000   91.00000  61.8%     -    0s
     0     0   91.00000    0   69  238.00000   91.00000  61.8%     -    0s
     0     0   91.00000    0   71  238.00000   91.00000  61.8%     -    0s
     0     0   91.00000    0   26  238.00000   91.00000  61.8%     -    1s
H    0     0                     231.0000000   91.00000  60.6%     -    1s
     0     2   91.00000    0   26  231.00000   91.00000  60.6%     -    1s
H  195   143                     230.0000000   91.00000  60.4%   7.3    1s
H  351   229                     230.0000000   91.00000  60.4%   6.5    1s
  1109   665   91.00000   17   69  230.00000   91.00000  60.4%   5.6    5s
  2305   747  221.00000   44    7  230.00000  154.50000  32.8%  11.4   10s
  6758  1539 infeasible   32       230.00000  155.50000  32.4%   9.6   15s
 11077  1991  177.50000   34   17  230.00000  155.50000  32.4%   8.8   20s
 16023  2119  159.50000   24   41  230.00000  158.50000  31.1%   8.5   25s
 20866  2627  169.50000   37   17  230.00000  162.50000  29.3%   8.4   30s
 25865  3731  190.50000   41    8  230.00000  162.50000  29.3%   8.9   35s
 30452  4621 infeasible   29       230.00000  162.50000  29.3%   9.1   40s
 34920  5457 infeasible   32       230.00000  162.50000  29.3%   9.3   45s
 39705  6404  169.50000   34   11  230.00000  162.50000  29.3%   9.5   50s
 44775  7448  169.50000   34    6  230.00000  162.50000  29.3%   9.7   55s
 49780  8633  182.50000   36   16  230.00000  162.50000  29.3%   9.7   60s
 54158  9615  169.50000   37   13  230.00000  162.50000  29.3%   9.8   65s
 58083 10385  169.50000   37   15  230.00000  162.50000  29.3%  10.0   70s
 62623 11089 infeasible   50       230.00000  162.50000  29.3%  10.0   75s
 66838 11825 infeasible   30       230.00000  162.50000  29.3%  10.1   80s
 71091 12766  222.00000   42   20  230.00000  162.50000  29.3%  10.1   85s
 75106 13704 infeasible   42       230.00000  162.50000  29.3%  10.2   90s
 79446 14583 infeasible   47       230.00000  162.50000  29.3%  10.2   95s
 83347 15446  162.50000   40   23  230.00000  162.50000  29.3%  10.2  100s
 87990 16232 infeasible   36       230.00000  162.50000  29.3%  10.2  105s
 92722 17158 infeasible   42       230.00000  162.50000  29.3%  10.2  110s
 97503 18316  190.50000   39   17  230.00000  162.50000  29.3%  10.2  115s
 102114 19447  219.00000   42   18  230.00000  162.50000  29.3%  10.2  120s
 106691 20492 infeasible   34       230.00000  162.50000  29.3%  10.1  125s
 111531 21484 infeasible   30       230.00000  162.50000  29.3%  10.1  130s
 116030 22520  169.50000   32   13  230.00000  162.50000  29.3%  10.1  135s
 120041 23409  162.50000   34   22  230.00000  162.50000  29.3%  10.1  140s
 124212 24305  222.00000   43    8  230.00000  162.50000  29.3%  10.2  145s
 128959 25081  163.50000   38   31  230.00000  163.50000  28.9%  10.2  150s
 133032 25593 infeasible   40       230.00000  164.50000  28.5%  10.2  155s
 137337 25815 infeasible   42       230.00000  166.50000  27.6%  10.1  160s
 141748 25950  167.50000   31   32  230.00000  167.50000  27.2%  10.0  165s
 146102 25909  169.50000   43   12  230.00000  167.50000  27.2%  10.0  170s
 150242 26260  169.50000   39   11  230.00000  168.50000  26.7%  10.0  175s
 155156 26464  169.50000   45   16  230.00000  168.50000  26.7%   9.9  180s
 160638 27393  194.50000   38    6  230.00000  169.50000  26.3%   9.9  185s
 165068 27978  169.50000   50    7  230.00000  169.50000  26.3%   9.9  190s
 169500 28874  169.50000   36   13  230.00000  169.50000  26.3%   9.9  195s
 174043 29681 infeasible   49       230.00000  169.50000  26.3%   9.9  200s
 178286 30210     cutoff   51       230.00000  169.50000  26.3%  10.0  205s
 182260 30663  222.00000   51    9  230.00000  169.50000  26.3%  10.0  210s
 187037 31265  169.50000   36   16  230.00000  169.50000  26.3%  10.0  215s
 191719 32038  169.50000   34   14  230.00000  169.50000  26.3%  10.0  220s
 195844 32811  190.50000   43   10  230.00000  169.50000  26.3%  10.0  225s
 200105 33591 infeasible   46       230.00000  169.50000  26.3%  10.1  230s
 204573 34135 infeasible   53       230.00000  169.50000  26.3%  10.1  235s
 208627 34750 infeasible   37       230.00000  169.50000  26.3%  10.2  240s
 213160 35530 infeasible   38       230.00000  169.50000  26.3%  10.2  245s
 217259 36274 infeasible   40       230.00000  169.50000  26.3%  10.2  250s
 221495 36854  169.50000   41   12  230.00000  169.50000  26.3%  10.2  255s
 225638 37398  190.50000   47   13  230.00000  169.50000  26.3%  10.3  260s
 229552 37960  169.50000   44   14  230.00000  169.50000  26.3%  10.3  265s
 233327 38458 infeasible   51       230.00000  169.50000  26.3%  10.3  270s
 237816 39032 infeasible   42       230.00000  169.50000  26.3%  10.4  275s
 241969 39407 infeasible   45       230.00000  169.50000  26.3%  10.4  280s
 246540 40139     cutoff   49       230.00000  169.50000  26.3%  10.4  285s
 250381 40397  169.50000   37    7  230.00000  169.50000  26.3%  10.5  290s
 254855 40968  169.50000   49   15  230.00000  169.50000  26.3%  10.5  295s
 259003 41599  215.00000   44   10  230.00000  169.50000  26.3%  10.5  300s

Cutting planes:
  Gomory: 11
  Cover: 2
  Implied bound: 1
  MIR: 96
  Flow cover: 145

Explored 259215 nodes (2726660 simplex iterations) in 300.05 seconds
Thread count was 4 (of 4 available processors)

Solution count 10: 230 230 231 ... 329.5
Pool objective bound 169.5

Time limit reached
Best objective 2.299999999769e+02, best bound 1.695000000000e+02, gap 26.3043%

Gurobi 7.0.2 (win64) logging started 03/16/17 18:15:52

Parameter LogFile unchanged
   Value: log-opt-0.log  Default: 
Parameter presolve unchanged
   Value: 2  Min: -1  Max: 2  Default: -1
Parameter mipgap unchanged
   Value: 0.001  Min: 0.0  Max: 1e+100  Default: 0.0001
Parameter method unchanged
   Value: -1  Min: -1  Max: 4  Default: -1
Parameter timelimit unchanged
   Value: 300.0  Min: 0.0  Max: 1e+100  Default: 1e+100
Parameter mipfocus unchanged
   Value: 1  Min: 0  Max: 3  Default: 0
Optimize a model with 16993 rows, 1874 columns and 76559 nonzeros
Variable types: 862 continuous, 1012 integer (1006 binary)
Coefficient statistics:
  Matrix range     [1e+00, 2e+04]
  Objective range  [1e+00, 1e+00]
  Bounds range     [1e+00, 1e+04]
  RHS range        [1e+00, 6e+04]
Presolved: 7121 rows, 957 columns, 33351 nonzeros

Continuing optimization...

 259215 41605  169.50000   46   41  230.00000  169.50000  26.3%  10.5  300s
 263338 42047  169.50000   41   20  230.00000  169.50000  26.3%  10.5  305s
 268054 42490  220.00000   44    5  230.00000  169.50000  26.3%  10.5  310s
 271225 42799 infeasible   54       230.00000  169.50000  26.3%  10.5  315s
 275347 43210 infeasible   37       230.00000  169.50000  26.3%  10.5  320s
 279679 43670 infeasible   53       230.00000  169.50000  26.3%  10.5  325s
 283081 44081 infeasible   38       230.00000  169.50000  26.3%  10.6  330s
 287522 44610  169.50000   43    9  230.00000  169.50000  26.3%  10.6  335s
 291190 45012  169.50000   38   14  230.00000  169.50000  26.3%  10.6  340s
 294999 45360  190.50000   43    7  230.00000  169.50000  26.3%  10.6  345s
 298812 45728  189.50000   43   15  230.00000  169.50000  26.3%  10.6  350s
 303279 46211 infeasible   45       230.00000  169.50000  26.3%  10.6  355s
 307764 46811 infeasible   38       230.00000  169.50000  26.3%  10.7  360s
 311283 47325  226.00000   49    9  230.00000  169.50000  26.3%  10.7  365s
 315593 47873  169.50000   51   16  230.00000  169.50000  26.3%  10.7  370s
 319843 48432  222.00000   57   11  230.00000  169.50000  26.3%  10.7  375s
 323389 48902  190.50000   40   14  230.00000  169.50000  26.3%  10.7  380s
 327463 49213  169.50000   43    7  230.00000  169.50000  26.3%  10.8  385s
 331847 49688 infeasible   38       230.00000  169.50000  26.3%  10.8  390s
 335700 50134  213.00000   52   17  230.00000  169.50000  26.3%  10.8  395s
 339860 50583  169.50000   58   10  230.00000  169.50000  26.3%  10.8  400s
 343700 50898  223.00000   54    6  230.00000  169.50000  26.3%  10.8  405s
 347423 51201 infeasible   47       230.00000  169.50000  26.3%  10.9  410s
 351126 51500  169.50000   40   15  230.00000  169.50000  26.3%  10.9  415s
 355358 51832  169.50000   35   10  230.00000  169.50000  26.3%  10.9  420s
 359190 52226  169.50000   51    7  230.00000  169.50000  26.3%  10.9  425s
 362228 52558 infeasible   45       230.00000  169.50000  26.3%  10.9  430s
 365988 52887  169.50000   44   13  230.00000  169.50000  26.3%  10.9  435s
 369708 53125  169.50000   50   15  230.00000  169.50000  26.3%  10.9  440s
 372999 53409  169.50000   35   19  230.00000  169.50000  26.3%  10.9  445s
 376346 53552  169.50000   45   14  230.00000  169.50000  26.3%  11.0  450s
 379661 53862 infeasible   52       230.00000  169.50000  26.3%  11.0  455s
 383436 54136  169.50000   44   13  230.00000  169.50000  26.3%  11.0  460s
 387237 54533 infeasible   46       230.00000  169.50000  26.3%  11.0  465s
 390441 54730 infeasible   59       230.00000  169.50000  26.3%  11.0  470s
 394253 55027 infeasible   54       230.00000  169.50000  26.3%  11.0  475s
 397815 55265  226.00000   56   15  230.00000  169.50000  26.3%  11.0  480s
 402209 55678  219.00000   48    8  230.00000  169.50000  26.3%  11.0  485s
 406335 56085  169.50000   39   13  230.00000  169.50000  26.3%  11.0  490s
 409987 56395     cutoff   50       230.00000  169.50000  26.3%  11.0  495s
 413699 56781  169.50000   34   18  230.00000  169.50000  26.3%  11.1  500s
 417220 57178 infeasible   54       230.00000  169.50000  26.3%  11.1  505s
 420212 57391  169.50000   47   15  230.00000  169.50000  26.3%  11.1  510s
 424240 57880  222.00000   54    5  230.00000  169.50000  26.3%  11.1  515s
 428364 58202  169.50000   56   12  230.00000  169.50000  26.3%  11.1  520s
 432057 58600 infeasible   39       230.00000  169.50000  26.3%  11.1  525s
 435738 59029  169.50000   35   10  230.00000  169.50000  26.3%  11.1  530s
 439466 59531  169.50000   46   17  230.00000  169.50000  26.3%  11.2  535s
 443109 60008  169.50000   40   16  230.00000  169.50000  26.3%  11.2  540s
 447225 60472  214.00000   47    8  230.00000  169.50000  26.3%  11.2  545s
 451038 60739 infeasible   55       230.00000  169.50000  26.3%  11.2  550s
 454746 61069  169.50000   58   15  230.00000  169.50000  26.3%  11.2  555s
 458456 61394  225.00000   49   10  230.00000  169.50000  26.3%  11.2  560s
 462399 61612  169.50000   41   10  230.00000  169.50000  26.3%  11.2  565s
 466034 61843  190.50000   50   11  230.00000  169.50000  26.3%  11.2  570s
 469658 62280 infeasible   56       230.00000  169.50000  26.3%  11.2  575s
 473211 62740  169.50000   43   12  230.00000  169.50000  26.3%  11.3  580s
 477532 63156 infeasible   58       230.00000  169.50000  26.3%  11.3  585s
 481365 63384  200.00000   50    7  230.00000  169.50000  26.3%  11.2  590s
 484992 63739  225.00000   58   11  230.00000  169.50000  26.3%  11.2  595s
 489251 64099  169.50000   45    8  230.00000  169.50000  26.3%  11.3  600s

Cutting planes:
  Gomory: 11
  Cover: 3
  Implied bound: 1
  MIR: 102
  Flow cover: 152

Explored 489485 nodes (5515158 simplex iterations) in 300.05 seconds
Thread count was 4 (of 4 available processors)

Solution count 10: 230 230 231 ... 329.5
Pool objective bound 169.5

Time limit reached
Best objective 2.299999999769e+02, best bound 1.695000000000e+02, gap 26.3043%

#######################################
GN: iteration 0 at stage 3
Added demands: [0, 1, 2, 3, 4, 5, 6, 7, 8, 9, 10, 11, 12, 13, 14, 15, 16, 17, 18, 19]
Fixed demands: []

Gurobi 7.0.2 (win64) logging started 03/16/17 18:20:52

Changed value of parameter LogFile to log-opt-0.log
   Prev: gurobi.log  Default: 
Changed value of parameter presolve to 2
   Prev: -1  Min: -1  Max: 2  Default: -1
Changed value of parameter mipgap to 0.001
   Prev: 0.0001  Min: 0.0  Max: 1e+100  Default: 0.0001
Parameter method unchanged
   Value: -1  Min: -1  Max: 4  Default: -1
Changed value of parameter timelimit to 300.0
   Prev: 1e+100  Min: 0.0  Max: 1e+100  Default: 1e+100
Changed value of parameter mipfocus to 1
   Prev: 0  Min: 0  Max: 3  Default: 0
Optimize a model with 44491 rows, 11252 columns and 144737 nonzeros
Variable types: 3040 continuous, 8212 integer (8206 binary)
Coefficient statistics:
  Matrix range     [5e-01, 2e+04]
  Objective range  [1e+00, 1e+00]
  Bounds range     [1e+00, 1e+04]
  RHS range        [1e+00, 6e+04]
Found heuristic solution: objective 351
Presolve removed 27142 rows and 6658 columns
Presolve time: 1.32s
Presolved: 17349 rows, 4594 columns, 63820 nonzeros
Variable types: 1119 continuous, 3475 integer (3475 binary)
Presolve removed 655 rows and 308 columns
Presolved: 16694 rows, 4286 columns, 62105 nonzeros


Root relaxation: objective 9.100000e+01, 371 iterations, 0.15 seconds

    Nodes    |    Current Node    |     Objective Bounds      |     Work
 Expl Unexpl |  Obj  Depth IntInf | Incumbent    BestBd   Gap | It/Node Time

     0     0   91.00000    0   22  351.00000   91.00000  74.1%     -    2s
H    0     0                     344.5000000   91.00000  73.6%     -    2s
H    0     0                     308.5000000   91.00000  70.5%     -    2s
H    0     0                     238.0000000   91.00000  61.8%     -    2s
     0     0   91.00000    0  119  238.00000   91.00000  61.8%     -    2s
     0     0   91.00000    0   98  238.00000   91.00000  61.8%     -    3s
     0     0   91.00000    0  132  238.00000   91.00000  61.8%     -    3s
     0     0   91.00000    0  121  238.00000   91.00000  61.8%     -    3s
H    0     0                     233.0000000   91.00000  60.9%     -  147s
H    0     0                     231.0000000   91.00000  60.6%     -  147s
H    0     0                     230.9998600   91.00000  60.6%     -  147s
H    0     0                     230.0000000   91.00000  60.4%     -  147s
H    0     0                     230.0000000   91.00000  60.4%     -  147s
H    0     0                     230.0000000   91.00000  60.4%     -  147s
H    0     0                     229.9999999   91.00000  60.4%     -  147s
H    0     0                     229.9999999   91.00000  60.4%     -  147s
H    0     0                     229.9999999   91.00000  60.4%     -  147s
H    0     0                     229.9999998   91.00000  60.4%     -  147s
H    0     0                     229.9999998   91.00000  60.4%     -  147s
H    0     0                     229.9999998   91.00000  60.4%     -  147s
H    0     0                     229.9999998   91.00000  60.4%     -  147s
H    0     0                     229.9999997   91.00000  60.4%     -  147s
H    0     0                     229.9999997   91.00000  60.4%     -  147s
H    0     0                     229.9999997   91.00000  60.4%     -  147s
H    0     0                     229.9999997   91.00000  60.4%     -  147s
H    0     0                     229.9999996   91.00000  60.4%     -  147s
H    0     0                     229.9999996   91.00000  60.4%     -  147s
H    0     0                     229.9999996   91.00000  60.4%     -  147s
H    0     0                     229.9999996   91.00000  60.4%     -  147s
H    0     0                     229.9999995   91.00000  60.4%     -  147s
H    0     0                     229.9999995   91.00000  60.4%     -  147s
H    0     0                     229.9999995   91.00000  60.4%     -  147s
H    0     0                     229.9999995   91.00000  60.4%     -  147s
H    0     0                     229.9999995   91.00000  60.4%     -  147s
H    0     0                     229.9999994   91.00000  60.4%     -  147s
H    0     0                     229.9999994   91.00000  60.4%     -  147s
H    0     0                     229.9999994   91.00000  60.4%     -  147s
H    0     0                     229.9999994   91.00000  60.4%     -  147s
H    0     0                     229.9999993   91.00000  60.4%     -  147s
H    0     0                     229.9999993   91.00000  60.4%     -  147s
H    0     0                     229.9999993   91.00000  60.4%     -  147s
H    0     0                     229.9999993   91.00000  60.4%     -  147s
H    0     0                     229.9999992   91.00000  60.4%     -  147s
H    0     0                     229.9999992   91.00000  60.4%     -  147s
H    0     0                     229.9999992   91.00000  60.4%     -  147s
H    0     0                     229.9999992   91.00000  60.4%     -  147s
H    0     0                     229.9999992   91.00000  60.4%     -  148s
H    0     0                     229.9999991   91.00000  60.4%     -  148s
H    0     0                     229.9999991   91.00000  60.4%     -  148s
H    0     0                     229.9999991   91.00000  60.4%     -  148s
H    0     0                     229.9999991   91.00000  60.4%     -  148s
H    0     0                     229.9999990   91.00000  60.4%     -  148s
H    0     0                     229.9999990   91.00000  60.4%     -  148s
H    0     0                     229.9997579   91.00000  60.4%     -  176s
     0     0   91.00000    0  515  229.99976   91.00000  60.4%     -  176s
     0     0   91.00000    0  839  229.99976   91.00000  60.4%     -  300s

Cutting planes:
  Gomory: 5
  Implied bound: 55
  MIR: 279
  Flow cover: 82
  Zero half: 43

Explored 0 nodes (127038 simplex iterations) in 301.04 seconds
Thread count was 4 (of 4 available processors)

Solution count 10: 230 230 230 ... 230
Pool objective bound 91

Time limit reached
Best objective 2.299997579428e+02, best bound 9.100000000000e+01, gap 60.4347%
