
#######################################
TR: iteration 0 at stage 0
Added demands: [0, 1, 2, 3, 4]
Fixed demands: []

Gurobi 7.0.2 (win64) logging started 03/16/17 15:30:37

Changed value of parameter LogFile to log-prop-10.log
   Prev: gurobi.log  Default: 
Changed value of parameter presolve to 2
   Prev: -1  Min: -1  Max: 2  Default: -1
Changed value of parameter mipgap to 0.001
   Prev: 0.0001  Min: 0.0  Max: 1e+100  Default: 0.0001
Parameter method unchanged
   Value: -1  Min: -1  Max: 4  Default: -1
Changed value of parameter timelimit to 100.0
   Prev: 1e+100  Min: 0.0  Max: 1e+100  Default: 1e+100
Changed value of parameter mipfocus to 1
   Prev: 0  Min: 0  Max: 3  Default: 0
Optimize a model with 1483 rows, 404 columns and 5510 nonzeros
Variable types: 217 continuous, 187 integer (181 binary)
Coefficient statistics:
  Matrix range     [1e+00, 2e+04]
  Objective range  [1e+00, 1e+00]
  Bounds range     [1e+00, 1e+04]
  RHS range        [1e+00, 6e+04]
Found heuristic solution: objective 219
Presolve removed 512 rows and 52 columns
Presolve time: 0.01s
Presolved: 971 rows, 352 columns, 3618 nonzeros
Variable types: 216 continuous, 136 integer (136 binary)
Presolve removed 30 rows and 10 columns
Presolved: 941 rows, 342 columns, 3543 nonzeros


Root relaxation: objective 9.000000e+01, 83 iterations, 0.01 seconds

    Nodes    |    Current Node    |     Objective Bounds      |     Work
 Expl Unexpl |  Obj  Depth IntInf | Incumbent    BestBd   Gap | It/Node Time

     0     0   90.00000    0    4  219.00000   90.00000  58.9%     -    0s
H    0     0                     216.0000000   90.00000  58.3%     -    0s
H    0     0                     197.0000000   90.00000  54.3%     -    0s
     0     0   90.00000    0   18  197.00000   90.00000  54.3%     -    0s
     0     0   90.00000    0   20  197.00000   90.00000  54.3%     -    0s
     0     0   90.00000    0   17  197.00000   90.00000  54.3%     -    0s
     0     0   90.00000    0   19  197.00000   90.00000  54.3%     -    0s
     0     0   90.00000    0   19  197.00000   90.00000  54.3%     -    0s
     0     0   90.00000    0   19  197.00000   90.00000  54.3%     -    0s
     0     0   90.00000    0    7  197.00000   90.00000  54.3%     -    0s
     0     2   90.00000    0    7  197.00000   90.00000  54.3%     -    0s
H 1071   295                     197.0000000   91.00000  53.8%   5.6    0s
 17838   899  170.50000   31    3  197.00000  170.50000  13.5%   6.5    5s
H18992   955                     197.0000000  170.50000  13.5%   6.5    5s
 45255  1150 infeasible   39       197.00000  172.50000  12.4%   6.6   10s
 65967  1553 infeasible   35       197.00000  173.50000  11.9%   8.2   15s
 87677  1254 infeasible   34       197.00000  174.50000  11.4%   8.9   20s
 110628  1864  191.50000   37    8  197.00000  190.50000  3.30%   8.8   25s
 137032  3989  191.50000   35    7  197.00000  190.76764  3.16%   8.3   30s
H140110  4332                     196.9998930  190.80779  3.14%   8.3   30s
 168247  3223  191.50000   29    1  196.99989  191.50000  2.79%   7.9   35s
 197542  3377 infeasible   37       196.99989  191.50000  2.79%   7.6   40s
 222699  3492 infeasible   41       196.99989  191.63459  2.72%   7.4   45s
 254554  2336  193.50000   37    1  196.99989  192.50000  2.28%   7.2   50s
 286202  1426 infeasible   38       196.99989  192.50000  2.28%   7.1   55s
 316400   162 infeasible   42       196.99989  193.50000  1.78%   6.9   60s

Cutting planes:
  Gomory: 5
  Cover: 5
  MIR: 27
  Flow cover: 44
  Inf proof: 1

Explored 319923 nodes (2200627 simplex iterations) in 60.88 seconds
Thread count was 4 (of 4 available processors)

Solution count 6: 197 197 197 ... 219
Pool objective bound 197

Optimal solution found (tolerance 1.00e-03)
Best objective 1.970000000000e+02, best bound 1.970000000000e+02, gap 0.0000%

#######################################
GN: iteration 0 at stage 0
Added demands: [0, 1, 2, 3, 4]
Fixed demands: []

Gurobi 7.0.2 (win64) logging started 03/16/17 15:31:38

Changed value of parameter LogFile to log-prop-10.log
   Prev: gurobi.log  Default: 
Changed value of parameter presolve to 2
   Prev: -1  Min: -1  Max: 2  Default: -1
Changed value of parameter mipgap to 0.001
   Prev: 0.0001  Min: 0.0  Max: 1e+100  Default: 0.0001
Parameter method unchanged
   Value: -1  Min: -1  Max: 4  Default: -1
Changed value of parameter timelimit to 100.0
   Prev: 1e+100  Min: 0.0  Max: 1e+100  Default: 1e+100
Changed value of parameter mipfocus to 1
   Prev: 0  Min: 0  Max: 3  Default: 0
Optimize a model with 4321 rows, 1412 columns and 11768 nonzeros
Variable types: 775 continuous, 637 integer (631 binary)
Coefficient statistics:
  Matrix range     [6e-01, 2e+04]
  Objective range  [1e+00, 1e+00]
  Bounds range     [1e+00, 1e+04]
  RHS range        [1e+00, 6e+04]
Found heuristic solution: objective 274
Presolve removed 2450 rows and 700 columns
Presolve time: 0.05s
Presolved: 1871 rows, 712 columns, 6163 nonzeros
Variable types: 396 continuous, 316 integer (316 binary)
Presolve removed 196 rows and 96 columns
Presolved: 1675 rows, 616 columns, 5652 nonzeros


Root relaxation: objective 9.000000e+01, 44 iterations, 0.01 seconds

    Nodes    |    Current Node    |     Objective Bounds      |     Work
 Expl Unexpl |  Obj  Depth IntInf | Incumbent    BestBd   Gap | It/Node Time

     0     0   90.00000    0    6  274.00000   90.00000  67.2%     -    0s
H    0     0                     215.0000000   90.00000  58.1%     -    0s
     0     0   90.00000    0   23  215.00000   90.00000  58.1%     -    0s
     0     0   90.00000    0   23  215.00000   90.00000  58.1%     -    0s
     0     0   90.00000    0   31  215.00000   90.00000  58.1%     -    0s
     0     0   90.00000    0   22  215.00000   90.00000  58.1%     -    0s
     0     0   90.00000    0   18  215.00000   90.00000  58.1%     -    0s
H    0     0                     197.0000000   90.00000  54.3%     -    0s
     0     0   90.00000    0   23  197.00000   90.00000  54.3%     -    0s
     0     0   90.00000    0   26  197.00000   90.00000  54.3%     -    0s
     0     2   90.00000    0    4  197.00000   90.00000  54.3%     -    0s
H  731   303                     197.0000000   90.00000  54.3%  22.3    0s
H 3227   966                     196.9998930  133.50000  32.2%  26.4    4s
  3318   965  190.50000   33    7  196.99989  133.50000  32.2%  26.7    5s
  5290   690  190.63410   36    6  196.99989  134.50000  31.7%  43.9   10s
  8622  1072 infeasible   36       196.99989  135.50000  31.2%  46.1   15s
 11495  1428  136.50000   38   37  196.99989  135.50000  31.2%  48.6   20s
 15575  1974  152.50000   41   69  196.99989  152.50000  22.6%  51.2   25s
 20048  2329  152.50000   41   32  196.99989  152.50000  22.6%  50.9   30s
 24189  2576  152.50000   40   30  196.99989  152.50000  22.6%  50.7   35s
 29004  2634 infeasible   48       196.99989  153.50000  22.1%  48.6   40s
 32442  2789 infeasible   49       196.99989  153.50000  22.1%  48.4   45s
 36533  2869  153.50000   46   22  196.99989  153.50000  22.1%  48.2   50s
 41170  2916  154.50000   44   20  196.99989  154.50000  21.6%  47.6   55s
 44607  2956  174.50000   45   31  196.99989  154.50000  21.6%  48.4   60s
 48791  2792  175.50000   57   34  196.99989  155.50000  21.1%  47.6   65s
 51749  2806 infeasible   50       196.99989  156.50000  20.6%  47.7   70s
 56004  2679  157.50000   42    3  196.99989  157.50000  20.1%  47.6   75s
 59520  2627  157.50000   48    4  196.99989  157.50000  20.1%  47.8   80s
 63145  2480  171.50000   38   55  196.99989  158.50000  19.5%  47.8   85s
 66585  3020  170.50000   40   20  196.99989  168.50000  14.5%  48.3   90s
 73168  4052  171.50000   42   19  196.99989  169.50000  14.0%  47.0   95s
 78576  4942  190.50000   40   13  196.99989  169.50000  14.0%  46.2  100s

Cutting planes:
  Gomory: 7
  Cover: 6
  Implied bound: 5
  MIR: 53
  Flow cover: 76
  Inf proof: 1
  Zero half: 10

Explored 79019 nodes (3648658 simplex iterations) in 100.02 seconds
Thread count was 4 (of 4 available processors)

Solution count 5: 197 197 197 ... 274
Pool objective bound 169.5

Time limit reached
Best objective 1.969998930001e+02, best bound 1.695000000000e+02, gap 13.9593%

#######################################
TR: iteration 1 at stage 0
Added demands: [1, 2]
Fixed demands: [3, 0, 4]

Gurobi 7.0.2 (win64) logging started 03/16/17 15:33:18

Parameter LogFile unchanged
   Value: log-prop-10.log  Default: 
Parameter presolve unchanged
   Value: 2  Min: -1  Max: 2  Default: -1
Parameter mipgap unchanged
   Value: 0.001  Min: 0.0  Max: 1e+100  Default: 0.0001
Parameter method unchanged
   Value: -1  Min: -1  Max: 4  Default: -1
Parameter timelimit unchanged
   Value: 100.0  Min: 0.0  Max: 1e+100  Default: 1e+100
Parameter mipfocus unchanged
   Value: 1  Min: 0  Max: 3  Default: 0
Optimize a model with 1483 rows, 404 columns and 5510 nonzeros
Variable types: 217 continuous, 187 integer (181 binary)
Coefficient statistics:
  Matrix range     [1e+00, 2e+04]
  Objective range  [1e+00, 1e+00]
  Bounds range     [1e+00, 1e+04]
  RHS range        [1e+00, 6e+04]
Found heuristic solution: objective 258
Presolve removed 1175 rows and 253 columns
Presolve time: 0.00s
Presolved: 308 rows, 151 columns, 999 nonzeros

Loaded MIP start with objective 197

Variable types: 90 continuous, 61 integer (61 binary)
Presolve removed 12 rows and 4 columns
Presolved: 296 rows, 147 columns, 969 nonzeros


Root relaxation: objective 1.325000e+02, 37 iterations, 0.00 seconds

    Nodes    |    Current Node    |     Objective Bounds      |     Work
 Expl Unexpl |  Obj  Depth IntInf | Incumbent    BestBd   Gap | It/Node Time

     0     0  132.50000    0    2  197.00000  132.50000  32.7%     -    0s
     0     0  132.50000    0    8  197.00000  132.50000  32.7%     -    0s
     0     0  153.26038    0    5  197.00000  153.26038  22.2%     -    0s
     0     0  153.26038    0    9  197.00000  153.26038  22.2%     -    0s
     0     0  159.84815    0    6  197.00000  159.84815  18.9%     -    0s
     0     0  163.25279    0    5  197.00000  163.25279  17.1%     -    0s
     0     0  165.14580    0    2  197.00000  165.14580  16.2%     -    0s
     0     2  165.14580    0    2  197.00000  165.14580  16.2%     -    0s

Cutting planes:
  Implied bound: 2
  MIR: 6
  Flow cover: 3

Explored 13 nodes (239 simplex iterations) in 0.09 seconds
Thread count was 4 (of 4 available processors)

Solution count 1: 197 
Pool objective bound 197

Optimal solution found (tolerance 1.00e-03)
Best objective 1.970000000000e+02, best bound 1.970000000000e+02, gap 0.0000%

#######################################
GN: iteration 1 at stage 0
Added demands: [1, 2]
Fixed demands: [3, 0, 4]

Gurobi 7.0.2 (win64) logging started 03/16/17 15:33:18

Parameter LogFile unchanged
   Value: log-prop-10.log  Default: 
Parameter presolve unchanged
   Value: 2  Min: -1  Max: 2  Default: -1
Parameter mipgap unchanged
   Value: 0.001  Min: 0.0  Max: 1e+100  Default: 0.0001
Parameter method unchanged
   Value: -1  Min: -1  Max: 4  Default: -1
Parameter timelimit unchanged
   Value: 100.0  Min: 0.0  Max: 1e+100  Default: 1e+100
Parameter mipfocus unchanged
   Value: 1  Min: 0  Max: 3  Default: 0
Optimize a model with 4321 rows, 1412 columns and 11768 nonzeros
Variable types: 775 continuous, 637 integer (631 binary)
Coefficient statistics:
  Matrix range     [6e-01, 2e+04]
  Objective range  [1e+00, 1e+00]
  Bounds range     [1e+00, 1e+04]
  RHS range        [1e+00, 6e+04]
Found heuristic solution: objective 202
Presolve removed 3870 rows and 1211 columns
Presolve time: 0.01s
Presolved: 451 rows, 201 columns, 1376 nonzeros

Loaded MIP start with objective 197

Variable types: 121 continuous, 80 integer (80 binary)
Presolve removed 97 rows and 36 columns
Presolved: 354 rows, 165 columns, 1117 nonzeros


Root relaxation: objective 1.325000e+02, 21 iterations, 0.00 seconds

    Nodes    |    Current Node    |     Objective Bounds      |     Work
 Expl Unexpl |  Obj  Depth IntInf | Incumbent    BestBd   Gap | It/Node Time

     0     0  132.50000    0    3  197.00000  132.50000  32.7%     -    0s
     0     0  139.01114    0    3  197.00000  139.01114  29.4%     -    0s
     0     0  189.50000    0    5  197.00000  189.50000  3.81%     -    0s
     0     0  189.50000    0    5  197.00000  189.50000  3.81%     -    0s
     0     0  189.50000    0    5  197.00000  189.50000  3.81%     -    0s
     0     0  189.50000    0    1  197.00000  189.50000  3.81%     -    0s
     0     0  189.50000    0    1  197.00000  189.50000  3.81%     -    0s
     0     0  189.50000    0    6  197.00000  189.50000  3.81%     -    0s
     0     0  189.50000    0    3  197.00000  189.50000  3.81%     -    0s
     0     0  189.50000    0    3  197.00000  189.50000  3.81%     -    0s
     0     0  189.50000    0    8  197.00000  189.50000  3.81%     -    0s
     0     0  189.50000    0    8  197.00000  189.50000  3.81%     -    0s
     0     0  189.50000    0    7  197.00000  189.50000  3.81%     -    0s
     0     0  189.50000    0    7  197.00000  189.50000  3.81%     -    0s
     0     0  189.50000    0    1  197.00000  189.50000  3.81%     -    0s
     0     2  189.50000    0    1  197.00000  189.50000  3.81%     -    0s
H 2537   184                     197.0000000  190.50000  3.30%   6.9    0s

Cutting planes:
  Gomory: 2
  Cover: 1
  Implied bound: 2
  MIR: 5
  Flow cover: 2

Explored 5902 nodes (39938 simplex iterations) in 0.70 seconds
Thread count was 4 (of 4 available processors)

Solution count 3: 197 197 197 
Pool objective bound 197

Optimal solution found (tolerance 1.00e-03)
Best objective 1.969999999802e+02, best bound 1.969999999802e+02, gap 0.0000%

Gurobi 7.0.2 (win64) logging started 03/16/17 15:33:19

Parameter LogFile unchanged
   Value: log-prop-10.log  Default: 
Parameter presolve unchanged
   Value: 2  Min: -1  Max: 2  Default: -1
Parameter mipgap unchanged
   Value: 0.001  Min: 0.0  Max: 1e+100  Default: 0.0001
Parameter method unchanged
   Value: -1  Min: -1  Max: 4  Default: -1
Parameter timelimit unchanged
   Value: 100.0  Min: 0.0  Max: 1e+100  Default: 1e+100
Parameter mipfocus unchanged
   Value: 1  Min: 0  Max: 3  Default: 0
Optimize a model with 4321 rows, 1412 columns and 11768 nonzeros
Variable types: 775 continuous, 637 integer (631 binary)
Coefficient statistics:
  Matrix range     [6e-01, 2e+04]
  Objective range  [1e+00, 1e+00]
  Bounds range     [1e+00, 1e+04]
  RHS range        [1e+00, 6e+04]
Presolved: 451 rows, 201 columns, 1376 nonzeros

Continuing optimization...


Cutting planes:
  Gomory: 2
  Cover: 1
  Implied bound: 2
  MIR: 5
  Flow cover: 2

Explored 5902 nodes (39938 simplex iterations) in 0.01 seconds
Thread count was 4 (of 4 available processors)

Solution count 3: 197 197 197 
Pool objective bound 197

Optimal solution found (tolerance 1.00e-03)
Best objective 1.969999999802e+02, best bound 1.969999999802e+02, gap 0.0000%

#######################################
TR: iteration 2 at stage 0
Added demands: [1]
Fixed demands: [3, 4, 0, 2]

Gurobi 7.0.2 (win64) logging started 03/16/17 15:33:19

Parameter LogFile unchanged
   Value: log-prop-10.log  Default: 
Parameter presolve unchanged
   Value: 2  Min: -1  Max: 2  Default: -1
Parameter mipgap unchanged
   Value: 0.001  Min: 0.0  Max: 1e+100  Default: 0.0001
Parameter method unchanged
   Value: -1  Min: -1  Max: 4  Default: -1
Parameter timelimit unchanged
   Value: 100.0  Min: 0.0  Max: 1e+100  Default: 1e+100
Parameter mipfocus unchanged
   Value: 1  Min: 0  Max: 3  Default: 0
Optimize a model with 1483 rows, 404 columns and 5510 nonzeros
Variable types: 217 continuous, 187 integer (181 binary)
Coefficient statistics:
  Matrix range     [1e+00, 2e+04]
  Objective range  [1e+00, 1e+00]
  Bounds range     [1e+00, 1e+04]
  RHS range        [1e+00, 6e+04]
Found heuristic solution: objective 199
Presolve removed 1343 rows and 328 columns
Presolve time: 0.00s
Presolved: 140 rows, 76 columns, 402 nonzeros

Loaded MIP start with objective 197

Variable types: 48 continuous, 28 integer (28 binary)

Explored 0 nodes (0 simplex iterations) in 0.02 seconds
Thread count was 4 (of 4 available processors)

Solution count 1: 197 
Pool objective bound 197

Optimal solution found (tolerance 1.00e-03)
Best objective 1.970000000000e+02, best bound 1.969999999999e+02, gap 0.0000%

#######################################
GN: iteration 2 at stage 0
Added demands: [1]
Fixed demands: [3, 4, 0, 2]

Gurobi 7.0.2 (win64) logging started 03/16/17 15:33:19

Parameter LogFile unchanged
   Value: log-prop-10.log  Default: 
Parameter presolve unchanged
   Value: 2  Min: -1  Max: 2  Default: -1
Parameter mipgap unchanged
   Value: 0.001  Min: 0.0  Max: 1e+100  Default: 0.0001
Parameter method unchanged
   Value: -1  Min: -1  Max: 4  Default: -1
Parameter timelimit unchanged
   Value: 100.0  Min: 0.0  Max: 1e+100  Default: 1e+100
Parameter mipfocus unchanged
   Value: 1  Min: 0  Max: 3  Default: 0
Optimize a model with 4321 rows, 1412 columns and 11768 nonzeros
Variable types: 775 continuous, 637 integer (631 binary)
Coefficient statistics:
  Matrix range     [6e-01, 2e+04]
  Objective range  [1e+00, 1e+00]
  Bounds range     [1e+00, 1e+04]
  RHS range        [1e+00, 6e+04]
Found heuristic solution: objective 255
Presolve removed 4174 rows and 1331 columns
Presolve time: 0.01s
Presolved: 147 rows, 81 columns, 426 nonzeros

Loaded MIP start with objective 197

Variable types: 50 continuous, 31 integer (31 binary)

Explored 0 nodes (0 simplex iterations) in 0.03 seconds
Thread count was 4 (of 4 available processors)

Solution count 1: 197 
Pool objective bound 197

Optimal solution found (tolerance 1.00e-03)
Best objective 1.970000000000e+02, best bound 1.969999999999e+02, gap 0.0000%

#######################################
TR: iteration 0 at stage 1
Added demands: [5, 6, 7, 8, 9]
Fixed demands: [0, 1, 2, 3, 4]

Gurobi 7.0.2 (win64) logging started 03/16/17 15:33:21

Changed value of parameter LogFile to log-prop-10.log
   Prev: gurobi.log  Default: 
Changed value of parameter presolve to 2
   Prev: -1  Min: -1  Max: 2  Default: -1
Changed value of parameter mipgap to 0.001
   Prev: 0.0001  Min: 0.0  Max: 1e+100  Default: 0.0001
Parameter method unchanged
   Value: -1  Min: -1  Max: 4  Default: -1
Changed value of parameter timelimit to 100.0
   Prev: 1e+100  Min: 0.0  Max: 1e+100  Default: 1e+100
Changed value of parameter mipfocus to 1
   Prev: 0  Min: 0  Max: 3  Default: 0
Optimize a model with 4803 rows, 844 columns and 20095 nonzeros
Variable types: 432 continuous, 412 integer (406 binary)
Coefficient statistics:
  Matrix range     [1e+00, 2e+04]
  Objective range  [1e+00, 1e+00]
  Bounds range     [1e+00, 1e+04]
  RHS range        [1e+00, 6e+04]
Found heuristic solution: objective 200
Presolve removed 3730 rows and 459 columns
Presolve time: 0.01s
Presolved: 1073 rows, 385 columns, 3993 nonzeros
Variable types: 221 continuous, 164 integer (163 binary)
Presolve removed 9 rows and 0 columns
Presolved: 1064 rows, 385 columns, 3965 nonzeros


Root relaxation: objective 1.970000e+02, 83 iterations, 0.01 seconds

    Nodes    |    Current Node    |     Objective Bounds      |     Work
 Expl Unexpl |  Obj  Depth IntInf | Incumbent    BestBd   Gap | It/Node Time

*    0     0               0     197.0000000  197.00000  0.00%     -    0s

Explored 0 nodes (175 simplex iterations) in 0.05 seconds
Thread count was 4 (of 4 available processors)

Solution count 2: 197 200 
Pool objective bound 197

Optimal solution found (tolerance 1.00e-03)
Best objective 1.969999999999e+02, best bound 1.969999999999e+02, gap 0.0000%

#######################################
GN: iteration 0 at stage 1
Added demands: [5, 6, 7, 8, 9]
Fixed demands: [0, 1, 2, 3, 4]

Gurobi 7.0.2 (win64) logging started 03/16/17 15:33:21

Changed value of parameter LogFile to log-prop-10.log
   Prev: gurobi.log  Default: 
Changed value of parameter presolve to 2
   Prev: -1  Min: -1  Max: 2  Default: -1
Changed value of parameter mipgap to 0.001
   Prev: 0.0001  Min: 0.0  Max: 1e+100  Default: 0.0001
Parameter method unchanged
   Value: -1  Min: -1  Max: 4  Default: -1
Changed value of parameter timelimit to 100.0
   Prev: 1e+100  Min: 0.0  Max: 1e+100  Default: 1e+100
Changed value of parameter mipfocus to 1
   Prev: 0  Min: 0  Max: 3  Default: 0
Optimize a model with 13161 rows, 3742 columns and 39793 nonzeros
Variable types: 1530 continuous, 2212 integer (2206 binary)
Coefficient statistics:
  Matrix range     [6e-01, 2e+04]
  Objective range  [1e+00, 1e+00]
  Bounds range     [1e+00, 1e+04]
  RHS range        [1e+00, 6e+04]
Found heuristic solution: objective 200
Presolve removed 11189 rows and 2991 columns
Presolve time: 0.06s
Presolved: 1972 rows, 751 columns, 6467 nonzeros
Variable types: 407 continuous, 344 integer (344 binary)
Presolve removed 183 rows and 90 columns
Presolved: 1789 rows, 661 columns, 5964 nonzeros


Root relaxation: objective 1.970000e+02, 60 iterations, 0.01 seconds

    Nodes    |    Current Node    |     Objective Bounds      |     Work
 Expl Unexpl |  Obj  Depth IntInf | Incumbent    BestBd   Gap | It/Node Time

*    0     0               0     197.0000000  197.00000  0.00%     -    0s

Explored 0 nodes (292 simplex iterations) in 0.11 seconds
Thread count was 4 (of 4 available processors)

Solution count 2: 197 200 
Pool objective bound 197

Optimal solution found (tolerance 1.00e-03)
Best objective 1.969999999999e+02, best bound 1.969999999999e+02, gap 0.0000%

#######################################
TR: iteration 1 at stage 1
Added demands: [7, 9, 5, 1, 2]
Fixed demands: [8, 0, 3, 6, 4]

Gurobi 7.0.2 (win64) logging started 03/16/17 15:33:21

Parameter LogFile unchanged
   Value: log-prop-10.log  Default: 
Parameter presolve unchanged
   Value: 2  Min: -1  Max: 2  Default: -1
Parameter mipgap unchanged
   Value: 0.001  Min: 0.0  Max: 1e+100  Default: 0.0001
Parameter method unchanged
   Value: -1  Min: -1  Max: 4  Default: -1
Parameter timelimit unchanged
   Value: 100.0  Min: 0.0  Max: 1e+100  Default: 1e+100
Parameter mipfocus unchanged
   Value: 1  Min: 0  Max: 3  Default: 0
Optimize a model with 4803 rows, 844 columns and 20095 nonzeros
Variable types: 432 continuous, 412 integer (406 binary)
Coefficient statistics:
  Matrix range     [1e+00, 2e+04]
  Objective range  [1e+00, 1e+00]
  Bounds range     [1e+00, 1e+04]
  RHS range        [1e+00, 6e+04]
Found heuristic solution: objective 200
Presolve removed 3756 rows and 462 columns
Presolve time: 0.01s
Presolved: 1047 rows, 382 columns, 3903 nonzeros

Loaded MIP start with objective 197

Variable types: 221 continuous, 161 integer (161 binary)
Presolve removed 15 rows and 4 columns
Presolved: 1032 rows, 378 columns, 3861 nonzeros


Root relaxation: objective 1.325000e+02, 104 iterations, 0.01 seconds

    Nodes    |    Current Node    |     Objective Bounds      |     Work
 Expl Unexpl |  Obj  Depth IntInf | Incumbent    BestBd   Gap | It/Node Time

     0     0  132.50000    0    8  197.00000  132.50000  32.7%     -    0s
     0     0  132.50000    0   17  197.00000  132.50000  32.7%     -    0s
H    0     0                     197.0000000  132.50000  32.7%     -    0s
     0     0  132.82266    0   16  197.00000  132.82266  32.6%     -    0s
     0     0  189.50000    0    9  197.00000  189.50000  3.81%     -    0s
     0     0  189.50000    0    9  197.00000  189.50000  3.81%     -    0s
     0     0  189.50000    0   12  197.00000  189.50000  3.81%     -    0s
     0     0  189.50000    0   12  197.00000  189.50000  3.81%     -    0s
     0     0  189.50000    0   14  197.00000  189.50000  3.81%     -    0s
     0     0  189.50000    0    2  197.00000  189.50000  3.81%     -    0s
     0     2  189.50000    0    2  197.00000  189.50000  3.81%     -    0s

Cutting planes:
  Gomory: 1
  Implied bound: 4
  MIR: 10
  Flow cover: 4

Explored 27 nodes (753 simplex iterations) in 0.18 seconds
Thread count was 4 (of 4 available processors)

Solution count 2: 197 197 
Pool objective bound 197

Optimal solution found (tolerance 1.00e-03)
Best objective 1.969999999802e+02, best bound 1.969999999802e+02, gap 0.0000%

#######################################
GN: iteration 1 at stage 1
Added demands: [7, 9, 5, 1, 2]
Fixed demands: [8, 0, 3, 6, 4]

Gurobi 7.0.2 (win64) logging started 03/16/17 15:33:21

Parameter LogFile unchanged
   Value: log-prop-10.log  Default: 
Parameter presolve unchanged
   Value: 2  Min: -1  Max: 2  Default: -1
Parameter mipgap unchanged
   Value: 0.001  Min: 0.0  Max: 1e+100  Default: 0.0001
Parameter method unchanged
   Value: -1  Min: -1  Max: 4  Default: -1
Parameter timelimit unchanged
   Value: 100.0  Min: 0.0  Max: 1e+100  Default: 1e+100
Parameter mipfocus unchanged
   Value: 1  Min: 0  Max: 3  Default: 0
Optimize a model with 13161 rows, 3742 columns and 39793 nonzeros
Variable types: 1530 continuous, 2212 integer (2206 binary)
Coefficient statistics:
  Matrix range     [6e-01, 2e+04]
  Objective range  [1e+00, 1e+00]
  Bounds range     [1e+00, 1e+04]
  RHS range        [1e+00, 6e+04]
Found heuristic solution: objective 237
Presolve removed 11220 rows and 2997 columns
Presolve time: 0.06s
Presolved: 1941 rows, 745 columns, 6372 nonzeros

Loaded MIP start with objective 197

Variable types: 403 continuous, 342 integer (342 binary)
Presolve removed 186 rows and 92 columns
Presolved: 1755 rows, 653 columns, 5860 nonzeros


Root relaxation: objective 1.325000e+02, 87 iterations, 0.01 seconds

    Nodes    |    Current Node    |     Objective Bounds      |     Work
 Expl Unexpl |  Obj  Depth IntInf | Incumbent    BestBd   Gap | It/Node Time

     0     0  132.50000    0    3  197.00000  132.50000  32.7%     -    0s
     0     0  132.82266    0    4  197.00000  132.82266  32.6%     -    0s
     0     0  132.82598    0    4  197.00000  132.82598  32.6%     -    0s
     0     0  189.50000    0    7  197.00000  189.50000  3.81%     -    0s
     0     0  189.50000    0    6  197.00000  189.50000  3.81%     -    0s
     0     0  189.50000    0    7  197.00000  189.50000  3.81%     -    0s
     0     0  189.50000    0    6  197.00000  189.50000  3.81%     -    0s
     0     0  189.50000    0    6  197.00000  189.50000  3.81%     -    0s
     0     0  189.50000    0    6  197.00000  189.50000  3.81%     -    0s
     0     0  189.50000    0    4  197.00000  189.50000  3.81%     -    0s
     0     2  189.50000    0    1  197.00000  189.50000  3.81%     -    0s

Cutting planes:
  Gomory: 1
  Implied bound: 1
  MIR: 2

Explored 13 nodes (825 simplex iterations) in 0.30 seconds
Thread count was 4 (of 4 available processors)

Solution count 1: 197 
Pool objective bound 197

Optimal solution found (tolerance 1.00e-03)
Best objective 1.970000000000e+02, best bound 1.970000000000e+02, gap 0.0000%

#######################################
TR: iteration 2 at stage 1
Added demands: [8, 3, 5, 4, 0, 2]
Fixed demands: [7, 9, 6, 1]

Gurobi 7.0.2 (win64) logging started 03/16/17 15:33:22

Parameter LogFile unchanged
   Value: log-prop-10.log  Default: 
Parameter presolve unchanged
   Value: 2  Min: -1  Max: 2  Default: -1
Parameter mipgap unchanged
   Value: 0.001  Min: 0.0  Max: 1e+100  Default: 0.0001
Parameter method unchanged
   Value: -1  Min: -1  Max: 4  Default: -1
Parameter timelimit unchanged
   Value: 100.0  Min: 0.0  Max: 1e+100  Default: 1e+100
Parameter mipfocus unchanged
   Value: 1  Min: 0  Max: 3  Default: 0
Optimize a model with 4803 rows, 844 columns and 20095 nonzeros
Variable types: 432 continuous, 412 integer (406 binary)
Coefficient statistics:
  Matrix range     [1e+00, 2e+04]
  Objective range  [1e+00, 1e+00]
  Bounds range     [1e+00, 1e+04]
  RHS range        [1e+00, 6e+04]
Found heuristic solution: objective 202
Presolve removed 3454 rows and 392 columns
Presolve time: 0.01s
Presolved: 1349 rows, 452 columns, 5172 nonzeros

Loaded MIP start with objective 197

Variable types: 263 continuous, 189 integer (189 binary)
Presolve removed 27 rows and 8 columns
Presolved: 1322 rows, 444 columns, 5102 nonzeros


Root relaxation: objective 1.955000e+02, 102 iterations, 0.01 seconds

    Nodes    |    Current Node    |     Objective Bounds      |     Work
 Expl Unexpl |  Obj  Depth IntInf | Incumbent    BestBd   Gap | It/Node Time

     0     0  195.50000    0    1  197.00000  195.50000  0.76%     -    0s
     0     0  195.50000    0    4  197.00000  195.50000  0.76%     -    0s
     0     0  195.50000    0    4  197.00000  195.50000  0.76%     -    0s
     0     0  195.50000    0    6  197.00000  195.50000  0.76%     -    0s
     0     0  195.50000    0    1  197.00000  195.50000  0.76%     -    0s
     0     0  195.50000    0    4  197.00000  195.50000  0.76%     -    0s
     0     0  195.50000    0    1  197.00000  195.50000  0.76%     -    0s
     0     2  195.50000    0    1  197.00000  195.50000  0.76%     -    0s
H   33    24                     197.0000000  195.50000  0.76%   9.0    0s

Cutting planes:
  Cover: 2
  Clique: 2
  MIR: 8
  Flow cover: 3

Explored 5714 nodes (15387 simplex iterations) in 0.85 seconds
Thread count was 4 (of 4 available processors)

Solution count 2: 197 197 
Pool objective bound 197

Optimal solution found (tolerance 1.00e-03)
Best objective 1.969999999802e+02, best bound 1.969999999802e+02, gap 0.0000%

#######################################
GN: iteration 2 at stage 1
Added demands: [8, 3, 5, 4, 0, 2]
Fixed demands: [7, 9, 6, 1]

Gurobi 7.0.2 (win64) logging started 03/16/17 15:33:23

Parameter LogFile unchanged
   Value: log-prop-10.log  Default: 
Parameter presolve unchanged
   Value: 2  Min: -1  Max: 2  Default: -1
Parameter mipgap unchanged
   Value: 0.001  Min: 0.0  Max: 1e+100  Default: 0.0001
Parameter method unchanged
   Value: -1  Min: -1  Max: 4  Default: -1
Parameter timelimit unchanged
   Value: 100.0  Min: 0.0  Max: 1e+100  Default: 1e+100
Parameter mipfocus unchanged
   Value: 1  Min: 0  Max: 3  Default: 0
Optimize a model with 13161 rows, 3742 columns and 39793 nonzeros
Variable types: 1530 continuous, 2212 integer (2206 binary)
Coefficient statistics:
  Matrix range     [6e-01, 2e+04]
  Objective range  [1e+00, 1e+00]
  Bounds range     [1e+00, 1e+04]
  RHS range        [1e+00, 6e+04]
Found heuristic solution: objective 257
Presolve removed 10547 rows and 2795 columns
Presolve time: 0.09s
Presolved: 2614 rows, 947 columns, 8787 nonzeros

Loaded MIP start with objective 197

Variable types: 485 continuous, 462 integer (462 binary)
Presolve removed 228 rows and 112 columns
Presolved: 2386 rows, 835 columns, 8147 nonzeros


Root relaxation: objective 9.600000e+01, 52 iterations, 0.02 seconds

    Nodes    |    Current Node    |     Objective Bounds      |     Work
 Expl Unexpl |  Obj  Depth IntInf | Incumbent    BestBd   Gap | It/Node Time

     0     0   96.00000    0    8  197.00000   96.00000  51.3%     -    0s
     0     0   96.00000    0   26  197.00000   96.00000  51.3%     -    0s
     0     0   96.00000    0   28  197.00000   96.00000  51.3%     -    0s
     0     0   96.00000    0   27  197.00000   96.00000  51.3%     -    0s
     0     0   96.00000    0   29  197.00000   96.00000  51.3%     -    0s
     0     0   96.00000    0   30  197.00000   96.00000  51.3%     -    0s
     0     0   96.00000    0   33  197.00000   96.00000  51.3%     -    0s
     0     0   96.00000    0   27  197.00000   96.00000  51.3%     -    0s
     0     0   96.00000    0   13  197.00000   96.00000  51.3%     -    0s
     0     2   96.00000    0   13  197.00000   96.00000  51.3%     -    0s
H  270   113                     197.0000000   96.00000  51.3%  29.9    0s
  3435   719 infeasible   31       197.00000  135.50000  31.2%  31.8    5s
  6174   496 infeasible   31       197.00000  175.50000  10.9%  36.0   10s
  8885   136  177.50000   41  118  197.00000  176.50000  10.4%  39.9   15s
 11737   125  178.50000   55   23  197.00000  177.50000  9.90%  42.3   20s
H13019   160                     197.0000000  177.50000  9.90%  44.4   22s
 13828    69  177.50000   42   46  197.00000  177.50000  9.90%  45.6   25s
 17141   106  190.50000   27   28  197.00000  177.50000  9.90%  45.9   30s
 22382   621 infeasible   45       197.00000  190.50000  3.30%  42.3   35s
 30058  1194     cutoff   32       197.00000  190.50000  3.30%  37.6   40s
 35701  1597  191.50000   39   33  197.00000  190.50000  3.30%  36.5   45s
 38752  1894  190.50000   28   18  197.00000  190.50000  3.30%  36.2   50s
 43882  2303  191.50000   43   28  197.00000  190.50000  3.30%  35.6   55s
 50061  2728  190.50000   45   55  197.00000  190.50000  3.30%  34.9   60s
 52853  2987  190.50000   44   83  197.00000  190.50000  3.30%  35.2   65s
 56725  3261     cutoff   46       197.00000  190.50000  3.30%  36.0   70s
 59735  3432  190.50000   47   15  197.00000  190.50000  3.30%  36.6   75s
 63031  3715 infeasible   48       197.00000  190.50000  3.30%  37.5   81s
 65310  3926  190.50000   43   65  197.00000  190.50000  3.30%  38.0   85s
 68627  4284  190.50000   44    3  197.00000  190.50000  3.30%  38.7   90s
 72978  4649  190.50000   42   31  197.00000  190.50000  3.30%  38.4   95s
 79133  5037  190.50000   40   12  197.00000  190.50000  3.30%  37.3  100s

Cutting planes:
  Gomory: 3
  Cover: 9
  Implied bound: 3
  MIR: 66
  Flow cover: 116
  Zero half: 4

Explored 79557 nodes (2956841 simplex iterations) in 100.03 seconds
Thread count was 4 (of 4 available processors)

Solution count 3: 197 197 197 
Pool objective bound 190.5

Time limit reached
Best objective 1.969999999604e+02, best bound 1.905000000000e+02, gap 3.2995%

#######################################
TR: iteration 0 at stage 2
Added demands: [8, 9, 10, 11, 12, 13, 14]
Fixed demands: [0, 1, 2, 3, 4, 5, 6, 7]

Gurobi 7.0.2 (win64) logging started 03/16/17 15:35:06

Changed value of parameter LogFile to log-prop-10.log
   Prev: gurobi.log  Default: 
Changed value of parameter presolve to 2
   Prev: -1  Min: -1  Max: 2  Default: -1
Changed value of parameter mipgap to 0.001
   Prev: 0.0001  Min: 0.0  Max: 1e+100  Default: 0.0001
Parameter method unchanged
   Value: -1  Min: -1  Max: 4  Default: -1
Changed value of parameter timelimit to 100.0
   Prev: 1e+100  Min: 0.0  Max: 1e+100  Default: 1e+100
Changed value of parameter mipfocus to 1
   Prev: 0  Min: 0  Max: 3  Default: 0
Optimize a model with 9973 rows, 1334 columns and 43780 nonzeros
Variable types: 647 continuous, 687 integer (681 binary)
Coefficient statistics:
  Matrix range     [1e+00, 2e+04]
  Objective range  [1e+00, 1e+00]
  Bounds range     [1e+00, 1e+04]
  RHS range        [1e+00, 6e+04]
Found heuristic solution: objective 201
Presolve removed 8197 rows and 773 columns
Presolve time: 0.02s
Presolved: 1776 rows, 561 columns, 6946 nonzeros
Variable types: 310 continuous, 251 integer (251 binary)
Presolve removed 17 rows and 2 columns
Presolved: 1759 rows, 559 columns, 6897 nonzeros


Root relaxation: objective 1.970000e+02, 121 iterations, 0.01 seconds

    Nodes    |    Current Node    |     Objective Bounds      |     Work
 Expl Unexpl |  Obj  Depth IntInf | Incumbent    BestBd   Gap | It/Node Time

*    0     0               0     197.0000000  197.00000  0.00%     -    0s

Explored 0 nodes (236 simplex iterations) in 0.06 seconds
Thread count was 4 (of 4 available processors)

Solution count 2: 197 201 
Pool objective bound 197

Optimal solution found (tolerance 1.00e-03)
Best objective 1.969999999999e+02, best bound 1.969999999999e+02, gap 0.0000%

#######################################
GN: iteration 0 at stage 2
Added demands: [8, 9, 10, 11, 12, 13, 14]
Fixed demands: [0, 1, 2, 3, 4, 5, 6, 7]

Gurobi 7.0.2 (win64) logging started 03/16/17 15:35:06

Changed value of parameter LogFile to log-prop-10.log
   Prev: gurobi.log  Default: 
Changed value of parameter presolve to 2
   Prev: -1  Min: -1  Max: 2  Default: -1
Changed value of parameter mipgap to 0.001
   Prev: 0.0001  Min: 0.0  Max: 1e+100  Default: 0.0001
Parameter method unchanged
   Value: -1  Min: -1  Max: 4  Default: -1
Changed value of parameter timelimit to 100.0
   Prev: 1e+100  Min: 0.0  Max: 1e+100  Default: 1e+100
Changed value of parameter mipfocus to 1
   Prev: 0  Min: 0  Max: 3  Default: 0
Optimize a model with 26551 rows, 7022 columns and 84118 nonzeros
Variable types: 2285 continuous, 4737 integer (4731 binary)
Coefficient statistics:
  Matrix range     [6e-01, 2e+04]
  Objective range  [1e+00, 1e+00]
  Bounds range     [1e+00, 1e+04]
  RHS range        [1e+00, 6e+04]
Found heuristic solution: objective 201
Presolve removed 23107 rows and 5819 columns
Presolve time: 0.15s
Presolved: 3444 rows, 1203 columns, 11686 nonzeros
Variable types: 570 continuous, 633 integer (633 binary)
Presolve removed 263 rows and 128 columns
Presolved: 3181 rows, 1075 columns, 10938 nonzeros


Root relaxation: objective 1.970000e+02, 103 iterations, 0.02 seconds

    Nodes    |    Current Node    |     Objective Bounds      |     Work
 Expl Unexpl |  Obj  Depth IntInf | Incumbent    BestBd   Gap | It/Node Time

*    0     0               0     197.0000000  197.00000  0.00%     -    0s

Explored 0 nodes (604 simplex iterations) in 0.24 seconds
Thread count was 4 (of 4 available processors)

Solution count 2: 197 201 
Pool objective bound 197

Optimal solution found (tolerance 1.00e-03)
Best objective 1.969999999999e+02, best bound 1.969999999999e+02, gap 0.0000%

#######################################
TR: iteration 1 at stage 2
Added demands: [1, 12, 4, 14, 9, 3, 13]
Fixed demands: [10, 8, 11, 0, 7, 5, 2, 6]

Gurobi 7.0.2 (win64) logging started 03/16/17 15:35:07

Parameter LogFile unchanged
   Value: log-prop-10.log  Default: 
Parameter presolve unchanged
   Value: 2  Min: -1  Max: 2  Default: -1
Parameter mipgap unchanged
   Value: 0.001  Min: 0.0  Max: 1e+100  Default: 0.0001
Parameter method unchanged
   Value: -1  Min: -1  Max: 4  Default: -1
Parameter timelimit unchanged
   Value: 100.0  Min: 0.0  Max: 1e+100  Default: 1e+100
Parameter mipfocus unchanged
   Value: 1  Min: 0  Max: 3  Default: 0
Optimize a model with 9973 rows, 1334 columns and 43780 nonzeros
Variable types: 647 continuous, 687 integer (681 binary)
Coefficient statistics:
  Matrix range     [1e+00, 2e+04]
  Objective range  [1e+00, 1e+00]
  Bounds range     [1e+00, 1e+04]
  RHS range        [1e+00, 6e+04]
Found heuristic solution: objective 304.5
Presolve removed 8213 rows and 773 columns
Presolve time: 0.02s
Presolved: 1760 rows, 561 columns, 6898 nonzeros

Loaded MIP start with objective 197

Variable types: 310 continuous, 251 integer (251 binary)
Presolve removed 30 rows and 8 columns
Presolved: 1730 rows, 553 columns, 6820 nonzeros


Root relaxation: objective 1.495000e+02, 134 iterations, 0.01 seconds

    Nodes    |    Current Node    |     Objective Bounds      |     Work
 Expl Unexpl |  Obj  Depth IntInf | Incumbent    BestBd   Gap | It/Node Time

     0     0  149.50000    0    6  197.00000  149.50000  24.1%     -    0s
     0     0  149.50000    0   20  197.00000  149.50000  24.1%     -    0s
     0     0  149.50000    0   12  197.00000  149.50000  24.1%     -    0s
     0     0  156.11157    0    9  197.00000  156.11157  20.8%     -    0s
     0     0  169.80578    0   12  197.00000  169.80578  13.8%     -    0s
     0     0  169.80578    0   11  197.00000  169.80578  13.8%     -    0s
     0     0  173.94970    0    6  197.00000  173.94970  11.7%     -    0s
     0     0  176.65289    0    9  197.00000  176.65289  10.3%     -    0s
     0     0  178.62781    0    6  197.00000  178.62781  9.33%     -    0s
     0     0  189.50000    0    2  197.00000  189.50000  3.81%     -    0s
     0     0  189.50000    0   10  197.00000  189.50000  3.81%     -    0s
     0     0  189.50000    0   14  197.00000  189.50000  3.81%     -    0s
     0     0  189.50000    0   19  197.00000  189.50000  3.81%     -    0s
     0     0  189.50000    0   16  197.00000  189.50000  3.81%     -    0s
     0     0  189.50000    0   20  197.00000  189.50000  3.81%     -    0s
     0     0  189.50000    0   16  197.00000  189.50000  3.81%     -    0s
     0     0  189.50000    0   16  197.00000  189.50000  3.81%     -    0s
     0     0  189.50000    0   11  197.00000  189.50000  3.81%     -    0s
     0     2  189.50000    0    8  197.00000  189.50000  3.81%     -    0s

Cutting planes:
  Learned: 3
  Gomory: 3
  Cover: 3
  Implied bound: 3
  MIR: 16
  Flow cover: 2

Explored 836 nodes (4386 simplex iterations) in 0.52 seconds
Thread count was 4 (of 4 available processors)

Solution count 2: 197 197 
Pool objective bound 197

Optimal solution found (tolerance 1.00e-03)
Best objective 1.970000000000e+02, best bound 1.970000000000e+02, gap 0.0000%

#######################################
GN: iteration 1 at stage 2
Added demands: [1, 12, 4, 14, 9, 3, 13]
Fixed demands: [10, 8, 11, 0, 7, 5, 2, 6]

Gurobi 7.0.2 (win64) logging started 03/16/17 15:35:07

Parameter LogFile unchanged
   Value: log-prop-10.log  Default: 
Parameter presolve unchanged
   Value: 2  Min: -1  Max: 2  Default: -1
Parameter mipgap unchanged
   Value: 0.001  Min: 0.0  Max: 1e+100  Default: 0.0001
Parameter method unchanged
   Value: -1  Min: -1  Max: 4  Default: -1
Parameter timelimit unchanged
   Value: 100.0  Min: 0.0  Max: 1e+100  Default: 1e+100
Parameter mipfocus unchanged
   Value: 1  Min: 0  Max: 3  Default: 0
Optimize a model with 26551 rows, 7022 columns and 84118 nonzeros
Variable types: 2285 continuous, 4737 integer (4731 binary)
Coefficient statistics:
  Matrix range     [6e-01, 2e+04]
  Objective range  [1e+00, 1e+00]
  Bounds range     [1e+00, 1e+04]
  RHS range        [1e+00, 6e+04]
Found heuristic solution: objective 441
Presolve removed 23110 rows and 5819 columns
Presolve time: 0.15s
Presolved: 3441 rows, 1203 columns, 11750 nonzeros

Loaded MIP start with objective 197

Variable types: 570 continuous, 633 integer (633 binary)
Presolve removed 263 rows and 128 columns
Presolved: 3178 rows, 1075 columns, 10988 nonzeros


Root relaxation: objective 1.495000e+02, 76 iterations, 0.02 seconds

    Nodes    |    Current Node    |     Objective Bounds      |     Work
 Expl Unexpl |  Obj  Depth IntInf | Incumbent    BestBd   Gap | It/Node Time

     0     0  149.50000    0    4  197.00000  149.50000  24.1%     -    0s
     0     0  149.50000    0   17  197.00000  149.50000  24.1%     -    0s
     0     0  149.50000    0   21  197.00000  149.50000  24.1%     -    0s
     0     0  149.50000    0   15  197.00000  149.50000  24.1%     -    0s
     0     0  150.94140    0   14  197.00000  150.94140  23.4%     -    0s
     0     0  150.94140    0   14  197.00000  150.94140  23.4%     -    0s
     0     0  150.94140    0   14  197.00000  150.94140  23.4%     -    0s
     0     0  150.94140    0   14  197.00000  150.94140  23.4%     -    0s
     0     0  158.71296    0    3  197.00000  158.71296  19.4%     -    0s
     0     2  158.71296    0    3  197.00000  158.71296  19.4%     -    0s

Cutting planes:
  Gomory: 1
  Implied bound: 1
  MIR: 9
  Flow cover: 3

Explored 27 nodes (877 simplex iterations) in 0.54 seconds
Thread count was 4 (of 4 available processors)

Solution count 1: 197 
Pool objective bound 197

Optimal solution found (tolerance 1.00e-03)
Best objective 1.970000000000e+02, best bound 1.970000000000e+02, gap 0.0000%

#######################################
TR: iteration 2 at stage 2
Added demands: [1, 12, 8, 5, 4, 7, 13, 2]
Fixed demands: [11, 6, 10, 3, 14, 0, 9]

Gurobi 7.0.2 (win64) logging started 03/16/17 15:35:08

Parameter LogFile unchanged
   Value: log-prop-10.log  Default: 
Parameter presolve unchanged
   Value: 2  Min: -1  Max: 2  Default: -1
Parameter mipgap unchanged
   Value: 0.001  Min: 0.0  Max: 1e+100  Default: 0.0001
Parameter method unchanged
   Value: -1  Min: -1  Max: 4  Default: -1
Parameter timelimit unchanged
   Value: 100.0  Min: 0.0  Max: 1e+100  Default: 1e+100
Parameter mipfocus unchanged
   Value: 1  Min: 0  Max: 3  Default: 0
Optimize a model with 9973 rows, 1334 columns and 43780 nonzeros
Variable types: 647 continuous, 687 integer (681 binary)
Coefficient statistics:
  Matrix range     [1e+00, 2e+04]
  Objective range  [1e+00, 1e+00]
  Bounds range     [1e+00, 1e+04]
  RHS range        [1e+00, 6e+04]
Found heuristic solution: objective 283
Presolve removed 7823 rows and 700 columns
Presolve time: 0.02s
Presolved: 2150 rows, 634 columns, 8589 nonzeros

Loaded MIP start with objective 197

Variable types: 352 continuous, 282 integer (282 binary)
Presolve removed 28 rows and 8 columns
Presolved: 2122 rows, 626 columns, 8513 nonzeros


Root relaxation: objective 1.325000e+02, 151 iterations, 0.01 seconds

    Nodes    |    Current Node    |     Objective Bounds      |     Work
 Expl Unexpl |  Obj  Depth IntInf | Incumbent    BestBd   Gap | It/Node Time

     0     0  132.50000    0    7  197.00000  132.50000  32.7%     -    0s
     0     0  152.86991    0   19  197.00000  152.86991  22.4%     -    0s
     0     0  189.50000    0   13  197.00000  189.50000  3.81%     -    0s
     0     0  189.50000    0   19  197.00000  189.50000  3.81%     -    0s
     0     0  189.50000    0   19  197.00000  189.50000  3.81%     -    0s
     0     0  189.50000    0   24  197.00000  189.50000  3.81%     -    0s
     0     0  189.50000    0   26  197.00000  189.50000  3.81%     -    0s
     0     0  189.50000    0    1  197.00000  189.50000  3.81%     -    0s
H    0     0                     197.0000000  189.50000  3.81%     -    0s
     0     2  189.50000    0    1  197.00000  189.50000  3.81%     -    0s

Cutting planes:
  Implied bound: 5
  MIR: 5
  Flow cover: 20

Explored 3247 nodes (26925 simplex iterations) in 4.03 seconds
Thread count was 4 (of 4 available processors)

Solution count 3: 197 197 197 
Pool objective bound 197

Optimal solution found (tolerance 1.00e-03)
Best objective 1.969999999802e+02, best bound 1.969999999802e+02, gap 0.0000%

#######################################
GN: iteration 2 at stage 2
Added demands: [1, 12, 8, 5, 4, 7, 13, 2]
Fixed demands: [11, 6, 10, 3, 14, 0, 9]

Gurobi 7.0.2 (win64) logging started 03/16/17 15:35:12

Parameter LogFile unchanged
   Value: log-prop-10.log  Default: 
Parameter presolve unchanged
   Value: 2  Min: -1  Max: 2  Default: -1
Parameter mipgap unchanged
   Value: 0.001  Min: 0.0  Max: 1e+100  Default: 0.0001
Parameter method unchanged
   Value: -1  Min: -1  Max: 4  Default: -1
Parameter timelimit unchanged
   Value: 100.0  Min: 0.0  Max: 1e+100  Default: 1e+100
Parameter mipfocus unchanged
   Value: 1  Min: 0  Max: 3  Default: 0
Optimize a model with 26551 rows, 7022 columns and 84118 nonzeros
Variable types: 2285 continuous, 4737 integer (4731 binary)
Coefficient statistics:
  Matrix range     [6e-01, 2e+04]
  Objective range  [1e+00, 1e+00]
  Bounds range     [1e+00, 1e+04]
  RHS range        [1e+00, 6e+04]
Found heuristic solution: objective 297.5
Presolve removed 22280 rows and 5584 columns
Presolve time: 0.18s
Presolved: 4271 rows, 1438 columns, 14706 nonzeros

Loaded MIP start with objective 197

Variable types: 648 continuous, 790 integer (790 binary)
Presolve removed 300 rows and 146 columns
Presolved: 3971 rows, 1292 columns, 13842 nonzeros


Root relaxation: objective 1.865000e+02, 119 iterations, 0.03 seconds

    Nodes    |    Current Node    |     Objective Bounds      |     Work
 Expl Unexpl |  Obj  Depth IntInf | Incumbent    BestBd   Gap | It/Node Time

     0     0  186.50000    0    1  197.00000  186.50000  5.33%     -    0s
     0     0  189.50000    0    3  197.00000  189.50000  3.81%     -    0s
     0     0  189.50000    0    2  197.00000  189.50000  3.81%     -    0s
     0     0  189.50000    0    2  197.00000  189.50000  3.81%     -    0s
     0     0  189.50000    0    1  197.00000  189.50000  3.81%     -    0s
     0     0  189.50000    0    7  197.00000  189.50000  3.81%     -    0s
     0     0  189.50000    0    6  197.00000  189.50000  3.81%     -    0s
     0     0  189.50000    0    1  197.00000  189.50000  3.81%     -    0s
     0     2  189.50000    0    1  197.00000  189.50000  3.81%     -    0s
H  145    49                     197.0000000  190.50000  3.30%  93.9    1s
H 1276   287                     197.0000000  190.50000  3.30%  41.3    3s
  2503   533  192.50000   29  129  197.00000  190.50000  3.30%  36.7    5s

Cutting planes:
  Gomory: 1
  Cover: 2
  MIR: 3
  Flow cover: 2

Explored 4296 nodes (132598 simplex iterations) in 7.22 seconds
Thread count was 4 (of 4 available processors)

Solution count 4: 197 197 197 197 
Pool objective bound 197

Optimal solution found (tolerance 1.00e-03)
Best objective 1.969999999577e+02, best bound 1.969999999577e+02, gap 0.0000%

#######################################
TR: iteration 0 at stage 3
Added demands: [10, 11, 12, 13, 14, 15, 16, 17, 18, 19]
Fixed demands: [0, 1, 2, 3, 4, 5, 6, 7, 8, 9]

Gurobi 7.0.2 (win64) logging started 03/16/17 15:35:25

Changed value of parameter LogFile to log-prop-10.log
   Prev: gurobi.log  Default: 
Changed value of parameter presolve to 2
   Prev: -1  Min: -1  Max: 2  Default: -1
Changed value of parameter mipgap to 0.001
   Prev: 0.0001  Min: 0.0  Max: 1e+100  Default: 0.0001
Parameter method unchanged
   Value: -1  Min: -1  Max: 4  Default: -1
Changed value of parameter timelimit to 100.0
   Prev: 1e+100  Min: 0.0  Max: 1e+100  Default: 1e+100
Changed value of parameter mipfocus to 1
   Prev: 0  Min: 0  Max: 3  Default: 0
Optimize a model with 16993 rows, 1874 columns and 76565 nonzeros
Variable types: 862 continuous, 1012 integer (1006 binary)
Coefficient statistics:
  Matrix range     [1e+00, 2e+04]
  Objective range  [1e+00, 1e+00]
  Bounds range     [1e+00, 1e+04]
  RHS range        [1e+00, 6e+04]
Found heuristic solution: objective 262
Presolve removed 13860 rows and 1042 columns
Presolve time: 0.03s
Presolved: 3133 rows, 832 columns, 12857 nonzeros
Variable types: 441 continuous, 391 integer (391 binary)
Presolve removed 18 rows and 2 columns
Presolved: 3115 rows, 830 columns, 12800 nonzeros


Root relaxation: objective 1.970000e+02, 184 iterations, 0.02 seconds

    Nodes    |    Current Node    |     Objective Bounds      |     Work
 Expl Unexpl |  Obj  Depth IntInf | Incumbent    BestBd   Gap | It/Node Time

     0     0  197.00000    0    1  262.00000  197.00000  24.8%     -    0s
H    0     0                     211.0000000  197.00000  6.64%     -    0s
H    0     0                     197.0000000  197.00000  0.00%     -    0s

Explored 0 nodes (374 simplex iterations) in 0.11 seconds
Thread count was 4 (of 4 available processors)

Solution count 3: 197 211 262 
Pool objective bound 197

Optimal solution found (tolerance 1.00e-03)
Best objective 1.969999999999e+02, best bound 1.969999999999e+02, gap 0.0000%

#######################################
GN: iteration 0 at stage 3
Added demands: [10, 11, 12, 13, 14, 15, 16, 17, 18, 19]
Fixed demands: [0, 1, 2, 3, 4, 5, 6, 7, 8, 9]

Gurobi 7.0.2 (win64) logging started 03/16/17 15:35:25

Changed value of parameter LogFile to log-prop-10.log
   Prev: gurobi.log  Default: 
Changed value of parameter presolve to 2
   Prev: -1  Min: -1  Max: 2  Default: -1
Changed value of parameter mipgap to 0.001
   Prev: 0.0001  Min: 0.0  Max: 1e+100  Default: 0.0001
Parameter method unchanged
   Value: -1  Min: -1  Max: 4  Default: -1
Changed value of parameter timelimit to 100.0
   Prev: 1e+100  Min: 0.0  Max: 1e+100  Default: 1e+100
Changed value of parameter mipfocus to 1
   Prev: 0  Min: 0  Max: 3  Default: 0
Optimize a model with 44491 rows, 11252 columns and 144743 nonzeros
Variable types: 3040 continuous, 8212 integer (8206 binary)
Coefficient statistics:
  Matrix range     [5e-01, 2e+04]
  Objective range  [1e+00, 1e+00]
  Bounds range     [1e+00, 1e+04]
  RHS range        [1e+00, 6e+04]
Found heuristic solution: objective 306.5
Presolve removed 38169 rows and 9235 columns
Presolve time: 0.30s
Presolved: 6322 rows, 2017 columns, 22076 nonzeros
Variable types: 811 continuous, 1206 integer (1206 binary)
Presolve removed 362 rows and 176 columns
Presolved: 5960 rows, 1841 columns, 21056 nonzeros


Root relaxation: objective 1.970000e+02, 186 iterations, 0.04 seconds

    Nodes    |    Current Node    |     Objective Bounds      |     Work
 Expl Unexpl |  Obj  Depth IntInf | Incumbent    BestBd   Gap | It/Node Time

     0     0  197.00000    0    1  306.50000  197.00000  35.7%     -    0s
H    0     0                     202.0000000  197.00000  2.48%     -    0s
H    0     0                     197.0000000  197.00000  0.00%     -    0s

Explored 0 nodes (890 simplex iterations) in 0.46 seconds
Thread count was 4 (of 4 available processors)

Solution count 3: 197 202 306.5 
Pool objective bound 197

Optimal solution found (tolerance 1.00e-03)
Best objective 1.969999999999e+02, best bound 1.969999999999e+02, gap 0.0000%

#######################################
TR: iteration 1 at stage 3
Added demands: [12, 15, 3, 9, 8, 13, 1, 19, 2, 14, 6, 4]
Fixed demands: [11, 5, 7, 10, 18, 16, 0, 17]

Gurobi 7.0.2 (win64) logging started 03/16/17 15:35:25

Parameter LogFile unchanged
   Value: log-prop-10.log  Default: 
Parameter presolve unchanged
   Value: 2  Min: -1  Max: 2  Default: -1
Parameter mipgap unchanged
   Value: 0.001  Min: 0.0  Max: 1e+100  Default: 0.0001
Parameter method unchanged
   Value: -1  Min: -1  Max: 4  Default: -1
Parameter timelimit unchanged
   Value: 100.0  Min: 0.0  Max: 1e+100  Default: 1e+100
Parameter mipfocus unchanged
   Value: 1  Min: 0  Max: 3  Default: 0
Optimize a model with 16993 rows, 1874 columns and 76565 nonzeros
Variable types: 862 continuous, 1012 integer (1006 binary)
Coefficient statistics:
  Matrix range     [1e+00, 2e+04]
  Objective range  [1e+00, 1e+00]
  Bounds range     [1e+00, 1e+04]
  RHS range        [1e+00, 6e+04]
Found heuristic solution: objective 241
Presolve removed 12886 rows and 893 columns
Presolve time: 0.04s
Presolved: 4107 rows, 981 columns, 17288 nonzeros

Loaded MIP start with objective 197

Variable types: 525 continuous, 456 integer (456 binary)
Presolve removed 37 rows and 10 columns
Presolved: 4070 rows, 971 columns, 17185 nonzeros


Root relaxation: objective 1.025000e+02, 229 iterations, 0.02 seconds

    Nodes    |    Current Node    |     Objective Bounds      |     Work
 Expl Unexpl |  Obj  Depth IntInf | Incumbent    BestBd   Gap | It/Node Time

     0     0  102.50000    0   15  197.00000  102.50000  48.0%     -    0s
H    0     0                     197.0000000  102.50000  48.0%     -    0s
     0     0  102.50000    0   34  197.00000  102.50000  48.0%     -    0s
     0     0  102.50000    0   31  197.00000  102.50000  48.0%     -    0s
     0     0  102.50000    0   35  197.00000  102.50000  48.0%     -    0s
     0     0  102.50000    0   40  197.00000  102.50000  48.0%     -    0s
     0     0  102.50000    0   50  197.00000  102.50000  48.0%     -    0s
     0     0  102.50000    0   44  197.00000  102.50000  48.0%     -    0s
     0     0  102.50000    0   56  197.00000  102.50000  48.0%     -    0s
     0     0  102.50000    0   59  197.00000  102.50000  48.0%     -    0s
     0     0  102.50000    0   24  197.00000  102.50000  48.0%     -    0s
     0     2  102.50000    0   24  197.00000  102.50000  48.0%     -    0s
  5788  1090  152.60600   29   45  197.00000  151.77825  23.0%   8.4    5s
H 8105   873                     197.0000000  163.50000  17.0%   9.6    7s
  9720  1130  195.50000   33   14  197.00000  168.50000  14.5%  10.5   10s
 14929  1332  170.50000   38   20  197.00000  169.50000  14.0%  11.8   15s
 22132  2586  172.50000   30   28  197.00000  171.50000  12.9%  12.3   20s
 28323  3427  188.00000   46    4  197.00000  171.67876  12.9%  12.6   25s
 33788  3556 infeasible   40       197.00000  172.50000  12.4%  12.7   30s
 40753  3802 infeasible   37       197.00000  172.50000  12.4%  12.7   35s
 47982  3974 infeasible   42       197.00000  172.50000  12.4%  12.7   40s
 54440  3783  173.50000   32   15  197.00000  173.50000  11.9%  12.7   45s
 60569  3434  174.50000   44   35  197.00000  173.50000  11.9%  12.7   50s
 66094  3427  176.50000   38   34  197.00000  176.50000  10.4%  12.8   55s
 72945  3575 infeasible   36       197.00000  176.50000  10.4%  12.9   60s
 79479  3150 infeasible   41       197.00000  177.50000  9.90%  13.0   65s
 85208  3428 infeasible   41       197.00000  178.50000  9.39%  13.0   70s
 91395  3217 infeasible   39       197.00000  179.00000  9.14%  13.0   75s
 98008  2337  186.50000   39   11  197.00000  184.00000  6.60%  13.0   80s
 104473  2087 infeasible   34       197.00000  188.00000  4.57%  13.0   85s
 111551  1743 infeasible   44       197.00000  189.00000  4.06%  13.0   90s
 119904  2531  189.50000   38    2  197.00000  189.50000  3.81%  12.9   95s
 125538  2871  192.00000   40    3  197.00000  190.50000  3.30%  12.8  100s

Cutting planes:
  Gomory: 10
  Cover: 8
  Implied bound: 5
  MIR: 113
  Flow cover: 111

Explored 126008 nodes (1607176 simplex iterations) in 100.03 seconds
Thread count was 4 (of 4 available processors)

Solution count 4: 197 197 197 197 
Pool objective bound 190.5

Time limit reached
Best objective 1.969999999604e+02, best bound 1.905000000000e+02, gap 3.2995%

#######################################
GN: iteration 1 at stage 3
Added demands: [12, 15, 3, 9, 8, 13, 1, 19, 2, 14, 6, 4]
Fixed demands: [11, 5, 7, 10, 18, 16, 0, 17]

Gurobi 7.0.2 (win64) logging started 03/16/17 15:37:05

Parameter LogFile unchanged
   Value: log-prop-10.log  Default: 
Parameter presolve unchanged
   Value: 2  Min: -1  Max: 2  Default: -1
Parameter mipgap unchanged
   Value: 0.001  Min: 0.0  Max: 1e+100  Default: 0.0001
Parameter method unchanged
   Value: -1  Min: -1  Max: 4  Default: -1
Parameter timelimit unchanged
   Value: 100.0  Min: 0.0  Max: 1e+100  Default: 1e+100
Parameter mipfocus unchanged
   Value: 1  Min: 0  Max: 3  Default: 0
Optimize a model with 44491 rows, 11252 columns and 144743 nonzeros
Variable types: 3040 continuous, 8212 integer (8206 binary)
Coefficient statistics:
  Matrix range     [5e-01, 2e+04]
  Objective range  [1e+00, 1e+00]
  Bounds range     [1e+00, 1e+04]
  RHS range        [1e+00, 6e+04]
Found heuristic solution: objective 389
Presolve removed 35915 rows and 8639 columns
Presolve time: 0.46s
Presolved: 8576 rows, 2613 columns, 30331 nonzeros

Loaded MIP start with objective 197

Variable types: 965 continuous, 1648 integer (1648 binary)
Presolve removed 439 rows and 210 columns
Presolved: 8137 rows, 2403 columns, 29115 nonzeros


Root relaxation: objective 1.675000e+02, 179 iterations, 0.06 seconds

    Nodes    |    Current Node    |     Objective Bounds      |     Work
 Expl Unexpl |  Obj  Depth IntInf | Incumbent    BestBd   Gap | It/Node Time

     0     0  167.50000    0    7  197.00000  167.50000  15.0%     -    0s
     0     0  167.50000    0   28  197.00000  167.50000  15.0%     -    0s
     0     0  167.50000    0   31  197.00000  167.50000  15.0%     -    0s
     0     0  167.50000    0   27  197.00000  167.50000  15.0%     -    1s
     0     0  167.50000    0   27  197.00000  167.50000  15.0%     -    1s
     0     0  167.50000    0   39  197.00000  167.50000  15.0%     -    1s
     0     0  167.50000    0   32  197.00000  167.50000  15.0%     -    1s
     0     0  167.50000    0   26  197.00000  167.50000  15.0%     -    1s
     0     0  167.50000    0   26  197.00000  167.50000  15.0%     -    1s
     0     0  167.50000    0    4  197.00000  167.50000  15.0%     -    1s
     0     2  167.50000    0    3  197.00000  167.50000  15.0%     -    1s
*   72    55              22     197.0000000  167.50000  15.0%  19.6    1s
   912   330  189.50000   15   18  197.00000  167.50000  15.0%  45.3    8s
  1640   549  168.50000   20   65  197.00000  167.50000  15.0%  44.6   10s
  2134   711  171.50000   18   31  197.00000  167.50000  15.0%  54.3   15s
  2377   688  196.50000   23  109  197.00000  168.50000  14.5%  67.8   20s
  2610   645 infeasible   31       197.00000  168.50000  14.5%  73.7   25s
  3283   547  169.51764   32   35  197.00000  169.50000  14.0%  80.3   30s
  3808   446  169.50000   35   15  197.00000  169.50000  14.0%  88.3   38s
  4022   412 infeasible   26       197.00000  169.50000  14.0%  94.5   40s
  4326   375  169.51679   26   89  197.00000  169.50000  14.0%   101   45s
  4613   402 infeasible   33       197.00000  169.50000  14.0%   107   51s
  4988   449  173.50000   37   99  197.00000  169.50000  14.0%   111   55s
  5512   543 infeasible   42       197.00000  169.50000  14.0%   111   60s
  6141   593  172.50000   32   55  197.00000  169.50000  14.0%   112   66s
  6804   635  172.50000   40   26  197.00000  169.50000  14.0%   110   70s
  7395   660  169.50000   30   72  197.00000  169.50000  14.0%   111   76s
  7850   616 infeasible   38       197.00000  169.50000  14.0%   111   80s
  8534   607 infeasible   33       197.00000  170.50000  13.5%   110   86s
  9361   621 infeasible   45       197.00000  170.50000  13.5%   108   91s
 10264   620 infeasible   43       197.00000  170.50000  13.5%   105   96s
 11059   696  172.50000   40   77  197.00000  170.50000  13.5%   106  100s

Cutting planes:
  Learned: 1
  Gomory: 5
  Cover: 5
  Implied bound: 5
  MIR: 26
  Flow cover: 57

Explored 11075 nodes (1171999 simplex iterations) in 100.02 seconds
Thread count was 4 (of 4 available processors)

Solution count 3: 197 197 197 
Pool objective bound 170.5

Time limit reached
Best objective 1.969999999802e+02, best bound 1.705000000000e+02, gap 13.4518%

#######################################
TR: iteration 2 at stage 3
Added demands: [6, 16, 10, 8, 17, 2, 15, 9, 4, 5, 7, 12, 0, 1]
Fixed demands: [13, 14, 19, 11, 3, 18]

Gurobi 7.0.2 (win64) logging started 03/16/17 15:38:46

Parameter LogFile unchanged
   Value: log-prop-10.log  Default: 
Parameter presolve unchanged
   Value: 2  Min: -1  Max: 2  Default: -1
Parameter mipgap unchanged
   Value: 0.001  Min: 0.0  Max: 1e+100  Default: 0.0001
Parameter method unchanged
   Value: -1  Min: -1  Max: 4  Default: -1
Parameter timelimit unchanged
   Value: 100.0  Min: 0.0  Max: 1e+100  Default: 1e+100
Parameter mipfocus unchanged
   Value: 1  Min: 0  Max: 3  Default: 0
Optimize a model with 16993 rows, 1874 columns and 76565 nonzeros
Variable types: 862 continuous, 1012 integer (1006 binary)
Coefficient statistics:
  Matrix range     [1e+00, 2e+04]
  Objective range  [1e+00, 1e+00]
  Bounds range     [1e+00, 1e+04]
  RHS range        [1e+00, 6e+04]
Found heuristic solution: objective 286
Presolve removed 11786 rows and 748 columns
Presolve time: 0.06s
Presolved: 5207 rows, 1126 columns, 22346 nonzeros

Loaded MIP start with objective 197

Variable types: 609 continuous, 517 integer (517 binary)
Presolve removed 39 rows and 10 columns
Presolved: 5168 rows, 1116 columns, 22235 nonzeros


Root relaxation: objective 1.265000e+02, 273 iterations, 0.03 seconds

    Nodes    |    Current Node    |     Objective Bounds      |     Work
 Expl Unexpl |  Obj  Depth IntInf | Incumbent    BestBd   Gap | It/Node Time

     0     0  126.50000    0   14  197.00000  126.50000  35.8%     -    0s
     0     0  126.50000    0   40  197.00000  126.50000  35.8%     -    0s
     0     0  126.50000    0   48  197.00000  126.50000  35.8%     -    0s
     0     0  126.50000    0   48  197.00000  126.50000  35.8%     -    0s
     0     0  126.50000    0   42  197.00000  126.50000  35.8%     -    0s
     0     0  126.50000    0   39  197.00000  126.50000  35.8%     -    0s
     0     0  126.50000    0   49  197.00000  126.50000  35.8%     -    0s
     0     0  126.50000    0   49  197.00000  126.50000  35.8%     -    0s
     0     0  126.50000    0   19  197.00000  126.50000  35.8%     -    0s
H    0     0                     197.0000000  126.50000  35.8%     -    0s
     0     2  126.50000    0   14  197.00000  126.50000  35.8%     -    0s
  1872   758  196.50000   20   16  197.00000  126.50000  35.8%   7.0    5s
  3979   876 infeasible   35       197.00000  150.50000  23.6%   9.3   10s
  8880  1437 infeasible   39       197.00000  155.50000  21.1%  10.7   15s
 15188  2305 infeasible   40       197.00000  156.50000  20.6%  11.0   20s
 20911  2421  189.00000   33   18  197.00000  157.50000  20.1%  11.6   25s
 25088  2485 infeasible   42       197.00000  160.50000  18.5%  11.8   30s
 31356  2824  171.50000   41   15  197.00000  169.50000  14.0%  11.7   35s
 36966  3204 infeasible   44       197.00000  170.50000  13.5%  11.4   40s
 43800  3244 infeasible   39       197.00000  171.50000  12.9%  11.1   45s
 48256  3322 infeasible   27       197.00000  175.50000  10.9%  11.0   50s
 56290  5006 infeasible   37       197.00000  175.50000  10.9%  10.5   55s
 64926  6605 infeasible   34       197.00000  175.50000  10.9%  10.0   60s
 73445  8015  177.50000   48   21  197.00000  175.50000  10.9%   9.7   65s
 80756  9249  175.50000   43   21  197.00000  175.50000  10.9%   9.6   70s
 87174  9879 infeasible   44       197.00000  175.68765  10.8%   9.5   75s
 95228 10872 infeasible   42       197.00000  176.50000  10.4%   9.3   80s
 102505 11113  176.50000   43   17  197.00000  176.50000  10.4%   9.1   85s
 111578 11751  183.50000   46   21  197.00000  176.50000  10.4%   8.9   90s
 119460 12104 infeasible   44       197.00000  176.50000  10.4%   8.7   95s
 126362 11925 infeasible   45       197.00000  176.50000  10.4%   8.6  100s

Cutting planes:
  Gomory: 10
  Cover: 9
  Implied bound: 7
  MIR: 73
  Flow cover: 85

Explored 126541 nodes (1090158 simplex iterations) in 100.03 seconds
Thread count was 4 (of 4 available processors)

Solution count 3: 197 197 197 
Pool objective bound 176.5

Time limit reached
Best objective 1.969999999802e+02, best bound 1.765000000000e+02, gap 10.4061%

#######################################
GN: iteration 2 at stage 3
Added demands: [6, 16, 10, 8, 17, 2, 15, 9, 4, 5, 7, 12, 0, 1]
Fixed demands: [13, 14, 19, 11, 3, 18]

Gurobi 7.0.2 (win64) logging started 03/16/17 15:40:26

Parameter LogFile unchanged
   Value: log-prop-10.log  Default: 
Parameter presolve unchanged
   Value: 2  Min: -1  Max: 2  Default: -1
Parameter mipgap unchanged
   Value: 0.001  Min: 0.0  Max: 1e+100  Default: 0.0001
Parameter method unchanged
   Value: -1  Min: -1  Max: 4  Default: -1
Parameter timelimit unchanged
   Value: 100.0  Min: 0.0  Max: 1e+100  Default: 1e+100
Parameter mipfocus unchanged
   Value: 1  Min: 0  Max: 3  Default: 0
Optimize a model with 44491 rows, 11252 columns and 144743 nonzeros
Variable types: 3040 continuous, 8212 integer (8206 binary)
Coefficient statistics:
  Matrix range     [5e-01, 2e+04]
  Objective range  [1e+00, 1e+00]
  Bounds range     [1e+00, 1e+04]
  RHS range        [1e+00, 6e+04]
Found heuristic solution: objective 445.5
Presolve removed 33257 rows and 7969 columns
Presolve time: 0.58s
Presolved: 11234 rows, 3283 columns, 40079 nonzeros

Loaded MIP start with objective 197

Variable types: 1123 continuous, 2160 integer (2160 binary)
Presolve removed 505 rows and 242 columns
Presolved: 10729 rows, 3041 columns, 38699 nonzeros


Root relaxation: objective 1.385000e+02, 220 iterations, 0.08 seconds

    Nodes    |    Current Node    |     Objective Bounds      |     Work
 Expl Unexpl |  Obj  Depth IntInf | Incumbent    BestBd   Gap | It/Node Time

     0     0  138.50000    0    9  197.00000  138.50000  29.7%     -    0s
     0     0  138.50000    0   49  197.00000  138.50000  29.7%     -    1s
     0     0  138.50000    0   56  197.00000  138.50000  29.7%     -    1s
     0     0  138.50000    0  105  197.00000  138.50000  29.7%     -    1s
     0     0  138.50000    0   93  197.00000  138.50000  29.7%     -    1s
     0     0  138.50000    0   54  197.00000  138.50000  29.7%     -    1s
     0     0  138.50000    0   65  197.00000  138.50000  29.7%     -    2s
     0     0  138.50000    0   62  197.00000  138.50000  29.7%     -    2s
H    0     0                     197.0000000  138.50000  29.7%     -    2s
     0     0  138.50000    0   65  197.00000  138.50000  29.7%     -    2s
     0     0  138.50000    0   28  197.00000  138.50000  29.7%     -    2s
     0     2  138.50000    0   27  197.00000  138.50000  29.7%     -    2s
   272   144  138.50000    9   38  197.00000  138.50000  29.7%  41.5    6s
   388   190  139.50000   15   77  197.00000  138.50000  29.7%  87.0   10s
   548   240  140.50000   20  130  197.00000  138.50000  29.7%   105   15s
  1431   517 infeasible   50       197.00000  138.50000  29.7%  83.1   20s
  1937   669 infeasible   31       197.00000  138.50000  29.7%  85.2   25s
  2195   763  187.50000   32  127  197.00000  141.44845  28.2%  87.8   30s
  2242   799 infeasible   49       197.00000  149.50000  24.1%  94.0   35s
  2597   808  153.51525   50  124  197.00000  153.50000  22.1%  91.6   40s
  3002   791 infeasible   74       197.00000  154.50000  21.6%  93.3   45s
  3415   734 infeasible   69       197.00000  154.50000  21.6%  96.0   50s
  3732   674  154.50000   63   38  197.00000  154.50000  21.6%   103   55s
  3883   665  154.50776   59  137  197.00000  154.50000  21.6%   108   60s
  4264   579  154.50000   62   61  197.00000  154.50000  21.6%   112   65s
  4836   531  156.50000   69   39  197.00000  155.50000  21.1%   109   70s
  5066   537 infeasible   68       197.00000  155.50000  21.1%   111   75s
  5435   582  193.00000   62   19  197.00000  155.50000  21.1%   113   80s
  5928   644  157.50000   56   61  197.00000  155.50000  21.1%   115   85s
  6234   699  155.50000   65  188  197.00000  155.50000  21.1%   115   90s
  6659   717  171.50000   60  121  197.00000  155.50000  21.1%   115   95s
  7342   768  156.50000   61   36  197.00000  156.50000  20.6%   110  100s

Cutting planes:
  Cover: 2
  Implied bound: 7
  MIR: 18
  Flow cover: 34
  Zero half: 2

Explored 7458 nodes (823941 simplex iterations) in 100.03 seconds
Thread count was 4 (of 4 available processors)

Solution count 3: 197 197 197 
Pool objective bound 156.5

Time limit reached
Best objective 1.969999999801e+02, best bound 1.565000000000e+02, gap 20.5584%
